Building DAG of jobs...
Using shell: /usr/bin/bash
Provided cores: 24
Rules claiming more threads will be scaled down.
Job counts:
	count	jobs
	1	MergeFastq
	1

[Sat Nov 21 19:44:30 2020]
rule MergeFastq:
    input: ../TargetSeq-CBE-EMX2-rep2
    output: ../TargetSeq-CBE-EMX2-rep2/cutoff_3/CBE-EMX2-rep2_cutoff_3.report
    log: ../TargetSeq-CBE-EMX2-rep2/cutoff_3/CBE-EMX2-rep2_cutoff_3.log
    jobid: 0
    wildcards: lib=CBE-EMX2-rep2, cutoff=3


        /home/zhaohuanan/zhaohn_HD/miniconda3/envs/snakepipes_target-seq/bin/python ./program/target_seq_merge_fq_V03.py         -i ../TargetSeq-CBE-EMX2-rep2         -p ./primer_table/sub6.txt         -o ../TargetSeq-CBE-EMX2-rep2/cutoff_3         -r ../TargetSeq-CBE-EMX2-rep2/cutoff_3/CBE-EMX2-rep2_cutoff_3.report         --MinMergeReadNumCutoff 3  > ../TargetSeq-CBE-EMX2-rep2/cutoff_3/CBE-EMX2-rep2_cutoff_3.log 2>&1
        
slurmstepd: error: *** JOB 191736 ON cn12 CANCELLED AT 2020-11-21T19:44:46 ***
Will exit after finishing currently running jobs.
[Sat Nov 21 19:44:46 2020]
Error in rule MergeFastq:
    jobid: 0
    output: ../TargetSeq-CBE-EMX2-rep2/cutoff_3/CBE-EMX2-rep2_cutoff_3.report
    log: ../TargetSeq-CBE-EMX2-rep2/cutoff_3/CBE-EMX2-rep2_cutoff_3.log (check log file(s) for error message)
    shell:
        
        /home/zhaohuanan/zhaohn_HD/miniconda3/envs/snakepipes_target-seq/bin/python ./program/target_seq_merge_fq_V03.py         -i ../TargetSeq-CBE-EMX2-rep2         -p ./primer_table/sub6.txt         -o ../TargetSeq-CBE-EMX2-rep2/cutoff_3         -r ../TargetSeq-CBE-EMX2-rep2/cutoff_3/CBE-EMX2-rep2_cutoff_3.report         --MinMergeReadNumCutoff 3  > ../TargetSeq-CBE-EMX2-rep2/cutoff_3/CBE-EMX2-rep2_cutoff_3.log 2>&1
        
        (one of the commands exited with non-zero exit code; note that snakemake uses bash strict mode!)

Removing output files of failed job MergeFastq since they might be corrupted:
../TargetSeq-CBE-EMX2-rep2/cutoff_3/CBE-EMX2-rep2_cutoff_3.report
