Building DAG of jobs...
Using shell: /usr/bin/bash
Provided cluster nodes: 6
Job counts:
	count	jobs
	5	MergeFastq
	1	all
	6

[Wed Dec 30 13:17:34 2020]
rule MergeFastq:
    input: ../TargetSeq-cpf1-RUX-21
    output: ../TargetSeq-cpf1-RUX-21/cutoff_3/cpf1-RUX-21_cutoff_3.report
    log: ../TargetSeq-cpf1-RUX-21/cutoff_3/cpf1-RUX-21_cutoff_3.log
    jobid: 4
    reason: Missing output files: ../TargetSeq-cpf1-RUX-21/cutoff_3/cpf1-RUX-21_cutoff_3.report
    wildcards: lib=cpf1-RUX-21, cutoff=3


        /home/zhaohuanan/zhaohn_HD/miniconda3/envs/snakepipes_target-seq/bin/python ./program/target_seq_merge_fq_V03.py         -i ../TargetSeq-cpf1-RUX-21         -p ./primer_table/cpf1_cas9.txt         -o ../TargetSeq-cpf1-RUX-21/cutoff_3         -r ../TargetSeq-cpf1-RUX-21/cutoff_3/cpf1-RUX-21_cutoff_3.report         --MinMergeReadNumCutoff 3  > ../TargetSeq-cpf1-RUX-21/cutoff_3/cpf1-RUX-21_cutoff_3.log 2>&1
        
Submitted job 4 with external jobid '193510'.

[Wed Dec 30 13:17:34 2020]
rule MergeFastq:
    input: ../TargetSeq-cas9-RUX-25
    output: ../TargetSeq-cas9-RUX-25/cutoff_5/cas9-RUX-25_cutoff_5.report
    log: ../TargetSeq-cas9-RUX-25/cutoff_5/cas9-RUX-25_cutoff_5.log
    jobid: 2
    reason: Missing output files: ../TargetSeq-cas9-RUX-25/cutoff_5/cas9-RUX-25_cutoff_5.report
    wildcards: lib=cas9-RUX-25, cutoff=5


        /home/zhaohuanan/zhaohn_HD/miniconda3/envs/snakepipes_target-seq/bin/python ./program/target_seq_merge_fq_V03.py         -i ../TargetSeq-cas9-RUX-25         -p ./primer_table/cpf1_cas9.txt         -o ../TargetSeq-cas9-RUX-25/cutoff_5         -r ../TargetSeq-cas9-RUX-25/cutoff_5/cas9-RUX-25_cutoff_5.report         --MinMergeReadNumCutoff 5  > ../TargetSeq-cas9-RUX-25/cutoff_5/cas9-RUX-25_cutoff_5.log 2>&1
        
Submitted job 2 with external jobid '193511'.

[Wed Dec 30 13:17:35 2020]
rule MergeFastq:
    input: ../TargetSeq-cpf1-RUX-21
    output: ../TargetSeq-cpf1-RUX-21/cutoff_5/cpf1-RUX-21_cutoff_5.report
    log: ../TargetSeq-cpf1-RUX-21/cutoff_5/cpf1-RUX-21_cutoff_5.log
    jobid: 5
    reason: Missing output files: ../TargetSeq-cpf1-RUX-21/cutoff_5/cpf1-RUX-21_cutoff_5.report
    wildcards: lib=cpf1-RUX-21, cutoff=5


        /home/zhaohuanan/zhaohn_HD/miniconda3/envs/snakepipes_target-seq/bin/python ./program/target_seq_merge_fq_V03.py         -i ../TargetSeq-cpf1-RUX-21         -p ./primer_table/cpf1_cas9.txt         -o ../TargetSeq-cpf1-RUX-21/cutoff_5         -r ../TargetSeq-cpf1-RUX-21/cutoff_5/cpf1-RUX-21_cutoff_5.report         --MinMergeReadNumCutoff 5  > ../TargetSeq-cpf1-RUX-21/cutoff_5/cpf1-RUX-21_cutoff_5.log 2>&1
        
Submitted job 5 with external jobid '193512'.

[Wed Dec 30 13:17:35 2020]
rule MergeFastq:
    input: ../TargetSeq-cas9-RUX-25
    output: ../TargetSeq-cas9-RUX-25/cutoff_3/cas9-RUX-25_cutoff_3.report
    log: ../TargetSeq-cas9-RUX-25/cutoff_3/cas9-RUX-25_cutoff_3.log
    jobid: 1
    reason: Missing output files: ../TargetSeq-cas9-RUX-25/cutoff_3/cas9-RUX-25_cutoff_3.report
    wildcards: lib=cas9-RUX-25, cutoff=3


        /home/zhaohuanan/zhaohn_HD/miniconda3/envs/snakepipes_target-seq/bin/python ./program/target_seq_merge_fq_V03.py         -i ../TargetSeq-cas9-RUX-25         -p ./primer_table/cpf1_cas9.txt         -o ../TargetSeq-cas9-RUX-25/cutoff_3         -r ../TargetSeq-cas9-RUX-25/cutoff_3/cas9-RUX-25_cutoff_3.report         --MinMergeReadNumCutoff 3  > ../TargetSeq-cas9-RUX-25/cutoff_3/cas9-RUX-25_cutoff_3.log 2>&1
        
Submitted job 1 with external jobid '193513'.

[Wed Dec 30 13:17:35 2020]
rule MergeFastq:
    input: ../TargetSeq-cas9-RUX-25
    output: ../TargetSeq-cas9-RUX-25/cutoff_10/cas9-RUX-25_cutoff_10.report
    log: ../TargetSeq-cas9-RUX-25/cutoff_10/cas9-RUX-25_cutoff_10.log
    jobid: 3
    reason: Missing output files: ../TargetSeq-cas9-RUX-25/cutoff_10/cas9-RUX-25_cutoff_10.report
    wildcards: lib=cas9-RUX-25, cutoff=10


        /home/zhaohuanan/zhaohn_HD/miniconda3/envs/snakepipes_target-seq/bin/python ./program/target_seq_merge_fq_V03.py         -i ../TargetSeq-cas9-RUX-25         -p ./primer_table/cpf1_cas9.txt         -o ../TargetSeq-cas9-RUX-25/cutoff_10         -r ../TargetSeq-cas9-RUX-25/cutoff_10/cas9-RUX-25_cutoff_10.report         --MinMergeReadNumCutoff 10  > ../TargetSeq-cas9-RUX-25/cutoff_10/cas9-RUX-25_cutoff_10.log 2>&1
        
Submitted job 3 with external jobid '193514'.
[Thu Dec 31 02:32:55 2020]
Finished job 5.
1 of 6 steps (17%) done
[Thu Dec 31 02:51:53 2020]
Finished job 4.
2 of 6 steps (33%) done
[Fri Jan  1 12:34:31 2021]
Finished job 2.
3 of 6 steps (50%) done
[Fri Jan  1 20:58:04 2021]
Finished job 1.
4 of 6 steps (67%) done
[Fri Jan  1 22:24:16 2021]
Finished job 3.
5 of 6 steps (83%) done

[Fri Jan  1 22:24:17 2021]
localrule all:
    input: ../TargetSeq-cas9-RUX-25/cutoff_3/cas9-RUX-25_cutoff_3.report, ../TargetSeq-cas9-RUX-25/cutoff_5/cas9-RUX-25_cutoff_5.report, ../TargetSeq-cas9-RUX-25/cutoff_10/cas9-RUX-25_cutoff_10.report, ../TargetSeq-cpf1-RUX-21/cutoff_3/cpf1-RUX-21_cutoff_3.report, ../TargetSeq-cpf1-RUX-21/cutoff_5/cpf1-RUX-21_cutoff_5.report, ../TargetSeq-cpf1-RUX-21/cutoff_10/cpf1-RUX-21_cutoff_10.report
    jobid: 0
    reason: Input files updated by another job: ../TargetSeq-cpf1-RUX-21/cutoff_3/cpf1-RUX-21_cutoff_3.report, ../TargetSeq-cas9-RUX-25/cutoff_5/cas9-RUX-25_cutoff_5.report, ../TargetSeq-cas9-RUX-25/cutoff_10/cas9-RUX-25_cutoff_10.report, ../TargetSeq-cpf1-RUX-21/cutoff_5/cpf1-RUX-21_cutoff_5.report, ../TargetSeq-cas9-RUX-25/cutoff_3/cas9-RUX-25_cutoff_3.report

[Fri Jan  1 22:24:17 2021]
Finished job 0.
6 of 6 steps (100%) done
Complete log: /gpfs/user/zhaohuanan/3.project/25.2020-12_02_CBE_DetectSeq_paper_revise/TargetSeq_20201227/sub1_cpf1_cas9/snakepipes_target-seq/.snakemake/log/2020-12-30T131734.166165.snakemake.log
