Building DAG of jobs...
Using shell: /usr/bin/bash
Provided cores: 24
Rules claiming more threads will be scaled down.
Job counts:
	count	jobs
	1	all
	22	bwa_idex
	22	faidx
	22	getfasta
	22	letter2LETTER
	89

[Fri Oct 16 14:51:14 2020]
rule getfasta:
    input: ../TargetSeq_BED_sample_lib/HEK4-Guideseq-3.bed
    output: ../TargetSeq_BED_sample_lib/HEK4-Guideseq-3.ref.fa
    jobid: 27
    reason: Missing output files: ../TargetSeq_BED_sample_lib/HEK4-Guideseq-3.ref.fa
    wildcards: sample=HEK4-Guideseq-3


        /home/zhaohuanan/miniconda3/envs/snakepipes_target-seq-from-table-to-plot/bin/bedtools getfasta -s -bed ../TargetSeq_BED_sample_lib/HEK4-Guideseq-3.bed -fi -name /home/zhaohuanan/zhaohn_HD/2.database/bwa_hg38/hg38_only_chromosome.fa > ../TargetSeq_BED_sample_lib/HEK4-Guideseq-3.ref.fa
        

[Fri Oct 16 14:51:14 2020]
rule getfasta:
    input: ../TargetSeq_BED_sample_lib/VEGFA-Off-Target-7.bed
    output: ../TargetSeq_BED_sample_lib/VEGFA-Off-Target-7.ref.fa
    jobid: 41
    reason: Missing output files: ../TargetSeq_BED_sample_lib/VEGFA-Off-Target-7.ref.fa
    wildcards: sample=VEGFA-Off-Target-7


        /home/zhaohuanan/miniconda3/envs/snakepipes_target-seq-from-table-to-plot/bin/bedtools getfasta -s -bed ../TargetSeq_BED_sample_lib/VEGFA-Off-Target-7.bed -fi -name /home/zhaohuanan/zhaohn_HD/2.database/bwa_hg38/hg38_only_chromosome.fa > ../TargetSeq_BED_sample_lib/VEGFA-Off-Target-7.ref.fa
        

[Fri Oct 16 14:51:14 2020]
rule getfasta:
    input: ../TargetSeq_BED_sample_lib/PP2-On-Target.bed
    output: ../TargetSeq_BED_sample_lib/PP2-On-Target.ref.fa
    jobid: 35
    reason: Missing output files: ../TargetSeq_BED_sample_lib/PP2-On-Target.ref.fa
    wildcards: sample=PP2-On-Target


        /home/zhaohuanan/miniconda3/envs/snakepipes_target-seq-from-table-to-plot/bin/bedtools getfasta -s -bed ../TargetSeq_BED_sample_lib/PP2-On-Target.bed -fi -name /home/zhaohuanan/zhaohn_HD/2.database/bwa_hg38/hg38_only_chromosome.fa > ../TargetSeq_BED_sample_lib/PP2-On-Target.ref.fa
        

[Fri Oct 16 14:51:14 2020]
rule getfasta:
    input: ../TargetSeq_BED_sample_lib/HEK4-Guideseq-4.bed
    output: ../TargetSeq_BED_sample_lib/HEK4-Guideseq-4.ref.fa
    jobid: 28
    reason: Missing output files: ../TargetSeq_BED_sample_lib/HEK4-Guideseq-4.ref.fa
    wildcards: sample=HEK4-Guideseq-4


        /home/zhaohuanan/miniconda3/envs/snakepipes_target-seq-from-table-to-plot/bin/bedtools getfasta -s -bed ../TargetSeq_BED_sample_lib/HEK4-Guideseq-4.bed -fi -name /home/zhaohuanan/zhaohn_HD/2.database/bwa_hg38/hg38_only_chromosome.fa > ../TargetSeq_BED_sample_lib/HEK4-Guideseq-4.ref.fa
        

[Fri Oct 16 14:51:14 2020]
rule getfasta:
    input: ../TargetSeq_BED_sample_lib/VEGFA-OffNo-GDNo-08.bed
    output: ../TargetSeq_BED_sample_lib/VEGFA-OffNo-GDNo-08.ref.fa
    jobid: 42
    reason: Missing output files: ../TargetSeq_BED_sample_lib/VEGFA-OffNo-GDNo-08.ref.fa
    wildcards: sample=VEGFA-OffNo-GDNo-08


        /home/zhaohuanan/miniconda3/envs/snakepipes_target-seq-from-table-to-plot/bin/bedtools getfasta -s -bed ../TargetSeq_BED_sample_lib/VEGFA-OffNo-GDNo-08.bed -fi -name /home/zhaohuanan/zhaohn_HD/2.database/bwa_hg38/hg38_only_chromosome.fa > ../TargetSeq_BED_sample_lib/VEGFA-OffNo-GDNo-08.ref.fa
        

[Fri Oct 16 14:51:14 2020]
rule getfasta:
    input: ../TargetSeq_BED_sample_lib/PP6-On-Target.bed
    output: ../TargetSeq_BED_sample_lib/PP6-On-Target.ref.fa
    jobid: 36
    reason: Missing output files: ../TargetSeq_BED_sample_lib/PP6-On-Target.ref.fa
    wildcards: sample=PP6-On-Target


        /home/zhaohuanan/miniconda3/envs/snakepipes_target-seq-from-table-to-plot/bin/bedtools getfasta -s -bed ../TargetSeq_BED_sample_lib/PP6-On-Target.bed -fi -name /home/zhaohuanan/zhaohn_HD/2.database/bwa_hg38/hg38_only_chromosome.fa > ../TargetSeq_BED_sample_lib/PP6-On-Target.ref.fa
        

[Fri Oct 16 14:51:14 2020]
rule getfasta:
    input: ../TargetSeq_BED_sample_lib/HEK4-Guideseq-5.bed
    output: ../TargetSeq_BED_sample_lib/HEK4-Guideseq-5.ref.fa
    jobid: 29
    reason: Missing output files: ../TargetSeq_BED_sample_lib/HEK4-Guideseq-5.ref.fa
    wildcards: sample=HEK4-Guideseq-5


        /home/zhaohuanan/miniconda3/envs/snakepipes_target-seq-from-table-to-plot/bin/bedtools getfasta -s -bed ../TargetSeq_BED_sample_lib/HEK4-Guideseq-5.bed -fi -name /home/zhaohuanan/zhaohn_HD/2.database/bwa_hg38/hg38_only_chromosome.fa > ../TargetSeq_BED_sample_lib/HEK4-Guideseq-5.ref.fa
        

[Fri Oct 16 14:51:14 2020]
rule getfasta:
    input: ../TargetSeq_BED_sample_lib/VEGFA-OffNo-GDNo-12.bed
    output: ../TargetSeq_BED_sample_lib/VEGFA-OffNo-GDNo-12.ref.fa
    jobid: 43
    reason: Missing output files: ../TargetSeq_BED_sample_lib/VEGFA-OffNo-GDNo-12.ref.fa
    wildcards: sample=VEGFA-OffNo-GDNo-12


        /home/zhaohuanan/miniconda3/envs/snakepipes_target-seq-from-table-to-plot/bin/bedtools getfasta -s -bed ../TargetSeq_BED_sample_lib/VEGFA-OffNo-GDNo-12.bed -fi -name /home/zhaohuanan/zhaohn_HD/2.database/bwa_hg38/hg38_only_chromosome.fa > ../TargetSeq_BED_sample_lib/VEGFA-OffNo-GDNo-12.ref.fa
        

[Fri Oct 16 14:51:14 2020]
rule getfasta:
    input: ../TargetSeq_BED_sample_lib/ABE-Site-7-On.bed
    output: ../TargetSeq_BED_sample_lib/ABE-Site-7-On.ref.fa
    jobid: 23
    reason: Missing output files: ../TargetSeq_BED_sample_lib/ABE-Site-7-On.ref.fa
    wildcards: sample=ABE-Site-7-On


        /home/zhaohuanan/miniconda3/envs/snakepipes_target-seq-from-table-to-plot/bin/bedtools getfasta -s -bed ../TargetSeq_BED_sample_lib/ABE-Site-7-On.bed -fi -name /home/zhaohuanan/zhaohn_HD/2.database/bwa_hg38/hg38_only_chromosome.fa > ../TargetSeq_BED_sample_lib/ABE-Site-7-On.ref.fa
        

[Fri Oct 16 14:51:14 2020]
rule getfasta:
    input: ../TargetSeq_BED_sample_lib/RNF2-ON-Target.bed
    output: ../TargetSeq_BED_sample_lib/RNF2-ON-Target.ref.fa
    jobid: 37
    reason: Missing output files: ../TargetSeq_BED_sample_lib/RNF2-ON-Target.ref.fa
    wildcards: sample=RNF2-ON-Target


        /home/zhaohuanan/miniconda3/envs/snakepipes_target-seq-from-table-to-plot/bin/bedtools getfasta -s -bed ../TargetSeq_BED_sample_lib/RNF2-ON-Target.bed -fi -name /home/zhaohuanan/zhaohn_HD/2.database/bwa_hg38/hg38_only_chromosome.fa > ../TargetSeq_BED_sample_lib/RNF2-ON-Target.ref.fa
        

[Fri Oct 16 14:51:14 2020]
rule getfasta:
    input: ../TargetSeq_BED_sample_lib/HEK4-On-Target.bed
    output: ../TargetSeq_BED_sample_lib/HEK4-On-Target.ref.fa
    jobid: 30
    reason: Missing output files: ../TargetSeq_BED_sample_lib/HEK4-On-Target.ref.fa
    wildcards: sample=HEK4-On-Target


        /home/zhaohuanan/miniconda3/envs/snakepipes_target-seq-from-table-to-plot/bin/bedtools getfasta -s -bed ../TargetSeq_BED_sample_lib/HEK4-On-Target.bed -fi -name /home/zhaohuanan/zhaohn_HD/2.database/bwa_hg38/hg38_only_chromosome.fa > ../TargetSeq_BED_sample_lib/HEK4-On-Target.ref.fa
        

[Fri Oct 16 14:51:14 2020]
rule getfasta:
    input: ../TargetSeq_BED_sample_lib/VEGFA-On-Target.bed
    output: ../TargetSeq_BED_sample_lib/VEGFA-On-Target.ref.fa
    jobid: 44
    reason: Missing output files: ../TargetSeq_BED_sample_lib/VEGFA-On-Target.ref.fa
    wildcards: sample=VEGFA-On-Target


        /home/zhaohuanan/miniconda3/envs/snakepipes_target-seq-from-table-to-plot/bin/bedtools getfasta -s -bed ../TargetSeq_BED_sample_lib/VEGFA-On-Target.bed -fi -name /home/zhaohuanan/zhaohn_HD/2.database/bwa_hg38/hg38_only_chromosome.fa > ../TargetSeq_BED_sample_lib/VEGFA-On-Target.ref.fa
        

[Fri Oct 16 14:51:14 2020]
rule getfasta:
    input: ../TargetSeq_BED_sample_lib/EMX1-2-On.bed
    output: ../TargetSeq_BED_sample_lib/EMX1-2-On.ref.fa
    jobid: 24
    reason: Missing output files: ../TargetSeq_BED_sample_lib/EMX1-2-On.ref.fa
    wildcards: sample=EMX1-2-On


        /home/zhaohuanan/miniconda3/envs/snakepipes_target-seq-from-table-to-plot/bin/bedtools getfasta -s -bed ../TargetSeq_BED_sample_lib/EMX1-2-On.bed -fi -name /home/zhaohuanan/zhaohn_HD/2.database/bwa_hg38/hg38_only_chromosome.fa > ../TargetSeq_BED_sample_lib/EMX1-2-On.ref.fa
        

[Fri Oct 16 14:51:14 2020]
rule getfasta:
    input: ../TargetSeq_BED_sample_lib/VEGFA-Off-Target-2.bed
    output: ../TargetSeq_BED_sample_lib/VEGFA-Off-Target-2.ref.fa
    jobid: 38
    reason: Missing output files: ../TargetSeq_BED_sample_lib/VEGFA-Off-Target-2.ref.fa
    wildcards: sample=VEGFA-Off-Target-2


        /home/zhaohuanan/miniconda3/envs/snakepipes_target-seq-from-table-to-plot/bin/bedtools getfasta -s -bed ../TargetSeq_BED_sample_lib/VEGFA-Off-Target-2.bed -fi -name /home/zhaohuanan/zhaohn_HD/2.database/bwa_hg38/hg38_only_chromosome.fa > ../TargetSeq_BED_sample_lib/VEGFA-Off-Target-2.ref.fa
        
[Fri Oct 16 14:51:14 2020]
Error in rule getfasta:
    jobid: 43
    output: ../TargetSeq_BED_sample_lib/VEGFA-OffNo-GDNo-12.ref.fa
    shell:
        
        /home/zhaohuanan/miniconda3/envs/snakepipes_target-seq-from-table-to-plot/bin/bedtools getfasta -s -bed ../TargetSeq_BED_sample_lib/VEGFA-OffNo-GDNo-12.bed -fi -name /home/zhaohuanan/zhaohn_HD/2.database/bwa_hg38/hg38_only_chromosome.fa > ../TargetSeq_BED_sample_lib/VEGFA-OffNo-GDNo-12.ref.fa
        
        (one of the commands exited with non-zero exit code; note that snakemake uses bash strict mode!)
[Fri Oct 16 14:51:14 2020]
[Fri Oct 16 14:51:14 2020]
[Fri Oct 16 14:51:14 2020]

Error in rule getfasta:
[Fri Oct 16 14:51:14 2020]
Error in rule getfasta:
[Fri Oct 16 14:51:14 2020]
[Fri Oct 16 14:51:14 2020]

[Fri Oct 16 14:51:14 2020]
[Fri Oct 16 14:51:14 2020]
Error in rule getfasta:
[Fri Oct 16 14:51:14 2020]
[Fri Oct 16 14:51:14 2020]
Removing output files of failed job getfasta since they might be corrupted:
../TargetSeq_BED_sample_lib/VEGFA-OffNo-GDNo-12.ref.fa
    jobid: 42
Error in rule getfasta:
[Fri Oct 16 14:51:14 2020]
Error in rule getfasta:
Error in rule getfasta:
Error in rule getfasta:
[Fri Oct 16 14:51:14 2020]
Error in rule getfasta:
Error in rule getfasta:
    jobid: 37
Error in rule getfasta:
Error in rule getfasta:
    output: ../TargetSeq_BED_sample_lib/VEGFA-OffNo-GDNo-08.ref.fa
    jobid: 36
    jobid: 28
    output: ../TargetSeq_BED_sample_lib/HEK4-Guideseq-4.ref.fa
    jobid: 27
    jobid: 23
rule getfasta:
    input: ../TargetSeq_BED_sample_lib/HEK5-On-Target.bed
    output: ../TargetSeq_BED_sample_lib/HEK5-On-Target.ref.fa
    jobid: 31
    reason: Missing output files: ../TargetSeq_BED_sample_lib/HEK5-On-Target.ref.fa
    wildcards: sample=HEK5-On-Target
    jobid: 30
    jobid: 29
    output: ../TargetSeq_BED_sample_lib/RNF2-ON-Target.ref.fa
    jobid: 41
    jobid: 35
    shell:
        
        /home/zhaohuanan/miniconda3/envs/snakepipes_target-seq-from-table-to-plot/bin/bedtools getfasta -s -bed ../TargetSeq_BED_sample_lib/VEGFA-OffNo-GDNo-08.bed -fi -name /home/zhaohuanan/zhaohn_HD/2.database/bwa_hg38/hg38_only_chromosome.fa > ../TargetSeq_BED_sample_lib/VEGFA-OffNo-GDNo-08.ref.fa
        
        (one of the commands exited with non-zero exit code; note that snakemake uses bash strict mode!)
    output: ../TargetSeq_BED_sample_lib/PP6-On-Target.ref.fa
    jobid: 44
    output: ../TargetSeq_BED_sample_lib/VEGFA-On-Target.ref.fa
    output: ../TargetSeq_BED_sample_lib/HEK4-Guideseq-3.ref.fa
    output: ../TargetSeq_BED_sample_lib/ABE-Site-7-On.ref.fa

    output: ../TargetSeq_BED_sample_lib/HEK4-On-Target.ref.fa
    output: ../TargetSeq_BED_sample_lib/HEK4-Guideseq-5.ref.fa
    shell:
        
        /home/zhaohuanan/miniconda3/envs/snakepipes_target-seq-from-table-to-plot/bin/bedtools getfasta -s -bed ../TargetSeq_BED_sample_lib/RNF2-ON-Target.bed -fi -name /home/zhaohuanan/zhaohn_HD/2.database/bwa_hg38/hg38_only_chromosome.fa > ../TargetSeq_BED_sample_lib/RNF2-ON-Target.ref.fa
        
        (one of the commands exited with non-zero exit code; note that snakemake uses bash strict mode!)
    output: ../TargetSeq_BED_sample_lib/VEGFA-Off-Target-7.ref.fa
    output: ../TargetSeq_BED_sample_lib/PP2-On-Target.ref.fa

    shell:
        
        /home/zhaohuanan/miniconda3/envs/snakepipes_target-seq-from-table-to-plot/bin/bedtools getfasta -s -bed ../TargetSeq_BED_sample_lib/PP6-On-Target.bed -fi -name /home/zhaohuanan/zhaohn_HD/2.database/bwa_hg38/hg38_only_chromosome.fa > ../TargetSeq_BED_sample_lib/PP6-On-Target.ref.fa
        
        (one of the commands exited with non-zero exit code; note that snakemake uses bash strict mode!)
    shell:
        
        /home/zhaohuanan/miniconda3/envs/snakepipes_target-seq-from-table-to-plot/bin/bedtools getfasta -s -bed ../TargetSeq_BED_sample_lib/HEK4-Guideseq-4.bed -fi -name /home/zhaohuanan/zhaohn_HD/2.database/bwa_hg38/hg38_only_chromosome.fa > ../TargetSeq_BED_sample_lib/HEK4-Guideseq-4.ref.fa
        
        (one of the commands exited with non-zero exit code; note that snakemake uses bash strict mode!)
    shell:
        
        /home/zhaohuanan/miniconda3/envs/snakepipes_target-seq-from-table-to-plot/bin/bedtools getfasta -s -bed ../TargetSeq_BED_sample_lib/VEGFA-On-Target.bed -fi -name /home/zhaohuanan/zhaohn_HD/2.database/bwa_hg38/hg38_only_chromosome.fa > ../TargetSeq_BED_sample_lib/VEGFA-On-Target.ref.fa
        
        (one of the commands exited with non-zero exit code; note that snakemake uses bash strict mode!)
    shell:
        
        /home/zhaohuanan/miniconda3/envs/snakepipes_target-seq-from-table-to-plot/bin/bedtools getfasta -s -bed ../TargetSeq_BED_sample_lib/HEK4-Guideseq-3.bed -fi -name /home/zhaohuanan/zhaohn_HD/2.database/bwa_hg38/hg38_only_chromosome.fa > ../TargetSeq_BED_sample_lib/HEK4-Guideseq-3.ref.fa
        
        (one of the commands exited with non-zero exit code; note that snakemake uses bash strict mode!)
    shell:
        
        /home/zhaohuanan/miniconda3/envs/snakepipes_target-seq-from-table-to-plot/bin/bedtools getfasta -s -bed ../TargetSeq_BED_sample_lib/ABE-Site-7-On.bed -fi -name /home/zhaohuanan/zhaohn_HD/2.database/bwa_hg38/hg38_only_chromosome.fa > ../TargetSeq_BED_sample_lib/ABE-Site-7-On.ref.fa
        
        (one of the commands exited with non-zero exit code; note that snakemake uses bash strict mode!)

        /home/zhaohuanan/miniconda3/envs/snakepipes_target-seq-from-table-to-plot/bin/bedtools getfasta -s -bed ../TargetSeq_BED_sample_lib/HEK5-On-Target.bed -fi -name /home/zhaohuanan/zhaohn_HD/2.database/bwa_hg38/hg38_only_chromosome.fa > ../TargetSeq_BED_sample_lib/HEK5-On-Target.ref.fa
        
    shell:
        
        /home/zhaohuanan/miniconda3/envs/snakepipes_target-seq-from-table-to-plot/bin/bedtools getfasta -s -bed ../TargetSeq_BED_sample_lib/HEK4-On-Target.bed -fi -name /home/zhaohuanan/zhaohn_HD/2.database/bwa_hg38/hg38_only_chromosome.fa > ../TargetSeq_BED_sample_lib/HEK4-On-Target.ref.fa
        
        (one of the commands exited with non-zero exit code; note that snakemake uses bash strict mode!)
    shell:
        
        /home/zhaohuanan/miniconda3/envs/snakepipes_target-seq-from-table-to-plot/bin/bedtools getfasta -s -bed ../TargetSeq_BED_sample_lib/HEK4-Guideseq-5.bed -fi -name /home/zhaohuanan/zhaohn_HD/2.database/bwa_hg38/hg38_only_chromosome.fa > ../TargetSeq_BED_sample_lib/HEK4-Guideseq-5.ref.fa
        
        (one of the commands exited with non-zero exit code; note that snakemake uses bash strict mode!)

    shell:
        
        /home/zhaohuanan/miniconda3/envs/snakepipes_target-seq-from-table-to-plot/bin/bedtools getfasta -s -bed ../TargetSeq_BED_sample_lib/VEGFA-Off-Target-7.bed -fi -name /home/zhaohuanan/zhaohn_HD/2.database/bwa_hg38/hg38_only_chromosome.fa > ../TargetSeq_BED_sample_lib/VEGFA-Off-Target-7.ref.fa
        
        (one of the commands exited with non-zero exit code; note that snakemake uses bash strict mode!)
    shell:
        
        /home/zhaohuanan/miniconda3/envs/snakepipes_target-seq-from-table-to-plot/bin/bedtools getfasta -s -bed ../TargetSeq_BED_sample_lib/PP2-On-Target.bed -fi -name /home/zhaohuanan/zhaohn_HD/2.database/bwa_hg38/hg38_only_chromosome.fa > ../TargetSeq_BED_sample_lib/PP2-On-Target.ref.fa
        
        (one of the commands exited with non-zero exit code; note that snakemake uses bash strict mode!)
Removing output files of failed job getfasta since they might be corrupted:
../TargetSeq_BED_sample_lib/VEGFA-OffNo-GDNo-08.ref.fa









Removing output files of failed job getfasta since they might be corrupted:
../TargetSeq_BED_sample_lib/RNF2-ON-Target.ref.fa
[Fri Oct 16 14:51:14 2020]
Error in rule getfasta:
    jobid: 24
    output: ../TargetSeq_BED_sample_lib/EMX1-2-On.ref.fa
    shell:
        
        /home/zhaohuanan/miniconda3/envs/snakepipes_target-seq-from-table-to-plot/bin/bedtools getfasta -s -bed ../TargetSeq_BED_sample_lib/EMX1-2-On.bed -fi -name /home/zhaohuanan/zhaohn_HD/2.database/bwa_hg38/hg38_only_chromosome.fa > ../TargetSeq_BED_sample_lib/EMX1-2-On.ref.fa
        
        (one of the commands exited with non-zero exit code; note that snakemake uses bash strict mode!)
Removing output files of failed job getfasta since they might be corrupted:
../TargetSeq_BED_sample_lib/PP6-On-Target.ref.fa

Removing output files of failed job getfasta since they might be corrupted:
../TargetSeq_BED_sample_lib/HEK4-Guideseq-4.ref.fa
Removing output files of failed job getfasta since they might be corrupted:
../TargetSeq_BED_sample_lib/VEGFA-On-Target.ref.fa
Removing output files of failed job getfasta since they might be corrupted:
../TargetSeq_BED_sample_lib/HEK4-Guideseq-3.ref.fa
Removing output files of failed job getfasta since they might be corrupted:
../TargetSeq_BED_sample_lib/ABE-Site-7-On.ref.fa
Removing output files of failed job getfasta since they might be corrupted:
../TargetSeq_BED_sample_lib/HEK4-On-Target.ref.fa

[Fri Oct 16 14:51:14 2020]
rule getfasta:
    input: ../TargetSeq_BED_sample_lib/HEK2-On-Target.bed
    output: ../TargetSeq_BED_sample_lib/HEK2-On-Target.ref.fa
    jobid: 25
    reason: Missing output files: ../TargetSeq_BED_sample_lib/HEK2-On-Target.ref.fa
    wildcards: sample=HEK2-On-Target

Removing output files of failed job getfasta since they might be corrupted:
../TargetSeq_BED_sample_lib/HEK4-Guideseq-5.ref.fa

        /home/zhaohuanan/miniconda3/envs/snakepipes_target-seq-from-table-to-plot/bin/bedtools getfasta -s -bed ../TargetSeq_BED_sample_lib/HEK2-On-Target.bed -fi -name /home/zhaohuanan/zhaohn_HD/2.database/bwa_hg38/hg38_only_chromosome.fa > ../TargetSeq_BED_sample_lib/HEK2-On-Target.ref.fa
        
Removing output files of failed job getfasta since they might be corrupted:
../TargetSeq_BED_sample_lib/VEGFA-Off-Target-7.ref.fa
Removing output files of failed job getfasta since they might be corrupted:
../TargetSeq_BED_sample_lib/PP2-On-Target.ref.fa
Removing output files of failed job getfasta since they might be corrupted:
../TargetSeq_BED_sample_lib/EMX1-2-On.ref.fa
[Fri Oct 16 14:51:14 2020]
Error in rule getfasta:
    jobid: 38
    output: ../TargetSeq_BED_sample_lib/VEGFA-Off-Target-2.ref.fa
    shell:
        
        /home/zhaohuanan/miniconda3/envs/snakepipes_target-seq-from-table-to-plot/bin/bedtools getfasta -s -bed ../TargetSeq_BED_sample_lib/VEGFA-Off-Target-2.bed -fi -name /home/zhaohuanan/zhaohn_HD/2.database/bwa_hg38/hg38_only_chromosome.fa > ../TargetSeq_BED_sample_lib/VEGFA-Off-Target-2.ref.fa
        
        (one of the commands exited with non-zero exit code; note that snakemake uses bash strict mode!)

Removing output files of failed job getfasta since they might be corrupted:
../TargetSeq_BED_sample_lib/VEGFA-Off-Target-2.ref.fa

[Fri Oct 16 14:51:14 2020]
rule getfasta:
    input: ../TargetSeq_BED_sample_lib/VEGFA-Off-Target-3.bed
    output: ../TargetSeq_BED_sample_lib/VEGFA-Off-Target-3.ref.fa
    jobid: 39
    reason: Missing output files: ../TargetSeq_BED_sample_lib/VEGFA-Off-Target-3.ref.fa
    wildcards: sample=VEGFA-Off-Target-3


        /home/zhaohuanan/miniconda3/envs/snakepipes_target-seq-from-table-to-plot/bin/bedtools getfasta -s -bed ../TargetSeq_BED_sample_lib/VEGFA-Off-Target-3.bed -fi -name /home/zhaohuanan/zhaohn_HD/2.database/bwa_hg38/hg38_only_chromosome.fa > ../TargetSeq_BED_sample_lib/VEGFA-Off-Target-3.ref.fa
        

[Fri Oct 16 14:51:14 2020]
rule getfasta:
    input: ../TargetSeq_BED_sample_lib/MTND4P12-N4.bed
    output: ../TargetSeq_BED_sample_lib/MTND4P12-N4.ref.fa
    jobid: 32
    reason: Missing output files: ../TargetSeq_BED_sample_lib/MTND4P12-N4.ref.fa
    wildcards: sample=MTND4P12-N4


        /home/zhaohuanan/miniconda3/envs/snakepipes_target-seq-from-table-to-plot/bin/bedtools getfasta -s -bed ../TargetSeq_BED_sample_lib/MTND4P12-N4.bed -fi -name /home/zhaohuanan/zhaohn_HD/2.database/bwa_hg38/hg38_only_chromosome.fa > ../TargetSeq_BED_sample_lib/MTND4P12-N4.ref.fa
        
[Fri Oct 16 14:51:14 2020]
Error in rule getfasta:
    jobid: 31
    output: ../TargetSeq_BED_sample_lib/HEK5-On-Target.ref.fa
    shell:
        
        /home/zhaohuanan/miniconda3/envs/snakepipes_target-seq-from-table-to-plot/bin/bedtools getfasta -s -bed ../TargetSeq_BED_sample_lib/HEK5-On-Target.bed -fi -name /home/zhaohuanan/zhaohn_HD/2.database/bwa_hg38/hg38_only_chromosome.fa > ../TargetSeq_BED_sample_lib/HEK5-On-Target.ref.fa
        
        (one of the commands exited with non-zero exit code; note that snakemake uses bash strict mode!)

Removing output files of failed job getfasta since they might be corrupted:
../TargetSeq_BED_sample_lib/HEK5-On-Target.ref.fa

[Fri Oct 16 14:51:14 2020]
rule getfasta:
    input: ../TargetSeq_BED_sample_lib/HEK4-Guideseq-2.bed
    output: ../TargetSeq_BED_sample_lib/HEK4-Guideseq-2.ref.fa
    jobid: 26
    reason: Missing output files: ../TargetSeq_BED_sample_lib/HEK4-Guideseq-2.ref.fa
    wildcards: sample=HEK4-Guideseq-2


        /home/zhaohuanan/miniconda3/envs/snakepipes_target-seq-from-table-to-plot/bin/bedtools getfasta -s -bed ../TargetSeq_BED_sample_lib/HEK4-Guideseq-2.bed -fi -name /home/zhaohuanan/zhaohn_HD/2.database/bwa_hg38/hg38_only_chromosome.fa > ../TargetSeq_BED_sample_lib/HEK4-Guideseq-2.ref.fa
        

[Fri Oct 16 14:51:14 2020]
rule getfasta:
    input: ../TargetSeq_BED_sample_lib/VEGFA-Off-Target-6.bed
    output: ../TargetSeq_BED_sample_lib/VEGFA-Off-Target-6.ref.fa
    jobid: 40
    reason: Missing output files: ../TargetSeq_BED_sample_lib/VEGFA-Off-Target-6.ref.fa
    wildcards: sample=VEGFA-Off-Target-6


        /home/zhaohuanan/miniconda3/envs/snakepipes_target-seq-from-table-to-plot/bin/bedtools getfasta -s -bed ../TargetSeq_BED_sample_lib/VEGFA-Off-Target-6.bed -fi -name /home/zhaohuanan/zhaohn_HD/2.database/bwa_hg38/hg38_only_chromosome.fa > ../TargetSeq_BED_sample_lib/VEGFA-Off-Target-6.ref.fa
        
[Fri Oct 16 14:51:14 2020]
Error in rule getfasta:
    jobid: 25
    output: ../TargetSeq_BED_sample_lib/HEK2-On-Target.ref.fa
    shell:
        
        /home/zhaohuanan/miniconda3/envs/snakepipes_target-seq-from-table-to-plot/bin/bedtools getfasta -s -bed ../TargetSeq_BED_sample_lib/HEK2-On-Target.bed -fi -name /home/zhaohuanan/zhaohn_HD/2.database/bwa_hg38/hg38_only_chromosome.fa > ../TargetSeq_BED_sample_lib/HEK2-On-Target.ref.fa
        
        (one of the commands exited with non-zero exit code; note that snakemake uses bash strict mode!)

Removing output files of failed job getfasta since they might be corrupted:
../TargetSeq_BED_sample_lib/HEK2-On-Target.ref.fa

[Fri Oct 16 14:51:14 2020]
rule getfasta:
    input: ../TargetSeq_BED_sample_lib/MTND5P11-N5.1.bed
    output: ../TargetSeq_BED_sample_lib/MTND5P11-N5.1.ref.fa
    jobid: 33
    reason: Missing output files: ../TargetSeq_BED_sample_lib/MTND5P11-N5.1.ref.fa
    wildcards: sample=MTND5P11-N5.1


        /home/zhaohuanan/miniconda3/envs/snakepipes_target-seq-from-table-to-plot/bin/bedtools getfasta -s -bed ../TargetSeq_BED_sample_lib/MTND5P11-N5.1.bed -fi -name /home/zhaohuanan/zhaohn_HD/2.database/bwa_hg38/hg38_only_chromosome.fa > ../TargetSeq_BED_sample_lib/MTND5P11-N5.1.ref.fa
        
[Fri Oct 16 14:51:14 2020]
Error in rule getfasta:
    jobid: 39
    output: ../TargetSeq_BED_sample_lib/VEGFA-Off-Target-3.ref.fa
    shell:
        
        /home/zhaohuanan/miniconda3/envs/snakepipes_target-seq-from-table-to-plot/bin/bedtools getfasta -s -bed ../TargetSeq_BED_sample_lib/VEGFA-Off-Target-3.bed -fi -name /home/zhaohuanan/zhaohn_HD/2.database/bwa_hg38/hg38_only_chromosome.fa > ../TargetSeq_BED_sample_lib/VEGFA-Off-Target-3.ref.fa
        
        (one of the commands exited with non-zero exit code; note that snakemake uses bash strict mode!)

Removing output files of failed job getfasta since they might be corrupted:
../TargetSeq_BED_sample_lib/VEGFA-Off-Target-3.ref.fa

[Fri Oct 16 14:51:14 2020]
rule getfasta:
    input: ../TargetSeq_BED_sample_lib/MTND6P4-N6.bed
    output: ../TargetSeq_BED_sample_lib/MTND6P4-N6.ref.fa
    jobid: 34
    reason: Missing output files: ../TargetSeq_BED_sample_lib/MTND6P4-N6.ref.fa
    wildcards: sample=MTND6P4-N6


        /home/zhaohuanan/miniconda3/envs/snakepipes_target-seq-from-table-to-plot/bin/bedtools getfasta -s -bed ../TargetSeq_BED_sample_lib/MTND6P4-N6.bed -fi -name /home/zhaohuanan/zhaohn_HD/2.database/bwa_hg38/hg38_only_chromosome.fa > ../TargetSeq_BED_sample_lib/MTND6P4-N6.ref.fa
        
[Fri Oct 16 14:51:14 2020]
Error in rule getfasta:
    jobid: 32
    output: ../TargetSeq_BED_sample_lib/MTND4P12-N4.ref.fa
    shell:
        
        /home/zhaohuanan/miniconda3/envs/snakepipes_target-seq-from-table-to-plot/bin/bedtools getfasta -s -bed ../TargetSeq_BED_sample_lib/MTND4P12-N4.bed -fi -name /home/zhaohuanan/zhaohn_HD/2.database/bwa_hg38/hg38_only_chromosome.fa > ../TargetSeq_BED_sample_lib/MTND4P12-N4.ref.fa
        
        (one of the commands exited with non-zero exit code; note that snakemake uses bash strict mode!)

Removing output files of failed job getfasta since they might be corrupted:
../TargetSeq_BED_sample_lib/MTND4P12-N4.ref.fa
[Fri Oct 16 14:51:14 2020]
Error in rule getfasta:
    jobid: 26
    output: ../TargetSeq_BED_sample_lib/HEK4-Guideseq-2.ref.fa
    shell:
        
        /home/zhaohuanan/miniconda3/envs/snakepipes_target-seq-from-table-to-plot/bin/bedtools getfasta -s -bed ../TargetSeq_BED_sample_lib/HEK4-Guideseq-2.bed -fi -name /home/zhaohuanan/zhaohn_HD/2.database/bwa_hg38/hg38_only_chromosome.fa > ../TargetSeq_BED_sample_lib/HEK4-Guideseq-2.ref.fa
        
        (one of the commands exited with non-zero exit code; note that snakemake uses bash strict mode!)

Removing output files of failed job getfasta since they might be corrupted:
../TargetSeq_BED_sample_lib/HEK4-Guideseq-2.ref.fa
[Fri Oct 16 14:51:14 2020]
Error in rule getfasta:
    jobid: 40
    output: ../TargetSeq_BED_sample_lib/VEGFA-Off-Target-6.ref.fa
    shell:
        
        /home/zhaohuanan/miniconda3/envs/snakepipes_target-seq-from-table-to-plot/bin/bedtools getfasta -s -bed ../TargetSeq_BED_sample_lib/VEGFA-Off-Target-6.bed -fi -name /home/zhaohuanan/zhaohn_HD/2.database/bwa_hg38/hg38_only_chromosome.fa > ../TargetSeq_BED_sample_lib/VEGFA-Off-Target-6.ref.fa
        
        (one of the commands exited with non-zero exit code; note that snakemake uses bash strict mode!)

Removing output files of failed job getfasta since they might be corrupted:
../TargetSeq_BED_sample_lib/VEGFA-Off-Target-6.ref.fa
[Fri Oct 16 14:51:14 2020]
Error in rule getfasta:
    jobid: 34
    output: ../TargetSeq_BED_sample_lib/MTND6P4-N6.ref.fa
    shell:
        
        /home/zhaohuanan/miniconda3/envs/snakepipes_target-seq-from-table-to-plot/bin/bedtools getfasta -s -bed ../TargetSeq_BED_sample_lib/MTND6P4-N6.bed -fi -name /home/zhaohuanan/zhaohn_HD/2.database/bwa_hg38/hg38_only_chromosome.fa > ../TargetSeq_BED_sample_lib/MTND6P4-N6.ref.fa
        
        (one of the commands exited with non-zero exit code; note that snakemake uses bash strict mode!)

Removing output files of failed job getfasta since they might be corrupted:
../TargetSeq_BED_sample_lib/MTND6P4-N6.ref.fa
[Fri Oct 16 14:51:14 2020]
Error in rule getfasta:
    jobid: 33
    output: ../TargetSeq_BED_sample_lib/MTND5P11-N5.1.ref.fa
    shell:
        
        /home/zhaohuanan/miniconda3/envs/snakepipes_target-seq-from-table-to-plot/bin/bedtools getfasta -s -bed ../TargetSeq_BED_sample_lib/MTND5P11-N5.1.bed -fi -name /home/zhaohuanan/zhaohn_HD/2.database/bwa_hg38/hg38_only_chromosome.fa > ../TargetSeq_BED_sample_lib/MTND5P11-N5.1.ref.fa
        
        (one of the commands exited with non-zero exit code; note that snakemake uses bash strict mode!)

Removing output files of failed job getfasta since they might be corrupted:
../TargetSeq_BED_sample_lib/MTND5P11-N5.1.ref.fa
Shutting down, this might take some time.
Exiting because a job execution failed. Look above for error message
Complete log: /gpfs/user/zhaohuanan/3.project/14.2020-10_1010_TargetSeq-GBE-DdCBE_recheck/snakepipes_target-seq-from-table-to-plot/.snakemake/log/2020-10-16T145113.982085.snakemake.log
