Building DAG of jobs...
Using shell: /usr/bin/bash
Provided cores: 24
Rules claiming more threads will be scaled down.
Job counts:
	count	jobs
	1	all
	60	bmat_plot_ext_HEK4
	61

[Fri Jul 31 01:49:51 2020]
rule bmat_plot_ext_HEK4:
    input: ../TargetSeq-293T-HEK4-BE4-rep2/cutoff_3/mapping/HK4-mcf-2_bwa_sort.bmat
    output: ../all_plot/cutoff_3.ext50/TargetSeq-293T-HEK4-BE4-rep2_HK4-mcf-2_cutoff_3_indel.ext50.pdf
    jobid: 134
    wildcards: cutoff=3, lib=293T-HEK4-BE4-rep2, sample=HK4-mcf-2

/home/zhaohuanan/miniconda3/envs/py27/bin/python ./program/plot-targetseq-bmat-V02.py -i ../TargetSeq-293T-HEK4-BE4-rep2/cutoff_3/mapping/HK4-mcf-2_bwa_sort.bmat -o ../all_plot/cutoff_3.ext50/TargetSeq-293T-HEK4-BE4-rep2_HK4-mcf-2_cutoff_3_indel.ext50.pdf --region_extend_length 50 --sgRNA GGCACTGCGGCTGGAGGTGGGGG

[Fri Jul 31 01:49:51 2020]
rule bmat_plot_ext_HEK4:
    input: ../TargetSeq-MCF7-HEK4-BE4-rep2/cutoff_3/mapping/HK4-mcf-12_bwa_sort.bmat
    output: ../all_plot/cutoff_3.ext50/TargetSeq-MCF7-HEK4-BE4-rep2_HK4-mcf-12_cutoff_3_indel.ext50.pdf
    jobid: 93
    wildcards: cutoff=3, lib=MCF7-HEK4-BE4-rep2, sample=HK4-mcf-12

/home/zhaohuanan/miniconda3/envs/py27/bin/python ./program/plot-targetseq-bmat-V02.py -i ../TargetSeq-MCF7-HEK4-BE4-rep2/cutoff_3/mapping/HK4-mcf-12_bwa_sort.bmat -o ../all_plot/cutoff_3.ext50/TargetSeq-MCF7-HEK4-BE4-rep2_HK4-mcf-12_cutoff_3_indel.ext50.pdf --region_extend_length 50 --sgRNA GGCACTGCGGCTGGAGGTGGGGG

[Fri Jul 31 01:49:51 2020]
rule bmat_plot_ext_HEK4:
    input: ../TargetSeq-MCF7-HEK4-BE4-rep2/cutoff_3/mapping/HK4-mcf-10_bwa_sort.bmat
    output: ../all_plot/cutoff_3.ext50/TargetSeq-MCF7-HEK4-BE4-rep2_HK4-mcf-10_cutoff_3_indel.ext50.pdf
    jobid: 95
    wildcards: cutoff=3, lib=MCF7-HEK4-BE4-rep2, sample=HK4-mcf-10

/home/zhaohuanan/miniconda3/envs/py27/bin/python ./program/plot-targetseq-bmat-V02.py -i ../TargetSeq-MCF7-HEK4-BE4-rep2/cutoff_3/mapping/HK4-mcf-10_bwa_sort.bmat -o ../all_plot/cutoff_3.ext50/TargetSeq-MCF7-HEK4-BE4-rep2_HK4-mcf-10_cutoff_3_indel.ext50.pdf --region_extend_length 50 --sgRNA GGCACTGCGGCTGGAGGTGGGGG

[Fri Jul 31 01:49:51 2020]
rule bmat_plot_ext_HEK4:
    input: ../TargetSeq-293T-HEK4-BE4-rep1/cutoff_3/mapping/HK4-mcf-2_bwa_sort.bmat
    output: ../all_plot/cutoff_3.ext50/TargetSeq-293T-HEK4-BE4-rep1_HK4-mcf-2_cutoff_3_indel.ext50.pdf
    jobid: 222
    wildcards: cutoff=3, lib=293T-HEK4-BE4-rep1, sample=HK4-mcf-2

/home/zhaohuanan/miniconda3/envs/py27/bin/python ./program/plot-targetseq-bmat-V02.py -i ../TargetSeq-293T-HEK4-BE4-rep1/cutoff_3/mapping/HK4-mcf-2_bwa_sort.bmat -o ../all_plot/cutoff_3.ext50/TargetSeq-293T-HEK4-BE4-rep1_HK4-mcf-2_cutoff_3_indel.ext50.pdf --region_extend_length 50 --sgRNA GGCACTGCGGCTGGAGGTGGGGG

[Fri Jul 31 01:49:51 2020]
rule bmat_plot_ext_HEK4:
    input: ../TargetSeq-293T-HEK4-BE4-rep1/cutoff_3/mapping/HK4-mcf-7_bwa_sort.bmat
    output: ../all_plot/cutoff_3.ext50/TargetSeq-293T-HEK4-BE4-rep1_HK4-mcf-7_cutoff_3_indel.ext50.pdf
    jobid: 147
    wildcards: cutoff=3, lib=293T-HEK4-BE4-rep1, sample=HK4-mcf-7

/home/zhaohuanan/miniconda3/envs/py27/bin/python ./program/plot-targetseq-bmat-V02.py -i ../TargetSeq-293T-HEK4-BE4-rep1/cutoff_3/mapping/HK4-mcf-7_bwa_sort.bmat -o ../all_plot/cutoff_3.ext50/TargetSeq-293T-HEK4-BE4-rep1_HK4-mcf-7_cutoff_3_indel.ext50.pdf --region_extend_length 50 --sgRNA GGCACTGCGGCTGGAGGTGGGGG

[Fri Jul 31 01:49:51 2020]
rule bmat_plot_ext_HEK4:
    input: ../TargetSeq-293T-HEK4-BE4-rep2/cutoff_3/mapping/HK4-mcf-1_bwa_sort.bmat
    output: ../all_plot/cutoff_3.ext50/TargetSeq-293T-HEK4-BE4-rep2_HK4-mcf-1_cutoff_3_indel.ext50.pdf
    jobid: 162
    wildcards: cutoff=3, lib=293T-HEK4-BE4-rep2, sample=HK4-mcf-1

/home/zhaohuanan/miniconda3/envs/py27/bin/python ./program/plot-targetseq-bmat-V02.py -i ../TargetSeq-293T-HEK4-BE4-rep2/cutoff_3/mapping/HK4-mcf-1_bwa_sort.bmat -o ../all_plot/cutoff_3.ext50/TargetSeq-293T-HEK4-BE4-rep2_HK4-mcf-1_cutoff_3_indel.ext50.pdf --region_extend_length 50 --sgRNA GGCACTGCGGCTGGAGGTGGGGG

[Fri Jul 31 01:49:51 2020]
rule bmat_plot_ext_HEK4:
    input: ../TargetSeq-293T-HEK4-BE4-rep1/cutoff_3/mapping/HK4-mcf-5_bwa_sort.bmat
    output: ../all_plot/cutoff_3.ext50/TargetSeq-293T-HEK4-BE4-rep1_HK4-mcf-5_cutoff_3_indel.ext50.pdf
    jobid: 229
    wildcards: cutoff=3, lib=293T-HEK4-BE4-rep1, sample=HK4-mcf-5

/home/zhaohuanan/miniconda3/envs/py27/bin/python ./program/plot-targetseq-bmat-V02.py -i ../TargetSeq-293T-HEK4-BE4-rep1/cutoff_3/mapping/HK4-mcf-5_bwa_sort.bmat -o ../all_plot/cutoff_3.ext50/TargetSeq-293T-HEK4-BE4-rep1_HK4-mcf-5_cutoff_3_indel.ext50.pdf --region_extend_length 50 --sgRNA GGCACTGCGGCTGGAGGTGGGGG

[Fri Jul 31 01:49:51 2020]
rule bmat_plot_ext_HEK4:
    input: ../TargetSeq-MCF7-HEK4-BE4-rep1/cutoff_3/mapping/HK4-mcf-10_bwa_sort.bmat
    output: ../all_plot/cutoff_3.ext50/TargetSeq-MCF7-HEK4-BE4-rep1_HK4-mcf-10_cutoff_3_indel.ext50.pdf
    jobid: 254
    wildcards: cutoff=3, lib=MCF7-HEK4-BE4-rep1, sample=HK4-mcf-10

/home/zhaohuanan/miniconda3/envs/py27/bin/python ./program/plot-targetseq-bmat-V02.py -i ../TargetSeq-MCF7-HEK4-BE4-rep1/cutoff_3/mapping/HK4-mcf-10_bwa_sort.bmat -o ../all_plot/cutoff_3.ext50/TargetSeq-MCF7-HEK4-BE4-rep1_HK4-mcf-10_cutoff_3_indel.ext50.pdf --region_extend_length 50 --sgRNA GGCACTGCGGCTGGAGGTGGGGG

[Fri Jul 31 01:49:51 2020]
rule bmat_plot_ext_HEK4:
    input: ../TargetSeq-293T-HEK4-BE4-rep1/cutoff_3/mapping/HK4-mcf-11_bwa_sort.bmat
    output: ../all_plot/cutoff_3.ext50/TargetSeq-293T-HEK4-BE4-rep1_HK4-mcf-11_cutoff_3_indel.ext50.pdf
    jobid: 360
    wildcards: cutoff=3, lib=293T-HEK4-BE4-rep1, sample=HK4-mcf-11

/home/zhaohuanan/miniconda3/envs/py27/bin/python ./program/plot-targetseq-bmat-V02.py -i ../TargetSeq-293T-HEK4-BE4-rep1/cutoff_3/mapping/HK4-mcf-11_bwa_sort.bmat -o ../all_plot/cutoff_3.ext50/TargetSeq-293T-HEK4-BE4-rep1_HK4-mcf-11_cutoff_3_indel.ext50.pdf --region_extend_length 50 --sgRNA GGCACTGCGGCTGGAGGTGGGGG

[Fri Jul 31 01:49:51 2020]
rule bmat_plot_ext_HEK4:
    input: ../TargetSeq-MCF7-HEK4-BE4-rep1/cutoff_3/mapping/HK4-mcf-12_bwa_sort.bmat
    output: ../all_plot/cutoff_3.ext50/TargetSeq-MCF7-HEK4-BE4-rep1_HK4-mcf-12_cutoff_3_indel.ext50.pdf
    jobid: 325
    wildcards: cutoff=3, lib=MCF7-HEK4-BE4-rep1, sample=HK4-mcf-12

/home/zhaohuanan/miniconda3/envs/py27/bin/python ./program/plot-targetseq-bmat-V02.py -i ../TargetSeq-MCF7-HEK4-BE4-rep1/cutoff_3/mapping/HK4-mcf-12_bwa_sort.bmat -o ../all_plot/cutoff_3.ext50/TargetSeq-MCF7-HEK4-BE4-rep1_HK4-mcf-12_cutoff_3_indel.ext50.pdf --region_extend_length 50 --sgRNA GGCACTGCGGCTGGAGGTGGGGG

[Fri Jul 31 01:49:52 2020]
rule bmat_plot_ext_HEK4:
    input: ../TargetSeq-293T-HEK4-BE4-rep2/cutoff_3/mapping/HK4-mcf-5_bwa_sort.bmat
    output: ../all_plot/cutoff_3.ext50/TargetSeq-293T-HEK4-BE4-rep2_HK4-mcf-5_cutoff_3_indel.ext50.pdf
    jobid: 311
    wildcards: cutoff=3, lib=293T-HEK4-BE4-rep2, sample=HK4-mcf-5

/home/zhaohuanan/miniconda3/envs/py27/bin/python ./program/plot-targetseq-bmat-V02.py -i ../TargetSeq-293T-HEK4-BE4-rep2/cutoff_3/mapping/HK4-mcf-5_bwa_sort.bmat -o ../all_plot/cutoff_3.ext50/TargetSeq-293T-HEK4-BE4-rep2_HK4-mcf-5_cutoff_3_indel.ext50.pdf --region_extend_length 50 --sgRNA GGCACTGCGGCTGGAGGTGGGGG

[Fri Jul 31 01:49:52 2020]
rule bmat_plot_ext_HEK4:
    input: ../TargetSeq-293T-HEK4-BE4-rep2/cutoff_3/mapping/HK4-mcf-7_bwa_sort.bmat
    output: ../all_plot/cutoff_3.ext50/TargetSeq-293T-HEK4-BE4-rep2_HK4-mcf-7_cutoff_3_indel.ext50.pdf
    jobid: 243
    wildcards: cutoff=3, lib=293T-HEK4-BE4-rep2, sample=HK4-mcf-7

/home/zhaohuanan/miniconda3/envs/py27/bin/python ./program/plot-targetseq-bmat-V02.py -i ../TargetSeq-293T-HEK4-BE4-rep2/cutoff_3/mapping/HK4-mcf-7_bwa_sort.bmat -o ../all_plot/cutoff_3.ext50/TargetSeq-293T-HEK4-BE4-rep2_HK4-mcf-7_cutoff_3_indel.ext50.pdf --region_extend_length 50 --sgRNA GGCACTGCGGCTGGAGGTGGGGG

[Fri Jul 31 01:49:52 2020]
rule bmat_plot_ext_HEK4:
    input: ../TargetSeq-293T-HEK4-BE4-rep1/cutoff_3/mapping/HK4-mcf-1_bwa_sort.bmat
    output: ../all_plot/cutoff_3.ext50/TargetSeq-293T-HEK4-BE4-rep1_HK4-mcf-1_cutoff_3_indel.ext50.pdf
    jobid: 249
    wildcards: cutoff=3, lib=293T-HEK4-BE4-rep1, sample=HK4-mcf-1

/home/zhaohuanan/miniconda3/envs/py27/bin/python ./program/plot-targetseq-bmat-V02.py -i ../TargetSeq-293T-HEK4-BE4-rep1/cutoff_3/mapping/HK4-mcf-1_bwa_sort.bmat -o ../all_plot/cutoff_3.ext50/TargetSeq-293T-HEK4-BE4-rep1_HK4-mcf-1_cutoff_3_indel.ext50.pdf --region_extend_length 50 --sgRNA GGCACTGCGGCTGGAGGTGGGGG

[Fri Jul 31 01:49:52 2020]
rule bmat_plot_ext_HEK4:
    input: ../TargetSeq-293T-HEK4-BE4-rep2/cutoff_3/mapping/HK4-mcf-11_bwa_sort.bmat
    output: ../all_plot/cutoff_3.ext50/TargetSeq-293T-HEK4-BE4-rep2_HK4-mcf-11_cutoff_3_indel.ext50.pdf
    jobid: 161
    wildcards: cutoff=3, lib=293T-HEK4-BE4-rep2, sample=HK4-mcf-11

/home/zhaohuanan/miniconda3/envs/py27/bin/python ./program/plot-targetseq-bmat-V02.py -i ../TargetSeq-293T-HEK4-BE4-rep2/cutoff_3/mapping/HK4-mcf-11_bwa_sort.bmat -o ../all_plot/cutoff_3.ext50/TargetSeq-293T-HEK4-BE4-rep2_HK4-mcf-11_cutoff_3_indel.ext50.pdf --region_extend_length 50 --sgRNA GGCACTGCGGCTGGAGGTGGGGG

[Fri Jul 31 01:49:52 2020]
rule bmat_plot_ext_HEK4:
    input: ../TargetSeq-MCF7-HEK4-BE4-rep2/cutoff_3/mapping/HK4-mcf-1_bwa_sort.bmat
    output: ../all_plot/cutoff_3.ext50/TargetSeq-MCF7-HEK4-BE4-rep2_HK4-mcf-1_cutoff_3_indel.ext50.pdf
    jobid: 15
    wildcards: cutoff=3, lib=MCF7-HEK4-BE4-rep2, sample=HK4-mcf-1

/home/zhaohuanan/miniconda3/envs/py27/bin/python ./program/plot-targetseq-bmat-V02.py -i ../TargetSeq-MCF7-HEK4-BE4-rep2/cutoff_3/mapping/HK4-mcf-1_bwa_sort.bmat -o ../all_plot/cutoff_3.ext50/TargetSeq-MCF7-HEK4-BE4-rep2_HK4-mcf-1_cutoff_3_indel.ext50.pdf --region_extend_length 50 --sgRNA GGCACTGCGGCTGGAGGTGGGGG

[Fri Jul 31 01:49:52 2020]
rule bmat_plot_ext_HEK4:
    input: ../TargetSeq-MCF7-HEK4-BE4-rep2/cutoff_3/mapping/HK4-mcf-5_bwa_sort.bmat
    output: ../all_plot/cutoff_3.ext50/TargetSeq-MCF7-HEK4-BE4-rep2_HK4-mcf-5_cutoff_3_indel.ext50.pdf
    jobid: 139
    wildcards: cutoff=3, lib=MCF7-HEK4-BE4-rep2, sample=HK4-mcf-5

/home/zhaohuanan/miniconda3/envs/py27/bin/python ./program/plot-targetseq-bmat-V02.py -i ../TargetSeq-MCF7-HEK4-BE4-rep2/cutoff_3/mapping/HK4-mcf-5_bwa_sort.bmat -o ../all_plot/cutoff_3.ext50/TargetSeq-MCF7-HEK4-BE4-rep2_HK4-mcf-5_cutoff_3_indel.ext50.pdf --region_extend_length 50 --sgRNA GGCACTGCGGCTGGAGGTGGGGG

[Fri Jul 31 01:49:52 2020]
rule bmat_plot_ext_HEK4:
    input: ../TargetSeq-MCF7-HEK4-BE4-rep2/cutoff_3/mapping/HK4-mcf-11_bwa_sort.bmat
    output: ../all_plot/cutoff_3.ext50/TargetSeq-MCF7-HEK4-BE4-rep2_HK4-mcf-11_cutoff_3_indel.ext50.pdf
    jobid: 76
    wildcards: cutoff=3, lib=MCF7-HEK4-BE4-rep2, sample=HK4-mcf-11

/home/zhaohuanan/miniconda3/envs/py27/bin/python ./program/plot-targetseq-bmat-V02.py -i ../TargetSeq-MCF7-HEK4-BE4-rep2/cutoff_3/mapping/HK4-mcf-11_bwa_sort.bmat -o ../all_plot/cutoff_3.ext50/TargetSeq-MCF7-HEK4-BE4-rep2_HK4-mcf-11_cutoff_3_indel.ext50.pdf --region_extend_length 50 --sgRNA GGCACTGCGGCTGGAGGTGGGGG

[Fri Jul 31 01:49:52 2020]
rule bmat_plot_ext_HEK4:
    input: ../TargetSeq-293T-HEK4-BE4-rep1/cutoff_3/mapping/HK4-mcf-10_bwa_sort.bmat
    output: ../all_plot/cutoff_3.ext50/TargetSeq-293T-HEK4-BE4-rep1_HK4-mcf-10_cutoff_3_indel.ext50.pdf
    jobid: 332
    wildcards: cutoff=3, lib=293T-HEK4-BE4-rep1, sample=HK4-mcf-10

/home/zhaohuanan/miniconda3/envs/py27/bin/python ./program/plot-targetseq-bmat-V02.py -i ../TargetSeq-293T-HEK4-BE4-rep1/cutoff_3/mapping/HK4-mcf-10_bwa_sort.bmat -o ../all_plot/cutoff_3.ext50/TargetSeq-293T-HEK4-BE4-rep1_HK4-mcf-10_cutoff_3_indel.ext50.pdf --region_extend_length 50 --sgRNA GGCACTGCGGCTGGAGGTGGGGG

[Fri Jul 31 01:49:52 2020]
rule bmat_plot_ext_HEK4:
    input: ../TargetSeq-MCF7-HEK4-BE4-rep1/cutoff_3/mapping/HK4-mcf-11_bwa_sort.bmat
    output: ../all_plot/cutoff_3.ext50/TargetSeq-MCF7-HEK4-BE4-rep1_HK4-mcf-11_cutoff_3_indel.ext50.pdf
    jobid: 173
    wildcards: cutoff=3, lib=MCF7-HEK4-BE4-rep1, sample=HK4-mcf-11

/home/zhaohuanan/miniconda3/envs/py27/bin/python ./program/plot-targetseq-bmat-V02.py -i ../TargetSeq-MCF7-HEK4-BE4-rep1/cutoff_3/mapping/HK4-mcf-11_bwa_sort.bmat -o ../all_plot/cutoff_3.ext50/TargetSeq-MCF7-HEK4-BE4-rep1_HK4-mcf-11_cutoff_3_indel.ext50.pdf --region_extend_length 50 --sgRNA GGCACTGCGGCTGGAGGTGGGGG

[Fri Jul 31 01:49:52 2020]
rule bmat_plot_ext_HEK4:
    input: ../TargetSeq-293T-HEK4-BE4-rep2/cutoff_3/mapping/HK4-mcf-12_bwa_sort.bmat
    output: ../all_plot/cutoff_3.ext50/TargetSeq-293T-HEK4-BE4-rep2_HK4-mcf-12_cutoff_3_indel.ext50.pdf
    jobid: 260
    wildcards: cutoff=3, lib=293T-HEK4-BE4-rep2, sample=HK4-mcf-12

/home/zhaohuanan/miniconda3/envs/py27/bin/python ./program/plot-targetseq-bmat-V02.py -i ../TargetSeq-293T-HEK4-BE4-rep2/cutoff_3/mapping/HK4-mcf-12_bwa_sort.bmat -o ../all_plot/cutoff_3.ext50/TargetSeq-293T-HEK4-BE4-rep2_HK4-mcf-12_cutoff_3_indel.ext50.pdf --region_extend_length 50 --sgRNA GGCACTGCGGCTGGAGGTGGGGG

[Fri Jul 31 01:49:53 2020]
rule bmat_plot_ext_HEK4:
    input: ../TargetSeq-MCF7-HEK4-BE4-rep1/cutoff_3/mapping/HK4-mcf-5_bwa_sort.bmat
    output: ../all_plot/cutoff_3.ext50/TargetSeq-MCF7-HEK4-BE4-rep1_HK4-mcf-5_cutoff_3_indel.ext50.pdf
    jobid: 39
    wildcards: cutoff=3, lib=MCF7-HEK4-BE4-rep1, sample=HK4-mcf-5

/home/zhaohuanan/miniconda3/envs/py27/bin/python ./program/plot-targetseq-bmat-V02.py -i ../TargetSeq-MCF7-HEK4-BE4-rep1/cutoff_3/mapping/HK4-mcf-5_bwa_sort.bmat -o ../all_plot/cutoff_3.ext50/TargetSeq-MCF7-HEK4-BE4-rep1_HK4-mcf-5_cutoff_3_indel.ext50.pdf --region_extend_length 50 --sgRNA GGCACTGCGGCTGGAGGTGGGGG

[Fri Jul 31 01:49:53 2020]
rule bmat_plot_ext_HEK4:
    input: ../TargetSeq-293T-HEK4-BE4-rep2/cutoff_3/mapping/HK4-mcf-10_bwa_sort.bmat
    output: ../all_plot/cutoff_3.ext50/TargetSeq-293T-HEK4-BE4-rep2_HK4-mcf-10_cutoff_3_indel.ext50.pdf
    jobid: 341
    wildcards: cutoff=3, lib=293T-HEK4-BE4-rep2, sample=HK4-mcf-10

/home/zhaohuanan/miniconda3/envs/py27/bin/python ./program/plot-targetseq-bmat-V02.py -i ../TargetSeq-293T-HEK4-BE4-rep2/cutoff_3/mapping/HK4-mcf-10_bwa_sort.bmat -o ../all_plot/cutoff_3.ext50/TargetSeq-293T-HEK4-BE4-rep2_HK4-mcf-10_cutoff_3_indel.ext50.pdf --region_extend_length 50 --sgRNA GGCACTGCGGCTGGAGGTGGGGG

[Fri Jul 31 01:49:53 2020]
rule bmat_plot_ext_HEK4:
    input: ../TargetSeq-MCF7-HEK4-BE4-rep1/cutoff_3/mapping/HK4-mcf-1_bwa_sort.bmat
    output: ../all_plot/cutoff_3.ext50/TargetSeq-MCF7-HEK4-BE4-rep1_HK4-mcf-1_cutoff_3_indel.ext50.pdf
    jobid: 279
    wildcards: cutoff=3, lib=MCF7-HEK4-BE4-rep1, sample=HK4-mcf-1

/home/zhaohuanan/miniconda3/envs/py27/bin/python ./program/plot-targetseq-bmat-V02.py -i ../TargetSeq-MCF7-HEK4-BE4-rep1/cutoff_3/mapping/HK4-mcf-1_bwa_sort.bmat -o ../all_plot/cutoff_3.ext50/TargetSeq-MCF7-HEK4-BE4-rep1_HK4-mcf-1_cutoff_3_indel.ext50.pdf --region_extend_length 50 --sgRNA GGCACTGCGGCTGGAGGTGGGGG

[Fri Jul 31 01:49:53 2020]
rule bmat_plot_ext_HEK4:
    input: ../TargetSeq-293T-HEK4-BE4-rep1/cutoff_3/mapping/HK4-mcf-12_bwa_sort.bmat
    output: ../all_plot/cutoff_3.ext50/TargetSeq-293T-HEK4-BE4-rep1_HK4-mcf-12_cutoff_3_indel.ext50.pdf
    jobid: 148
    wildcards: cutoff=3, lib=293T-HEK4-BE4-rep1, sample=HK4-mcf-12

/home/zhaohuanan/miniconda3/envs/py27/bin/python ./program/plot-targetseq-bmat-V02.py -i ../TargetSeq-293T-HEK4-BE4-rep1/cutoff_3/mapping/HK4-mcf-12_bwa_sort.bmat -o ../all_plot/cutoff_3.ext50/TargetSeq-293T-HEK4-BE4-rep1_HK4-mcf-12_cutoff_3_indel.ext50.pdf --region_extend_length 50 --sgRNA GGCACTGCGGCTGGAGGTGGGGG
[Fri Jul 31 01:52:43 2020]
Finished job 39.
1 of 61 steps (2%) done

[Fri Jul 31 01:52:44 2020]
rule bmat_plot_ext_HEK4:
    input: ../TargetSeq-293T-HEK4-BE4-rep2/cutoff_3/mapping/HK4-mcf-8_bwa_sort.bmat
    output: ../all_plot/cutoff_3.ext50/TargetSeq-293T-HEK4-BE4-rep2_HK4-mcf-8_cutoff_3_indel.ext50.pdf
    jobid: 331
    wildcards: cutoff=3, lib=293T-HEK4-BE4-rep2, sample=HK4-mcf-8

/home/zhaohuanan/miniconda3/envs/py27/bin/python ./program/plot-targetseq-bmat-V02.py -i ../TargetSeq-293T-HEK4-BE4-rep2/cutoff_3/mapping/HK4-mcf-8_bwa_sort.bmat -o ../all_plot/cutoff_3.ext50/TargetSeq-293T-HEK4-BE4-rep2_HK4-mcf-8_cutoff_3_indel.ext50.pdf --region_extend_length 50 --sgRNA GGCACTGCGGCTGGAGGTGGGGG
[Fri Jul 31 01:52:44 2020]
Finished job 134.
2 of 61 steps (3%) done

[Fri Jul 31 01:52:44 2020]
rule bmat_plot_ext_HEK4:
    input: ../TargetSeq-293T-HEK4-BE4-rep2/cutoff_3/mapping/HK4-mcf-6_bwa_sort.bmat
    output: ../all_plot/cutoff_3.ext50/TargetSeq-293T-HEK4-BE4-rep2_HK4-mcf-6_cutoff_3_indel.ext50.pdf
    jobid: 171
    wildcards: cutoff=3, lib=293T-HEK4-BE4-rep2, sample=HK4-mcf-6

/home/zhaohuanan/miniconda3/envs/py27/bin/python ./program/plot-targetseq-bmat-V02.py -i ../TargetSeq-293T-HEK4-BE4-rep2/cutoff_3/mapping/HK4-mcf-6_bwa_sort.bmat -o ../all_plot/cutoff_3.ext50/TargetSeq-293T-HEK4-BE4-rep2_HK4-mcf-6_cutoff_3_indel.ext50.pdf --region_extend_length 50 --sgRNA GGCACTGCGGCTGGAGGTGGGGG
[Fri Jul 31 01:52:45 2020]
Finished job 360.
3 of 61 steps (5%) done

[Fri Jul 31 01:52:45 2020]
rule bmat_plot_ext_HEK4:
    input: ../TargetSeq-MCF7-HEK4-BE4-rep1/cutoff_3/mapping/HK4-mcf-8_bwa_sort.bmat
    output: ../all_plot/cutoff_3.ext50/TargetSeq-MCF7-HEK4-BE4-rep1_HK4-mcf-8_cutoff_3_indel.ext50.pdf
    jobid: 310
    wildcards: cutoff=3, lib=MCF7-HEK4-BE4-rep1, sample=HK4-mcf-8

/home/zhaohuanan/miniconda3/envs/py27/bin/python ./program/plot-targetseq-bmat-V02.py -i ../TargetSeq-MCF7-HEK4-BE4-rep1/cutoff_3/mapping/HK4-mcf-8_bwa_sort.bmat -o ../all_plot/cutoff_3.ext50/TargetSeq-MCF7-HEK4-BE4-rep1_HK4-mcf-8_cutoff_3_indel.ext50.pdf --region_extend_length 50 --sgRNA GGCACTGCGGCTGGAGGTGGGGG
[Fri Jul 31 01:52:45 2020]
Finished job 148.
4 of 61 steps (7%) done

[Fri Jul 31 01:52:45 2020]
rule bmat_plot_ext_HEK4:
    input: ../TargetSeq-293T-HEK4-BE4-rep1/cutoff_3/mapping/HK4-mcf-8_bwa_sort.bmat
    output: ../all_plot/cutoff_3.ext50/TargetSeq-293T-HEK4-BE4-rep1_HK4-mcf-8_cutoff_3_indel.ext50.pdf
    jobid: 137
    wildcards: cutoff=3, lib=293T-HEK4-BE4-rep1, sample=HK4-mcf-8

/home/zhaohuanan/miniconda3/envs/py27/bin/python ./program/plot-targetseq-bmat-V02.py -i ../TargetSeq-293T-HEK4-BE4-rep1/cutoff_3/mapping/HK4-mcf-8_bwa_sort.bmat -o ../all_plot/cutoff_3.ext50/TargetSeq-293T-HEK4-BE4-rep1_HK4-mcf-8_cutoff_3_indel.ext50.pdf --region_extend_length 50 --sgRNA GGCACTGCGGCTGGAGGTGGGGG
[Fri Jul 31 01:52:49 2020]
Finished job 173.
5 of 61 steps (8%) done

[Fri Jul 31 01:52:49 2020]
rule bmat_plot_ext_HEK4:
    input: ../TargetSeq-MCF7-HEK4-BE4-rep1/cutoff_3/mapping/HK4-mcf-15_bwa_sort.bmat
    output: ../all_plot/cutoff_3.ext50/TargetSeq-MCF7-HEK4-BE4-rep1_HK4-mcf-15_cutoff_3_indel.ext50.pdf
    jobid: 109
    wildcards: cutoff=3, lib=MCF7-HEK4-BE4-rep1, sample=HK4-mcf-15

/home/zhaohuanan/miniconda3/envs/py27/bin/python ./program/plot-targetseq-bmat-V02.py -i ../TargetSeq-MCF7-HEK4-BE4-rep1/cutoff_3/mapping/HK4-mcf-15_bwa_sort.bmat -o ../all_plot/cutoff_3.ext50/TargetSeq-MCF7-HEK4-BE4-rep1_HK4-mcf-15_cutoff_3_indel.ext50.pdf --region_extend_length 50 --sgRNA GGCACTGCGGCTGGAGGTGGGGG
[Fri Jul 31 01:52:50 2020]
Finished job 332.
6 of 61 steps (10%) done

[Fri Jul 31 01:52:50 2020]
rule bmat_plot_ext_HEK4:
    input: ../TargetSeq-MCF7-HEK4-BE4-rep2/cutoff_3/mapping/HK4-mcf-15_bwa_sort.bmat
    output: ../all_plot/cutoff_3.ext50/TargetSeq-MCF7-HEK4-BE4-rep2_HK4-mcf-15_cutoff_3_indel.ext50.pdf
    jobid: 140
    wildcards: cutoff=3, lib=MCF7-HEK4-BE4-rep2, sample=HK4-mcf-15

/home/zhaohuanan/miniconda3/envs/py27/bin/python ./program/plot-targetseq-bmat-V02.py -i ../TargetSeq-MCF7-HEK4-BE4-rep2/cutoff_3/mapping/HK4-mcf-15_bwa_sort.bmat -o ../all_plot/cutoff_3.ext50/TargetSeq-MCF7-HEK4-BE4-rep2_HK4-mcf-15_cutoff_3_indel.ext50.pdf --region_extend_length 50 --sgRNA GGCACTGCGGCTGGAGGTGGGGG
[Fri Jul 31 01:52:52 2020]
Finished job 341.
7 of 61 steps (11%) done

[Fri Jul 31 01:52:52 2020]
rule bmat_plot_ext_HEK4:
    input: ../TargetSeq-MCF7-HEK4-BE4-rep1/cutoff_3/mapping/HK4-mcf-7_bwa_sort.bmat
    output: ../all_plot/cutoff_3.ext50/TargetSeq-MCF7-HEK4-BE4-rep1_HK4-mcf-7_cutoff_3_indel.ext50.pdf
    jobid: 359
    wildcards: cutoff=3, lib=MCF7-HEK4-BE4-rep1, sample=HK4-mcf-7

/home/zhaohuanan/miniconda3/envs/py27/bin/python ./program/plot-targetseq-bmat-V02.py -i ../TargetSeq-MCF7-HEK4-BE4-rep1/cutoff_3/mapping/HK4-mcf-7_bwa_sort.bmat -o ../all_plot/cutoff_3.ext50/TargetSeq-MCF7-HEK4-BE4-rep1_HK4-mcf-7_cutoff_3_indel.ext50.pdf --region_extend_length 50 --sgRNA GGCACTGCGGCTGGAGGTGGGGG
[Fri Jul 31 01:52:54 2020]
Finished job 325.
8 of 61 steps (13%) done

[Fri Jul 31 01:52:54 2020]
rule bmat_plot_ext_HEK4:
    input: ../TargetSeq-MCF7-HEK4-BE4-rep2/cutoff_3/mapping/HK4-mcf-8_bwa_sort.bmat
    output: ../all_plot/cutoff_3.ext50/TargetSeq-MCF7-HEK4-BE4-rep2_HK4-mcf-8_cutoff_3_indel.ext50.pdf
    jobid: 273
    wildcards: cutoff=3, lib=MCF7-HEK4-BE4-rep2, sample=HK4-mcf-8

/home/zhaohuanan/miniconda3/envs/py27/bin/python ./program/plot-targetseq-bmat-V02.py -i ../TargetSeq-MCF7-HEK4-BE4-rep2/cutoff_3/mapping/HK4-mcf-8_bwa_sort.bmat -o ../all_plot/cutoff_3.ext50/TargetSeq-MCF7-HEK4-BE4-rep2_HK4-mcf-8_cutoff_3_indel.ext50.pdf --region_extend_length 50 --sgRNA GGCACTGCGGCTGGAGGTGGGGG
[Fri Jul 31 01:52:54 2020]
Finished job 311.
9 of 61 steps (15%) done

[Fri Jul 31 01:52:54 2020]
rule bmat_plot_ext_HEK4:
    input: ../TargetSeq-293T-HEK4-BE4-rep1/cutoff_3/mapping/HK4-mcf-6_bwa_sort.bmat
    output: ../all_plot/cutoff_3.ext50/TargetSeq-293T-HEK4-BE4-rep1_HK4-mcf-6_cutoff_3_indel.ext50.pdf
    jobid: 12
    wildcards: cutoff=3, lib=293T-HEK4-BE4-rep1, sample=HK4-mcf-6

/home/zhaohuanan/miniconda3/envs/py27/bin/python ./program/plot-targetseq-bmat-V02.py -i ../TargetSeq-293T-HEK4-BE4-rep1/cutoff_3/mapping/HK4-mcf-6_bwa_sort.bmat -o ../all_plot/cutoff_3.ext50/TargetSeq-293T-HEK4-BE4-rep1_HK4-mcf-6_cutoff_3_indel.ext50.pdf --region_extend_length 50 --sgRNA GGCACTGCGGCTGGAGGTGGGGG
[Fri Jul 31 01:52:54 2020]
Finished job 243.
10 of 61 steps (16%) done

[Fri Jul 31 01:52:54 2020]
rule bmat_plot_ext_HEK4:
    input: ../TargetSeq-MCF7-HEK4-BE4-rep2/cutoff_3/mapping/HK4-mcf-7_bwa_sort.bmat
    output: ../all_plot/cutoff_3.ext50/TargetSeq-MCF7-HEK4-BE4-rep2_HK4-mcf-7_cutoff_3_indel.ext50.pdf
    jobid: 283
    wildcards: cutoff=3, lib=MCF7-HEK4-BE4-rep2, sample=HK4-mcf-7

/home/zhaohuanan/miniconda3/envs/py27/bin/python ./program/plot-targetseq-bmat-V02.py -i ../TargetSeq-MCF7-HEK4-BE4-rep2/cutoff_3/mapping/HK4-mcf-7_bwa_sort.bmat -o ../all_plot/cutoff_3.ext50/TargetSeq-MCF7-HEK4-BE4-rep2_HK4-mcf-7_cutoff_3_indel.ext50.pdf --region_extend_length 50 --sgRNA GGCACTGCGGCTGGAGGTGGGGG
[Fri Jul 31 01:52:55 2020]
Finished job 76.
11 of 61 steps (18%) done

[Fri Jul 31 01:52:55 2020]
rule bmat_plot_ext_HEK4:
    input: ../TargetSeq-293T-HEK4-BE4-rep2/cutoff_3/mapping/HK4-mcf-3_bwa_sort.bmat
    output: ../all_plot/cutoff_3.ext50/TargetSeq-293T-HEK4-BE4-rep2_HK4-mcf-3_cutoff_3_indel.ext50.pdf
    jobid: 188
    wildcards: cutoff=3, lib=293T-HEK4-BE4-rep2, sample=HK4-mcf-3

/home/zhaohuanan/miniconda3/envs/py27/bin/python ./program/plot-targetseq-bmat-V02.py -i ../TargetSeq-293T-HEK4-BE4-rep2/cutoff_3/mapping/HK4-mcf-3_bwa_sort.bmat -o ../all_plot/cutoff_3.ext50/TargetSeq-293T-HEK4-BE4-rep2_HK4-mcf-3_cutoff_3_indel.ext50.pdf --region_extend_length 50 --sgRNA GGCACTGCGGCTGGAGGTGGGGG
[Fri Jul 31 01:52:55 2020]
Finished job 254.
12 of 61 steps (20%) done

[Fri Jul 31 01:52:55 2020]
rule bmat_plot_ext_HEK4:
    input: ../TargetSeq-MCF7-HEK4-BE4-rep1/cutoff_3/mapping/HK4-mcf-2_bwa_sort.bmat
    output: ../all_plot/cutoff_3.ext50/TargetSeq-MCF7-HEK4-BE4-rep1_HK4-mcf-2_cutoff_3_indel.ext50.pdf
    jobid: 73
    wildcards: cutoff=3, lib=MCF7-HEK4-BE4-rep1, sample=HK4-mcf-2

/home/zhaohuanan/miniconda3/envs/py27/bin/python ./program/plot-targetseq-bmat-V02.py -i ../TargetSeq-MCF7-HEK4-BE4-rep1/cutoff_3/mapping/HK4-mcf-2_bwa_sort.bmat -o ../all_plot/cutoff_3.ext50/TargetSeq-MCF7-HEK4-BE4-rep1_HK4-mcf-2_cutoff_3_indel.ext50.pdf --region_extend_length 50 --sgRNA GGCACTGCGGCTGGAGGTGGGGG
[Fri Jul 31 01:52:56 2020]
Finished job 139.
13 of 61 steps (21%) done

[Fri Jul 31 01:52:56 2020]
rule bmat_plot_ext_HEK4:
    input: ../TargetSeq-MCF7-HEK4-BE4-rep2/cutoff_3/mapping/HK4-mcf-2_bwa_sort.bmat
    output: ../all_plot/cutoff_3.ext50/TargetSeq-MCF7-HEK4-BE4-rep2_HK4-mcf-2_cutoff_3_indel.ext50.pdf
    jobid: 165
    wildcards: cutoff=3, lib=MCF7-HEK4-BE4-rep2, sample=HK4-mcf-2

/home/zhaohuanan/miniconda3/envs/py27/bin/python ./program/plot-targetseq-bmat-V02.py -i ../TargetSeq-MCF7-HEK4-BE4-rep2/cutoff_3/mapping/HK4-mcf-2_bwa_sort.bmat -o ../all_plot/cutoff_3.ext50/TargetSeq-MCF7-HEK4-BE4-rep2_HK4-mcf-2_cutoff_3_indel.ext50.pdf --region_extend_length 50 --sgRNA GGCACTGCGGCTGGAGGTGGGGG
[Fri Jul 31 01:52:57 2020]
Finished job 279.
14 of 61 steps (23%) done

[Fri Jul 31 01:52:57 2020]
rule bmat_plot_ext_HEK4:
    input: ../TargetSeq-293T-HEK4-BE4-rep1/cutoff_3/mapping/HK4-mcf-3_bwa_sort.bmat
    output: ../all_plot/cutoff_3.ext50/TargetSeq-293T-HEK4-BE4-rep1_HK4-mcf-3_cutoff_3_indel.ext50.pdf
    jobid: 37
    wildcards: cutoff=3, lib=293T-HEK4-BE4-rep1, sample=HK4-mcf-3

/home/zhaohuanan/miniconda3/envs/py27/bin/python ./program/plot-targetseq-bmat-V02.py -i ../TargetSeq-293T-HEK4-BE4-rep1/cutoff_3/mapping/HK4-mcf-3_bwa_sort.bmat -o ../all_plot/cutoff_3.ext50/TargetSeq-293T-HEK4-BE4-rep1_HK4-mcf-3_cutoff_3_indel.ext50.pdf --region_extend_length 50 --sgRNA GGCACTGCGGCTGGAGGTGGGGG
[Fri Jul 31 01:52:57 2020]
Finished job 161.
15 of 61 steps (25%) done

[Fri Jul 31 01:52:57 2020]
rule bmat_plot_ext_HEK4:
    input: ../TargetSeq-MCF7-HEK4-BE4-rep1/cutoff_3/mapping/HK4-mcf-6_bwa_sort.bmat
    output: ../all_plot/cutoff_3.ext50/TargetSeq-MCF7-HEK4-BE4-rep1_HK4-mcf-6_cutoff_3_indel.ext50.pdf
    jobid: 117
    wildcards: cutoff=3, lib=MCF7-HEK4-BE4-rep1, sample=HK4-mcf-6

/home/zhaohuanan/miniconda3/envs/py27/bin/python ./program/plot-targetseq-bmat-V02.py -i ../TargetSeq-MCF7-HEK4-BE4-rep1/cutoff_3/mapping/HK4-mcf-6_bwa_sort.bmat -o ../all_plot/cutoff_3.ext50/TargetSeq-MCF7-HEK4-BE4-rep1_HK4-mcf-6_cutoff_3_indel.ext50.pdf --region_extend_length 50 --sgRNA GGCACTGCGGCTGGAGGTGGGGG
[Fri Jul 31 01:52:58 2020]
Finished job 15.
16 of 61 steps (26%) done

[Fri Jul 31 01:52:58 2020]
rule bmat_plot_ext_HEK4:
    input: ../TargetSeq-MCF7-HEK4-BE4-rep1/cutoff_3/mapping/HK4-mcf-3_bwa_sort.bmat
    output: ../all_plot/cutoff_3.ext50/TargetSeq-MCF7-HEK4-BE4-rep1_HK4-mcf-3_cutoff_3_indel.ext50.pdf
    jobid: 270
    wildcards: cutoff=3, lib=MCF7-HEK4-BE4-rep1, sample=HK4-mcf-3

/home/zhaohuanan/miniconda3/envs/py27/bin/python ./program/plot-targetseq-bmat-V02.py -i ../TargetSeq-MCF7-HEK4-BE4-rep1/cutoff_3/mapping/HK4-mcf-3_bwa_sort.bmat -o ../all_plot/cutoff_3.ext50/TargetSeq-MCF7-HEK4-BE4-rep1_HK4-mcf-3_cutoff_3_indel.ext50.pdf --region_extend_length 50 --sgRNA GGCACTGCGGCTGGAGGTGGGGG
[Fri Jul 31 01:53:01 2020]
Finished job 229.
17 of 61 steps (28%) done

[Fri Jul 31 01:53:01 2020]
rule bmat_plot_ext_HEK4:
    input: ../TargetSeq-MCF7-HEK4-BE4-rep2/cutoff_3/mapping/HK4-mcf-6_bwa_sort.bmat
    output: ../all_plot/cutoff_3.ext50/TargetSeq-MCF7-HEK4-BE4-rep2_HK4-mcf-6_cutoff_3_indel.ext50.pdf
    jobid: 240
    wildcards: cutoff=3, lib=MCF7-HEK4-BE4-rep2, sample=HK4-mcf-6

/home/zhaohuanan/miniconda3/envs/py27/bin/python ./program/plot-targetseq-bmat-V02.py -i ../TargetSeq-MCF7-HEK4-BE4-rep2/cutoff_3/mapping/HK4-mcf-6_bwa_sort.bmat -o ../all_plot/cutoff_3.ext50/TargetSeq-MCF7-HEK4-BE4-rep2_HK4-mcf-6_cutoff_3_indel.ext50.pdf --region_extend_length 50 --sgRNA GGCACTGCGGCTGGAGGTGGGGG
[Fri Jul 31 01:53:04 2020]
Finished job 95.
18 of 61 steps (30%) done

[Fri Jul 31 01:53:04 2020]
rule bmat_plot_ext_HEK4:
    input: ../TargetSeq-293T-HEK4-BE4-rep2/cutoff_3/mapping/HK4-mcf-14_bwa_sort.bmat
    output: ../all_plot/cutoff_3.ext50/TargetSeq-293T-HEK4-BE4-rep2_HK4-mcf-14_cutoff_3_indel.ext50.pdf
    jobid: 6
    wildcards: cutoff=3, lib=293T-HEK4-BE4-rep2, sample=HK4-mcf-14

/home/zhaohuanan/miniconda3/envs/py27/bin/python ./program/plot-targetseq-bmat-V02.py -i ../TargetSeq-293T-HEK4-BE4-rep2/cutoff_3/mapping/HK4-mcf-14_bwa_sort.bmat -o ../all_plot/cutoff_3.ext50/TargetSeq-293T-HEK4-BE4-rep2_HK4-mcf-14_cutoff_3_indel.ext50.pdf --region_extend_length 50 --sgRNA GGCACTGCGGCTGGAGGTGGGGG
[Fri Jul 31 01:53:05 2020]
Finished job 260.
19 of 61 steps (31%) done

[Fri Jul 31 01:53:05 2020]
rule bmat_plot_ext_HEK4:
    input: ../TargetSeq-MCF7-HEK4-BE4-rep2/cutoff_3/mapping/HK4-mcf-14_bwa_sort.bmat
    output: ../all_plot/cutoff_3.ext50/TargetSeq-MCF7-HEK4-BE4-rep2_HK4-mcf-14_cutoff_3_indel.ext50.pdf
    jobid: 246
    wildcards: cutoff=3, lib=MCF7-HEK4-BE4-rep2, sample=HK4-mcf-14

/home/zhaohuanan/miniconda3/envs/py27/bin/python ./program/plot-targetseq-bmat-V02.py -i ../TargetSeq-MCF7-HEK4-BE4-rep2/cutoff_3/mapping/HK4-mcf-14_bwa_sort.bmat -o ../all_plot/cutoff_3.ext50/TargetSeq-MCF7-HEK4-BE4-rep2_HK4-mcf-14_cutoff_3_indel.ext50.pdf --region_extend_length 50 --sgRNA GGCACTGCGGCTGGAGGTGGGGG
[Fri Jul 31 01:53:07 2020]
Finished job 162.
20 of 61 steps (33%) done

[Fri Jul 31 01:53:07 2020]
rule bmat_plot_ext_HEK4:
    input: ../TargetSeq-293T-HEK4-BE4-rep1/cutoff_3/mapping/HK4-mcf-14_bwa_sort.bmat
    output: ../all_plot/cutoff_3.ext50/TargetSeq-293T-HEK4-BE4-rep1_HK4-mcf-14_cutoff_3_indel.ext50.pdf
    jobid: 353
    wildcards: cutoff=3, lib=293T-HEK4-BE4-rep1, sample=HK4-mcf-14

/home/zhaohuanan/miniconda3/envs/py27/bin/python ./program/plot-targetseq-bmat-V02.py -i ../TargetSeq-293T-HEK4-BE4-rep1/cutoff_3/mapping/HK4-mcf-14_bwa_sort.bmat -o ../all_plot/cutoff_3.ext50/TargetSeq-293T-HEK4-BE4-rep1_HK4-mcf-14_cutoff_3_indel.ext50.pdf --region_extend_length 50 --sgRNA GGCACTGCGGCTGGAGGTGGGGG
[Fri Jul 31 01:53:10 2020]
Finished job 147.
21 of 61 steps (34%) done

[Fri Jul 31 01:53:10 2020]
rule bmat_plot_ext_HEK4:
    input: ../TargetSeq-MCF7-HEK4-BE4-rep1/cutoff_3/mapping/HK4-mcf-14_bwa_sort.bmat
    output: ../all_plot/cutoff_3.ext50/TargetSeq-MCF7-HEK4-BE4-rep1_HK4-mcf-14_cutoff_3_indel.ext50.pdf
    jobid: 236
    wildcards: cutoff=3, lib=MCF7-HEK4-BE4-rep1, sample=HK4-mcf-14

/home/zhaohuanan/miniconda3/envs/py27/bin/python ./program/plot-targetseq-bmat-V02.py -i ../TargetSeq-MCF7-HEK4-BE4-rep1/cutoff_3/mapping/HK4-mcf-14_bwa_sort.bmat -o ../all_plot/cutoff_3.ext50/TargetSeq-MCF7-HEK4-BE4-rep1_HK4-mcf-14_cutoff_3_indel.ext50.pdf --region_extend_length 50 --sgRNA GGCACTGCGGCTGGAGGTGGGGG
[Fri Jul 31 01:53:10 2020]
Finished job 222.
22 of 61 steps (36%) done

[Fri Jul 31 01:53:10 2020]
rule bmat_plot_ext_HEK4:
    input: ../TargetSeq-MCF7-HEK4-BE4-rep2/cutoff_3/mapping/HK4-mcf-3_bwa_sort.bmat
    output: ../all_plot/cutoff_3.ext50/TargetSeq-MCF7-HEK4-BE4-rep2_HK4-mcf-3_cutoff_3_indel.ext50.pdf
    jobid: 216
    wildcards: cutoff=3, lib=MCF7-HEK4-BE4-rep2, sample=HK4-mcf-3

/home/zhaohuanan/miniconda3/envs/py27/bin/python ./program/plot-targetseq-bmat-V02.py -i ../TargetSeq-MCF7-HEK4-BE4-rep2/cutoff_3/mapping/HK4-mcf-3_bwa_sort.bmat -o ../all_plot/cutoff_3.ext50/TargetSeq-MCF7-HEK4-BE4-rep2_HK4-mcf-3_cutoff_3_indel.ext50.pdf --region_extend_length 50 --sgRNA GGCACTGCGGCTGGAGGTGGGGG
[Fri Jul 31 01:53:12 2020]
Finished job 249.
23 of 61 steps (38%) done

[Fri Jul 31 01:53:12 2020]
rule bmat_plot_ext_HEK4:
    input: ../TargetSeq-MCF7-HEK4-BE4-rep1/cutoff_3/mapping/HK4-mcf-13_bwa_sort.bmat
    output: ../all_plot/cutoff_3.ext50/TargetSeq-MCF7-HEK4-BE4-rep1_HK4-mcf-13_cutoff_3_indel.ext50.pdf
    jobid: 71
    wildcards: cutoff=3, lib=MCF7-HEK4-BE4-rep1, sample=HK4-mcf-13

/home/zhaohuanan/miniconda3/envs/py27/bin/python ./program/plot-targetseq-bmat-V02.py -i ../TargetSeq-MCF7-HEK4-BE4-rep1/cutoff_3/mapping/HK4-mcf-13_bwa_sort.bmat -o ../all_plot/cutoff_3.ext50/TargetSeq-MCF7-HEK4-BE4-rep1_HK4-mcf-13_cutoff_3_indel.ext50.pdf --region_extend_length 50 --sgRNA GGCACTGCGGCTGGAGGTGGGGG
[Fri Jul 31 01:53:17 2020]
Finished job 93.
24 of 61 steps (39%) done

[Fri Jul 31 01:53:17 2020]
rule bmat_plot_ext_HEK4:
    input: ../TargetSeq-MCF7-HEK4-BE4-rep1/cutoff_3/mapping/HK4-mcf-4_bwa_sort.bmat
    output: ../all_plot/cutoff_3.ext50/TargetSeq-MCF7-HEK4-BE4-rep1_HK4-mcf-4_cutoff_3_indel.ext50.pdf
    jobid: 207
    wildcards: cutoff=3, lib=MCF7-HEK4-BE4-rep1, sample=HK4-mcf-4

/home/zhaohuanan/miniconda3/envs/py27/bin/python ./program/plot-targetseq-bmat-V02.py -i ../TargetSeq-MCF7-HEK4-BE4-rep1/cutoff_3/mapping/HK4-mcf-4_bwa_sort.bmat -o ../all_plot/cutoff_3.ext50/TargetSeq-MCF7-HEK4-BE4-rep1_HK4-mcf-4_cutoff_3_indel.ext50.pdf --region_extend_length 50 --sgRNA GGCACTGCGGCTGGAGGTGGGGG
[Fri Jul 31 01:55:37 2020]
Finished job 171.
25 of 61 steps (41%) done

[Fri Jul 31 01:55:37 2020]
rule bmat_plot_ext_HEK4:
    input: ../TargetSeq-293T-HEK4-BE4-rep2/cutoff_3/mapping/HK4-mcf-15_bwa_sort.bmat
    output: ../all_plot/cutoff_3.ext50/TargetSeq-293T-HEK4-BE4-rep2_HK4-mcf-15_cutoff_3_indel.ext50.pdf
    jobid: 320
    wildcards: cutoff=3, lib=293T-HEK4-BE4-rep2, sample=HK4-mcf-15

/home/zhaohuanan/miniconda3/envs/py27/bin/python ./program/plot-targetseq-bmat-V02.py -i ../TargetSeq-293T-HEK4-BE4-rep2/cutoff_3/mapping/HK4-mcf-15_bwa_sort.bmat -o ../all_plot/cutoff_3.ext50/TargetSeq-293T-HEK4-BE4-rep2_HK4-mcf-15_cutoff_3_indel.ext50.pdf --region_extend_length 50 --sgRNA GGCACTGCGGCTGGAGGTGGGGG
[Fri Jul 31 01:55:43 2020]
Finished job 109.
26 of 61 steps (43%) done

[Fri Jul 31 01:55:43 2020]
rule bmat_plot_ext_HEK4:
    input: ../TargetSeq-MCF7-HEK4-BE4-rep2/cutoff_3/mapping/HK4-mcf-4_bwa_sort.bmat
    output: ../all_plot/cutoff_3.ext50/TargetSeq-MCF7-HEK4-BE4-rep2_HK4-mcf-4_cutoff_3_indel.ext50.pdf
    jobid: 262
    wildcards: cutoff=3, lib=MCF7-HEK4-BE4-rep2, sample=HK4-mcf-4

/home/zhaohuanan/miniconda3/envs/py27/bin/python ./program/plot-targetseq-bmat-V02.py -i ../TargetSeq-MCF7-HEK4-BE4-rep2/cutoff_3/mapping/HK4-mcf-4_bwa_sort.bmat -o ../all_plot/cutoff_3.ext50/TargetSeq-MCF7-HEK4-BE4-rep2_HK4-mcf-4_cutoff_3_indel.ext50.pdf --region_extend_length 50 --sgRNA GGCACTGCGGCTGGAGGTGGGGG
[Fri Jul 31 01:55:43 2020]
Finished job 273.
27 of 61 steps (44%) done

[Fri Jul 31 01:55:43 2020]
rule bmat_plot_ext_HEK4:
    input: ../TargetSeq-MCF7-HEK4-BE4-rep2/cutoff_3/mapping/HK4-mcf-13_bwa_sort.bmat
    output: ../all_plot/cutoff_3.ext50/TargetSeq-MCF7-HEK4-BE4-rep2_HK4-mcf-13_cutoff_3_indel.ext50.pdf
    jobid: 210
    wildcards: cutoff=3, lib=MCF7-HEK4-BE4-rep2, sample=HK4-mcf-13

/home/zhaohuanan/miniconda3/envs/py27/bin/python ./program/plot-targetseq-bmat-V02.py -i ../TargetSeq-MCF7-HEK4-BE4-rep2/cutoff_3/mapping/HK4-mcf-13_bwa_sort.bmat -o ../all_plot/cutoff_3.ext50/TargetSeq-MCF7-HEK4-BE4-rep2_HK4-mcf-13_cutoff_3_indel.ext50.pdf --region_extend_length 50 --sgRNA GGCACTGCGGCTGGAGGTGGGGG
[Fri Jul 31 01:55:45 2020]
Finished job 137.
28 of 61 steps (46%) done

[Fri Jul 31 01:55:45 2020]
rule bmat_plot_ext_HEK4:
    input: ../TargetSeq-293T-HEK4-BE4-rep1/cutoff_3/mapping/HK4-mcf-4_bwa_sort.bmat
    output: ../all_plot/cutoff_3.ext50/TargetSeq-293T-HEK4-BE4-rep1_HK4-mcf-4_cutoff_3_indel.ext50.pdf
    jobid: 319
    wildcards: cutoff=3, lib=293T-HEK4-BE4-rep1, sample=HK4-mcf-4

/home/zhaohuanan/miniconda3/envs/py27/bin/python ./program/plot-targetseq-bmat-V02.py -i ../TargetSeq-293T-HEK4-BE4-rep1/cutoff_3/mapping/HK4-mcf-4_bwa_sort.bmat -o ../all_plot/cutoff_3.ext50/TargetSeq-293T-HEK4-BE4-rep1_HK4-mcf-4_cutoff_3_indel.ext50.pdf --region_extend_length 50 --sgRNA GGCACTGCGGCTGGAGGTGGGGG
[Fri Jul 31 01:55:45 2020]
Finished job 73.
29 of 61 steps (48%) done

[Fri Jul 31 01:55:45 2020]
rule bmat_plot_ext_HEK4:
    input: ../TargetSeq-293T-HEK4-BE4-rep2/cutoff_3/mapping/HK4-mcf-4_bwa_sort.bmat
    output: ../all_plot/cutoff_3.ext50/TargetSeq-293T-HEK4-BE4-rep2_HK4-mcf-4_cutoff_3_indel.ext50.pdf
    jobid: 145
    wildcards: cutoff=3, lib=293T-HEK4-BE4-rep2, sample=HK4-mcf-4

/home/zhaohuanan/miniconda3/envs/py27/bin/python ./program/plot-targetseq-bmat-V02.py -i ../TargetSeq-293T-HEK4-BE4-rep2/cutoff_3/mapping/HK4-mcf-4_bwa_sort.bmat -o ../all_plot/cutoff_3.ext50/TargetSeq-293T-HEK4-BE4-rep2_HK4-mcf-4_cutoff_3_indel.ext50.pdf --region_extend_length 50 --sgRNA GGCACTGCGGCTGGAGGTGGGGG
[Fri Jul 31 01:55:46 2020]
Finished job 310.
30 of 61 steps (49%) done

[Fri Jul 31 01:55:46 2020]
rule bmat_plot_ext_HEK4:
    input: ../TargetSeq-293T-HEK4-BE4-rep1/cutoff_3/mapping/HK4-mcf-15_bwa_sort.bmat
    output: ../all_plot/cutoff_3.ext50/TargetSeq-293T-HEK4-BE4-rep1_HK4-mcf-15_cutoff_3_indel.ext50.pdf
    jobid: 182
    wildcards: cutoff=3, lib=293T-HEK4-BE4-rep1, sample=HK4-mcf-15

/home/zhaohuanan/miniconda3/envs/py27/bin/python ./program/plot-targetseq-bmat-V02.py -i ../TargetSeq-293T-HEK4-BE4-rep1/cutoff_3/mapping/HK4-mcf-15_bwa_sort.bmat -o ../all_plot/cutoff_3.ext50/TargetSeq-293T-HEK4-BE4-rep1_HK4-mcf-15_cutoff_3_indel.ext50.pdf --region_extend_length 50 --sgRNA GGCACTGCGGCTGGAGGTGGGGG
[Fri Jul 31 01:55:46 2020]
Finished job 283.
31 of 61 steps (51%) done

[Fri Jul 31 01:55:46 2020]
rule bmat_plot_ext_HEK4:
    input: ../TargetSeq-293T-HEK4-BE4-rep1/cutoff_3/mapping/HK4-mcf-13_bwa_sort.bmat
    output: ../all_plot/cutoff_3.ext50/TargetSeq-293T-HEK4-BE4-rep1_HK4-mcf-13_cutoff_3_indel.ext50.pdf
    jobid: 337
    wildcards: cutoff=3, lib=293T-HEK4-BE4-rep1, sample=HK4-mcf-13

/home/zhaohuanan/miniconda3/envs/py27/bin/python ./program/plot-targetseq-bmat-V02.py -i ../TargetSeq-293T-HEK4-BE4-rep1/cutoff_3/mapping/HK4-mcf-13_bwa_sort.bmat -o ../all_plot/cutoff_3.ext50/TargetSeq-293T-HEK4-BE4-rep1_HK4-mcf-13_cutoff_3_indel.ext50.pdf --region_extend_length 50 --sgRNA GGCACTGCGGCTGGAGGTGGGGG
[Fri Jul 31 01:55:48 2020]
Finished job 37.
32 of 61 steps (52%) done

[Fri Jul 31 01:55:48 2020]
rule bmat_plot_ext_HEK4:
    input: ../TargetSeq-293T-HEK4-BE4-rep2/cutoff_3/mapping/HK4-mcf-13_bwa_sort.bmat
    output: ../all_plot/cutoff_3.ext50/TargetSeq-293T-HEK4-BE4-rep2_HK4-mcf-13_cutoff_3_indel.ext50.pdf
    jobid: 91
    wildcards: cutoff=3, lib=293T-HEK4-BE4-rep2, sample=HK4-mcf-13

/home/zhaohuanan/miniconda3/envs/py27/bin/python ./program/plot-targetseq-bmat-V02.py -i ../TargetSeq-293T-HEK4-BE4-rep2/cutoff_3/mapping/HK4-mcf-13_bwa_sort.bmat -o ../all_plot/cutoff_3.ext50/TargetSeq-293T-HEK4-BE4-rep2_HK4-mcf-13_cutoff_3_indel.ext50.pdf --region_extend_length 50 --sgRNA GGCACTGCGGCTGGAGGTGGGGG
[Fri Jul 31 01:55:48 2020]
Finished job 12.
33 of 61 steps (54%) done

[Fri Jul 31 01:55:48 2020]
rule bmat_plot_ext_HEK4:
    input: ../TargetSeq-MCF7-HEK4-BE4-rep1/cutoff_3/mapping/HK4-mcf-9_bwa_sort.bmat
    output: ../all_plot/cutoff_3.ext50/TargetSeq-MCF7-HEK4-BE4-rep1_HK4-mcf-9_cutoff_3_indel.ext50.pdf
    jobid: 209
    wildcards: cutoff=3, lib=MCF7-HEK4-BE4-rep1, sample=HK4-mcf-9

/home/zhaohuanan/miniconda3/envs/py27/bin/python ./program/plot-targetseq-bmat-V02.py -i ../TargetSeq-MCF7-HEK4-BE4-rep1/cutoff_3/mapping/HK4-mcf-9_bwa_sort.bmat -o ../all_plot/cutoff_3.ext50/TargetSeq-MCF7-HEK4-BE4-rep1_HK4-mcf-9_cutoff_3_indel.ext50.pdf --region_extend_length 50 --sgRNA GGCACTGCGGCTGGAGGTGGGGG
[Fri Jul 31 01:55:55 2020]
Finished job 270.
34 of 61 steps (56%) done

[Fri Jul 31 01:55:55 2020]
rule bmat_plot_ext_HEK4:
    input: ../TargetSeq-MCF7-HEK4-BE4-rep2/cutoff_3/mapping/HK4-mcf-9_bwa_sort.bmat
    output: ../all_plot/cutoff_3.ext50/TargetSeq-MCF7-HEK4-BE4-rep2_HK4-mcf-9_cutoff_3_indel.ext50.pdf
    jobid: 120
    wildcards: cutoff=3, lib=MCF7-HEK4-BE4-rep2, sample=HK4-mcf-9

/home/zhaohuanan/miniconda3/envs/py27/bin/python ./program/plot-targetseq-bmat-V02.py -i ../TargetSeq-MCF7-HEK4-BE4-rep2/cutoff_3/mapping/HK4-mcf-9_bwa_sort.bmat -o ../all_plot/cutoff_3.ext50/TargetSeq-MCF7-HEK4-BE4-rep2_HK4-mcf-9_cutoff_3_indel.ext50.pdf --region_extend_length 50 --sgRNA GGCACTGCGGCTGGAGGTGGGGG
[Fri Jul 31 01:55:58 2020]
Finished job 165.
35 of 61 steps (57%) done

[Fri Jul 31 01:55:58 2020]
rule bmat_plot_ext_HEK4:
    input: ../TargetSeq-293T-HEK4-BE4-rep2/cutoff_3/mapping/HK4-mcf-9_bwa_sort.bmat
    output: ../all_plot/cutoff_3.ext50/TargetSeq-293T-HEK4-BE4-rep2_HK4-mcf-9_cutoff_3_indel.ext50.pdf
    jobid: 63
    wildcards: cutoff=3, lib=293T-HEK4-BE4-rep2, sample=HK4-mcf-9

/home/zhaohuanan/miniconda3/envs/py27/bin/python ./program/plot-targetseq-bmat-V02.py -i ../TargetSeq-293T-HEK4-BE4-rep2/cutoff_3/mapping/HK4-mcf-9_bwa_sort.bmat -o ../all_plot/cutoff_3.ext50/TargetSeq-293T-HEK4-BE4-rep2_HK4-mcf-9_cutoff_3_indel.ext50.pdf --region_extend_length 50 --sgRNA GGCACTGCGGCTGGAGGTGGGGG
[Fri Jul 31 01:55:59 2020]
Finished job 246.
36 of 61 steps (59%) done

[Fri Jul 31 01:55:59 2020]
rule bmat_plot_ext_HEK4:
    input: ../TargetSeq-293T-HEK4-BE4-rep1/cutoff_3/mapping/HK4-mcf-9_bwa_sort.bmat
    output: ../all_plot/cutoff_3.ext50/TargetSeq-293T-HEK4-BE4-rep1_HK4-mcf-9_cutoff_3_indel.ext50.pdf
    jobid: 223
    wildcards: cutoff=3, lib=293T-HEK4-BE4-rep1, sample=HK4-mcf-9

/home/zhaohuanan/miniconda3/envs/py27/bin/python ./program/plot-targetseq-bmat-V02.py -i ../TargetSeq-293T-HEK4-BE4-rep1/cutoff_3/mapping/HK4-mcf-9_bwa_sort.bmat -o ../all_plot/cutoff_3.ext50/TargetSeq-293T-HEK4-BE4-rep1_HK4-mcf-9_cutoff_3_indel.ext50.pdf --region_extend_length 50 --sgRNA GGCACTGCGGCTGGAGGTGGGGG
[Fri Jul 31 01:56:00 2020]
Finished job 216.
37 of 61 steps (61%) done
[Fri Jul 31 01:56:00 2020]
Finished job 331.
38 of 61 steps (62%) done
[Fri Jul 31 01:56:04 2020]
Finished job 353.
39 of 61 steps (64%) done
[Fri Jul 31 01:56:05 2020]
Finished job 140.
40 of 61 steps (66%) done
[Fri Jul 31 01:56:06 2020]
Finished job 188.
41 of 61 steps (67%) done
[Fri Jul 31 01:56:09 2020]
Finished job 117.
42 of 61 steps (69%) done
[Fri Jul 31 01:56:10 2020]
Finished job 236.
43 of 61 steps (70%) done
[Fri Jul 31 01:56:12 2020]
Finished job 359.
44 of 61 steps (72%) done
[Fri Jul 31 01:56:13 2020]
Finished job 6.
45 of 61 steps (74%) done
[Fri Jul 31 01:56:15 2020]
Finished job 240.
46 of 61 steps (75%) done
[Fri Jul 31 01:56:24 2020]
Finished job 207.
47 of 61 steps (77%) done
[Fri Jul 31 01:56:29 2020]
Finished job 71.
48 of 61 steps (79%) done
[Fri Jul 31 01:58:29 2020]
Finished job 320.
49 of 61 steps (80%) done
[Fri Jul 31 01:58:33 2020]
Finished job 145.
50 of 61 steps (82%) done
[Fri Jul 31 01:58:36 2020]
Finished job 210.
51 of 61 steps (84%) done
[Fri Jul 31 01:58:37 2020]
Finished job 209.
52 of 61 steps (85%) done
[Fri Jul 31 01:58:37 2020]
Finished job 91.
53 of 61 steps (87%) done
[Fri Jul 31 01:58:38 2020]
Finished job 262.
54 of 61 steps (89%) done
[Fri Jul 31 01:58:39 2020]
Finished job 182.
55 of 61 steps (90%) done
[Fri Jul 31 01:58:43 2020]
Finished job 120.
56 of 61 steps (92%) done
[Fri Jul 31 01:58:45 2020]
Finished job 337.
57 of 61 steps (93%) done
[Fri Jul 31 01:58:46 2020]
Finished job 63.
58 of 61 steps (95%) done
[Fri Jul 31 01:58:50 2020]
Finished job 223.
59 of 61 steps (97%) done
[Fri Jul 31 01:58:54 2020]
Finished job 319.
60 of 61 steps (98%) done

[Fri Jul 31 01:58:54 2020]
localrule all:
    input: ../TargetSeq-293T-HEK4-BE4-rep1/cutoff_3/mapping/HK4-mcf-1_R1_cutadapt.fq.gz, ../TargetSeq-293T-HEK4-BE4-rep1/cutoff_3/mapping/HK4-mcf-1_R2_cutadapt.fq.gz, ../TargetSeq-293T-HEK4-BE4-rep1/cutoff_3/mapping/HK4-mcf-2_R1_cutadapt.fq.gz, ../TargetSeq-293T-HEK4-BE4-rep1/cutoff_3/mapping/HK4-mcf-2_R2_cutadapt.fq.gz, ../TargetSeq-293T-HEK4-BE4-rep1/cutoff_3/mapping/HK4-mcf-3_R1_cutadapt.fq.gz, ../TargetSeq-293T-HEK4-BE4-rep1/cutoff_3/mapping/HK4-mcf-3_R2_cutadapt.fq.gz, ../TargetSeq-293T-HEK4-BE4-rep1/cutoff_3/mapping/HK4-mcf-4_R1_cutadapt.fq.gz, ../TargetSeq-293T-HEK4-BE4-rep1/cutoff_3/mapping/HK4-mcf-4_R2_cutadapt.fq.gz, ../TargetSeq-293T-HEK4-BE4-rep1/cutoff_3/mapping/HK4-mcf-5_R1_cutadapt.fq.gz, ../TargetSeq-293T-HEK4-BE4-rep1/cutoff_3/mapping/HK4-mcf-5_R2_cutadapt.fq.gz, ../TargetSeq-293T-HEK4-BE4-rep1/cutoff_3/mapping/HK4-mcf-6_R1_cutadapt.fq.gz, ../TargetSeq-293T-HEK4-BE4-rep1/cutoff_3/mapping/HK4-mcf-6_R2_cutadapt.fq.gz, ../TargetSeq-293T-HEK4-BE4-rep1/cutoff_3/mapping/HK4-mcf-7_R1_cutadapt.fq.gz, ../TargetSeq-293T-HEK4-BE4-rep1/cutoff_3/mapping/HK4-mcf-7_R2_cutadapt.fq.gz, ../TargetSeq-293T-HEK4-BE4-rep1/cutoff_3/mapping/HK4-mcf-8_R1_cutadapt.fq.gz, ../TargetSeq-293T-HEK4-BE4-rep1/cutoff_3/mapping/HK4-mcf-8_R2_cutadapt.fq.gz, ../TargetSeq-293T-HEK4-BE4-rep1/cutoff_3/mapping/HK4-mcf-9_R1_cutadapt.fq.gz, ../TargetSeq-293T-HEK4-BE4-rep1/cutoff_3/mapping/HK4-mcf-9_R2_cutadapt.fq.gz, ../TargetSeq-293T-HEK4-BE4-rep1/cutoff_3/mapping/HK4-mcf-10_R1_cutadapt.fq.gz, ../TargetSeq-293T-HEK4-BE4-rep1/cutoff_3/mapping/HK4-mcf-10_R2_cutadapt.fq.gz, ../TargetSeq-293T-HEK4-BE4-rep1/cutoff_3/mapping/HK4-mcf-11_R1_cutadapt.fq.gz, ../TargetSeq-293T-HEK4-BE4-rep1/cutoff_3/mapping/HK4-mcf-11_R2_cutadapt.fq.gz, ../TargetSeq-293T-HEK4-BE4-rep1/cutoff_3/mapping/HK4-mcf-12_R1_cutadapt.fq.gz, ../TargetSeq-293T-HEK4-BE4-rep1/cutoff_3/mapping/HK4-mcf-12_R2_cutadapt.fq.gz, ../TargetSeq-293T-HEK4-BE4-rep1/cutoff_3/mapping/HK4-mcf-13_R1_cutadapt.fq.gz, ../TargetSeq-293T-HEK4-BE4-rep1/cutoff_3/mapping/HK4-mcf-13_R2_cutadapt.fq.gz, ../TargetSeq-293T-HEK4-BE4-rep1/cutoff_3/mapping/HK4-mcf-14_R1_cutadapt.fq.gz, ../TargetSeq-293T-HEK4-BE4-rep1/cutoff_3/mapping/HK4-mcf-14_R2_cutadapt.fq.gz, ../TargetSeq-293T-HEK4-BE4-rep1/cutoff_3/mapping/HK4-mcf-15_R1_cutadapt.fq.gz, ../TargetSeq-293T-HEK4-BE4-rep1/cutoff_3/mapping/HK4-mcf-15_R2_cutadapt.fq.gz, ../TargetSeq-293T-HEK4-BE4-rep2/cutoff_3/mapping/HK4-mcf-1_R1_cutadapt.fq.gz, ../TargetSeq-293T-HEK4-BE4-rep2/cutoff_3/mapping/HK4-mcf-1_R2_cutadapt.fq.gz, ../TargetSeq-293T-HEK4-BE4-rep2/cutoff_3/mapping/HK4-mcf-2_R1_cutadapt.fq.gz, ../TargetSeq-293T-HEK4-BE4-rep2/cutoff_3/mapping/HK4-mcf-2_R2_cutadapt.fq.gz, ../TargetSeq-293T-HEK4-BE4-rep2/cutoff_3/mapping/HK4-mcf-3_R1_cutadapt.fq.gz, ../TargetSeq-293T-HEK4-BE4-rep2/cutoff_3/mapping/HK4-mcf-3_R2_cutadapt.fq.gz, ../TargetSeq-293T-HEK4-BE4-rep2/cutoff_3/mapping/HK4-mcf-4_R1_cutadapt.fq.gz, ../TargetSeq-293T-HEK4-BE4-rep2/cutoff_3/mapping/HK4-mcf-4_R2_cutadapt.fq.gz, ../TargetSeq-293T-HEK4-BE4-rep2/cutoff_3/mapping/HK4-mcf-5_R1_cutadapt.fq.gz, ../TargetSeq-293T-HEK4-BE4-rep2/cutoff_3/mapping/HK4-mcf-5_R2_cutadapt.fq.gz, ../TargetSeq-293T-HEK4-BE4-rep2/cutoff_3/mapping/HK4-mcf-6_R1_cutadapt.fq.gz, ../TargetSeq-293T-HEK4-BE4-rep2/cutoff_3/mapping/HK4-mcf-6_R2_cutadapt.fq.gz, ../TargetSeq-293T-HEK4-BE4-rep2/cutoff_3/mapping/HK4-mcf-7_R1_cutadapt.fq.gz, ../TargetSeq-293T-HEK4-BE4-rep2/cutoff_3/mapping/HK4-mcf-7_R2_cutadapt.fq.gz, ../TargetSeq-293T-HEK4-BE4-rep2/cutoff_3/mapping/HK4-mcf-8_R1_cutadapt.fq.gz, ../TargetSeq-293T-HEK4-BE4-rep2/cutoff_3/mapping/HK4-mcf-8_R2_cutadapt.fq.gz, ../TargetSeq-293T-HEK4-BE4-rep2/cutoff_3/mapping/HK4-mcf-9_R1_cutadapt.fq.gz, ../TargetSeq-293T-HEK4-BE4-rep2/cutoff_3/mapping/HK4-mcf-9_R2_cutadapt.fq.gz, ../TargetSeq-293T-HEK4-BE4-rep2/cutoff_3/mapping/HK4-mcf-10_R1_cutadapt.fq.gz, ../TargetSeq-293T-HEK4-BE4-rep2/cutoff_3/mapping/HK4-mcf-10_R2_cutadapt.fq.gz, ../TargetSeq-293T-HEK4-BE4-rep2/cutoff_3/mapping/HK4-mcf-11_R1_cutadapt.fq.gz, ../TargetSeq-293T-HEK4-BE4-rep2/cutoff_3/mapping/HK4-mcf-11_R2_cutadapt.fq.gz, ../TargetSeq-293T-HEK4-BE4-rep2/cutoff_3/mapping/HK4-mcf-12_R1_cutadapt.fq.gz, ../TargetSeq-293T-HEK4-BE4-rep2/cutoff_3/mapping/HK4-mcf-12_R2_cutadapt.fq.gz, ../TargetSeq-293T-HEK4-BE4-rep2/cutoff_3/mapping/HK4-mcf-13_R1_cutadapt.fq.gz, ../TargetSeq-293T-HEK4-BE4-rep2/cutoff_3/mapping/HK4-mcf-13_R2_cutadapt.fq.gz, ../TargetSeq-293T-HEK4-BE4-rep2/cutoff_3/mapping/HK4-mcf-14_R1_cutadapt.fq.gz, ../TargetSeq-293T-HEK4-BE4-rep2/cutoff_3/mapping/HK4-mcf-14_R2_cutadapt.fq.gz, ../TargetSeq-293T-HEK4-BE4-rep2/cutoff_3/mapping/HK4-mcf-15_R1_cutadapt.fq.gz, ../TargetSeq-293T-HEK4-BE4-rep2/cutoff_3/mapping/HK4-mcf-15_R2_cutadapt.fq.gz, ../TargetSeq-MCF7-HEK4-BE4-rep1/cutoff_3/mapping/HK4-mcf-1_R1_cutadapt.fq.gz, ../TargetSeq-MCF7-HEK4-BE4-rep1/cutoff_3/mapping/HK4-mcf-1_R2_cutadapt.fq.gz, ../TargetSeq-MCF7-HEK4-BE4-rep1/cutoff_3/mapping/HK4-mcf-2_R1_cutadapt.fq.gz, ../TargetSeq-MCF7-HEK4-BE4-rep1/cutoff_3/mapping/HK4-mcf-2_R2_cutadapt.fq.gz, ../TargetSeq-MCF7-HEK4-BE4-rep1/cutoff_3/mapping/HK4-mcf-3_R1_cutadapt.fq.gz, ../TargetSeq-MCF7-HEK4-BE4-rep1/cutoff_3/mapping/HK4-mcf-3_R2_cutadapt.fq.gz, ../TargetSeq-MCF7-HEK4-BE4-rep1/cutoff_3/mapping/HK4-mcf-4_R1_cutadapt.fq.gz, ../TargetSeq-MCF7-HEK4-BE4-rep1/cutoff_3/mapping/HK4-mcf-4_R2_cutadapt.fq.gz, ../TargetSeq-MCF7-HEK4-BE4-rep1/cutoff_3/mapping/HK4-mcf-5_R1_cutadapt.fq.gz, ../TargetSeq-MCF7-HEK4-BE4-rep1/cutoff_3/mapping/HK4-mcf-5_R2_cutadapt.fq.gz, ../TargetSeq-MCF7-HEK4-BE4-rep1/cutoff_3/mapping/HK4-mcf-6_R1_cutadapt.fq.gz, ../TargetSeq-MCF7-HEK4-BE4-rep1/cutoff_3/mapping/HK4-mcf-6_R2_cutadapt.fq.gz, ../TargetSeq-MCF7-HEK4-BE4-rep1/cutoff_3/mapping/HK4-mcf-7_R1_cutadapt.fq.gz, ../TargetSeq-MCF7-HEK4-BE4-rep1/cutoff_3/mapping/HK4-mcf-7_R2_cutadapt.fq.gz, ../TargetSeq-MCF7-HEK4-BE4-rep1/cutoff_3/mapping/HK4-mcf-8_R1_cutadapt.fq.gz, ../TargetSeq-MCF7-HEK4-BE4-rep1/cutoff_3/mapping/HK4-mcf-8_R2_cutadapt.fq.gz, ../TargetSeq-MCF7-HEK4-BE4-rep1/cutoff_3/mapping/HK4-mcf-9_R1_cutadapt.fq.gz, ../TargetSeq-MCF7-HEK4-BE4-rep1/cutoff_3/mapping/HK4-mcf-9_R2_cutadapt.fq.gz, ../TargetSeq-MCF7-HEK4-BE4-rep1/cutoff_3/mapping/HK4-mcf-10_R1_cutadapt.fq.gz, ../TargetSeq-MCF7-HEK4-BE4-rep1/cutoff_3/mapping/HK4-mcf-10_R2_cutadapt.fq.gz, ../TargetSeq-MCF7-HEK4-BE4-rep1/cutoff_3/mapping/HK4-mcf-11_R1_cutadapt.fq.gz, ../TargetSeq-MCF7-HEK4-BE4-rep1/cutoff_3/mapping/HK4-mcf-11_R2_cutadapt.fq.gz, ../TargetSeq-MCF7-HEK4-BE4-rep1/cutoff_3/mapping/HK4-mcf-12_R1_cutadapt.fq.gz, ../TargetSeq-MCF7-HEK4-BE4-rep1/cutoff_3/mapping/HK4-mcf-12_R2_cutadapt.fq.gz, ../TargetSeq-MCF7-HEK4-BE4-rep1/cutoff_3/mapping/HK4-mcf-13_R1_cutadapt.fq.gz, ../TargetSeq-MCF7-HEK4-BE4-rep1/cutoff_3/mapping/HK4-mcf-13_R2_cutadapt.fq.gz, ../TargetSeq-MCF7-HEK4-BE4-rep1/cutoff_3/mapping/HK4-mcf-14_R1_cutadapt.fq.gz, ../TargetSeq-MCF7-HEK4-BE4-rep1/cutoff_3/mapping/HK4-mcf-14_R2_cutadapt.fq.gz, ../TargetSeq-MCF7-HEK4-BE4-rep1/cutoff_3/mapping/HK4-mcf-15_R1_cutadapt.fq.gz, ../TargetSeq-MCF7-HEK4-BE4-rep1/cutoff_3/mapping/HK4-mcf-15_R2_cutadapt.fq.gz, ../TargetSeq-MCF7-HEK4-BE4-rep2/cutoff_3/mapping/HK4-mcf-1_R1_cutadapt.fq.gz, ../TargetSeq-MCF7-HEK4-BE4-rep2/cutoff_3/mapping/HK4-mcf-1_R2_cutadapt.fq.gz, ../TargetSeq-MCF7-HEK4-BE4-rep2/cutoff_3/mapping/HK4-mcf-2_R1_cutadapt.fq.gz, ../TargetSeq-MCF7-HEK4-BE4-rep2/cutoff_3/mapping/HK4-mcf-2_R2_cutadapt.fq.gz, ../TargetSeq-MCF7-HEK4-BE4-rep2/cutoff_3/mapping/HK4-mcf-3_R1_cutadapt.fq.gz, ../TargetSeq-MCF7-HEK4-BE4-rep2/cutoff_3/mapping/HK4-mcf-3_R2_cutadapt.fq.gz, ../TargetSeq-MCF7-HEK4-BE4-rep2/cutoff_3/mapping/HK4-mcf-4_R1_cutadapt.fq.gz, ../TargetSeq-MCF7-HEK4-BE4-rep2/cutoff_3/mapping/HK4-mcf-4_R2_cutadapt.fq.gz, ../TargetSeq-MCF7-HEK4-BE4-rep2/cutoff_3/mapping/HK4-mcf-5_R1_cutadapt.fq.gz, ../TargetSeq-MCF7-HEK4-BE4-rep2/cutoff_3/mapping/HK4-mcf-5_R2_cutadapt.fq.gz, ../TargetSeq-MCF7-HEK4-BE4-rep2/cutoff_3/mapping/HK4-mcf-6_R1_cutadapt.fq.gz, ../TargetSeq-MCF7-HEK4-BE4-rep2/cutoff_3/mapping/HK4-mcf-6_R2_cutadapt.fq.gz, ../TargetSeq-MCF7-HEK4-BE4-rep2/cutoff_3/mapping/HK4-mcf-7_R1_cutadapt.fq.gz, ../TargetSeq-MCF7-HEK4-BE4-rep2/cutoff_3/mapping/HK4-mcf-7_R2_cutadapt.fq.gz, ../TargetSeq-MCF7-HEK4-BE4-rep2/cutoff_3/mapping/HK4-mcf-8_R1_cutadapt.fq.gz, ../TargetSeq-MCF7-HEK4-BE4-rep2/cutoff_3/mapping/HK4-mcf-8_R2_cutadapt.fq.gz, ../TargetSeq-MCF7-HEK4-BE4-rep2/cutoff_3/mapping/HK4-mcf-9_R1_cutadapt.fq.gz, ../TargetSeq-MCF7-HEK4-BE4-rep2/cutoff_3/mapping/HK4-mcf-9_R2_cutadapt.fq.gz, ../TargetSeq-MCF7-HEK4-BE4-rep2/cutoff_3/mapping/HK4-mcf-10_R1_cutadapt.fq.gz, ../TargetSeq-MCF7-HEK4-BE4-rep2/cutoff_3/mapping/HK4-mcf-10_R2_cutadapt.fq.gz, ../TargetSeq-MCF7-HEK4-BE4-rep2/cutoff_3/mapping/HK4-mcf-11_R1_cutadapt.fq.gz, ../TargetSeq-MCF7-HEK4-BE4-rep2/cutoff_3/mapping/HK4-mcf-11_R2_cutadapt.fq.gz, ../TargetSeq-MCF7-HEK4-BE4-rep2/cutoff_3/mapping/HK4-mcf-12_R1_cutadapt.fq.gz, ../TargetSeq-MCF7-HEK4-BE4-rep2/cutoff_3/mapping/HK4-mcf-12_R2_cutadapt.fq.gz, ../TargetSeq-MCF7-HEK4-BE4-rep2/cutoff_3/mapping/HK4-mcf-13_R1_cutadapt.fq.gz, ../TargetSeq-MCF7-HEK4-BE4-rep2/cutoff_3/mapping/HK4-mcf-13_R2_cutadapt.fq.gz, ../TargetSeq-MCF7-HEK4-BE4-rep2/cutoff_3/mapping/HK4-mcf-14_R1_cutadapt.fq.gz, ../TargetSeq-MCF7-HEK4-BE4-rep2/cutoff_3/mapping/HK4-mcf-14_R2_cutadapt.fq.gz, ../TargetSeq-MCF7-HEK4-BE4-rep2/cutoff_3/mapping/HK4-mcf-15_R1_cutadapt.fq.gz, ../TargetSeq-MCF7-HEK4-BE4-rep2/cutoff_3/mapping/HK4-mcf-15_R2_cutadapt.fq.gz, ../TargetSeq-293T-HEK4-BE4-rep1/cutoff_3/mapping/HK4-mcf-1_bwa_sort.bam, ../TargetSeq-293T-HEK4-BE4-rep1/cutoff_3/mapping/HK4-mcf-2_bwa_sort.bam, ../TargetSeq-293T-HEK4-BE4-rep1/cutoff_3/mapping/HK4-mcf-3_bwa_sort.bam, ../TargetSeq-293T-HEK4-BE4-rep1/cutoff_3/mapping/HK4-mcf-4_bwa_sort.bam, ../TargetSeq-293T-HEK4-BE4-rep1/cutoff_3/mapping/HK4-mcf-5_bwa_sort.bam, ../TargetSeq-293T-HEK4-BE4-rep1/cutoff_3/mapping/HK4-mcf-6_bwa_sort.bam, ../TargetSeq-293T-HEK4-BE4-rep1/cutoff_3/mapping/HK4-mcf-7_bwa_sort.bam, ../TargetSeq-293T-HEK4-BE4-rep1/cutoff_3/mapping/HK4-mcf-8_bwa_sort.bam, ../TargetSeq-293T-HEK4-BE4-rep1/cutoff_3/mapping/HK4-mcf-9_bwa_sort.bam, ../TargetSeq-293T-HEK4-BE4-rep1/cutoff_3/mapping/HK4-mcf-10_bwa_sort.bam, ../TargetSeq-293T-HEK4-BE4-rep1/cutoff_3/mapping/HK4-mcf-11_bwa_sort.bam, ../TargetSeq-293T-HEK4-BE4-rep1/cutoff_3/mapping/HK4-mcf-12_bwa_sort.bam, ../TargetSeq-293T-HEK4-BE4-rep1/cutoff_3/mapping/HK4-mcf-13_bwa_sort.bam, ../TargetSeq-293T-HEK4-BE4-rep1/cutoff_3/mapping/HK4-mcf-14_bwa_sort.bam, ../TargetSeq-293T-HEK4-BE4-rep1/cutoff_3/mapping/HK4-mcf-15_bwa_sort.bam, ../TargetSeq-293T-HEK4-BE4-rep2/cutoff_3/mapping/HK4-mcf-1_bwa_sort.bam, ../TargetSeq-293T-HEK4-BE4-rep2/cutoff_3/mapping/HK4-mcf-2_bwa_sort.bam, ../TargetSeq-293T-HEK4-BE4-rep2/cutoff_3/mapping/HK4-mcf-3_bwa_sort.bam, ../TargetSeq-293T-HEK4-BE4-rep2/cutoff_3/mapping/HK4-mcf-4_bwa_sort.bam, ../TargetSeq-293T-HEK4-BE4-rep2/cutoff_3/mapping/HK4-mcf-5_bwa_sort.bam, ../TargetSeq-293T-HEK4-BE4-rep2/cutoff_3/mapping/HK4-mcf-6_bwa_sort.bam, ../TargetSeq-293T-HEK4-BE4-rep2/cutoff_3/mapping/HK4-mcf-7_bwa_sort.bam, ../TargetSeq-293T-HEK4-BE4-rep2/cutoff_3/mapping/HK4-mcf-8_bwa_sort.bam, ../TargetSeq-293T-HEK4-BE4-rep2/cutoff_3/mapping/HK4-mcf-9_bwa_sort.bam, ../TargetSeq-293T-HEK4-BE4-rep2/cutoff_3/mapping/HK4-mcf-10_bwa_sort.bam, ../TargetSeq-293T-HEK4-BE4-rep2/cutoff_3/mapping/HK4-mcf-11_bwa_sort.bam, ../TargetSeq-293T-HEK4-BE4-rep2/cutoff_3/mapping/HK4-mcf-12_bwa_sort.bam, ../TargetSeq-293T-HEK4-BE4-rep2/cutoff_3/mapping/HK4-mcf-13_bwa_sort.bam, ../TargetSeq-293T-HEK4-BE4-rep2/cutoff_3/mapping/HK4-mcf-14_bwa_sort.bam, ../TargetSeq-293T-HEK4-BE4-rep2/cutoff_3/mapping/HK4-mcf-15_bwa_sort.bam, ../TargetSeq-MCF7-HEK4-BE4-rep1/cutoff_3/mapping/HK4-mcf-1_bwa_sort.bam, ../TargetSeq-MCF7-HEK4-BE4-rep1/cutoff_3/mapping/HK4-mcf-2_bwa_sort.bam, ../TargetSeq-MCF7-HEK4-BE4-rep1/cutoff_3/mapping/HK4-mcf-3_bwa_sort.bam, ../TargetSeq-MCF7-HEK4-BE4-rep1/cutoff_3/mapping/HK4-mcf-4_bwa_sort.bam, ../TargetSeq-MCF7-HEK4-BE4-rep1/cutoff_3/mapping/HK4-mcf-5_bwa_sort.bam, ../TargetSeq-MCF7-HEK4-BE4-rep1/cutoff_3/mapping/HK4-mcf-6_bwa_sort.bam, ../TargetSeq-MCF7-HEK4-BE4-rep1/cutoff_3/mapping/HK4-mcf-7_bwa_sort.bam, ../TargetSeq-MCF7-HEK4-BE4-rep1/cutoff_3/mapping/HK4-mcf-8_bwa_sort.bam, ../TargetSeq-MCF7-HEK4-BE4-rep1/cutoff_3/mapping/HK4-mcf-9_bwa_sort.bam, ../TargetSeq-MCF7-HEK4-BE4-rep1/cutoff_3/mapping/HK4-mcf-10_bwa_sort.bam, ../TargetSeq-MCF7-HEK4-BE4-rep1/cutoff_3/mapping/HK4-mcf-11_bwa_sort.bam, ../TargetSeq-MCF7-HEK4-BE4-rep1/cutoff_3/mapping/HK4-mcf-12_bwa_sort.bam, ../TargetSeq-MCF7-HEK4-BE4-rep1/cutoff_3/mapping/HK4-mcf-13_bwa_sort.bam, ../TargetSeq-MCF7-HEK4-BE4-rep1/cutoff_3/mapping/HK4-mcf-14_bwa_sort.bam, ../TargetSeq-MCF7-HEK4-BE4-rep1/cutoff_3/mapping/HK4-mcf-15_bwa_sort.bam, ../TargetSeq-MCF7-HEK4-BE4-rep2/cutoff_3/mapping/HK4-mcf-1_bwa_sort.bam, ../TargetSeq-MCF7-HEK4-BE4-rep2/cutoff_3/mapping/HK4-mcf-2_bwa_sort.bam, ../TargetSeq-MCF7-HEK4-BE4-rep2/cutoff_3/mapping/HK4-mcf-3_bwa_sort.bam, ../TargetSeq-MCF7-HEK4-BE4-rep2/cutoff_3/mapping/HK4-mcf-4_bwa_sort.bam, ../TargetSeq-MCF7-HEK4-BE4-rep2/cutoff_3/mapping/HK4-mcf-5_bwa_sort.bam, ../TargetSeq-MCF7-HEK4-BE4-rep2/cutoff_3/mapping/HK4-mcf-6_bwa_sort.bam, ../TargetSeq-MCF7-HEK4-BE4-rep2/cutoff_3/mapping/HK4-mcf-7_bwa_sort.bam, ../TargetSeq-MCF7-HEK4-BE4-rep2/cutoff_3/mapping/HK4-mcf-8_bwa_sort.bam, ../TargetSeq-MCF7-HEK4-BE4-rep2/cutoff_3/mapping/HK4-mcf-9_bwa_sort.bam, ../TargetSeq-MCF7-HEK4-BE4-rep2/cutoff_3/mapping/HK4-mcf-10_bwa_sort.bam, ../TargetSeq-MCF7-HEK4-BE4-rep2/cutoff_3/mapping/HK4-mcf-11_bwa_sort.bam, ../TargetSeq-MCF7-HEK4-BE4-rep2/cutoff_3/mapping/HK4-mcf-12_bwa_sort.bam, ../TargetSeq-MCF7-HEK4-BE4-rep2/cutoff_3/mapping/HK4-mcf-13_bwa_sort.bam, ../TargetSeq-MCF7-HEK4-BE4-rep2/cutoff_3/mapping/HK4-mcf-14_bwa_sort.bam, ../TargetSeq-MCF7-HEK4-BE4-rep2/cutoff_3/mapping/HK4-mcf-15_bwa_sort.bam, ../TargetSeq-293T-HEK4-BE4-rep1/cutoff_3/mapping/HK4-mcf-1_bwa_sort.bam.bai, ../TargetSeq-293T-HEK4-BE4-rep1/cutoff_3/mapping/HK4-mcf-2_bwa_sort.bam.bai, ../TargetSeq-293T-HEK4-BE4-rep1/cutoff_3/mapping/HK4-mcf-3_bwa_sort.bam.bai, ../TargetSeq-293T-HEK4-BE4-rep1/cutoff_3/mapping/HK4-mcf-4_bwa_sort.bam.bai, ../TargetSeq-293T-HEK4-BE4-rep1/cutoff_3/mapping/HK4-mcf-5_bwa_sort.bam.bai, ../TargetSeq-293T-HEK4-BE4-rep1/cutoff_3/mapping/HK4-mcf-6_bwa_sort.bam.bai, ../TargetSeq-293T-HEK4-BE4-rep1/cutoff_3/mapping/HK4-mcf-7_bwa_sort.bam.bai, ../TargetSeq-293T-HEK4-BE4-rep1/cutoff_3/mapping/HK4-mcf-8_bwa_sort.bam.bai, ../TargetSeq-293T-HEK4-BE4-rep1/cutoff_3/mapping/HK4-mcf-9_bwa_sort.bam.bai, ../TargetSeq-293T-HEK4-BE4-rep1/cutoff_3/mapping/HK4-mcf-10_bwa_sort.bam.bai, ../TargetSeq-293T-HEK4-BE4-rep1/cutoff_3/mapping/HK4-mcf-11_bwa_sort.bam.bai, ../TargetSeq-293T-HEK4-BE4-rep1/cutoff_3/mapping/HK4-mcf-12_bwa_sort.bam.bai, ../TargetSeq-293T-HEK4-BE4-rep1/cutoff_3/mapping/HK4-mcf-13_bwa_sort.bam.bai, ../TargetSeq-293T-HEK4-BE4-rep1/cutoff_3/mapping/HK4-mcf-14_bwa_sort.bam.bai, ../TargetSeq-293T-HEK4-BE4-rep1/cutoff_3/mapping/HK4-mcf-15_bwa_sort.bam.bai, ../TargetSeq-293T-HEK4-BE4-rep2/cutoff_3/mapping/HK4-mcf-1_bwa_sort.bam.bai, ../TargetSeq-293T-HEK4-BE4-rep2/cutoff_3/mapping/HK4-mcf-2_bwa_sort.bam.bai, ../TargetSeq-293T-HEK4-BE4-rep2/cutoff_3/mapping/HK4-mcf-3_bwa_sort.bam.bai, ../TargetSeq-293T-HEK4-BE4-rep2/cutoff_3/mapping/HK4-mcf-4_bwa_sort.bam.bai, ../TargetSeq-293T-HEK4-BE4-rep2/cutoff_3/mapping/HK4-mcf-5_bwa_sort.bam.bai, ../TargetSeq-293T-HEK4-BE4-rep2/cutoff_3/mapping/HK4-mcf-6_bwa_sort.bam.bai, ../TargetSeq-293T-HEK4-BE4-rep2/cutoff_3/mapping/HK4-mcf-7_bwa_sort.bam.bai, ../TargetSeq-293T-HEK4-BE4-rep2/cutoff_3/mapping/HK4-mcf-8_bwa_sort.bam.bai, ../TargetSeq-293T-HEK4-BE4-rep2/cutoff_3/mapping/HK4-mcf-9_bwa_sort.bam.bai, ../TargetSeq-293T-HEK4-BE4-rep2/cutoff_3/mapping/HK4-mcf-10_bwa_sort.bam.bai, ../TargetSeq-293T-HEK4-BE4-rep2/cutoff_3/mapping/HK4-mcf-11_bwa_sort.bam.bai, ../TargetSeq-293T-HEK4-BE4-rep2/cutoff_3/mapping/HK4-mcf-12_bwa_sort.bam.bai, ../TargetSeq-293T-HEK4-BE4-rep2/cutoff_3/mapping/HK4-mcf-13_bwa_sort.bam.bai, ../TargetSeq-293T-HEK4-BE4-rep2/cutoff_3/mapping/HK4-mcf-14_bwa_sort.bam.bai, ../TargetSeq-293T-HEK4-BE4-rep2/cutoff_3/mapping/HK4-mcf-15_bwa_sort.bam.bai, ../TargetSeq-MCF7-HEK4-BE4-rep1/cutoff_3/mapping/HK4-mcf-1_bwa_sort.bam.bai, ../TargetSeq-MCF7-HEK4-BE4-rep1/cutoff_3/mapping/HK4-mcf-2_bwa_sort.bam.bai, ../TargetSeq-MCF7-HEK4-BE4-rep1/cutoff_3/mapping/HK4-mcf-3_bwa_sort.bam.bai, ../TargetSeq-MCF7-HEK4-BE4-rep1/cutoff_3/mapping/HK4-mcf-4_bwa_sort.bam.bai, ../TargetSeq-MCF7-HEK4-BE4-rep1/cutoff_3/mapping/HK4-mcf-5_bwa_sort.bam.bai, ../TargetSeq-MCF7-HEK4-BE4-rep1/cutoff_3/mapping/HK4-mcf-6_bwa_sort.bam.bai, ../TargetSeq-MCF7-HEK4-BE4-rep1/cutoff_3/mapping/HK4-mcf-7_bwa_sort.bam.bai, ../TargetSeq-MCF7-HEK4-BE4-rep1/cutoff_3/mapping/HK4-mcf-8_bwa_sort.bam.bai, ../TargetSeq-MCF7-HEK4-BE4-rep1/cutoff_3/mapping/HK4-mcf-9_bwa_sort.bam.bai, ../TargetSeq-MCF7-HEK4-BE4-rep1/cutoff_3/mapping/HK4-mcf-10_bwa_sort.bam.bai, ../TargetSeq-MCF7-HEK4-BE4-rep1/cutoff_3/mapping/HK4-mcf-11_bwa_sort.bam.bai, ../TargetSeq-MCF7-HEK4-BE4-rep1/cutoff_3/mapping/HK4-mcf-12_bwa_sort.bam.bai, ../TargetSeq-MCF7-HEK4-BE4-rep1/cutoff_3/mapping/HK4-mcf-13_bwa_sort.bam.bai, ../TargetSeq-MCF7-HEK4-BE4-rep1/cutoff_3/mapping/HK4-mcf-14_bwa_sort.bam.bai, ../TargetSeq-MCF7-HEK4-BE4-rep1/cutoff_3/mapping/HK4-mcf-15_bwa_sort.bam.bai, ../TargetSeq-MCF7-HEK4-BE4-rep2/cutoff_3/mapping/HK4-mcf-1_bwa_sort.bam.bai, ../TargetSeq-MCF7-HEK4-BE4-rep2/cutoff_3/mapping/HK4-mcf-2_bwa_sort.bam.bai, ../TargetSeq-MCF7-HEK4-BE4-rep2/cutoff_3/mapping/HK4-mcf-3_bwa_sort.bam.bai, ../TargetSeq-MCF7-HEK4-BE4-rep2/cutoff_3/mapping/HK4-mcf-4_bwa_sort.bam.bai, ../TargetSeq-MCF7-HEK4-BE4-rep2/cutoff_3/mapping/HK4-mcf-5_bwa_sort.bam.bai, ../TargetSeq-MCF7-HEK4-BE4-rep2/cutoff_3/mapping/HK4-mcf-6_bwa_sort.bam.bai, ../TargetSeq-MCF7-HEK4-BE4-rep2/cutoff_3/mapping/HK4-mcf-7_bwa_sort.bam.bai, ../TargetSeq-MCF7-HEK4-BE4-rep2/cutoff_3/mapping/HK4-mcf-8_bwa_sort.bam.bai, ../TargetSeq-MCF7-HEK4-BE4-rep2/cutoff_3/mapping/HK4-mcf-9_bwa_sort.bam.bai, ../TargetSeq-MCF7-HEK4-BE4-rep2/cutoff_3/mapping/HK4-mcf-10_bwa_sort.bam.bai, ../TargetSeq-MCF7-HEK4-BE4-rep2/cutoff_3/mapping/HK4-mcf-11_bwa_sort.bam.bai, ../TargetSeq-MCF7-HEK4-BE4-rep2/cutoff_3/mapping/HK4-mcf-12_bwa_sort.bam.bai, ../TargetSeq-MCF7-HEK4-BE4-rep2/cutoff_3/mapping/HK4-mcf-13_bwa_sort.bam.bai, ../TargetSeq-MCF7-HEK4-BE4-rep2/cutoff_3/mapping/HK4-mcf-14_bwa_sort.bam.bai, ../TargetSeq-MCF7-HEK4-BE4-rep2/cutoff_3/mapping/HK4-mcf-15_bwa_sort.bam.bai, ../TargetSeq-293T-HEK4-BE4-rep1/cutoff_3/mapping/HK4-mcf-1_bwa_sort.mpileup, ../TargetSeq-293T-HEK4-BE4-rep1/cutoff_3/mapping/HK4-mcf-2_bwa_sort.mpileup, ../TargetSeq-293T-HEK4-BE4-rep1/cutoff_3/mapping/HK4-mcf-3_bwa_sort.mpileup, ../TargetSeq-293T-HEK4-BE4-rep1/cutoff_3/mapping/HK4-mcf-4_bwa_sort.mpileup, ../TargetSeq-293T-HEK4-BE4-rep1/cutoff_3/mapping/HK4-mcf-5_bwa_sort.mpileup, ../TargetSeq-293T-HEK4-BE4-rep1/cutoff_3/mapping/HK4-mcf-6_bwa_sort.mpileup, ../TargetSeq-293T-HEK4-BE4-rep1/cutoff_3/mapping/HK4-mcf-7_bwa_sort.mpileup, ../TargetSeq-293T-HEK4-BE4-rep1/cutoff_3/mapping/HK4-mcf-8_bwa_sort.mpileup, ../TargetSeq-293T-HEK4-BE4-rep1/cutoff_3/mapping/HK4-mcf-9_bwa_sort.mpileup, ../TargetSeq-293T-HEK4-BE4-rep1/cutoff_3/mapping/HK4-mcf-10_bwa_sort.mpileup, ../TargetSeq-293T-HEK4-BE4-rep1/cutoff_3/mapping/HK4-mcf-11_bwa_sort.mpileup, ../TargetSeq-293T-HEK4-BE4-rep1/cutoff_3/mapping/HK4-mcf-12_bwa_sort.mpileup, ../TargetSeq-293T-HEK4-BE4-rep1/cutoff_3/mapping/HK4-mcf-13_bwa_sort.mpileup, ../TargetSeq-293T-HEK4-BE4-rep1/cutoff_3/mapping/HK4-mcf-14_bwa_sort.mpileup, ../TargetSeq-293T-HEK4-BE4-rep1/cutoff_3/mapping/HK4-mcf-15_bwa_sort.mpileup, ../TargetSeq-293T-HEK4-BE4-rep2/cutoff_3/mapping/HK4-mcf-1_bwa_sort.mpileup, ../TargetSeq-293T-HEK4-BE4-rep2/cutoff_3/mapping/HK4-mcf-2_bwa_sort.mpileup, ../TargetSeq-293T-HEK4-BE4-rep2/cutoff_3/mapping/HK4-mcf-3_bwa_sort.mpileup, ../TargetSeq-293T-HEK4-BE4-rep2/cutoff_3/mapping/HK4-mcf-4_bwa_sort.mpileup, ../TargetSeq-293T-HEK4-BE4-rep2/cutoff_3/mapping/HK4-mcf-5_bwa_sort.mpileup, ../TargetSeq-293T-HEK4-BE4-rep2/cutoff_3/mapping/HK4-mcf-6_bwa_sort.mpileup, ../TargetSeq-293T-HEK4-BE4-rep2/cutoff_3/mapping/HK4-mcf-7_bwa_sort.mpileup, ../TargetSeq-293T-HEK4-BE4-rep2/cutoff_3/mapping/HK4-mcf-8_bwa_sort.mpileup, ../TargetSeq-293T-HEK4-BE4-rep2/cutoff_3/mapping/HK4-mcf-9_bwa_sort.mpileup, ../TargetSeq-293T-HEK4-BE4-rep2/cutoff_3/mapping/HK4-mcf-10_bwa_sort.mpileup, ../TargetSeq-293T-HEK4-BE4-rep2/cutoff_3/mapping/HK4-mcf-11_bwa_sort.mpileup, ../TargetSeq-293T-HEK4-BE4-rep2/cutoff_3/mapping/HK4-mcf-12_bwa_sort.mpileup, ../TargetSeq-293T-HEK4-BE4-rep2/cutoff_3/mapping/HK4-mcf-13_bwa_sort.mpileup, ../TargetSeq-293T-HEK4-BE4-rep2/cutoff_3/mapping/HK4-mcf-14_bwa_sort.mpileup, ../TargetSeq-293T-HEK4-BE4-rep2/cutoff_3/mapping/HK4-mcf-15_bwa_sort.mpileup, ../TargetSeq-MCF7-HEK4-BE4-rep1/cutoff_3/mapping/HK4-mcf-1_bwa_sort.mpileup, ../TargetSeq-MCF7-HEK4-BE4-rep1/cutoff_3/mapping/HK4-mcf-2_bwa_sort.mpileup, ../TargetSeq-MCF7-HEK4-BE4-rep1/cutoff_3/mapping/HK4-mcf-3_bwa_sort.mpileup, ../TargetSeq-MCF7-HEK4-BE4-rep1/cutoff_3/mapping/HK4-mcf-4_bwa_sort.mpileup, ../TargetSeq-MCF7-HEK4-BE4-rep1/cutoff_3/mapping/HK4-mcf-5_bwa_sort.mpileup, ../TargetSeq-MCF7-HEK4-BE4-rep1/cutoff_3/mapping/HK4-mcf-6_bwa_sort.mpileup, ../TargetSeq-MCF7-HEK4-BE4-rep1/cutoff_3/mapping/HK4-mcf-7_bwa_sort.mpileup, ../TargetSeq-MCF7-HEK4-BE4-rep1/cutoff_3/mapping/HK4-mcf-8_bwa_sort.mpileup, ../TargetSeq-MCF7-HEK4-BE4-rep1/cutoff_3/mapping/HK4-mcf-9_bwa_sort.mpileup, ../TargetSeq-MCF7-HEK4-BE4-rep1/cutoff_3/mapping/HK4-mcf-10_bwa_sort.mpileup, ../TargetSeq-MCF7-HEK4-BE4-rep1/cutoff_3/mapping/HK4-mcf-11_bwa_sort.mpileup, ../TargetSeq-MCF7-HEK4-BE4-rep1/cutoff_3/mapping/HK4-mcf-12_bwa_sort.mpileup, ../TargetSeq-MCF7-HEK4-BE4-rep1/cutoff_3/mapping/HK4-mcf-13_bwa_sort.mpileup, ../TargetSeq-MCF7-HEK4-BE4-rep1/cutoff_3/mapping/HK4-mcf-14_bwa_sort.mpileup, ../TargetSeq-MCF7-HEK4-BE4-rep1/cutoff_3/mapping/HK4-mcf-15_bwa_sort.mpileup, ../TargetSeq-MCF7-HEK4-BE4-rep2/cutoff_3/mapping/HK4-mcf-1_bwa_sort.mpileup, ../TargetSeq-MCF7-HEK4-BE4-rep2/cutoff_3/mapping/HK4-mcf-2_bwa_sort.mpileup, ../TargetSeq-MCF7-HEK4-BE4-rep2/cutoff_3/mapping/HK4-mcf-3_bwa_sort.mpileup, ../TargetSeq-MCF7-HEK4-BE4-rep2/cutoff_3/mapping/HK4-mcf-4_bwa_sort.mpileup, ../TargetSeq-MCF7-HEK4-BE4-rep2/cutoff_3/mapping/HK4-mcf-5_bwa_sort.mpileup, ../TargetSeq-MCF7-HEK4-BE4-rep2/cutoff_3/mapping/HK4-mcf-6_bwa_sort.mpileup, ../TargetSeq-MCF7-HEK4-BE4-rep2/cutoff_3/mapping/HK4-mcf-7_bwa_sort.mpileup, ../TargetSeq-MCF7-HEK4-BE4-rep2/cutoff_3/mapping/HK4-mcf-8_bwa_sort.mpileup, ../TargetSeq-MCF7-HEK4-BE4-rep2/cutoff_3/mapping/HK4-mcf-9_bwa_sort.mpileup, ../TargetSeq-MCF7-HEK4-BE4-rep2/cutoff_3/mapping/HK4-mcf-10_bwa_sort.mpileup, ../TargetSeq-MCF7-HEK4-BE4-rep2/cutoff_3/mapping/HK4-mcf-11_bwa_sort.mpileup, ../TargetSeq-MCF7-HEK4-BE4-rep2/cutoff_3/mapping/HK4-mcf-12_bwa_sort.mpileup, ../TargetSeq-MCF7-HEK4-BE4-rep2/cutoff_3/mapping/HK4-mcf-13_bwa_sort.mpileup, ../TargetSeq-MCF7-HEK4-BE4-rep2/cutoff_3/mapping/HK4-mcf-14_bwa_sort.mpileup, ../TargetSeq-MCF7-HEK4-BE4-rep2/cutoff_3/mapping/HK4-mcf-15_bwa_sort.mpileup, ../TargetSeq-293T-HEK4-BE4-rep1/cutoff_3/mapping/HK4-mcf-1_bwa_sort.bmat, ../TargetSeq-293T-HEK4-BE4-rep1/cutoff_3/mapping/HK4-mcf-2_bwa_sort.bmat, ../TargetSeq-293T-HEK4-BE4-rep1/cutoff_3/mapping/HK4-mcf-3_bwa_sort.bmat, ../TargetSeq-293T-HEK4-BE4-rep1/cutoff_3/mapping/HK4-mcf-4_bwa_sort.bmat, ../TargetSeq-293T-HEK4-BE4-rep1/cutoff_3/mapping/HK4-mcf-5_bwa_sort.bmat, ../TargetSeq-293T-HEK4-BE4-rep1/cutoff_3/mapping/HK4-mcf-6_bwa_sort.bmat, ../TargetSeq-293T-HEK4-BE4-rep1/cutoff_3/mapping/HK4-mcf-7_bwa_sort.bmat, ../TargetSeq-293T-HEK4-BE4-rep1/cutoff_3/mapping/HK4-mcf-8_bwa_sort.bmat, ../TargetSeq-293T-HEK4-BE4-rep1/cutoff_3/mapping/HK4-mcf-9_bwa_sort.bmat, ../TargetSeq-293T-HEK4-BE4-rep1/cutoff_3/mapping/HK4-mcf-10_bwa_sort.bmat, ../TargetSeq-293T-HEK4-BE4-rep1/cutoff_3/mapping/HK4-mcf-11_bwa_sort.bmat, ../TargetSeq-293T-HEK4-BE4-rep1/cutoff_3/mapping/HK4-mcf-12_bwa_sort.bmat, ../TargetSeq-293T-HEK4-BE4-rep1/cutoff_3/mapping/HK4-mcf-13_bwa_sort.bmat, ../TargetSeq-293T-HEK4-BE4-rep1/cutoff_3/mapping/HK4-mcf-14_bwa_sort.bmat, ../TargetSeq-293T-HEK4-BE4-rep1/cutoff_3/mapping/HK4-mcf-15_bwa_sort.bmat, ../TargetSeq-293T-HEK4-BE4-rep2/cutoff_3/mapping/HK4-mcf-1_bwa_sort.bmat, ../TargetSeq-293T-HEK4-BE4-rep2/cutoff_3/mapping/HK4-mcf-2_bwa_sort.bmat, ../TargetSeq-293T-HEK4-BE4-rep2/cutoff_3/mapping/HK4-mcf-3_bwa_sort.bmat, ../TargetSeq-293T-HEK4-BE4-rep2/cutoff_3/mapping/HK4-mcf-4_bwa_sort.bmat, ../TargetSeq-293T-HEK4-BE4-rep2/cutoff_3/mapping/HK4-mcf-5_bwa_sort.bmat, ../TargetSeq-293T-HEK4-BE4-rep2/cutoff_3/mapping/HK4-mcf-6_bwa_sort.bmat, ../TargetSeq-293T-HEK4-BE4-rep2/cutoff_3/mapping/HK4-mcf-7_bwa_sort.bmat, ../TargetSeq-293T-HEK4-BE4-rep2/cutoff_3/mapping/HK4-mcf-8_bwa_sort.bmat, ../TargetSeq-293T-HEK4-BE4-rep2/cutoff_3/mapping/HK4-mcf-9_bwa_sort.bmat, ../TargetSeq-293T-HEK4-BE4-rep2/cutoff_3/mapping/HK4-mcf-10_bwa_sort.bmat, ../TargetSeq-293T-HEK4-BE4-rep2/cutoff_3/mapping/HK4-mcf-11_bwa_sort.bmat, ../TargetSeq-293T-HEK4-BE4-rep2/cutoff_3/mapping/HK4-mcf-12_bwa_sort.bmat, ../TargetSeq-293T-HEK4-BE4-rep2/cutoff_3/mapping/HK4-mcf-13_bwa_sort.bmat, ../TargetSeq-293T-HEK4-BE4-rep2/cutoff_3/mapping/HK4-mcf-14_bwa_sort.bmat, ../TargetSeq-293T-HEK4-BE4-rep2/cutoff_3/mapping/HK4-mcf-15_bwa_sort.bmat, ../TargetSeq-MCF7-HEK4-BE4-rep1/cutoff_3/mapping/HK4-mcf-1_bwa_sort.bmat, ../TargetSeq-MCF7-HEK4-BE4-rep1/cutoff_3/mapping/HK4-mcf-2_bwa_sort.bmat, ../TargetSeq-MCF7-HEK4-BE4-rep1/cutoff_3/mapping/HK4-mcf-3_bwa_sort.bmat, ../TargetSeq-MCF7-HEK4-BE4-rep1/cutoff_3/mapping/HK4-mcf-4_bwa_sort.bmat, ../TargetSeq-MCF7-HEK4-BE4-rep1/cutoff_3/mapping/HK4-mcf-5_bwa_sort.bmat, ../TargetSeq-MCF7-HEK4-BE4-rep1/cutoff_3/mapping/HK4-mcf-6_bwa_sort.bmat, ../TargetSeq-MCF7-HEK4-BE4-rep1/cutoff_3/mapping/HK4-mcf-7_bwa_sort.bmat, ../TargetSeq-MCF7-HEK4-BE4-rep1/cutoff_3/mapping/HK4-mcf-8_bwa_sort.bmat, ../TargetSeq-MCF7-HEK4-BE4-rep1/cutoff_3/mapping/HK4-mcf-9_bwa_sort.bmat, ../TargetSeq-MCF7-HEK4-BE4-rep1/cutoff_3/mapping/HK4-mcf-10_bwa_sort.bmat, ../TargetSeq-MCF7-HEK4-BE4-rep1/cutoff_3/mapping/HK4-mcf-11_bwa_sort.bmat, ../TargetSeq-MCF7-HEK4-BE4-rep1/cutoff_3/mapping/HK4-mcf-12_bwa_sort.bmat, ../TargetSeq-MCF7-HEK4-BE4-rep1/cutoff_3/mapping/HK4-mcf-13_bwa_sort.bmat, ../TargetSeq-MCF7-HEK4-BE4-rep1/cutoff_3/mapping/HK4-mcf-14_bwa_sort.bmat, ../TargetSeq-MCF7-HEK4-BE4-rep1/cutoff_3/mapping/HK4-mcf-15_bwa_sort.bmat, ../TargetSeq-MCF7-HEK4-BE4-rep2/cutoff_3/mapping/HK4-mcf-1_bwa_sort.bmat, ../TargetSeq-MCF7-HEK4-BE4-rep2/cutoff_3/mapping/HK4-mcf-2_bwa_sort.bmat, ../TargetSeq-MCF7-HEK4-BE4-rep2/cutoff_3/mapping/HK4-mcf-3_bwa_sort.bmat, ../TargetSeq-MCF7-HEK4-BE4-rep2/cutoff_3/mapping/HK4-mcf-4_bwa_sort.bmat, ../TargetSeq-MCF7-HEK4-BE4-rep2/cutoff_3/mapping/HK4-mcf-5_bwa_sort.bmat, ../TargetSeq-MCF7-HEK4-BE4-rep2/cutoff_3/mapping/HK4-mcf-6_bwa_sort.bmat, ../TargetSeq-MCF7-HEK4-BE4-rep2/cutoff_3/mapping/HK4-mcf-7_bwa_sort.bmat, ../TargetSeq-MCF7-HEK4-BE4-rep2/cutoff_3/mapping/HK4-mcf-8_bwa_sort.bmat, ../TargetSeq-MCF7-HEK4-BE4-rep2/cutoff_3/mapping/HK4-mcf-9_bwa_sort.bmat, ../TargetSeq-MCF7-HEK4-BE4-rep2/cutoff_3/mapping/HK4-mcf-10_bwa_sort.bmat, ../TargetSeq-MCF7-HEK4-BE4-rep2/cutoff_3/mapping/HK4-mcf-11_bwa_sort.bmat, ../TargetSeq-MCF7-HEK4-BE4-rep2/cutoff_3/mapping/HK4-mcf-12_bwa_sort.bmat, ../TargetSeq-MCF7-HEK4-BE4-rep2/cutoff_3/mapping/HK4-mcf-13_bwa_sort.bmat, ../TargetSeq-MCF7-HEK4-BE4-rep2/cutoff_3/mapping/HK4-mcf-14_bwa_sort.bmat, ../TargetSeq-MCF7-HEK4-BE4-rep2/cutoff_3/mapping/HK4-mcf-15_bwa_sort.bmat, ../all_plot/cutoff_3.ext50/TargetSeq-293T-HEK4-BE4-rep1_HK4-mcf-1_cutoff_3_indel.ext50.pdf, ../all_plot/cutoff_3.ext50/TargetSeq-293T-HEK4-BE4-rep1_HK4-mcf-2_cutoff_3_indel.ext50.pdf, ../all_plot/cutoff_3.ext50/TargetSeq-293T-HEK4-BE4-rep1_HK4-mcf-3_cutoff_3_indel.ext50.pdf, ../all_plot/cutoff_3.ext50/TargetSeq-293T-HEK4-BE4-rep1_HK4-mcf-4_cutoff_3_indel.ext50.pdf, ../all_plot/cutoff_3.ext50/TargetSeq-293T-HEK4-BE4-rep1_HK4-mcf-5_cutoff_3_indel.ext50.pdf, ../all_plot/cutoff_3.ext50/TargetSeq-293T-HEK4-BE4-rep1_HK4-mcf-6_cutoff_3_indel.ext50.pdf, ../all_plot/cutoff_3.ext50/TargetSeq-293T-HEK4-BE4-rep1_HK4-mcf-7_cutoff_3_indel.ext50.pdf, ../all_plot/cutoff_3.ext50/TargetSeq-293T-HEK4-BE4-rep1_HK4-mcf-8_cutoff_3_indel.ext50.pdf, ../all_plot/cutoff_3.ext50/TargetSeq-293T-HEK4-BE4-rep1_HK4-mcf-9_cutoff_3_indel.ext50.pdf, ../all_plot/cutoff_3.ext50/TargetSeq-293T-HEK4-BE4-rep1_HK4-mcf-10_cutoff_3_indel.ext50.pdf, ../all_plot/cutoff_3.ext50/TargetSeq-293T-HEK4-BE4-rep1_HK4-mcf-11_cutoff_3_indel.ext50.pdf, ../all_plot/cutoff_3.ext50/TargetSeq-293T-HEK4-BE4-rep1_HK4-mcf-12_cutoff_3_indel.ext50.pdf, ../all_plot/cutoff_3.ext50/TargetSeq-293T-HEK4-BE4-rep1_HK4-mcf-13_cutoff_3_indel.ext50.pdf, ../all_plot/cutoff_3.ext50/TargetSeq-293T-HEK4-BE4-rep1_HK4-mcf-14_cutoff_3_indel.ext50.pdf, ../all_plot/cutoff_3.ext50/TargetSeq-293T-HEK4-BE4-rep1_HK4-mcf-15_cutoff_3_indel.ext50.pdf, ../all_plot/cutoff_3.ext50/TargetSeq-293T-HEK4-BE4-rep2_HK4-mcf-1_cutoff_3_indel.ext50.pdf, ../all_plot/cutoff_3.ext50/TargetSeq-293T-HEK4-BE4-rep2_HK4-mcf-2_cutoff_3_indel.ext50.pdf, ../all_plot/cutoff_3.ext50/TargetSeq-293T-HEK4-BE4-rep2_HK4-mcf-3_cutoff_3_indel.ext50.pdf, ../all_plot/cutoff_3.ext50/TargetSeq-293T-HEK4-BE4-rep2_HK4-mcf-4_cutoff_3_indel.ext50.pdf, ../all_plot/cutoff_3.ext50/TargetSeq-293T-HEK4-BE4-rep2_HK4-mcf-5_cutoff_3_indel.ext50.pdf, ../all_plot/cutoff_3.ext50/TargetSeq-293T-HEK4-BE4-rep2_HK4-mcf-6_cutoff_3_indel.ext50.pdf, ../all_plot/cutoff_3.ext50/TargetSeq-293T-HEK4-BE4-rep2_HK4-mcf-7_cutoff_3_indel.ext50.pdf, ../all_plot/cutoff_3.ext50/TargetSeq-293T-HEK4-BE4-rep2_HK4-mcf-8_cutoff_3_indel.ext50.pdf, ../all_plot/cutoff_3.ext50/TargetSeq-293T-HEK4-BE4-rep2_HK4-mcf-9_cutoff_3_indel.ext50.pdf, ../all_plot/cutoff_3.ext50/TargetSeq-293T-HEK4-BE4-rep2_HK4-mcf-10_cutoff_3_indel.ext50.pdf, ../all_plot/cutoff_3.ext50/TargetSeq-293T-HEK4-BE4-rep2_HK4-mcf-11_cutoff_3_indel.ext50.pdf, ../all_plot/cutoff_3.ext50/TargetSeq-293T-HEK4-BE4-rep2_HK4-mcf-12_cutoff_3_indel.ext50.pdf, ../all_plot/cutoff_3.ext50/TargetSeq-293T-HEK4-BE4-rep2_HK4-mcf-13_cutoff_3_indel.ext50.pdf, ../all_plot/cutoff_3.ext50/TargetSeq-293T-HEK4-BE4-rep2_HK4-mcf-14_cutoff_3_indel.ext50.pdf, ../all_plot/cutoff_3.ext50/TargetSeq-293T-HEK4-BE4-rep2_HK4-mcf-15_cutoff_3_indel.ext50.pdf, ../all_plot/cutoff_3.ext50/TargetSeq-MCF7-HEK4-BE4-rep1_HK4-mcf-1_cutoff_3_indel.ext50.pdf, ../all_plot/cutoff_3.ext50/TargetSeq-MCF7-HEK4-BE4-rep1_HK4-mcf-2_cutoff_3_indel.ext50.pdf, ../all_plot/cutoff_3.ext50/TargetSeq-MCF7-HEK4-BE4-rep1_HK4-mcf-3_cutoff_3_indel.ext50.pdf, ../all_plot/cutoff_3.ext50/TargetSeq-MCF7-HEK4-BE4-rep1_HK4-mcf-4_cutoff_3_indel.ext50.pdf, ../all_plot/cutoff_3.ext50/TargetSeq-MCF7-HEK4-BE4-rep1_HK4-mcf-5_cutoff_3_indel.ext50.pdf, ../all_plot/cutoff_3.ext50/TargetSeq-MCF7-HEK4-BE4-rep1_HK4-mcf-6_cutoff_3_indel.ext50.pdf, ../all_plot/cutoff_3.ext50/TargetSeq-MCF7-HEK4-BE4-rep1_HK4-mcf-7_cutoff_3_indel.ext50.pdf, ../all_plot/cutoff_3.ext50/TargetSeq-MCF7-HEK4-BE4-rep1_HK4-mcf-8_cutoff_3_indel.ext50.pdf, ../all_plot/cutoff_3.ext50/TargetSeq-MCF7-HEK4-BE4-rep1_HK4-mcf-9_cutoff_3_indel.ext50.pdf, ../all_plot/cutoff_3.ext50/TargetSeq-MCF7-HEK4-BE4-rep1_HK4-mcf-10_cutoff_3_indel.ext50.pdf, ../all_plot/cutoff_3.ext50/TargetSeq-MCF7-HEK4-BE4-rep1_HK4-mcf-11_cutoff_3_indel.ext50.pdf, ../all_plot/cutoff_3.ext50/TargetSeq-MCF7-HEK4-BE4-rep1_HK4-mcf-12_cutoff_3_indel.ext50.pdf, ../all_plot/cutoff_3.ext50/TargetSeq-MCF7-HEK4-BE4-rep1_HK4-mcf-13_cutoff_3_indel.ext50.pdf, ../all_plot/cutoff_3.ext50/TargetSeq-MCF7-HEK4-BE4-rep1_HK4-mcf-14_cutoff_3_indel.ext50.pdf, ../all_plot/cutoff_3.ext50/TargetSeq-MCF7-HEK4-BE4-rep1_HK4-mcf-15_cutoff_3_indel.ext50.pdf, ../all_plot/cutoff_3.ext50/TargetSeq-MCF7-HEK4-BE4-rep2_HK4-mcf-1_cutoff_3_indel.ext50.pdf, ../all_plot/cutoff_3.ext50/TargetSeq-MCF7-HEK4-BE4-rep2_HK4-mcf-2_cutoff_3_indel.ext50.pdf, ../all_plot/cutoff_3.ext50/TargetSeq-MCF7-HEK4-BE4-rep2_HK4-mcf-3_cutoff_3_indel.ext50.pdf, ../all_plot/cutoff_3.ext50/TargetSeq-MCF7-HEK4-BE4-rep2_HK4-mcf-4_cutoff_3_indel.ext50.pdf, ../all_plot/cutoff_3.ext50/TargetSeq-MCF7-HEK4-BE4-rep2_HK4-mcf-5_cutoff_3_indel.ext50.pdf, ../all_plot/cutoff_3.ext50/TargetSeq-MCF7-HEK4-BE4-rep2_HK4-mcf-6_cutoff_3_indel.ext50.pdf, ../all_plot/cutoff_3.ext50/TargetSeq-MCF7-HEK4-BE4-rep2_HK4-mcf-7_cutoff_3_indel.ext50.pdf, ../all_plot/cutoff_3.ext50/TargetSeq-MCF7-HEK4-BE4-rep2_HK4-mcf-8_cutoff_3_indel.ext50.pdf, ../all_plot/cutoff_3.ext50/TargetSeq-MCF7-HEK4-BE4-rep2_HK4-mcf-9_cutoff_3_indel.ext50.pdf, ../all_plot/cutoff_3.ext50/TargetSeq-MCF7-HEK4-BE4-rep2_HK4-mcf-10_cutoff_3_indel.ext50.pdf, ../all_plot/cutoff_3.ext50/TargetSeq-MCF7-HEK4-BE4-rep2_HK4-mcf-11_cutoff_3_indel.ext50.pdf, ../all_plot/cutoff_3.ext50/TargetSeq-MCF7-HEK4-BE4-rep2_HK4-mcf-12_cutoff_3_indel.ext50.pdf, ../all_plot/cutoff_3.ext50/TargetSeq-MCF7-HEK4-BE4-rep2_HK4-mcf-13_cutoff_3_indel.ext50.pdf, ../all_plot/cutoff_3.ext50/TargetSeq-MCF7-HEK4-BE4-rep2_HK4-mcf-14_cutoff_3_indel.ext50.pdf, ../all_plot/cutoff_3.ext50/TargetSeq-MCF7-HEK4-BE4-rep2_HK4-mcf-15_cutoff_3_indel.ext50.pdf
    jobid: 0

[Fri Jul 31 01:58:54 2020]
Finished job 0.
61 of 61 steps (100%) done
Complete log: /gpfs/user/zhaohuanan/3.project/7.2020-08_practice_Target-seq/snakepipes_target-seq-from-table-to-plot/.snakemake/log/2020-07-31T014949.554229.snakemake.log
