Building DAG of jobs...
MissingInputException in line 39 of /gpfs/user/zhaohuanan/3.project/14.2020-10_1010_TargetSeq-GBE-DdCBE_recheck/snakepipes_target-seq-from-table-to-plot/snk.07.for_igv_check.py:
Missing input files for rule all:
../igv/TargetSeq-7/cutoff_10/mapping/MTND4P12-N4_bwa_sort.bmat
../igv/all_plot/cutoff_10.ext50/TargetSeq-5_MTND4P12-N4_cutoff_10_indel.ext50.pdf
../igv/TargetSeq-5/cutoff_10/mapping/MTND4P12-N4_bwa_sort.mpileup
../igv/TargetSeq-5/cutoff_10/mapping/VEGFA-Off-Target-3_bwa_sort.mpileup
../igv/TargetSeq-6/cutoff_10/mapping/VEGFA-Off-Target-6_bwa_sort.bmat
../igv/all_plot/cutoff_10.ext50/TargetSeq-5_VEGFA-Off-Target-6_cutoff_10_indel.ext50.pdf
../igv/TargetSeq-7/cutoff_10/mapping/VEGFA-Off-Target-2_bwa_sort.mpileup
../igv/all_plot/cutoff_10.ext50/TargetSeq-7_VEGFA-OffNo-GDNo-08_cutoff_10_indel.ext50.pdf
../igv/all_plot/cutoff_10.ext50/TargetSeq-6_VEGFA-Off-Target-3_cutoff_10_indel.ext50.pdf
../igv/all_plot/cutoff_10.ext50/TargetSeq-5_VEGFA-On-Target_cutoff_10_indel.ext50.pdf
../igv/TargetSeq-7/cutoff_10/mapping/VEGFA-OffNo-GDNo-08_bwa_sort.bmat
../igv/all_plot/cutoff_10.ext50/TargetSeq-6_VEGFA-Off-Target-2_cutoff_10_indel.ext50.pdf
../igv/TargetSeq-7/cutoff_10/mapping/VEGFA-Off-Target-7_bwa_sort.mpileup
../igv/TargetSeq-5/cutoff_10/mapping/VEGFA-On-Target_bwa_sort.mpileup
../igv/all_plot/cutoff_10.ext50/TargetSeq-6_VEGFA-On-Target_cutoff_10_indel.ext50.pdf
../igv/TargetSeq-5/cutoff_10/mapping/VEGFA-Off-Target-6_bwa_sort.mpileup
../igv/all_plot/cutoff_10.ext50/TargetSeq-7_VEGFA-Off-Target-2_cutoff_10_indel.ext50.pdf
../igv/TargetSeq-5/cutoff_10/mapping/VEGFA-OffNo-GDNo-08_bwa_sort.bmat
../igv/TargetSeq-5/cutoff_10/mapping/VEGFA-On-Target_bwa_sort.bmat
../igv/all_plot/cutoff_10.ext50/TargetSeq-5_VEGFA-OffNo-GDNo-08_cutoff_10_indel.ext50.pdf
../igv/all_plot/cutoff_10.ext50/TargetSeq-7_VEGFA-Off-Target-7_cutoff_10_indel.ext50.pdf
../igv/TargetSeq-6/cutoff_10/mapping/VEGFA-Off-Target-2_bwa_sort.mpileup
../igv/all_plot/cutoff_10.ext50/TargetSeq-6_VEGFA-Off-Target-6_cutoff_10_indel.ext50.pdf
../igv/TargetSeq-7/cutoff_10/mapping/VEGFA-Off-Target-7_bwa_sort.bmat
../igv/TargetSeq-6/cutoff_10/mapping/VEGFA-OffNo-GDNo-08_bwa_sort.bmat
../igv/all_plot/cutoff_10.ext50/TargetSeq-6_VEGFA-OffNo-GDNo-08_cutoff_10_indel.ext50.pdf
../igv/TargetSeq-6/cutoff_10/mapping/VEGFA-Off-Target-3_bwa_sort.bmat
../igv/TargetSeq-6/cutoff_10/mapping/VEGFA-Off-Target-6_bwa_sort.mpileup
../igv/all_plot/cutoff_10.ext50/TargetSeq-7_VEGFA-On-Target_cutoff_10_indel.ext50.pdf
../igv/TargetSeq-6/cutoff_10/mapping/VEGFA-Off-Target-2_bwa_sort.bmat
../igv/TargetSeq-5/cutoff_10/mapping/VEGFA-Off-Target-7_bwa_sort.mpileup
../igv/TargetSeq-7/cutoff_10/mapping/MTND4P12-N4_bwa_sort.mpileup
../igv/TargetSeq-5/cutoff_10/mapping/MTND4P12-N4_bwa_sort.bmat
../igv/all_plot/cutoff_10.ext50/TargetSeq-5_VEGFA-Off-Target-2_cutoff_10_indel.ext50.pdf
../igv/all_plot/cutoff_10.ext50/TargetSeq-7_VEGFA-Off-Target-3_cutoff_10_indel.ext50.pdf
../igv/all_plot/cutoff_10.ext50/TargetSeq-7_MTND4P12-N4_cutoff_10_indel.ext50.pdf
../igv/TargetSeq-6/cutoff_10/mapping/VEGFA-Off-Target-3_bwa_sort.mpileup
../igv/TargetSeq-6/cutoff_10/mapping/VEGFA-Off-Target-7_bwa_sort.bmat
../igv/TargetSeq-7/cutoff_10/mapping/VEGFA-On-Target_bwa_sort.bmat
../igv/all_plot/cutoff_10.ext50/TargetSeq-5_VEGFA-Off-Target-3_cutoff_10_indel.ext50.pdf
../igv/TargetSeq-7/cutoff_10/mapping/VEGFA-OffNo-GDNo-08_bwa_sort.mpileup
../igv/all_plot/cutoff_10.ext50/TargetSeq-6_VEGFA-Off-Target-7_cutoff_10_indel.ext50.pdf
../igv/all_plot/cutoff_10.ext50/TargetSeq-6_MTND4P12-N4_cutoff_10_indel.ext50.pdf
../igv/all_plot/cutoff_10.ext50/TargetSeq-7_VEGFA-Off-Target-6_cutoff_10_indel.ext50.pdf
../igv/TargetSeq-5/cutoff_10/mapping/VEGFA-Off-Target-3_bwa_sort.bmat
../igv/TargetSeq-5/cutoff_10/mapping/VEGFA-Off-Target-7_bwa_sort.bmat
../igv/all_plot/cutoff_10.ext50/TargetSeq-5_VEGFA-Off-Target-7_cutoff_10_indel.ext50.pdf
../igv/TargetSeq-5/cutoff_10/mapping/VEGFA-Off-Target-2_bwa_sort.mpileup
../igv/TargetSeq-6/cutoff_10/mapping/VEGFA-On-Target_bwa_sort.mpileup
../igv/TargetSeq-5/cutoff_10/mapping/VEGFA-Off-Target-2_bwa_sort.bmat
../igv/TargetSeq-6/cutoff_10/mapping/MTND4P12-N4_bwa_sort.mpileup
../igv/TargetSeq-7/cutoff_10/mapping/VEGFA-Off-Target-3_bwa_sort.bmat
../igv/TargetSeq-5/cutoff_10/mapping/VEGFA-Off-Target-6_bwa_sort.bmat
../igv/TargetSeq-5/cutoff_10/mapping/VEGFA-OffNo-GDNo-08_bwa_sort.mpileup
../igv/TargetSeq-7/cutoff_10/mapping/VEGFA-Off-Target-2_bwa_sort.bmat
../igv/TargetSeq-7/cutoff_10/mapping/VEGFA-Off-Target-6_bwa_sort.bmat
../igv/TargetSeq-6/cutoff_10/mapping/MTND4P12-N4_bwa_sort.bmat
../igv/TargetSeq-6/cutoff_10/mapping/VEGFA-Off-Target-7_bwa_sort.mpileup
../igv/TargetSeq-7/cutoff_10/mapping/VEGFA-Off-Target-6_bwa_sort.mpileup
../igv/TargetSeq-6/cutoff_10/mapping/VEGFA-On-Target_bwa_sort.bmat
../igv/TargetSeq-7/cutoff_10/mapping/VEGFA-Off-Target-3_bwa_sort.mpileup
../igv/TargetSeq-7/cutoff_10/mapping/VEGFA-On-Target_bwa_sort.mpileup
../igv/TargetSeq-6/cutoff_10/mapping/VEGFA-OffNo-GDNo-08_bwa_sort.mpileup
