Building DAG of jobs...
Using shell: /usr/bin/bash
Provided cores: 24
Rules claiming more threads will be scaled down.
Job counts:
	count	jobs
	1	all
	10	bwa_idex
	10	faidx
	10	getfasta
	10	letter2LETTER
	10	rm_charater_fa
	51

[Fri Oct 16 15:28:51 2020]
rule getfasta:
    input: ../TargetSeq_BED_sample_lib/HEK4-On-Target.bed
    output: ../TargetSeq_BED_sample_lib/HEK4-On-Target.ref.tmp.fa
    jobid: 52
    reason: Updated input files: ../TargetSeq_BED_sample_lib/HEK4-On-Target.bed
    wildcards: sample=HEK4-On-Target


        /home/zhaohuanan/miniconda3/envs/snakepipes_target-seq-from-table-to-plot/bin/bedtools getfasta -nameOnly -s -bed ../TargetSeq_BED_sample_lib/HEK4-On-Target.bed -fi /home/zhaohuanan/zhaohn_HD/2.database/bwa_hg38/hg38_only_chromosome.fa > ../TargetSeq_BED_sample_lib/HEK4-On-Target.ref.tmp.fa
        

[Fri Oct 16 15:28:51 2020]
rule getfasta:
    input: ../TargetSeq_BED_sample_lib/VEGFA-On-Target.bed
    output: ../TargetSeq_BED_sample_lib/VEGFA-On-Target.ref.tmp.fa
    jobid: 66
    reason: Updated input files: ../TargetSeq_BED_sample_lib/VEGFA-On-Target.bed
    wildcards: sample=VEGFA-On-Target


        /home/zhaohuanan/miniconda3/envs/snakepipes_target-seq-from-table-to-plot/bin/bedtools getfasta -nameOnly -s -bed ../TargetSeq_BED_sample_lib/VEGFA-On-Target.bed -fi /home/zhaohuanan/zhaohn_HD/2.database/bwa_hg38/hg38_only_chromosome.fa > ../TargetSeq_BED_sample_lib/VEGFA-On-Target.ref.tmp.fa
        

[Fri Oct 16 15:28:51 2020]
rule getfasta:
    input: ../TargetSeq_BED_sample_lib/PP2-On-Target.bed
    output: ../TargetSeq_BED_sample_lib/PP2-On-Target.ref.tmp.fa
    jobid: 57
    reason: Updated input files: ../TargetSeq_BED_sample_lib/PP2-On-Target.bed
    wildcards: sample=PP2-On-Target


        /home/zhaohuanan/miniconda3/envs/snakepipes_target-seq-from-table-to-plot/bin/bedtools getfasta -nameOnly -s -bed ../TargetSeq_BED_sample_lib/PP2-On-Target.bed -fi /home/zhaohuanan/zhaohn_HD/2.database/bwa_hg38/hg38_only_chromosome.fa > ../TargetSeq_BED_sample_lib/PP2-On-Target.ref.tmp.fa
        

[Fri Oct 16 15:28:51 2020]
rule getfasta:
    input: ../TargetSeq_BED_sample_lib/ABE-Site-7-On.bed
    output: ../TargetSeq_BED_sample_lib/ABE-Site-7-On.ref.tmp.fa
    jobid: 45
    reason: Updated input files: ../TargetSeq_BED_sample_lib/ABE-Site-7-On.bed
    wildcards: sample=ABE-Site-7-On


        /home/zhaohuanan/miniconda3/envs/snakepipes_target-seq-from-table-to-plot/bin/bedtools getfasta -nameOnly -s -bed ../TargetSeq_BED_sample_lib/ABE-Site-7-On.bed -fi /home/zhaohuanan/zhaohn_HD/2.database/bwa_hg38/hg38_only_chromosome.fa > ../TargetSeq_BED_sample_lib/ABE-Site-7-On.ref.tmp.fa
        

[Fri Oct 16 15:28:51 2020]
rule getfasta:
    input: ../TargetSeq_BED_sample_lib/RNF2-ON-Target.bed
    output: ../TargetSeq_BED_sample_lib/RNF2-ON-Target.ref.tmp.fa
    jobid: 59
    reason: Updated input files: ../TargetSeq_BED_sample_lib/RNF2-ON-Target.bed
    wildcards: sample=RNF2-ON-Target


        /home/zhaohuanan/miniconda3/envs/snakepipes_target-seq-from-table-to-plot/bin/bedtools getfasta -nameOnly -s -bed ../TargetSeq_BED_sample_lib/RNF2-ON-Target.bed -fi /home/zhaohuanan/zhaohn_HD/2.database/bwa_hg38/hg38_only_chromosome.fa > ../TargetSeq_BED_sample_lib/RNF2-ON-Target.ref.tmp.fa
        

[Fri Oct 16 15:28:51 2020]
rule getfasta:
    input: ../TargetSeq_BED_sample_lib/HEK4-Guideseq-5.bed
    output: ../TargetSeq_BED_sample_lib/HEK4-Guideseq-5.ref.tmp.fa
    jobid: 51
    reason: Updated input files: ../TargetSeq_BED_sample_lib/HEK4-Guideseq-5.bed
    wildcards: sample=HEK4-Guideseq-5


        /home/zhaohuanan/miniconda3/envs/snakepipes_target-seq-from-table-to-plot/bin/bedtools getfasta -nameOnly -s -bed ../TargetSeq_BED_sample_lib/HEK4-Guideseq-5.bed -fi /home/zhaohuanan/zhaohn_HD/2.database/bwa_hg38/hg38_only_chromosome.fa > ../TargetSeq_BED_sample_lib/HEK4-Guideseq-5.ref.tmp.fa
        
[Fri Oct 16 15:28:51 2020]
Finished job 52.
1 of 51 steps (2%) done
[Fri Oct 16 15:28:51 2020]
Finished job 66.
2 of 51 steps (4%) done
[Fri Oct 16 15:28:51 2020]
Finished job 57.
3 of 51 steps (6%) done
[Fri Oct 16 15:28:51 2020]
Finished job 45.
4 of 51 steps (8%) done

[Fri Oct 16 15:28:51 2020]
rule getfasta:
    input: ../TargetSeq_BED_sample_lib/VEGFA-OffNo-GDNo-12.bed
    output: ../TargetSeq_BED_sample_lib/VEGFA-OffNo-GDNo-12.ref.tmp.fa
    jobid: 65
    reason: Updated input files: ../TargetSeq_BED_sample_lib/VEGFA-OffNo-GDNo-12.bed
    wildcards: sample=VEGFA-OffNo-GDNo-12


        /home/zhaohuanan/miniconda3/envs/snakepipes_target-seq-from-table-to-plot/bin/bedtools getfasta -nameOnly -s -bed ../TargetSeq_BED_sample_lib/VEGFA-OffNo-GDNo-12.bed -fi /home/zhaohuanan/zhaohn_HD/2.database/bwa_hg38/hg38_only_chromosome.fa > ../TargetSeq_BED_sample_lib/VEGFA-OffNo-GDNo-12.ref.tmp.fa
        

[Fri Oct 16 15:28:51 2020]
rule getfasta:
    input: ../TargetSeq_BED_sample_lib/PP6-On-Target.bed
    output: ../TargetSeq_BED_sample_lib/PP6-On-Target.ref.tmp.fa
    jobid: 58
    reason: Updated input files: ../TargetSeq_BED_sample_lib/PP6-On-Target.bed
    wildcards: sample=PP6-On-Target


        /home/zhaohuanan/miniconda3/envs/snakepipes_target-seq-from-table-to-plot/bin/bedtools getfasta -nameOnly -s -bed ../TargetSeq_BED_sample_lib/PP6-On-Target.bed -fi /home/zhaohuanan/zhaohn_HD/2.database/bwa_hg38/hg38_only_chromosome.fa > ../TargetSeq_BED_sample_lib/PP6-On-Target.ref.tmp.fa
        
[Fri Oct 16 15:28:51 2020]
Finished job 59.
5 of 51 steps (10%) done

[Fri Oct 16 15:28:51 2020]
rule getfasta:
    input: ../TargetSeq_BED_sample_lib/VEGFA-Off-Target-2.bed
    output: ../TargetSeq_BED_sample_lib/VEGFA-Off-Target-2.ref.tmp.fa
    jobid: 60
    reason: Updated input files: ../TargetSeq_BED_sample_lib/VEGFA-Off-Target-2.bed
    wildcards: sample=VEGFA-Off-Target-2


        /home/zhaohuanan/miniconda3/envs/snakepipes_target-seq-from-table-to-plot/bin/bedtools getfasta -nameOnly -s -bed ../TargetSeq_BED_sample_lib/VEGFA-Off-Target-2.bed -fi /home/zhaohuanan/zhaohn_HD/2.database/bwa_hg38/hg38_only_chromosome.fa > ../TargetSeq_BED_sample_lib/VEGFA-Off-Target-2.ref.tmp.fa
        
[Fri Oct 16 15:28:51 2020]
Finished job 51.
6 of 51 steps (12%) done

[Fri Oct 16 15:28:51 2020]
rule getfasta:
    input: ../TargetSeq_BED_sample_lib/VEGFA-OffNo-GDNo-08.bed
    output: ../TargetSeq_BED_sample_lib/VEGFA-OffNo-GDNo-08.ref.tmp.fa
    jobid: 64
    reason: Updated input files: ../TargetSeq_BED_sample_lib/VEGFA-OffNo-GDNo-08.bed
    wildcards: sample=VEGFA-OffNo-GDNo-08


        /home/zhaohuanan/miniconda3/envs/snakepipes_target-seq-from-table-to-plot/bin/bedtools getfasta -nameOnly -s -bed ../TargetSeq_BED_sample_lib/VEGFA-OffNo-GDNo-08.bed -fi /home/zhaohuanan/zhaohn_HD/2.database/bwa_hg38/hg38_only_chromosome.fa > ../TargetSeq_BED_sample_lib/VEGFA-OffNo-GDNo-08.ref.tmp.fa
        
[Fri Oct 16 15:28:51 2020]
Finished job 65.
7 of 51 steps (14%) done
[Fri Oct 16 15:28:51 2020]
Finished job 58.
8 of 51 steps (16%) done

[Fri Oct 16 15:28:51 2020]
rule rm_charater_fa:
    input: ../TargetSeq_BED_sample_lib/HEK4-Guideseq-5.ref.tmp.fa
    output: ../TargetSeq_BED_sample_lib/HEK4-Guideseq-5.ref.fa
    jobid: 29
    reason: Input files updated by another job: ../TargetSeq_BED_sample_lib/HEK4-Guideseq-5.ref.tmp.fa
    wildcards: sample=HEK4-Guideseq-5


        awk 'FNR==1{print substr($1, 1, length($1)-3);} FNR==2{print;}' ../TargetSeq_BED_sample_lib/HEK4-Guideseq-5.ref.tmp.fa > ../TargetSeq_BED_sample_lib/HEK4-Guideseq-5.ref.fa
        

[Fri Oct 16 15:28:51 2020]
rule rm_charater_fa:
    input: ../TargetSeq_BED_sample_lib/VEGFA-OffNo-GDNo-12.ref.tmp.fa
    output: ../TargetSeq_BED_sample_lib/VEGFA-OffNo-GDNo-12.ref.fa
    jobid: 43
    reason: Input files updated by another job: ../TargetSeq_BED_sample_lib/VEGFA-OffNo-GDNo-12.ref.tmp.fa
    wildcards: sample=VEGFA-OffNo-GDNo-12


        awk 'FNR==1{print substr($1, 1, length($1)-3);} FNR==2{print;}' ../TargetSeq_BED_sample_lib/VEGFA-OffNo-GDNo-12.ref.tmp.fa > ../TargetSeq_BED_sample_lib/VEGFA-OffNo-GDNo-12.ref.fa
        

[Fri Oct 16 15:28:51 2020]
rule rm_charater_fa:
    input: ../TargetSeq_BED_sample_lib/HEK4-On-Target.ref.tmp.fa
    output: ../TargetSeq_BED_sample_lib/HEK4-On-Target.ref.fa
    jobid: 30
    reason: Input files updated by another job: ../TargetSeq_BED_sample_lib/HEK4-On-Target.ref.tmp.fa
    wildcards: sample=HEK4-On-Target


        awk 'FNR==1{print substr($1, 1, length($1)-3);} FNR==2{print;}' ../TargetSeq_BED_sample_lib/HEK4-On-Target.ref.tmp.fa > ../TargetSeq_BED_sample_lib/HEK4-On-Target.ref.fa
        
[Fri Oct 16 15:28:51 2020]
Finished job 60.
9 of 51 steps (18%) done
[Fri Oct 16 15:28:51 2020]
Finished job 64.
10 of 51 steps (20%) done
[Fri Oct 16 15:28:51 2020]
Finished job 29.
11 of 51 steps (22%) done

[Fri Oct 16 15:28:51 2020]
rule rm_charater_fa:
    input: ../TargetSeq_BED_sample_lib/VEGFA-On-Target.ref.tmp.fa
    output: ../TargetSeq_BED_sample_lib/VEGFA-On-Target.ref.fa
    jobid: 44
    reason: Input files updated by another job: ../TargetSeq_BED_sample_lib/VEGFA-On-Target.ref.tmp.fa
    wildcards: sample=VEGFA-On-Target


        awk 'FNR==1{print substr($1, 1, length($1)-3);} FNR==2{print;}' ../TargetSeq_BED_sample_lib/VEGFA-On-Target.ref.tmp.fa > ../TargetSeq_BED_sample_lib/VEGFA-On-Target.ref.fa
        

[Fri Oct 16 15:28:51 2020]
rule rm_charater_fa:
    input: ../TargetSeq_BED_sample_lib/PP2-On-Target.ref.tmp.fa
    output: ../TargetSeq_BED_sample_lib/PP2-On-Target.ref.fa
    jobid: 35
    reason: Input files updated by another job: ../TargetSeq_BED_sample_lib/PP2-On-Target.ref.tmp.fa
    wildcards: sample=PP2-On-Target


        awk 'FNR==1{print substr($1, 1, length($1)-3);} FNR==2{print;}' ../TargetSeq_BED_sample_lib/PP2-On-Target.ref.tmp.fa > ../TargetSeq_BED_sample_lib/PP2-On-Target.ref.fa
        
[Fri Oct 16 15:28:51 2020]
Finished job 43.
12 of 51 steps (24%) done

[Fri Oct 16 15:28:51 2020]
rule rm_charater_fa:
    input: ../TargetSeq_BED_sample_lib/ABE-Site-7-On.ref.tmp.fa
    output: ../TargetSeq_BED_sample_lib/ABE-Site-7-On.ref.fa
    jobid: 23
    reason: Input files updated by another job: ../TargetSeq_BED_sample_lib/ABE-Site-7-On.ref.tmp.fa
    wildcards: sample=ABE-Site-7-On


        awk 'FNR==1{print substr($1, 1, length($1)-3);} FNR==2{print;}' ../TargetSeq_BED_sample_lib/ABE-Site-7-On.ref.tmp.fa > ../TargetSeq_BED_sample_lib/ABE-Site-7-On.ref.fa
        
[Fri Oct 16 15:28:51 2020]
Finished job 30.
13 of 51 steps (25%) done

[Fri Oct 16 15:28:51 2020]
rule rm_charater_fa:
    input: ../TargetSeq_BED_sample_lib/RNF2-ON-Target.ref.tmp.fa
    output: ../TargetSeq_BED_sample_lib/RNF2-ON-Target.ref.fa
    jobid: 37
    reason: Input files updated by another job: ../TargetSeq_BED_sample_lib/RNF2-ON-Target.ref.tmp.fa
    wildcards: sample=RNF2-ON-Target


        awk 'FNR==1{print substr($1, 1, length($1)-3);} FNR==2{print;}' ../TargetSeq_BED_sample_lib/RNF2-ON-Target.ref.tmp.fa > ../TargetSeq_BED_sample_lib/RNF2-ON-Target.ref.fa
        
[Fri Oct 16 15:28:51 2020]
Finished job 44.
14 of 51 steps (27%) done
[Fri Oct 16 15:28:51 2020]
Finished job 35.
15 of 51 steps (29%) done

[Fri Oct 16 15:28:51 2020]
rule rm_charater_fa:
    input: ../TargetSeq_BED_sample_lib/VEGFA-Off-Target-2.ref.tmp.fa
    output: ../TargetSeq_BED_sample_lib/VEGFA-Off-Target-2.ref.fa
    jobid: 38
    reason: Input files updated by another job: ../TargetSeq_BED_sample_lib/VEGFA-Off-Target-2.ref.tmp.fa
    wildcards: sample=VEGFA-Off-Target-2


        awk 'FNR==1{print substr($1, 1, length($1)-3);} FNR==2{print;}' ../TargetSeq_BED_sample_lib/VEGFA-Off-Target-2.ref.tmp.fa > ../TargetSeq_BED_sample_lib/VEGFA-Off-Target-2.ref.fa
        

[Fri Oct 16 15:28:51 2020]
rule letter2LETTER:
    input: ../TargetSeq_BED_sample_lib/VEGFA-OffNo-GDNo-12.ref.fa
    output: ../TargetSeq_BED_sample_lib/VEGFA-OffNo-GDNo-12.ref.upper.fa
    jobid: 87
    reason: Input files updated by another job: ../TargetSeq_BED_sample_lib/VEGFA-OffNo-GDNo-12.ref.fa
    wildcards: sample=VEGFA-OffNo-GDNo-12


        cat ../TargetSeq_BED_sample_lib/VEGFA-OffNo-GDNo-12.ref.fa | awk '{print toupper($0)}' > ../TargetSeq_BED_sample_lib/VEGFA-OffNo-GDNo-12.ref.upper.fa
        
[Fri Oct 16 15:28:51 2020]
Finished job 23.
16 of 51 steps (31%) done

[Fri Oct 16 15:28:51 2020]
rule letter2LETTER:
    input: ../TargetSeq_BED_sample_lib/HEK4-Guideseq-5.ref.fa
    output: ../TargetSeq_BED_sample_lib/HEK4-Guideseq-5.ref.upper.fa
    jobid: 73
    reason: Input files updated by another job: ../TargetSeq_BED_sample_lib/HEK4-Guideseq-5.ref.fa
    wildcards: sample=HEK4-Guideseq-5


        cat ../TargetSeq_BED_sample_lib/HEK4-Guideseq-5.ref.fa | awk '{print toupper($0)}' > ../TargetSeq_BED_sample_lib/HEK4-Guideseq-5.ref.upper.fa
        
[Fri Oct 16 15:28:51 2020]
Finished job 37.
17 of 51 steps (33%) done

[Fri Oct 16 15:28:51 2020]
rule rm_charater_fa:
    input: ../TargetSeq_BED_sample_lib/VEGFA-OffNo-GDNo-08.ref.tmp.fa
    output: ../TargetSeq_BED_sample_lib/VEGFA-OffNo-GDNo-08.ref.fa
    jobid: 42
    reason: Input files updated by another job: ../TargetSeq_BED_sample_lib/VEGFA-OffNo-GDNo-08.ref.tmp.fa
    wildcards: sample=VEGFA-OffNo-GDNo-08


        awk 'FNR==1{print substr($1, 1, length($1)-3);} FNR==2{print;}' ../TargetSeq_BED_sample_lib/VEGFA-OffNo-GDNo-08.ref.tmp.fa > ../TargetSeq_BED_sample_lib/VEGFA-OffNo-GDNo-08.ref.fa
        
[Fri Oct 16 15:28:51 2020]
Finished job 38.
18 of 51 steps (35%) done
[Fri Oct 16 15:28:51 2020]
Finished job 87.
19 of 51 steps (37%) done

[Fri Oct 16 15:28:51 2020]
rule letter2LETTER:
    input: ../TargetSeq_BED_sample_lib/HEK4-On-Target.ref.fa
    output: ../TargetSeq_BED_sample_lib/HEK4-On-Target.ref.upper.fa
    jobid: 74
    reason: Input files updated by another job: ../TargetSeq_BED_sample_lib/HEK4-On-Target.ref.fa
    wildcards: sample=HEK4-On-Target


        cat ../TargetSeq_BED_sample_lib/HEK4-On-Target.ref.fa | awk '{print toupper($0)}' > ../TargetSeq_BED_sample_lib/HEK4-On-Target.ref.upper.fa
        

[Fri Oct 16 15:28:51 2020]
rule letter2LETTER:
    input: ../TargetSeq_BED_sample_lib/VEGFA-On-Target.ref.fa
    output: ../TargetSeq_BED_sample_lib/VEGFA-On-Target.ref.upper.fa
    jobid: 88
    reason: Input files updated by another job: ../TargetSeq_BED_sample_lib/VEGFA-On-Target.ref.fa
    wildcards: sample=VEGFA-On-Target


        cat ../TargetSeq_BED_sample_lib/VEGFA-On-Target.ref.fa | awk '{print toupper($0)}' > ../TargetSeq_BED_sample_lib/VEGFA-On-Target.ref.upper.fa
        

[Fri Oct 16 15:28:51 2020]
rule rm_charater_fa:
    input: ../TargetSeq_BED_sample_lib/PP6-On-Target.ref.tmp.fa
    output: ../TargetSeq_BED_sample_lib/PP6-On-Target.ref.fa
    jobid: 36
    reason: Input files updated by another job: ../TargetSeq_BED_sample_lib/PP6-On-Target.ref.tmp.fa
    wildcards: sample=PP6-On-Target


        awk 'FNR==1{print substr($1, 1, length($1)-3);} FNR==2{print;}' ../TargetSeq_BED_sample_lib/PP6-On-Target.ref.tmp.fa > ../TargetSeq_BED_sample_lib/PP6-On-Target.ref.fa
        
[Fri Oct 16 15:28:51 2020]
Finished job 73.
20 of 51 steps (39%) done
[Fri Oct 16 15:28:51 2020]
Finished job 42.
21 of 51 steps (41%) done

[Fri Oct 16 15:28:51 2020]
rule letter2LETTER:
    input: ../TargetSeq_BED_sample_lib/PP2-On-Target.ref.fa
    output: ../TargetSeq_BED_sample_lib/PP2-On-Target.ref.upper.fa
    jobid: 79
    reason: Input files updated by another job: ../TargetSeq_BED_sample_lib/PP2-On-Target.ref.fa
    wildcards: sample=PP2-On-Target


        cat ../TargetSeq_BED_sample_lib/PP2-On-Target.ref.fa | awk '{print toupper($0)}' > ../TargetSeq_BED_sample_lib/PP2-On-Target.ref.upper.fa
        
[Fri Oct 16 15:28:51 2020]
Finished job 74.
22 of 51 steps (43%) done

[Fri Oct 16 15:28:51 2020]
rule letter2LETTER:
    input: ../TargetSeq_BED_sample_lib/ABE-Site-7-On.ref.fa
    output: ../TargetSeq_BED_sample_lib/ABE-Site-7-On.ref.upper.fa
    jobid: 67
    reason: Input files updated by another job: ../TargetSeq_BED_sample_lib/ABE-Site-7-On.ref.fa
    wildcards: sample=ABE-Site-7-On


        cat ../TargetSeq_BED_sample_lib/ABE-Site-7-On.ref.fa | awk '{print toupper($0)}' > ../TargetSeq_BED_sample_lib/ABE-Site-7-On.ref.upper.fa
        
[Fri Oct 16 15:28:51 2020]
Finished job 88.
23 of 51 steps (45%) done

[Fri Oct 16 15:28:51 2020]
rule letter2LETTER:
    input: ../TargetSeq_BED_sample_lib/RNF2-ON-Target.ref.fa
    output: ../TargetSeq_BED_sample_lib/RNF2-ON-Target.ref.upper.fa
    jobid: 81
    reason: Input files updated by another job: ../TargetSeq_BED_sample_lib/RNF2-ON-Target.ref.fa
    wildcards: sample=RNF2-ON-Target


        cat ../TargetSeq_BED_sample_lib/RNF2-ON-Target.ref.fa | awk '{print toupper($0)}' > ../TargetSeq_BED_sample_lib/RNF2-ON-Target.ref.upper.fa
        
[Fri Oct 16 15:28:51 2020]
Finished job 36.
24 of 51 steps (47%) done

[Fri Oct 16 15:28:51 2020]
rule faidx:
    input: ../TargetSeq_BED_sample_lib/VEGFA-OffNo-GDNo-12.ref.upper.fa
    output: ../TargetSeq_BED_sample_lib/VEGFA-OffNo-GDNo-12.ref.upper.fa.fai
    jobid: 109
    reason: Input files updated by another job: ../TargetSeq_BED_sample_lib/VEGFA-OffNo-GDNo-12.ref.upper.fa
    wildcards: sample=VEGFA-OffNo-GDNo-12


        /home/zhaohuanan/miniconda3/envs/snakepipes_cutadapt-STARmapping-FPKM-sortBAM/bin/samtools faidx ../TargetSeq_BED_sample_lib/VEGFA-OffNo-GDNo-12.ref.upper.fa
        
[Fri Oct 16 15:28:51 2020]
Finished job 79.
25 of 51 steps (49%) done

[Fri Oct 16 15:28:51 2020]
rule faidx:
    input: ../TargetSeq_BED_sample_lib/HEK4-Guideseq-5.ref.upper.fa
    output: ../TargetSeq_BED_sample_lib/HEK4-Guideseq-5.ref.upper.fa.fai
    jobid: 95
    reason: Input files updated by another job: ../TargetSeq_BED_sample_lib/HEK4-Guideseq-5.ref.upper.fa
    wildcards: sample=HEK4-Guideseq-5


        /home/zhaohuanan/miniconda3/envs/snakepipes_cutadapt-STARmapping-FPKM-sortBAM/bin/samtools faidx ../TargetSeq_BED_sample_lib/HEK4-Guideseq-5.ref.upper.fa
        
[Fri Oct 16 15:28:51 2020]
Finished job 67.
26 of 51 steps (51%) done

[Fri Oct 16 15:28:51 2020]
rule letter2LETTER:
    input: ../TargetSeq_BED_sample_lib/VEGFA-Off-Target-2.ref.fa
    output: ../TargetSeq_BED_sample_lib/VEGFA-Off-Target-2.ref.upper.fa
    jobid: 82
    reason: Input files updated by another job: ../TargetSeq_BED_sample_lib/VEGFA-Off-Target-2.ref.fa
    wildcards: sample=VEGFA-Off-Target-2


        cat ../TargetSeq_BED_sample_lib/VEGFA-Off-Target-2.ref.fa | awk '{print toupper($0)}' > ../TargetSeq_BED_sample_lib/VEGFA-Off-Target-2.ref.upper.fa
        

[Fri Oct 16 15:28:51 2020]
rule faidx:
    input: ../TargetSeq_BED_sample_lib/HEK4-On-Target.ref.upper.fa
    output: ../TargetSeq_BED_sample_lib/HEK4-On-Target.ref.upper.fa.fai
    jobid: 96
    reason: Input files updated by another job: ../TargetSeq_BED_sample_lib/HEK4-On-Target.ref.upper.fa
    wildcards: sample=HEK4-On-Target


        /home/zhaohuanan/miniconda3/envs/snakepipes_cutadapt-STARmapping-FPKM-sortBAM/bin/samtools faidx ../TargetSeq_BED_sample_lib/HEK4-On-Target.ref.upper.fa
        
[Fri Oct 16 15:28:51 2020]
Finished job 81.
27 of 51 steps (53%) done

[Fri Oct 16 15:28:51 2020]
rule bwa_idex:
    input: ../TargetSeq_BED_sample_lib/VEGFA-OffNo-GDNo-12.ref.upper.fa
    output: ../TargetSeq_BED_sample_lib/VEGFA-OffNo-GDNo-12.ref.upper.fa.amb, ../TargetSeq_BED_sample_lib/VEGFA-OffNo-GDNo-12.ref.upper.fa.ann, ../TargetSeq_BED_sample_lib/VEGFA-OffNo-GDNo-12.ref.upper.fa.bwt, ../TargetSeq_BED_sample_lib/VEGFA-OffNo-GDNo-12.ref.upper.fa.pac, ../TargetSeq_BED_sample_lib/VEGFA-OffNo-GDNo-12.ref.upper.fa.sa
    jobid: 131
    reason: Input files updated by another job: ../TargetSeq_BED_sample_lib/VEGFA-OffNo-GDNo-12.ref.upper.fa
    wildcards: sample=VEGFA-OffNo-GDNo-12


        /home/zhaohuanan/miniconda3/envs/snakepipes_target-seq-from-table-to-plot/bin/bwa index ../TargetSeq_BED_sample_lib/VEGFA-OffNo-GDNo-12.ref.upper.fa
        

[Fri Oct 16 15:28:51 2020]
rule bwa_idex:
    input: ../TargetSeq_BED_sample_lib/HEK4-Guideseq-5.ref.upper.fa
    output: ../TargetSeq_BED_sample_lib/HEK4-Guideseq-5.ref.upper.fa.amb, ../TargetSeq_BED_sample_lib/HEK4-Guideseq-5.ref.upper.fa.ann, ../TargetSeq_BED_sample_lib/HEK4-Guideseq-5.ref.upper.fa.bwt, ../TargetSeq_BED_sample_lib/HEK4-Guideseq-5.ref.upper.fa.pac, ../TargetSeq_BED_sample_lib/HEK4-Guideseq-5.ref.upper.fa.sa
    jobid: 117
    reason: Input files updated by another job: ../TargetSeq_BED_sample_lib/HEK4-Guideseq-5.ref.upper.fa
    wildcards: sample=HEK4-Guideseq-5


        /home/zhaohuanan/miniconda3/envs/snakepipes_target-seq-from-table-to-plot/bin/bwa index ../TargetSeq_BED_sample_lib/HEK4-Guideseq-5.ref.upper.fa
        

[Fri Oct 16 15:28:51 2020]
rule letter2LETTER:
    input: ../TargetSeq_BED_sample_lib/VEGFA-OffNo-GDNo-08.ref.fa
    output: ../TargetSeq_BED_sample_lib/VEGFA-OffNo-GDNo-08.ref.upper.fa
    jobid: 86
    reason: Input files updated by another job: ../TargetSeq_BED_sample_lib/VEGFA-OffNo-GDNo-08.ref.fa
    wildcards: sample=VEGFA-OffNo-GDNo-08


        cat ../TargetSeq_BED_sample_lib/VEGFA-OffNo-GDNo-08.ref.fa | awk '{print toupper($0)}' > ../TargetSeq_BED_sample_lib/VEGFA-OffNo-GDNo-08.ref.upper.fa
        

[Fri Oct 16 15:28:51 2020]
rule bwa_idex:
    input: ../TargetSeq_BED_sample_lib/HEK4-On-Target.ref.upper.fa
    output: ../TargetSeq_BED_sample_lib/HEK4-On-Target.ref.upper.fa.amb, ../TargetSeq_BED_sample_lib/HEK4-On-Target.ref.upper.fa.ann, ../TargetSeq_BED_sample_lib/HEK4-On-Target.ref.upper.fa.bwt, ../TargetSeq_BED_sample_lib/HEK4-On-Target.ref.upper.fa.pac, ../TargetSeq_BED_sample_lib/HEK4-On-Target.ref.upper.fa.sa
    jobid: 118
    reason: Input files updated by another job: ../TargetSeq_BED_sample_lib/HEK4-On-Target.ref.upper.fa
    wildcards: sample=HEK4-On-Target


        /home/zhaohuanan/miniconda3/envs/snakepipes_target-seq-from-table-to-plot/bin/bwa index ../TargetSeq_BED_sample_lib/HEK4-On-Target.ref.upper.fa
        
[Fri Oct 16 15:28:51 2020]
Finished job 82.
28 of 51 steps (55%) done

[Fri Oct 16 15:28:51 2020]
rule letter2LETTER:
    input: ../TargetSeq_BED_sample_lib/PP6-On-Target.ref.fa
    output: ../TargetSeq_BED_sample_lib/PP6-On-Target.ref.upper.fa
    jobid: 80
    reason: Input files updated by another job: ../TargetSeq_BED_sample_lib/PP6-On-Target.ref.fa
    wildcards: sample=PP6-On-Target


        cat ../TargetSeq_BED_sample_lib/PP6-On-Target.ref.fa | awk '{print toupper($0)}' > ../TargetSeq_BED_sample_lib/PP6-On-Target.ref.upper.fa
        

[Fri Oct 16 15:28:51 2020]
rule bwa_idex:
    input: ../TargetSeq_BED_sample_lib/ABE-Site-7-On.ref.upper.fa
    output: ../TargetSeq_BED_sample_lib/ABE-Site-7-On.ref.upper.fa.amb, ../TargetSeq_BED_sample_lib/ABE-Site-7-On.ref.upper.fa.ann, ../TargetSeq_BED_sample_lib/ABE-Site-7-On.ref.upper.fa.bwt, ../TargetSeq_BED_sample_lib/ABE-Site-7-On.ref.upper.fa.pac, ../TargetSeq_BED_sample_lib/ABE-Site-7-On.ref.upper.fa.sa
    jobid: 111
    reason: Input files updated by another job: ../TargetSeq_BED_sample_lib/ABE-Site-7-On.ref.upper.fa
    wildcards: sample=ABE-Site-7-On


        /home/zhaohuanan/miniconda3/envs/snakepipes_target-seq-from-table-to-plot/bin/bwa index ../TargetSeq_BED_sample_lib/ABE-Site-7-On.ref.upper.fa
        
[Fri Oct 16 15:28:51 2020]
Finished job 109.
29 of 51 steps (57%) done

[Fri Oct 16 15:28:51 2020]
rule bwa_idex:
    input: ../TargetSeq_BED_sample_lib/RNF2-ON-Target.ref.upper.fa
    output: ../TargetSeq_BED_sample_lib/RNF2-ON-Target.ref.upper.fa.amb, ../TargetSeq_BED_sample_lib/RNF2-ON-Target.ref.upper.fa.ann, ../TargetSeq_BED_sample_lib/RNF2-ON-Target.ref.upper.fa.bwt, ../TargetSeq_BED_sample_lib/RNF2-ON-Target.ref.upper.fa.pac, ../TargetSeq_BED_sample_lib/RNF2-ON-Target.ref.upper.fa.sa
    jobid: 125
    reason: Input files updated by another job: ../TargetSeq_BED_sample_lib/RNF2-ON-Target.ref.upper.fa
    wildcards: sample=RNF2-ON-Target

[Fri Oct 16 15:28:51 2020]

        /home/zhaohuanan/miniconda3/envs/snakepipes_target-seq-from-table-to-plot/bin/bwa index ../TargetSeq_BED_sample_lib/RNF2-ON-Target.ref.upper.fa
        
Finished job 86.
30 of 51 steps (59%) done

[Fri Oct 16 15:28:51 2020]
rule faidx:
    input: ../TargetSeq_BED_sample_lib/PP2-On-Target.ref.upper.fa
    output: ../TargetSeq_BED_sample_lib/PP2-On-Target.ref.upper.fa.fai
    jobid: 101
    reason: Input files updated by another job: ../TargetSeq_BED_sample_lib/PP2-On-Target.ref.upper.fa
    wildcards: sample=PP2-On-Target


        /home/zhaohuanan/miniconda3/envs/snakepipes_cutadapt-STARmapping-FPKM-sortBAM/bin/samtools faidx ../TargetSeq_BED_sample_lib/PP2-On-Target.ref.upper.fa
        

[Fri Oct 16 15:28:51 2020]
rule bwa_idex:
    input: ../TargetSeq_BED_sample_lib/PP2-On-Target.ref.upper.fa
    output: ../TargetSeq_BED_sample_lib/PP2-On-Target.ref.upper.fa.amb, ../TargetSeq_BED_sample_lib/PP2-On-Target.ref.upper.fa.ann, ../TargetSeq_BED_sample_lib/PP2-On-Target.ref.upper.fa.bwt, ../TargetSeq_BED_sample_lib/PP2-On-Target.ref.upper.fa.pac, ../TargetSeq_BED_sample_lib/PP2-On-Target.ref.upper.fa.sa
    jobid: 123
    reason: Input files updated by another job: ../TargetSeq_BED_sample_lib/PP2-On-Target.ref.upper.fa
    wildcards: sample=PP2-On-Target


        /home/zhaohuanan/miniconda3/envs/snakepipes_target-seq-from-table-to-plot/bin/bwa index ../TargetSeq_BED_sample_lib/PP2-On-Target.ref.upper.fa
        
[Fri Oct 16 15:28:51 2020]
Finished job 80.
31 of 51 steps (61%) done
[Fri Oct 16 15:28:51 2020]
Finished job 96.
32 of 51 steps (63%) done
[Fri Oct 16 15:28:51 2020]
Finished job 95.

33 of 51 steps (65%) done
[Fri Oct 16 15:28:51 2020]
rule bwa_idex:
    input: ../TargetSeq_BED_sample_lib/VEGFA-Off-Target-2.ref.upper.fa
    output: ../TargetSeq_BED_sample_lib/VEGFA-Off-Target-2.ref.upper.fa.amb, ../TargetSeq_BED_sample_lib/VEGFA-Off-Target-2.ref.upper.fa.ann, ../TargetSeq_BED_sample_lib/VEGFA-Off-Target-2.ref.upper.fa.bwt, ../TargetSeq_BED_sample_lib/VEGFA-Off-Target-2.ref.upper.fa.pac, ../TargetSeq_BED_sample_lib/VEGFA-Off-Target-2.ref.upper.fa.sa
    jobid: 126
    reason: Input files updated by another job: ../TargetSeq_BED_sample_lib/VEGFA-Off-Target-2.ref.upper.fa
    wildcards: sample=VEGFA-Off-Target-2


        /home/zhaohuanan/miniconda3/envs/snakepipes_target-seq-from-table-to-plot/bin/bwa index ../TargetSeq_BED_sample_lib/VEGFA-Off-Target-2.ref.upper.fa
        

[Fri Oct 16 15:28:51 2020]
rule faidx:
    input: ../TargetSeq_BED_sample_lib/VEGFA-Off-Target-2.ref.upper.fa
    output: ../TargetSeq_BED_sample_lib/VEGFA-Off-Target-2.ref.upper.fa.fai
    jobid: 104
    reason: Input files updated by another job: ../TargetSeq_BED_sample_lib/VEGFA-Off-Target-2.ref.upper.fa
    wildcards: sample=VEGFA-Off-Target-2


        /home/zhaohuanan/miniconda3/envs/snakepipes_cutadapt-STARmapping-FPKM-sortBAM/bin/samtools faidx ../TargetSeq_BED_sample_lib/VEGFA-Off-Target-2.ref.upper.fa
        

[Fri Oct 16 15:28:51 2020]
rule faidx:
    input: ../TargetSeq_BED_sample_lib/VEGFA-On-Target.ref.upper.fa
    output: ../TargetSeq_BED_sample_lib/VEGFA-On-Target.ref.upper.fa.fai
    jobid: 110
    reason: Input files updated by another job: ../TargetSeq_BED_sample_lib/VEGFA-On-Target.ref.upper.fa
    wildcards: sample=VEGFA-On-Target


        /home/zhaohuanan/miniconda3/envs/snakepipes_cutadapt-STARmapping-FPKM-sortBAM/bin/samtools faidx ../TargetSeq_BED_sample_lib/VEGFA-On-Target.ref.upper.fa
        

[Fri Oct 16 15:28:51 2020]
rule faidx:
    input: ../TargetSeq_BED_sample_lib/ABE-Site-7-On.ref.upper.fa
    output: ../TargetSeq_BED_sample_lib/ABE-Site-7-On.ref.upper.fa.fai
    jobid: 89
    reason: Input files updated by another job: ../TargetSeq_BED_sample_lib/ABE-Site-7-On.ref.upper.fa
    wildcards: sample=ABE-Site-7-On


        /home/zhaohuanan/miniconda3/envs/snakepipes_cutadapt-STARmapping-FPKM-sortBAM/bin/samtools faidx ../TargetSeq_BED_sample_lib/ABE-Site-7-On.ref.upper.fa
        

[Fri Oct 16 15:28:51 2020]
rule faidx:
    input: ../TargetSeq_BED_sample_lib/RNF2-ON-Target.ref.upper.fa
    output: ../TargetSeq_BED_sample_lib/RNF2-ON-Target.ref.upper.fa.fai
    jobid: 103
    reason: Input files updated by another job: ../TargetSeq_BED_sample_lib/RNF2-ON-Target.ref.upper.fa
    wildcards: sample=RNF2-ON-Target


        /home/zhaohuanan/miniconda3/envs/snakepipes_cutadapt-STARmapping-FPKM-sortBAM/bin/samtools faidx ../TargetSeq_BED_sample_lib/RNF2-ON-Target.ref.upper.fa
        
[Fri Oct 16 15:28:51 2020]
Finished job 101.
34 of 51 steps (67%) done

[Fri Oct 16 15:28:51 2020]
rule bwa_idex:
    input: ../TargetSeq_BED_sample_lib/VEGFA-On-Target.ref.upper.fa
    output: ../TargetSeq_BED_sample_lib/VEGFA-On-Target.ref.upper.fa.amb, ../TargetSeq_BED_sample_lib/VEGFA-On-Target.ref.upper.fa.ann, ../TargetSeq_BED_sample_lib/VEGFA-On-Target.ref.upper.fa.bwt, ../TargetSeq_BED_sample_lib/VEGFA-On-Target.ref.upper.fa.pac, ../TargetSeq_BED_sample_lib/VEGFA-On-Target.ref.upper.fa.sa
    jobid: 132
    reason: Input files updated by another job: ../TargetSeq_BED_sample_lib/VEGFA-On-Target.ref.upper.fa
    wildcards: sample=VEGFA-On-Target


        /home/zhaohuanan/miniconda3/envs/snakepipes_target-seq-from-table-to-plot/bin/bwa index ../TargetSeq_BED_sample_lib/VEGFA-On-Target.ref.upper.fa
        

[Fri Oct 16 15:28:51 2020]
rule faidx:
    input: ../TargetSeq_BED_sample_lib/VEGFA-OffNo-GDNo-08.ref.upper.fa
    output: ../TargetSeq_BED_sample_lib/VEGFA-OffNo-GDNo-08.ref.upper.fa.fai
    jobid: 108
    reason: Input files updated by another job: ../TargetSeq_BED_sample_lib/VEGFA-OffNo-GDNo-08.ref.upper.fa
    wildcards: sample=VEGFA-OffNo-GDNo-08


        /home/zhaohuanan/miniconda3/envs/snakepipes_cutadapt-STARmapping-FPKM-sortBAM/bin/samtools faidx ../TargetSeq_BED_sample_lib/VEGFA-OffNo-GDNo-08.ref.upper.fa
        

[Fri Oct 16 15:28:51 2020]
rule faidx:
    input: ../TargetSeq_BED_sample_lib/PP6-On-Target.ref.upper.fa
    output: ../TargetSeq_BED_sample_lib/PP6-On-Target.ref.upper.fa.fai
    jobid: 102
    reason: Input files updated by another job: ../TargetSeq_BED_sample_lib/PP6-On-Target.ref.upper.fa
    wildcards: sample=PP6-On-Target


        /home/zhaohuanan/miniconda3/envs/snakepipes_cutadapt-STARmapping-FPKM-sortBAM/bin/samtools faidx ../TargetSeq_BED_sample_lib/PP6-On-Target.ref.upper.fa
        

[Fri Oct 16 15:28:51 2020]
rule bwa_idex:
    input: ../TargetSeq_BED_sample_lib/VEGFA-OffNo-GDNo-08.ref.upper.fa
    output: ../TargetSeq_BED_sample_lib/VEGFA-OffNo-GDNo-08.ref.upper.fa.amb, ../TargetSeq_BED_sample_lib/VEGFA-OffNo-GDNo-08.ref.upper.fa.ann, ../TargetSeq_BED_sample_lib/VEGFA-OffNo-GDNo-08.ref.upper.fa.bwt, ../TargetSeq_BED_sample_lib/VEGFA-OffNo-GDNo-08.ref.upper.fa.pac, ../TargetSeq_BED_sample_lib/VEGFA-OffNo-GDNo-08.ref.upper.fa.sa
    jobid: 130
    reason: Input files updated by another job: ../TargetSeq_BED_sample_lib/VEGFA-OffNo-GDNo-08.ref.upper.fa
    wildcards: sample=VEGFA-OffNo-GDNo-08


        /home/zhaohuanan/miniconda3/envs/snakepipes_target-seq-from-table-to-plot/bin/bwa index ../TargetSeq_BED_sample_lib/VEGFA-OffNo-GDNo-08.ref.upper.fa
        

[Fri Oct 16 15:28:51 2020]
rule bwa_idex:
    input: ../TargetSeq_BED_sample_lib/PP6-On-Target.ref.upper.fa
    output: ../TargetSeq_BED_sample_lib/PP6-On-Target.ref.upper.fa.amb, ../TargetSeq_BED_sample_lib/PP6-On-Target.ref.upper.fa.ann, ../TargetSeq_BED_sample_lib/PP6-On-Target.ref.upper.fa.bwt, ../TargetSeq_BED_sample_lib/PP6-On-Target.ref.upper.fa.pac, ../TargetSeq_BED_sample_lib/PP6-On-Target.ref.upper.fa.sa
    jobid: 124
    reason: Input files updated by another job: ../TargetSeq_BED_sample_lib/PP6-On-Target.ref.upper.fa
    wildcards: sample=PP6-On-Target


        /home/zhaohuanan/miniconda3/envs/snakepipes_target-seq-from-table-to-plot/bin/bwa index ../TargetSeq_BED_sample_lib/PP6-On-Target.ref.upper.fa
        
[Fri Oct 16 15:28:51 2020]
Finished job 110.
35 of 51 steps (69%) done
[Fri Oct 16 15:28:51 2020]
Finished job 104.
36 of 51 steps (71%) done
[Fri Oct 16 15:28:51 2020]
Finished job 89.
37 of 51 steps (73%) done
[Fri Oct 16 15:28:51 2020]
Finished job 102.
38 of 51 steps (75%) done
[Fri Oct 16 15:28:51 2020]
Finished job 103.
39 of 51 steps (76%) done
[Fri Oct 16 15:28:51 2020]
Finished job 108.
40 of 51 steps (78%) done
[Fri Oct 16 15:28:51 2020]
Finished job 131.
41 of 51 steps (80%) done
[Fri Oct 16 15:28:52 2020]
Finished job 111.
42 of 51 steps (82%) done
[Fri Oct 16 15:28:52 2020]
Finished job 117.
43 of 51 steps (84%) done
[Fri Oct 16 15:28:52 2020]
Finished job 118.
44 of 51 steps (86%) done
[Fri Oct 16 15:28:52 2020]
Finished job 125.
45 of 51 steps (88%) done
[Fri Oct 16 15:28:52 2020]
Finished job 126.
46 of 51 steps (90%) done
[Fri Oct 16 15:28:52 2020]
Finished job 123.
47 of 51 steps (92%) done
[Fri Oct 16 15:28:52 2020]
Finished job 130.
48 of 51 steps (94%) done
[Fri Oct 16 15:28:52 2020]
Finished job 132.
49 of 51 steps (96%) done
[Fri Oct 16 15:28:52 2020]
Finished job 124.
50 of 51 steps (98%) done

[Fri Oct 16 15:28:52 2020]
localrule all:
    input: ../TargetSeq_BED_sample_lib/ABE-Site-7-On.bed, ../TargetSeq_BED_sample_lib/EMX1-2-On.bed, ../TargetSeq_BED_sample_lib/HEK2-On-Target.bed, ../TargetSeq_BED_sample_lib/HEK4-Guideseq-2.bed, ../TargetSeq_BED_sample_lib/HEK4-Guideseq-3.bed, ../TargetSeq_BED_sample_lib/HEK4-Guideseq-4.bed, ../TargetSeq_BED_sample_lib/HEK4-Guideseq-5.bed, ../TargetSeq_BED_sample_lib/HEK4-On-Target.bed, ../TargetSeq_BED_sample_lib/HEK5-On-Target.bed, ../TargetSeq_BED_sample_lib/MTND4P12-N4.bed, ../TargetSeq_BED_sample_lib/MTND5P11-N5.1.bed, ../TargetSeq_BED_sample_lib/MTND6P4-N6.bed, ../TargetSeq_BED_sample_lib/PP2-On-Target.bed, ../TargetSeq_BED_sample_lib/PP6-On-Target.bed, ../TargetSeq_BED_sample_lib/RNF2-ON-Target.bed, ../TargetSeq_BED_sample_lib/VEGFA-Off-Target-2.bed, ../TargetSeq_BED_sample_lib/VEGFA-Off-Target-3.bed, ../TargetSeq_BED_sample_lib/VEGFA-Off-Target-6.bed, ../TargetSeq_BED_sample_lib/VEGFA-Off-Target-7.bed, ../TargetSeq_BED_sample_lib/VEGFA-OffNo-GDNo-08.bed, ../TargetSeq_BED_sample_lib/VEGFA-OffNo-GDNo-12.bed, ../TargetSeq_BED_sample_lib/VEGFA-On-Target.bed, ../TargetSeq_BED_sample_lib/ABE-Site-7-On.ref.fa, ../TargetSeq_BED_sample_lib/EMX1-2-On.ref.fa, ../TargetSeq_BED_sample_lib/HEK2-On-Target.ref.fa, ../TargetSeq_BED_sample_lib/HEK4-Guideseq-2.ref.fa, ../TargetSeq_BED_sample_lib/HEK4-Guideseq-3.ref.fa, ../TargetSeq_BED_sample_lib/HEK4-Guideseq-4.ref.fa, ../TargetSeq_BED_sample_lib/HEK4-Guideseq-5.ref.fa, ../TargetSeq_BED_sample_lib/HEK4-On-Target.ref.fa, ../TargetSeq_BED_sample_lib/HEK5-On-Target.ref.fa, ../TargetSeq_BED_sample_lib/MTND4P12-N4.ref.fa, ../TargetSeq_BED_sample_lib/MTND5P11-N5.1.ref.fa, ../TargetSeq_BED_sample_lib/MTND6P4-N6.ref.fa, ../TargetSeq_BED_sample_lib/PP2-On-Target.ref.fa, ../TargetSeq_BED_sample_lib/PP6-On-Target.ref.fa, ../TargetSeq_BED_sample_lib/RNF2-ON-Target.ref.fa, ../TargetSeq_BED_sample_lib/VEGFA-Off-Target-2.ref.fa, ../TargetSeq_BED_sample_lib/VEGFA-Off-Target-3.ref.fa, ../TargetSeq_BED_sample_lib/VEGFA-Off-Target-6.ref.fa, ../TargetSeq_BED_sample_lib/VEGFA-Off-Target-7.ref.fa, ../TargetSeq_BED_sample_lib/VEGFA-OffNo-GDNo-08.ref.fa, ../TargetSeq_BED_sample_lib/VEGFA-OffNo-GDNo-12.ref.fa, ../TargetSeq_BED_sample_lib/VEGFA-On-Target.ref.fa, ../TargetSeq_BED_sample_lib/ABE-Site-7-On.ref.tmp.fa, ../TargetSeq_BED_sample_lib/EMX1-2-On.ref.tmp.fa, ../TargetSeq_BED_sample_lib/HEK2-On-Target.ref.tmp.fa, ../TargetSeq_BED_sample_lib/HEK4-Guideseq-2.ref.tmp.fa, ../TargetSeq_BED_sample_lib/HEK4-Guideseq-3.ref.tmp.fa, ../TargetSeq_BED_sample_lib/HEK4-Guideseq-4.ref.tmp.fa, ../TargetSeq_BED_sample_lib/HEK4-Guideseq-5.ref.tmp.fa, ../TargetSeq_BED_sample_lib/HEK4-On-Target.ref.tmp.fa, ../TargetSeq_BED_sample_lib/HEK5-On-Target.ref.tmp.fa, ../TargetSeq_BED_sample_lib/MTND4P12-N4.ref.tmp.fa, ../TargetSeq_BED_sample_lib/MTND5P11-N5.1.ref.tmp.fa, ../TargetSeq_BED_sample_lib/MTND6P4-N6.ref.tmp.fa, ../TargetSeq_BED_sample_lib/PP2-On-Target.ref.tmp.fa, ../TargetSeq_BED_sample_lib/PP6-On-Target.ref.tmp.fa, ../TargetSeq_BED_sample_lib/RNF2-ON-Target.ref.tmp.fa, ../TargetSeq_BED_sample_lib/VEGFA-Off-Target-2.ref.tmp.fa, ../TargetSeq_BED_sample_lib/VEGFA-Off-Target-3.ref.tmp.fa, ../TargetSeq_BED_sample_lib/VEGFA-Off-Target-6.ref.tmp.fa, ../TargetSeq_BED_sample_lib/VEGFA-Off-Target-7.ref.tmp.fa, ../TargetSeq_BED_sample_lib/VEGFA-OffNo-GDNo-08.ref.tmp.fa, ../TargetSeq_BED_sample_lib/VEGFA-OffNo-GDNo-12.ref.tmp.fa, ../TargetSeq_BED_sample_lib/VEGFA-On-Target.ref.tmp.fa, ../TargetSeq_BED_sample_lib/ABE-Site-7-On.ref.upper.fa, ../TargetSeq_BED_sample_lib/EMX1-2-On.ref.upper.fa, ../TargetSeq_BED_sample_lib/HEK2-On-Target.ref.upper.fa, ../TargetSeq_BED_sample_lib/HEK4-Guideseq-2.ref.upper.fa, ../TargetSeq_BED_sample_lib/HEK4-Guideseq-3.ref.upper.fa, ../TargetSeq_BED_sample_lib/HEK4-Guideseq-4.ref.upper.fa, ../TargetSeq_BED_sample_lib/HEK4-Guideseq-5.ref.upper.fa, ../TargetSeq_BED_sample_lib/HEK4-On-Target.ref.upper.fa, ../TargetSeq_BED_sample_lib/HEK5-On-Target.ref.upper.fa, ../TargetSeq_BED_sample_lib/MTND4P12-N4.ref.upper.fa, ../TargetSeq_BED_sample_lib/MTND5P11-N5.1.ref.upper.fa, ../TargetSeq_BED_sample_lib/MTND6P4-N6.ref.upper.fa, ../TargetSeq_BED_sample_lib/PP2-On-Target.ref.upper.fa, ../TargetSeq_BED_sample_lib/PP6-On-Target.ref.upper.fa, ../TargetSeq_BED_sample_lib/RNF2-ON-Target.ref.upper.fa, ../TargetSeq_BED_sample_lib/VEGFA-Off-Target-2.ref.upper.fa, ../TargetSeq_BED_sample_lib/VEGFA-Off-Target-3.ref.upper.fa, ../TargetSeq_BED_sample_lib/VEGFA-Off-Target-6.ref.upper.fa, ../TargetSeq_BED_sample_lib/VEGFA-Off-Target-7.ref.upper.fa, ../TargetSeq_BED_sample_lib/VEGFA-OffNo-GDNo-08.ref.upper.fa, ../TargetSeq_BED_sample_lib/VEGFA-OffNo-GDNo-12.ref.upper.fa, ../TargetSeq_BED_sample_lib/VEGFA-On-Target.ref.upper.fa, ../TargetSeq_BED_sample_lib/ABE-Site-7-On.ref.upper.fa.fai, ../TargetSeq_BED_sample_lib/EMX1-2-On.ref.upper.fa.fai, ../TargetSeq_BED_sample_lib/HEK2-On-Target.ref.upper.fa.fai, ../TargetSeq_BED_sample_lib/HEK4-Guideseq-2.ref.upper.fa.fai, ../TargetSeq_BED_sample_lib/HEK4-Guideseq-3.ref.upper.fa.fai, ../TargetSeq_BED_sample_lib/HEK4-Guideseq-4.ref.upper.fa.fai, ../TargetSeq_BED_sample_lib/HEK4-Guideseq-5.ref.upper.fa.fai, ../TargetSeq_BED_sample_lib/HEK4-On-Target.ref.upper.fa.fai, ../TargetSeq_BED_sample_lib/HEK5-On-Target.ref.upper.fa.fai, ../TargetSeq_BED_sample_lib/MTND4P12-N4.ref.upper.fa.fai, ../TargetSeq_BED_sample_lib/MTND5P11-N5.1.ref.upper.fa.fai, ../TargetSeq_BED_sample_lib/MTND6P4-N6.ref.upper.fa.fai, ../TargetSeq_BED_sample_lib/PP2-On-Target.ref.upper.fa.fai, ../TargetSeq_BED_sample_lib/PP6-On-Target.ref.upper.fa.fai, ../TargetSeq_BED_sample_lib/RNF2-ON-Target.ref.upper.fa.fai, ../TargetSeq_BED_sample_lib/VEGFA-Off-Target-2.ref.upper.fa.fai, ../TargetSeq_BED_sample_lib/VEGFA-Off-Target-3.ref.upper.fa.fai, ../TargetSeq_BED_sample_lib/VEGFA-Off-Target-6.ref.upper.fa.fai, ../TargetSeq_BED_sample_lib/VEGFA-Off-Target-7.ref.upper.fa.fai, ../TargetSeq_BED_sample_lib/VEGFA-OffNo-GDNo-08.ref.upper.fa.fai, ../TargetSeq_BED_sample_lib/VEGFA-OffNo-GDNo-12.ref.upper.fa.fai, ../TargetSeq_BED_sample_lib/VEGFA-On-Target.ref.upper.fa.fai, ../TargetSeq_BED_sample_lib/ABE-Site-7-On.ref.upper.fa.amb, ../TargetSeq_BED_sample_lib/EMX1-2-On.ref.upper.fa.amb, ../TargetSeq_BED_sample_lib/HEK2-On-Target.ref.upper.fa.amb, ../TargetSeq_BED_sample_lib/HEK4-Guideseq-2.ref.upper.fa.amb, ../TargetSeq_BED_sample_lib/HEK4-Guideseq-3.ref.upper.fa.amb, ../TargetSeq_BED_sample_lib/HEK4-Guideseq-4.ref.upper.fa.amb, ../TargetSeq_BED_sample_lib/HEK4-Guideseq-5.ref.upper.fa.amb, ../TargetSeq_BED_sample_lib/HEK4-On-Target.ref.upper.fa.amb, ../TargetSeq_BED_sample_lib/HEK5-On-Target.ref.upper.fa.amb, ../TargetSeq_BED_sample_lib/MTND4P12-N4.ref.upper.fa.amb, ../TargetSeq_BED_sample_lib/MTND5P11-N5.1.ref.upper.fa.amb, ../TargetSeq_BED_sample_lib/MTND6P4-N6.ref.upper.fa.amb, ../TargetSeq_BED_sample_lib/PP2-On-Target.ref.upper.fa.amb, ../TargetSeq_BED_sample_lib/PP6-On-Target.ref.upper.fa.amb, ../TargetSeq_BED_sample_lib/RNF2-ON-Target.ref.upper.fa.amb, ../TargetSeq_BED_sample_lib/VEGFA-Off-Target-2.ref.upper.fa.amb, ../TargetSeq_BED_sample_lib/VEGFA-Off-Target-3.ref.upper.fa.amb, ../TargetSeq_BED_sample_lib/VEGFA-Off-Target-6.ref.upper.fa.amb, ../TargetSeq_BED_sample_lib/VEGFA-Off-Target-7.ref.upper.fa.amb, ../TargetSeq_BED_sample_lib/VEGFA-OffNo-GDNo-08.ref.upper.fa.amb, ../TargetSeq_BED_sample_lib/VEGFA-OffNo-GDNo-12.ref.upper.fa.amb, ../TargetSeq_BED_sample_lib/VEGFA-On-Target.ref.upper.fa.amb, ../TargetSeq_BED_sample_lib/ABE-Site-7-On.ref.upper.fa.ann, ../TargetSeq_BED_sample_lib/EMX1-2-On.ref.upper.fa.ann, ../TargetSeq_BED_sample_lib/HEK2-On-Target.ref.upper.fa.ann, ../TargetSeq_BED_sample_lib/HEK4-Guideseq-2.ref.upper.fa.ann, ../TargetSeq_BED_sample_lib/HEK4-Guideseq-3.ref.upper.fa.ann, ../TargetSeq_BED_sample_lib/HEK4-Guideseq-4.ref.upper.fa.ann, ../TargetSeq_BED_sample_lib/HEK4-Guideseq-5.ref.upper.fa.ann, ../TargetSeq_BED_sample_lib/HEK4-On-Target.ref.upper.fa.ann, ../TargetSeq_BED_sample_lib/HEK5-On-Target.ref.upper.fa.ann, ../TargetSeq_BED_sample_lib/MTND4P12-N4.ref.upper.fa.ann, ../TargetSeq_BED_sample_lib/MTND5P11-N5.1.ref.upper.fa.ann, ../TargetSeq_BED_sample_lib/MTND6P4-N6.ref.upper.fa.ann, ../TargetSeq_BED_sample_lib/PP2-On-Target.ref.upper.fa.ann, ../TargetSeq_BED_sample_lib/PP6-On-Target.ref.upper.fa.ann, ../TargetSeq_BED_sample_lib/RNF2-ON-Target.ref.upper.fa.ann, ../TargetSeq_BED_sample_lib/VEGFA-Off-Target-2.ref.upper.fa.ann, ../TargetSeq_BED_sample_lib/VEGFA-Off-Target-3.ref.upper.fa.ann, ../TargetSeq_BED_sample_lib/VEGFA-Off-Target-6.ref.upper.fa.ann, ../TargetSeq_BED_sample_lib/VEGFA-Off-Target-7.ref.upper.fa.ann, ../TargetSeq_BED_sample_lib/VEGFA-OffNo-GDNo-08.ref.upper.fa.ann, ../TargetSeq_BED_sample_lib/VEGFA-OffNo-GDNo-12.ref.upper.fa.ann, ../TargetSeq_BED_sample_lib/VEGFA-On-Target.ref.upper.fa.ann, ../TargetSeq_BED_sample_lib/ABE-Site-7-On.ref.upper.fa.bwt, ../TargetSeq_BED_sample_lib/EMX1-2-On.ref.upper.fa.bwt, ../TargetSeq_BED_sample_lib/HEK2-On-Target.ref.upper.fa.bwt, ../TargetSeq_BED_sample_lib/HEK4-Guideseq-2.ref.upper.fa.bwt, ../TargetSeq_BED_sample_lib/HEK4-Guideseq-3.ref.upper.fa.bwt, ../TargetSeq_BED_sample_lib/HEK4-Guideseq-4.ref.upper.fa.bwt, ../TargetSeq_BED_sample_lib/HEK4-Guideseq-5.ref.upper.fa.bwt, ../TargetSeq_BED_sample_lib/HEK4-On-Target.ref.upper.fa.bwt, ../TargetSeq_BED_sample_lib/HEK5-On-Target.ref.upper.fa.bwt, ../TargetSeq_BED_sample_lib/MTND4P12-N4.ref.upper.fa.bwt, ../TargetSeq_BED_sample_lib/MTND5P11-N5.1.ref.upper.fa.bwt, ../TargetSeq_BED_sample_lib/MTND6P4-N6.ref.upper.fa.bwt, ../TargetSeq_BED_sample_lib/PP2-On-Target.ref.upper.fa.bwt, ../TargetSeq_BED_sample_lib/PP6-On-Target.ref.upper.fa.bwt, ../TargetSeq_BED_sample_lib/RNF2-ON-Target.ref.upper.fa.bwt, ../TargetSeq_BED_sample_lib/VEGFA-Off-Target-2.ref.upper.fa.bwt, ../TargetSeq_BED_sample_lib/VEGFA-Off-Target-3.ref.upper.fa.bwt, ../TargetSeq_BED_sample_lib/VEGFA-Off-Target-6.ref.upper.fa.bwt, ../TargetSeq_BED_sample_lib/VEGFA-Off-Target-7.ref.upper.fa.bwt, ../TargetSeq_BED_sample_lib/VEGFA-OffNo-GDNo-08.ref.upper.fa.bwt, ../TargetSeq_BED_sample_lib/VEGFA-OffNo-GDNo-12.ref.upper.fa.bwt, ../TargetSeq_BED_sample_lib/VEGFA-On-Target.ref.upper.fa.bwt, ../TargetSeq_BED_sample_lib/ABE-Site-7-On.ref.upper.fa.pac, ../TargetSeq_BED_sample_lib/EMX1-2-On.ref.upper.fa.pac, ../TargetSeq_BED_sample_lib/HEK2-On-Target.ref.upper.fa.pac, ../TargetSeq_BED_sample_lib/HEK4-Guideseq-2.ref.upper.fa.pac, ../TargetSeq_BED_sample_lib/HEK4-Guideseq-3.ref.upper.fa.pac, ../TargetSeq_BED_sample_lib/HEK4-Guideseq-4.ref.upper.fa.pac, ../TargetSeq_BED_sample_lib/HEK4-Guideseq-5.ref.upper.fa.pac, ../TargetSeq_BED_sample_lib/HEK4-On-Target.ref.upper.fa.pac, ../TargetSeq_BED_sample_lib/HEK5-On-Target.ref.upper.fa.pac, ../TargetSeq_BED_sample_lib/MTND4P12-N4.ref.upper.fa.pac, ../TargetSeq_BED_sample_lib/MTND5P11-N5.1.ref.upper.fa.pac, ../TargetSeq_BED_sample_lib/MTND6P4-N6.ref.upper.fa.pac, ../TargetSeq_BED_sample_lib/PP2-On-Target.ref.upper.fa.pac, ../TargetSeq_BED_sample_lib/PP6-On-Target.ref.upper.fa.pac, ../TargetSeq_BED_sample_lib/RNF2-ON-Target.ref.upper.fa.pac, ../TargetSeq_BED_sample_lib/VEGFA-Off-Target-2.ref.upper.fa.pac, ../TargetSeq_BED_sample_lib/VEGFA-Off-Target-3.ref.upper.fa.pac, ../TargetSeq_BED_sample_lib/VEGFA-Off-Target-6.ref.upper.fa.pac, ../TargetSeq_BED_sample_lib/VEGFA-Off-Target-7.ref.upper.fa.pac, ../TargetSeq_BED_sample_lib/VEGFA-OffNo-GDNo-08.ref.upper.fa.pac, ../TargetSeq_BED_sample_lib/VEGFA-OffNo-GDNo-12.ref.upper.fa.pac, ../TargetSeq_BED_sample_lib/VEGFA-On-Target.ref.upper.fa.pac, ../TargetSeq_BED_sample_lib/ABE-Site-7-On.ref.upper.fa.sa, ../TargetSeq_BED_sample_lib/EMX1-2-On.ref.upper.fa.sa, ../TargetSeq_BED_sample_lib/HEK2-On-Target.ref.upper.fa.sa, ../TargetSeq_BED_sample_lib/HEK4-Guideseq-2.ref.upper.fa.sa, ../TargetSeq_BED_sample_lib/HEK4-Guideseq-3.ref.upper.fa.sa, ../TargetSeq_BED_sample_lib/HEK4-Guideseq-4.ref.upper.fa.sa, ../TargetSeq_BED_sample_lib/HEK4-Guideseq-5.ref.upper.fa.sa, ../TargetSeq_BED_sample_lib/HEK4-On-Target.ref.upper.fa.sa, ../TargetSeq_BED_sample_lib/HEK5-On-Target.ref.upper.fa.sa, ../TargetSeq_BED_sample_lib/MTND4P12-N4.ref.upper.fa.sa, ../TargetSeq_BED_sample_lib/MTND5P11-N5.1.ref.upper.fa.sa, ../TargetSeq_BED_sample_lib/MTND6P4-N6.ref.upper.fa.sa, ../TargetSeq_BED_sample_lib/PP2-On-Target.ref.upper.fa.sa, ../TargetSeq_BED_sample_lib/PP6-On-Target.ref.upper.fa.sa, ../TargetSeq_BED_sample_lib/RNF2-ON-Target.ref.upper.fa.sa, ../TargetSeq_BED_sample_lib/VEGFA-Off-Target-2.ref.upper.fa.sa, ../TargetSeq_BED_sample_lib/VEGFA-Off-Target-3.ref.upper.fa.sa, ../TargetSeq_BED_sample_lib/VEGFA-Off-Target-6.ref.upper.fa.sa, ../TargetSeq_BED_sample_lib/VEGFA-Off-Target-7.ref.upper.fa.sa, ../TargetSeq_BED_sample_lib/VEGFA-OffNo-GDNo-08.ref.upper.fa.sa, ../TargetSeq_BED_sample_lib/VEGFA-OffNo-GDNo-12.ref.upper.fa.sa, ../TargetSeq_BED_sample_lib/VEGFA-On-Target.ref.upper.fa.sa
    jobid: 0
    reason: Input files updated by another job: ../TargetSeq_BED_sample_lib/VEGFA-OffNo-GDNo-12.ref.upper.fa.sa, ../TargetSeq_BED_sample_lib/PP2-On-Target.ref.upper.fa.ann, ../TargetSeq_BED_sample_lib/VEGFA-Off-Target-2.ref.upper.fa.fai, ../TargetSeq_BED_sample_lib/VEGFA-OffNo-GDNo-12.ref.fa, ../TargetSeq_BED_sample_lib/RNF2-ON-Target.ref.upper.fa.fai, ../TargetSeq_BED_sample_lib/VEGFA-Off-Target-2.ref.fa, ../TargetSeq_BED_sample_lib/HEK4-On-Target.ref.upper.fa.fai, ../TargetSeq_BED_sample_lib/VEGFA-On-Target.ref.upper.fa.sa, ../TargetSeq_BED_sample_lib/HEK4-On-Target.ref.upper.fa.sa, ../TargetSeq_BED_sample_lib/ABE-Site-7-On.ref.upper.fa.ann, ../TargetSeq_BED_sample_lib/VEGFA-Off-Target-2.ref.upper.fa, ../TargetSeq_BED_sample_lib/HEK4-Guideseq-5.ref.upper.fa.amb, ../TargetSeq_BED_sample_lib/VEGFA-OffNo-GDNo-12.ref.upper.fa.bwt, ../TargetSeq_BED_sample_lib/PP6-On-Target.ref.tmp.fa, ../TargetSeq_BED_sample_lib/VEGFA-On-Target.ref.upper.fa.ann, ../TargetSeq_BED_sample_lib/VEGFA-OffNo-GDNo-08.ref.tmp.fa, ../TargetSeq_BED_sample_lib/HEK4-On-Target.ref.upper.fa.bwt, ../TargetSeq_BED_sample_lib/VEGFA-On-Target.ref.upper.fa.amb, ../TargetSeq_BED_sample_lib/VEGFA-OffNo-GDNo-12.ref.tmp.fa, ../TargetSeq_BED_sample_lib/VEGFA-OffNo-GDNo-12.ref.upper.fa.amb, ../TargetSeq_BED_sample_lib/VEGFA-On-Target.ref.upper.fa.pac, ../TargetSeq_BED_sample_lib/ABE-Site-7-On.ref.upper.fa.amb, ../TargetSeq_BED_sample_lib/HEK4-On-Target.ref.fa, ../TargetSeq_BED_sample_lib/VEGFA-On-Target.ref.tmp.fa, ../TargetSeq_BED_sample_lib/HEK4-On-Target.ref.tmp.fa, ../TargetSeq_BED_sample_lib/HEK4-Guideseq-5.ref.upper.fa.fai, ../TargetSeq_BED_sample_lib/HEK4-Guideseq-5.ref.upper.fa.bwt, ../TargetSeq_BED_sample_lib/PP2-On-Target.ref.upper.fa.sa, ../TargetSeq_BED_sample_lib/VEGFA-OffNo-GDNo-12.ref.upper.fa.fai, ../TargetSeq_BED_sample_lib/VEGFA-OffNo-GDNo-12.ref.upper.fa.pac, ../TargetSeq_BED_sample_lib/VEGFA-OffNo-GDNo-08.ref.upper.fa.fai, ../TargetSeq_BED_sample_lib/VEGFA-OffNo-GDNo-12.ref.upper.fa.ann, ../TargetSeq_BED_sample_lib/RNF2-ON-Target.ref.upper.fa.sa, ../TargetSeq_BED_sample_lib/RNF2-ON-Target.ref.upper.fa.ann, ../TargetSeq_BED_sample_lib/VEGFA-On-Target.ref.upper.fa.fai, ../TargetSeq_BED_sample_lib/VEGFA-OffNo-GDNo-12.ref.upper.fa, ../TargetSeq_BED_sample_lib/RNF2-ON-Target.ref.upper.fa.pac, ../TargetSeq_BED_sample_lib/ABE-Site-7-On.ref.upper.fa.pac, ../TargetSeq_BED_sample_lib/VEGFA-OffNo-GDNo-08.ref.upper.fa.ann, ../TargetSeq_BED_sample_lib/VEGFA-Off-Target-2.ref.upper.fa.pac, ../TargetSeq_BED_sample_lib/PP6-On-Target.ref.upper.fa.sa, ../TargetSeq_BED_sample_lib/VEGFA-OffNo-GDNo-08.ref.upper.fa.amb, ../TargetSeq_BED_sample_lib/HEK4-On-Target.ref.upper.fa, ../TargetSeq_BED_sample_lib/HEK4-Guideseq-5.ref.upper.fa, ../TargetSeq_BED_sample_lib/RNF2-ON-Target.ref.upper.fa, ../TargetSeq_BED_sample_lib/PP6-On-Target.ref.upper.fa.fai, ../TargetSeq_BED_sample_lib/PP2-On-Target.ref.upper.fa.amb, ../TargetSeq_BED_sample_lib/PP6-On-Target.ref.fa, ../TargetSeq_BED_sample_lib/VEGFA-Off-Target-2.ref.upper.fa.bwt, ../TargetSeq_BED_sample_lib/ABE-Site-7-On.ref.upper.fa.sa, ../TargetSeq_BED_sample_lib/VEGFA-Off-Target-2.ref.upper.fa.amb, ../TargetSeq_BED_sample_lib/ABE-Site-7-On.ref.tmp.fa, ../TargetSeq_BED_sample_lib/PP2-On-Target.ref.upper.fa.bwt, ../TargetSeq_BED_sample_lib/VEGFA-OffNo-GDNo-08.ref.upper.fa.pac, ../TargetSeq_BED_sample_lib/HEK4-Guideseq-5.ref.upper.fa.ann, ../TargetSeq_BED_sample_lib/RNF2-ON-Target.ref.fa, ../TargetSeq_BED_sample_lib/ABE-Site-7-On.ref.upper.fa.bwt, ../TargetSeq_BED_sample_lib/PP6-On-Target.ref.upper.fa.bwt, ../TargetSeq_BED_sample_lib/VEGFA-OffNo-GDNo-08.ref.upper.fa, ../TargetSeq_BED_sample_lib/PP2-On-Target.ref.upper.fa.pac, ../TargetSeq_BED_sample_lib/PP6-On-Target.ref.upper.fa.amb, ../TargetSeq_BED_sample_lib/VEGFA-Off-Target-2.ref.upper.fa.ann, ../TargetSeq_BED_sample_lib/VEGFA-OffNo-GDNo-08.ref.fa, ../TargetSeq_BED_sample_lib/HEK4-On-Target.ref.upper.fa.pac, ../TargetSeq_BED_sample_lib/HEK4-On-Target.ref.upper.fa.amb, ../TargetSeq_BED_sample_lib/HEK4-Guideseq-5.ref.upper.fa.sa, ../TargetSeq_BED_sample_lib/PP6-On-Target.ref.upper.fa, ../TargetSeq_BED_sample_lib/ABE-Site-7-On.ref.upper.fa.fai, ../TargetSeq_BED_sample_lib/PP2-On-Target.ref.upper.fa.fai, ../TargetSeq_BED_sample_lib/VEGFA-On-Target.ref.upper.fa, ../TargetSeq_BED_sample_lib/PP6-On-Target.ref.upper.fa.ann, ../TargetSeq_BED_sample_lib/HEK4-Guideseq-5.ref.upper.fa.pac, ../TargetSeq_BED_sample_lib/PP6-On-Target.ref.upper.fa.pac, ../TargetSeq_BED_sample_lib/HEK4-On-Target.ref.upper.fa.ann, ../TargetSeq_BED_sample_lib/HEK4-Guideseq-5.ref.fa, ../TargetSeq_BED_sample_lib/VEGFA-OffNo-GDNo-08.ref.upper.fa.bwt, ../TargetSeq_BED_sample_lib/VEGFA-Off-Target-2.ref.upper.fa.sa, ../TargetSeq_BED_sample_lib/ABE-Site-7-On.ref.upper.fa, ../TargetSeq_BED_sample_lib/VEGFA-OffNo-GDNo-08.ref.upper.fa.sa, ../TargetSeq_BED_sample_lib/VEGFA-On-Target.ref.upper.fa.bwt, ../TargetSeq_BED_sample_lib/RNF2-ON-Target.ref.upper.fa.bwt, ../TargetSeq_BED_sample_lib/HEK4-Guideseq-5.ref.tmp.fa, ../TargetSeq_BED_sample_lib/VEGFA-On-Target.ref.fa, ../TargetSeq_BED_sample_lib/ABE-Site-7-On.ref.fa, ../TargetSeq_BED_sample_lib/PP2-On-Target.ref.tmp.fa, ../TargetSeq_BED_sample_lib/PP2-On-Target.ref.fa, ../TargetSeq_BED_sample_lib/RNF2-ON-Target.ref.upper.fa.amb, ../TargetSeq_BED_sample_lib/RNF2-ON-Target.ref.tmp.fa, ../TargetSeq_BED_sample_lib/VEGFA-Off-Target-2.ref.tmp.fa, ../TargetSeq_BED_sample_lib/PP2-On-Target.ref.upper.fa

[Fri Oct 16 15:28:52 2020]
Finished job 0.
51 of 51 steps (100%) done
Complete log: /gpfs/user/zhaohuanan/3.project/14.2020-10_1010_TargetSeq-GBE-DdCBE_recheck/snakepipes_target-seq-from-table-to-plot/.snakemake/log/2020-10-16T152851.037317.snakemake.log
