Building DAG of jobs...
Using shell: /usr/bin/bash
Provided cores: 24
Rules claiming more threads will be scaled down.
Job counts:
	count	jobs
	1	all
	60	bmat_plot_ext_HEK4
	15	parse_mpileup
	76

[Fri Jul 31 01:34:26 2020]
rule parse_mpileup:
    input: ../TargetSeq-MCF7-HEK4-BE4-rep2/cutoff_3/mapping/HK4-mcf-7_bwa_sort.mpileup
    output: ../TargetSeq-MCF7-HEK4-BE4-rep2/cutoff_3/mapping/HK4-mcf-7_bwa_sort.bmat
    jobid: 173
    wildcards: lib=MCF7-HEK4-BE4-rep2, cutoff=3, sample=HK4-mcf-7

/home/zhaohuanan/miniconda3/envs/py27/bin/python ./program/parse-mpileup-V04.py -i ../TargetSeq-MCF7-HEK4-BE4-rep2/cutoff_3/mapping/HK4-mcf-7_bwa_sort.mpileup -o ../TargetSeq-MCF7-HEK4-BE4-rep2/cutoff_3/mapping/HK4-mcf-7_bwa_sort.bmat -n 0

[Fri Jul 31 01:34:26 2020]
rule bmat_plot_ext_HEK4:
    input: ../TargetSeq-MCF7-HEK4-BE4-rep1/cutoff_3/mapping/HK4-mcf-1_bwa_sort.bmat
    output: ../all_plot/cutoff_3.ext50/TargetSeq-MCF7-HEK4-BE4-rep1_HK4-mcf-1_cutoff_3_indel.ext50.pdf
    jobid: 135
    wildcards: cutoff=3, lib=MCF7-HEK4-BE4-rep1, sample=HK4-mcf-1

/home/zhaohuanan/miniconda3/envs/py27/bin/python ./program/plot-targetseq-bmat-V02.py -i ../TargetSeq-MCF7-HEK4-BE4-rep1/cutoff_3/mapping/HK4-mcf-1_bwa_sort.bmat -o ../all_plot/cutoff_3.ext50/TargetSeq-MCF7-HEK4-BE4-rep1_HK4-mcf-1_cutoff_3_indel.ext50.pdf --region_extend_length 50 --sgRNA GGCACTGCGGCTGGAGGTGGGGG

[Fri Jul 31 01:34:26 2020]
rule parse_mpileup:
    input: ../TargetSeq-MCF7-HEK4-BE4-rep1/cutoff_3/mapping/HK4-mcf-9_bwa_sort.mpileup
    output: ../TargetSeq-MCF7-HEK4-BE4-rep1/cutoff_3/mapping/HK4-mcf-9_bwa_sort.bmat
    jobid: 219
    wildcards: lib=MCF7-HEK4-BE4-rep1, cutoff=3, sample=HK4-mcf-9

/home/zhaohuanan/miniconda3/envs/py27/bin/python ./program/parse-mpileup-V04.py -i ../TargetSeq-MCF7-HEK4-BE4-rep1/cutoff_3/mapping/HK4-mcf-9_bwa_sort.mpileup -o ../TargetSeq-MCF7-HEK4-BE4-rep1/cutoff_3/mapping/HK4-mcf-9_bwa_sort.bmat -n 0

[Fri Jul 31 01:34:26 2020]
rule parse_mpileup:
    input: ../TargetSeq-293T-HEK4-BE4-rep1/cutoff_3/mapping/HK4-mcf-10_bwa_sort.mpileup
    output: ../TargetSeq-293T-HEK4-BE4-rep1/cutoff_3/mapping/HK4-mcf-10_bwa_sort.bmat
    jobid: 274
    wildcards: lib=293T-HEK4-BE4-rep1, cutoff=3, sample=HK4-mcf-10

/home/zhaohuanan/miniconda3/envs/py27/bin/python ./program/parse-mpileup-V04.py -i ../TargetSeq-293T-HEK4-BE4-rep1/cutoff_3/mapping/HK4-mcf-10_bwa_sort.mpileup -o ../TargetSeq-293T-HEK4-BE4-rep1/cutoff_3/mapping/HK4-mcf-10_bwa_sort.bmat -n 0

[Fri Jul 31 01:34:26 2020]
rule bmat_plot_ext_HEK4:
    input: ../TargetSeq-293T-HEK4-BE4-rep1/cutoff_3/mapping/HK4-mcf-5_bwa_sort.bmat
    output: ../all_plot/cutoff_3.ext50/TargetSeq-293T-HEK4-BE4-rep1_HK4-mcf-5_cutoff_3_indel.ext50.pdf
    jobid: 301
    wildcards: cutoff=3, lib=293T-HEK4-BE4-rep1, sample=HK4-mcf-5

/home/zhaohuanan/miniconda3/envs/py27/bin/python ./program/plot-targetseq-bmat-V02.py -i ../TargetSeq-293T-HEK4-BE4-rep1/cutoff_3/mapping/HK4-mcf-5_bwa_sort.bmat -o ../all_plot/cutoff_3.ext50/TargetSeq-293T-HEK4-BE4-rep1_HK4-mcf-5_cutoff_3_indel.ext50.pdf --region_extend_length 50 --sgRNA GGCACTGCGGCTGGAGGTGGGGG

[Fri Jul 31 01:34:26 2020]
rule parse_mpileup:
    input: ../TargetSeq-MCF7-HEK4-BE4-rep2/cutoff_3/mapping/HK4-mcf-8_bwa_sort.mpileup
    output: ../TargetSeq-MCF7-HEK4-BE4-rep2/cutoff_3/mapping/HK4-mcf-8_bwa_sort.bmat
    jobid: 164
    wildcards: lib=MCF7-HEK4-BE4-rep2, cutoff=3, sample=HK4-mcf-8

/home/zhaohuanan/miniconda3/envs/py27/bin/python ./program/parse-mpileup-V04.py -i ../TargetSeq-MCF7-HEK4-BE4-rep2/cutoff_3/mapping/HK4-mcf-8_bwa_sort.mpileup -o ../TargetSeq-MCF7-HEK4-BE4-rep2/cutoff_3/mapping/HK4-mcf-8_bwa_sort.bmat -n 0

[Fri Jul 31 01:34:26 2020]
rule parse_mpileup:
    input: ../TargetSeq-MCF7-HEK4-BE4-rep2/cutoff_3/mapping/HK4-mcf-3_bwa_sort.mpileup
    output: ../TargetSeq-MCF7-HEK4-BE4-rep2/cutoff_3/mapping/HK4-mcf-3_bwa_sort.bmat
    jobid: 308
    wildcards: lib=MCF7-HEK4-BE4-rep2, cutoff=3, sample=HK4-mcf-3

/home/zhaohuanan/miniconda3/envs/py27/bin/python ./program/parse-mpileup-V04.py -i ../TargetSeq-MCF7-HEK4-BE4-rep2/cutoff_3/mapping/HK4-mcf-3_bwa_sort.mpileup -o ../TargetSeq-MCF7-HEK4-BE4-rep2/cutoff_3/mapping/HK4-mcf-3_bwa_sort.bmat -n 0

[Fri Jul 31 01:34:26 2020]
rule parse_mpileup:
    input: ../TargetSeq-MCF7-HEK4-BE4-rep2/cutoff_3/mapping/HK4-mcf-9_bwa_sort.mpileup
    output: ../TargetSeq-MCF7-HEK4-BE4-rep2/cutoff_3/mapping/HK4-mcf-9_bwa_sort.bmat
    jobid: 315
    wildcards: lib=MCF7-HEK4-BE4-rep2, cutoff=3, sample=HK4-mcf-9

/home/zhaohuanan/miniconda3/envs/py27/bin/python ./program/parse-mpileup-V04.py -i ../TargetSeq-MCF7-HEK4-BE4-rep2/cutoff_3/mapping/HK4-mcf-9_bwa_sort.mpileup -o ../TargetSeq-MCF7-HEK4-BE4-rep2/cutoff_3/mapping/HK4-mcf-9_bwa_sort.bmat -n 0

[Fri Jul 31 01:34:26 2020]
rule bmat_plot_ext_HEK4:
    input: ../TargetSeq-293T-HEK4-BE4-rep2/cutoff_3/mapping/HK4-mcf-5_bwa_sort.bmat
    output: ../all_plot/cutoff_3.ext50/TargetSeq-293T-HEK4-BE4-rep2_HK4-mcf-5_cutoff_3_indel.ext50.pdf
    jobid: 80
    wildcards: cutoff=3, lib=293T-HEK4-BE4-rep2, sample=HK4-mcf-5

/home/zhaohuanan/miniconda3/envs/py27/bin/python ./program/plot-targetseq-bmat-V02.py -i ../TargetSeq-293T-HEK4-BE4-rep2/cutoff_3/mapping/HK4-mcf-5_bwa_sort.bmat -o ../all_plot/cutoff_3.ext50/TargetSeq-293T-HEK4-BE4-rep2_HK4-mcf-5_cutoff_3_indel.ext50.pdf --region_extend_length 50 --sgRNA GGCACTGCGGCTGGAGGTGGGGG

[Fri Jul 31 01:34:26 2020]
rule bmat_plot_ext_HEK4:
    input: ../TargetSeq-293T-HEK4-BE4-rep2/cutoff_3/mapping/HK4-mcf-10_bwa_sort.bmat
    output: ../all_plot/cutoff_3.ext50/TargetSeq-293T-HEK4-BE4-rep2_HK4-mcf-10_cutoff_3_indel.ext50.pdf
    jobid: 185
    wildcards: cutoff=3, lib=293T-HEK4-BE4-rep2, sample=HK4-mcf-10

/home/zhaohuanan/miniconda3/envs/py27/bin/python ./program/plot-targetseq-bmat-V02.py -i ../TargetSeq-293T-HEK4-BE4-rep2/cutoff_3/mapping/HK4-mcf-10_bwa_sort.bmat -o ../all_plot/cutoff_3.ext50/TargetSeq-293T-HEK4-BE4-rep2_HK4-mcf-10_cutoff_3_indel.ext50.pdf --region_extend_length 50 --sgRNA GGCACTGCGGCTGGAGGTGGGGG

[Fri Jul 31 01:34:27 2020]
rule parse_mpileup:
    input: ../TargetSeq-MCF7-HEK4-BE4-rep2/cutoff_3/mapping/HK4-mcf-10_bwa_sort.mpileup
    output: ../TargetSeq-MCF7-HEK4-BE4-rep2/cutoff_3/mapping/HK4-mcf-10_bwa_sort.bmat
    jobid: 322
    wildcards: lib=MCF7-HEK4-BE4-rep2, cutoff=3, sample=HK4-mcf-10

/home/zhaohuanan/miniconda3/envs/py27/bin/python ./program/parse-mpileup-V04.py -i ../TargetSeq-MCF7-HEK4-BE4-rep2/cutoff_3/mapping/HK4-mcf-10_bwa_sort.mpileup -o ../TargetSeq-MCF7-HEK4-BE4-rep2/cutoff_3/mapping/HK4-mcf-10_bwa_sort.bmat -n 0

[Fri Jul 31 01:34:27 2020]
rule bmat_plot_ext_HEK4:
    input: ../TargetSeq-MCF7-HEK4-BE4-rep2/cutoff_3/mapping/HK4-mcf-5_bwa_sort.bmat
    output: ../all_plot/cutoff_3.ext50/TargetSeq-MCF7-HEK4-BE4-rep2_HK4-mcf-5_cutoff_3_indel.ext50.pdf
    jobid: 300
    wildcards: cutoff=3, lib=MCF7-HEK4-BE4-rep2, sample=HK4-mcf-5

/home/zhaohuanan/miniconda3/envs/py27/bin/python ./program/plot-targetseq-bmat-V02.py -i ../TargetSeq-MCF7-HEK4-BE4-rep2/cutoff_3/mapping/HK4-mcf-5_bwa_sort.bmat -o ../all_plot/cutoff_3.ext50/TargetSeq-MCF7-HEK4-BE4-rep2_HK4-mcf-5_cutoff_3_indel.ext50.pdf --region_extend_length 50 --sgRNA GGCACTGCGGCTGGAGGTGGGGG

[Fri Jul 31 01:34:27 2020]
rule bmat_plot_ext_HEK4:
    input: ../TargetSeq-MCF7-HEK4-BE4-rep1/cutoff_3/mapping/HK4-mcf-5_bwa_sort.bmat
    output: ../all_plot/cutoff_3.ext50/TargetSeq-MCF7-HEK4-BE4-rep1_HK4-mcf-5_cutoff_3_indel.ext50.pdf
    jobid: 279
    wildcards: cutoff=3, lib=MCF7-HEK4-BE4-rep1, sample=HK4-mcf-5

/home/zhaohuanan/miniconda3/envs/py27/bin/python ./program/plot-targetseq-bmat-V02.py -i ../TargetSeq-MCF7-HEK4-BE4-rep1/cutoff_3/mapping/HK4-mcf-5_bwa_sort.bmat -o ../all_plot/cutoff_3.ext50/TargetSeq-MCF7-HEK4-BE4-rep1_HK4-mcf-5_cutoff_3_indel.ext50.pdf --region_extend_length 50 --sgRNA GGCACTGCGGCTGGAGGTGGGGG

[Fri Jul 31 01:34:27 2020]
rule parse_mpileup:
    input: ../TargetSeq-MCF7-HEK4-BE4-rep1/cutoff_3/mapping/HK4-mcf-10_bwa_sort.mpileup
    output: ../TargetSeq-MCF7-HEK4-BE4-rep1/cutoff_3/mapping/HK4-mcf-10_bwa_sort.bmat
    jobid: 188
    wildcards: lib=MCF7-HEK4-BE4-rep1, cutoff=3, sample=HK4-mcf-10

/home/zhaohuanan/miniconda3/envs/py27/bin/python ./program/parse-mpileup-V04.py -i ../TargetSeq-MCF7-HEK4-BE4-rep1/cutoff_3/mapping/HK4-mcf-10_bwa_sort.mpileup -o ../TargetSeq-MCF7-HEK4-BE4-rep1/cutoff_3/mapping/HK4-mcf-10_bwa_sort.bmat -n 0

[Fri Jul 31 01:34:27 2020]
rule parse_mpileup:
    input: ../TargetSeq-293T-HEK4-BE4-rep1/cutoff_3/mapping/HK4-mcf-9_bwa_sort.mpileup
    output: ../TargetSeq-293T-HEK4-BE4-rep1/cutoff_3/mapping/HK4-mcf-9_bwa_sort.bmat
    jobid: 304
    wildcards: lib=293T-HEK4-BE4-rep1, cutoff=3, sample=HK4-mcf-9

/home/zhaohuanan/miniconda3/envs/py27/bin/python ./program/parse-mpileup-V04.py -i ../TargetSeq-293T-HEK4-BE4-rep1/cutoff_3/mapping/HK4-mcf-9_bwa_sort.mpileup -o ../TargetSeq-293T-HEK4-BE4-rep1/cutoff_3/mapping/HK4-mcf-9_bwa_sort.bmat -n 0

[Fri Jul 31 01:34:27 2020]
rule parse_mpileup:
    input: ../TargetSeq-MCF7-HEK4-BE4-rep1/cutoff_3/mapping/HK4-mcf-4_bwa_sort.mpileup
    output: ../TargetSeq-MCF7-HEK4-BE4-rep1/cutoff_3/mapping/HK4-mcf-4_bwa_sort.bmat
    jobid: 284
    wildcards: lib=MCF7-HEK4-BE4-rep1, cutoff=3, sample=HK4-mcf-4

/home/zhaohuanan/miniconda3/envs/py27/bin/python ./program/parse-mpileup-V04.py -i ../TargetSeq-MCF7-HEK4-BE4-rep1/cutoff_3/mapping/HK4-mcf-4_bwa_sort.mpileup -o ../TargetSeq-MCF7-HEK4-BE4-rep1/cutoff_3/mapping/HK4-mcf-4_bwa_sort.bmat -n 0

[Fri Jul 31 01:34:27 2020]
rule parse_mpileup:
    input: ../TargetSeq-MCF7-HEK4-BE4-rep2/cutoff_3/mapping/HK4-mcf-4_bwa_sort.mpileup
    output: ../TargetSeq-MCF7-HEK4-BE4-rep2/cutoff_3/mapping/HK4-mcf-4_bwa_sort.bmat
    jobid: 147
    wildcards: lib=MCF7-HEK4-BE4-rep2, cutoff=3, sample=HK4-mcf-4

/home/zhaohuanan/miniconda3/envs/py27/bin/python ./program/parse-mpileup-V04.py -i ../TargetSeq-MCF7-HEK4-BE4-rep2/cutoff_3/mapping/HK4-mcf-4_bwa_sort.mpileup -o ../TargetSeq-MCF7-HEK4-BE4-rep2/cutoff_3/mapping/HK4-mcf-4_bwa_sort.bmat -n 0

[Fri Jul 31 01:34:27 2020]
rule bmat_plot_ext_HEK4:
    input: ../TargetSeq-MCF7-HEK4-BE4-rep2/cutoff_3/mapping/HK4-mcf-11_bwa_sort.bmat
    output: ../all_plot/cutoff_3.ext50/TargetSeq-MCF7-HEK4-BE4-rep2_HK4-mcf-11_cutoff_3_indel.ext50.pdf
    jobid: 278
    wildcards: cutoff=3, lib=MCF7-HEK4-BE4-rep2, sample=HK4-mcf-11

/home/zhaohuanan/miniconda3/envs/py27/bin/python ./program/plot-targetseq-bmat-V02.py -i ../TargetSeq-MCF7-HEK4-BE4-rep2/cutoff_3/mapping/HK4-mcf-11_bwa_sort.bmat -o ../all_plot/cutoff_3.ext50/TargetSeq-MCF7-HEK4-BE4-rep2_HK4-mcf-11_cutoff_3_indel.ext50.pdf --region_extend_length 50 --sgRNA GGCACTGCGGCTGGAGGTGGGGG

[Fri Jul 31 01:34:27 2020]
rule parse_mpileup:
    input: ../TargetSeq-293T-HEK4-BE4-rep2/cutoff_3/mapping/HK4-mcf-4_bwa_sort.mpileup
    output: ../TargetSeq-293T-HEK4-BE4-rep2/cutoff_3/mapping/HK4-mcf-4_bwa_sort.bmat
    jobid: 191
    wildcards: lib=293T-HEK4-BE4-rep2, cutoff=3, sample=HK4-mcf-4

/home/zhaohuanan/miniconda3/envs/py27/bin/python ./program/parse-mpileup-V04.py -i ../TargetSeq-293T-HEK4-BE4-rep2/cutoff_3/mapping/HK4-mcf-4_bwa_sort.mpileup -o ../TargetSeq-293T-HEK4-BE4-rep2/cutoff_3/mapping/HK4-mcf-4_bwa_sort.bmat -n 0

[Fri Jul 31 01:34:27 2020]
rule parse_mpileup:
    input: ../TargetSeq-293T-HEK4-BE4-rep1/cutoff_3/mapping/HK4-mcf-4_bwa_sort.mpileup
    output: ../TargetSeq-293T-HEK4-BE4-rep1/cutoff_3/mapping/HK4-mcf-4_bwa_sort.bmat
    jobid: 41
    wildcards: lib=293T-HEK4-BE4-rep1, cutoff=3, sample=HK4-mcf-4

/home/zhaohuanan/miniconda3/envs/py27/bin/python ./program/parse-mpileup-V04.py -i ../TargetSeq-293T-HEK4-BE4-rep1/cutoff_3/mapping/HK4-mcf-4_bwa_sort.mpileup -o ../TargetSeq-293T-HEK4-BE4-rep1/cutoff_3/mapping/HK4-mcf-4_bwa_sort.bmat -n 0

[Fri Jul 31 01:34:28 2020]
rule parse_mpileup:
    input: ../TargetSeq-MCF7-HEK4-BE4-rep2/cutoff_3/mapping/HK4-mcf-12_bwa_sort.mpileup
    output: ../TargetSeq-MCF7-HEK4-BE4-rep2/cutoff_3/mapping/HK4-mcf-12_bwa_sort.bmat
    jobid: 330
    wildcards: lib=MCF7-HEK4-BE4-rep2, cutoff=3, sample=HK4-mcf-12

/home/zhaohuanan/miniconda3/envs/py27/bin/python ./program/parse-mpileup-V04.py -i ../TargetSeq-MCF7-HEK4-BE4-rep2/cutoff_3/mapping/HK4-mcf-12_bwa_sort.mpileup -o ../TargetSeq-MCF7-HEK4-BE4-rep2/cutoff_3/mapping/HK4-mcf-12_bwa_sort.bmat -n 0

[Fri Jul 31 01:34:28 2020]
rule bmat_plot_ext_HEK4:
    input: ../TargetSeq-293T-HEK4-BE4-rep2/cutoff_3/mapping/HK4-mcf-11_bwa_sort.bmat
    output: ../all_plot/cutoff_3.ext50/TargetSeq-293T-HEK4-BE4-rep2_HK4-mcf-11_cutoff_3_indel.ext50.pdf
    jobid: 125
    wildcards: cutoff=3, lib=293T-HEK4-BE4-rep2, sample=HK4-mcf-11

/home/zhaohuanan/miniconda3/envs/py27/bin/python ./program/plot-targetseq-bmat-V02.py -i ../TargetSeq-293T-HEK4-BE4-rep2/cutoff_3/mapping/HK4-mcf-11_bwa_sort.bmat -o ../all_plot/cutoff_3.ext50/TargetSeq-293T-HEK4-BE4-rep2_HK4-mcf-11_cutoff_3_indel.ext50.pdf --region_extend_length 50 --sgRNA GGCACTGCGGCTGGAGGTGGGGG

[Fri Jul 31 01:34:28 2020]
rule parse_mpileup:
    input: ../TargetSeq-MCF7-HEK4-BE4-rep1/cutoff_3/mapping/HK4-mcf-12_bwa_sort.mpileup
    output: ../TargetSeq-MCF7-HEK4-BE4-rep1/cutoff_3/mapping/HK4-mcf-12_bwa_sort.bmat
    jobid: 24
    wildcards: lib=MCF7-HEK4-BE4-rep1, cutoff=3, sample=HK4-mcf-12

/home/zhaohuanan/miniconda3/envs/py27/bin/python ./program/parse-mpileup-V04.py -i ../TargetSeq-MCF7-HEK4-BE4-rep1/cutoff_3/mapping/HK4-mcf-12_bwa_sort.mpileup -o ../TargetSeq-MCF7-HEK4-BE4-rep1/cutoff_3/mapping/HK4-mcf-12_bwa_sort.bmat -n 0

[Fri Jul 31 01:34:28 2020]
rule bmat_plot_ext_HEK4:
    input: ../TargetSeq-293T-HEK4-BE4-rep1/cutoff_3/mapping/HK4-mcf-11_bwa_sort.bmat
    output: ../all_plot/cutoff_3.ext50/TargetSeq-293T-HEK4-BE4-rep1_HK4-mcf-11_cutoff_3_indel.ext50.pdf
    jobid: 89
    wildcards: cutoff=3, lib=293T-HEK4-BE4-rep1, sample=HK4-mcf-11

/home/zhaohuanan/miniconda3/envs/py27/bin/python ./program/plot-targetseq-bmat-V02.py -i ../TargetSeq-293T-HEK4-BE4-rep1/cutoff_3/mapping/HK4-mcf-11_bwa_sort.bmat -o ../all_plot/cutoff_3.ext50/TargetSeq-293T-HEK4-BE4-rep1_HK4-mcf-11_cutoff_3_indel.ext50.pdf --region_extend_length 50 --sgRNA GGCACTGCGGCTGGAGGTGGGGG
[Fri Jul 31 01:34:40 2020]
Finished job 274.
1 of 76 steps (1%) done

[Fri Jul 31 01:34:40 2020]
rule bmat_plot_ext_HEK4:
    input: ../TargetSeq-293T-HEK4-BE4-rep1/cutoff_3/mapping/HK4-mcf-10_bwa_sort.bmat
    output: ../all_plot/cutoff_3.ext50/TargetSeq-293T-HEK4-BE4-rep1_HK4-mcf-10_cutoff_3_indel.ext50.pdf
    jobid: 43
    wildcards: cutoff=3, lib=293T-HEK4-BE4-rep1, sample=HK4-mcf-10

/home/zhaohuanan/miniconda3/envs/py27/bin/python ./program/plot-targetseq-bmat-V02.py -i ../TargetSeq-293T-HEK4-BE4-rep1/cutoff_3/mapping/HK4-mcf-10_bwa_sort.bmat -o ../all_plot/cutoff_3.ext50/TargetSeq-293T-HEK4-BE4-rep1_HK4-mcf-10_cutoff_3_indel.ext50.pdf --region_extend_length 50 --sgRNA GGCACTGCGGCTGGAGGTGGGGG
[Fri Jul 31 01:34:40 2020]
Finished job 322.
2 of 76 steps (3%) done

[Fri Jul 31 01:34:40 2020]
rule bmat_plot_ext_HEK4:
    input: ../TargetSeq-MCF7-HEK4-BE4-rep1/cutoff_3/mapping/HK4-mcf-11_bwa_sort.bmat
    output: ../all_plot/cutoff_3.ext50/TargetSeq-MCF7-HEK4-BE4-rep1_HK4-mcf-11_cutoff_3_indel.ext50.pdf
    jobid: 3
    wildcards: cutoff=3, lib=MCF7-HEK4-BE4-rep1, sample=HK4-mcf-11

/home/zhaohuanan/miniconda3/envs/py27/bin/python ./program/plot-targetseq-bmat-V02.py -i ../TargetSeq-MCF7-HEK4-BE4-rep1/cutoff_3/mapping/HK4-mcf-11_bwa_sort.bmat -o ../all_plot/cutoff_3.ext50/TargetSeq-MCF7-HEK4-BE4-rep1_HK4-mcf-11_cutoff_3_indel.ext50.pdf --region_extend_length 50 --sgRNA GGCACTGCGGCTGGAGGTGGGGG
[Fri Jul 31 01:34:42 2020]
Finished job 188.
3 of 76 steps (4%) done

[Fri Jul 31 01:34:42 2020]
rule bmat_plot_ext_HEK4:
    input: ../TargetSeq-293T-HEK4-BE4-rep1/cutoff_3/mapping/HK4-mcf-12_bwa_sort.bmat
    output: ../all_plot/cutoff_3.ext50/TargetSeq-293T-HEK4-BE4-rep1_HK4-mcf-12_cutoff_3_indel.ext50.pdf
    jobid: 159
    wildcards: cutoff=3, lib=293T-HEK4-BE4-rep1, sample=HK4-mcf-12

/home/zhaohuanan/miniconda3/envs/py27/bin/python ./program/plot-targetseq-bmat-V02.py -i ../TargetSeq-293T-HEK4-BE4-rep1/cutoff_3/mapping/HK4-mcf-12_bwa_sort.bmat -o ../all_plot/cutoff_3.ext50/TargetSeq-293T-HEK4-BE4-rep1_HK4-mcf-12_cutoff_3_indel.ext50.pdf --region_extend_length 50 --sgRNA GGCACTGCGGCTGGAGGTGGGGG
[Fri Jul 31 01:34:44 2020]
Finished job 315.
4 of 76 steps (5%) done

[Fri Jul 31 01:34:44 2020]
rule bmat_plot_ext_HEK4:
    input: ../TargetSeq-293T-HEK4-BE4-rep1/cutoff_3/mapping/HK4-mcf-1_bwa_sort.bmat
    output: ../all_plot/cutoff_3.ext50/TargetSeq-293T-HEK4-BE4-rep1_HK4-mcf-1_cutoff_3_indel.ext50.pdf
    jobid: 265
    wildcards: cutoff=3, lib=293T-HEK4-BE4-rep1, sample=HK4-mcf-1

/home/zhaohuanan/miniconda3/envs/py27/bin/python ./program/plot-targetseq-bmat-V02.py -i ../TargetSeq-293T-HEK4-BE4-rep1/cutoff_3/mapping/HK4-mcf-1_bwa_sort.bmat -o ../all_plot/cutoff_3.ext50/TargetSeq-293T-HEK4-BE4-rep1_HK4-mcf-1_cutoff_3_indel.ext50.pdf --region_extend_length 50 --sgRNA GGCACTGCGGCTGGAGGTGGGGG
[Fri Jul 31 01:34:48 2020]
Finished job 304.
5 of 76 steps (7%) done

[Fri Jul 31 01:34:48 2020]
rule bmat_plot_ext_HEK4:
    input: ../TargetSeq-MCF7-HEK4-BE4-rep1/cutoff_3/mapping/HK4-mcf-10_bwa_sort.bmat
    output: ../all_plot/cutoff_3.ext50/TargetSeq-MCF7-HEK4-BE4-rep1_HK4-mcf-10_cutoff_3_indel.ext50.pdf
    jobid: 244
    wildcards: cutoff=3, lib=MCF7-HEK4-BE4-rep1, sample=HK4-mcf-10

/home/zhaohuanan/miniconda3/envs/py27/bin/python ./program/plot-targetseq-bmat-V02.py -i ../TargetSeq-MCF7-HEK4-BE4-rep1/cutoff_3/mapping/HK4-mcf-10_bwa_sort.bmat -o ../all_plot/cutoff_3.ext50/TargetSeq-MCF7-HEK4-BE4-rep1_HK4-mcf-10_cutoff_3_indel.ext50.pdf --region_extend_length 50 --sgRNA GGCACTGCGGCTGGAGGTGGGGG
[Fri Jul 31 01:34:49 2020]
Finished job 219.
6 of 76 steps (8%) done

[Fri Jul 31 01:34:49 2020]
rule bmat_plot_ext_HEK4:
    input: ../TargetSeq-MCF7-HEK4-BE4-rep2/cutoff_3/mapping/HK4-mcf-1_bwa_sort.bmat
    output: ../all_plot/cutoff_3.ext50/TargetSeq-MCF7-HEK4-BE4-rep2_HK4-mcf-1_cutoff_3_indel.ext50.pdf
    jobid: 277
    wildcards: cutoff=3, lib=MCF7-HEK4-BE4-rep2, sample=HK4-mcf-1

/home/zhaohuanan/miniconda3/envs/py27/bin/python ./program/plot-targetseq-bmat-V02.py -i ../TargetSeq-MCF7-HEK4-BE4-rep2/cutoff_3/mapping/HK4-mcf-1_bwa_sort.bmat -o ../all_plot/cutoff_3.ext50/TargetSeq-MCF7-HEK4-BE4-rep2_HK4-mcf-1_cutoff_3_indel.ext50.pdf --region_extend_length 50 --sgRNA GGCACTGCGGCTGGAGGTGGGGG
[Fri Jul 31 01:34:53 2020]
Finished job 191.
7 of 76 steps (9%) done

[Fri Jul 31 01:34:53 2020]
rule bmat_plot_ext_HEK4:
    input: ../TargetSeq-293T-HEK4-BE4-rep2/cutoff_3/mapping/HK4-mcf-1_bwa_sort.bmat
    output: ../all_plot/cutoff_3.ext50/TargetSeq-293T-HEK4-BE4-rep2_HK4-mcf-1_cutoff_3_indel.ext50.pdf
    jobid: 212
    wildcards: cutoff=3, lib=293T-HEK4-BE4-rep2, sample=HK4-mcf-1

/home/zhaohuanan/miniconda3/envs/py27/bin/python ./program/plot-targetseq-bmat-V02.py -i ../TargetSeq-293T-HEK4-BE4-rep2/cutoff_3/mapping/HK4-mcf-1_bwa_sort.bmat -o ../all_plot/cutoff_3.ext50/TargetSeq-293T-HEK4-BE4-rep2_HK4-mcf-1_cutoff_3_indel.ext50.pdf --region_extend_length 50 --sgRNA GGCACTGCGGCTGGAGGTGGGGG
[Fri Jul 31 01:34:53 2020]
Finished job 41.
8 of 76 steps (11%) done

[Fri Jul 31 01:34:53 2020]
rule bmat_plot_ext_HEK4:
    input: ../TargetSeq-293T-HEK4-BE4-rep1/cutoff_3/mapping/HK4-mcf-7_bwa_sort.bmat
    output: ../all_plot/cutoff_3.ext50/TargetSeq-293T-HEK4-BE4-rep1_HK4-mcf-7_cutoff_3_indel.ext50.pdf
    jobid: 257
    wildcards: cutoff=3, lib=293T-HEK4-BE4-rep1, sample=HK4-mcf-7

/home/zhaohuanan/miniconda3/envs/py27/bin/python ./program/plot-targetseq-bmat-V02.py -i ../TargetSeq-293T-HEK4-BE4-rep1/cutoff_3/mapping/HK4-mcf-7_bwa_sort.bmat -o ../all_plot/cutoff_3.ext50/TargetSeq-293T-HEK4-BE4-rep1_HK4-mcf-7_cutoff_3_indel.ext50.pdf --region_extend_length 50 --sgRNA GGCACTGCGGCTGGAGGTGGGGG
[Fri Jul 31 01:34:55 2020]
Finished job 330.
9 of 76 steps (12%) done

[Fri Jul 31 01:34:55 2020]
rule bmat_plot_ext_HEK4:
    input: ../TargetSeq-293T-HEK4-BE4-rep2/cutoff_3/mapping/HK4-mcf-12_bwa_sort.bmat
    output: ../all_plot/cutoff_3.ext50/TargetSeq-293T-HEK4-BE4-rep2_HK4-mcf-12_cutoff_3_indel.ext50.pdf
    jobid: 128
    wildcards: cutoff=3, lib=293T-HEK4-BE4-rep2, sample=HK4-mcf-12

/home/zhaohuanan/miniconda3/envs/py27/bin/python ./program/plot-targetseq-bmat-V02.py -i ../TargetSeq-293T-HEK4-BE4-rep2/cutoff_3/mapping/HK4-mcf-12_bwa_sort.bmat -o ../all_plot/cutoff_3.ext50/TargetSeq-293T-HEK4-BE4-rep2_HK4-mcf-12_cutoff_3_indel.ext50.pdf --region_extend_length 50 --sgRNA GGCACTGCGGCTGGAGGTGGGGG
[Fri Jul 31 01:34:58 2020]
Finished job 147.
10 of 76 steps (13%) done

[Fri Jul 31 01:34:58 2020]
rule bmat_plot_ext_HEK4:
    input: ../TargetSeq-MCF7-HEK4-BE4-rep2/cutoff_3/mapping/HK4-mcf-12_bwa_sort.bmat
    output: ../all_plot/cutoff_3.ext50/TargetSeq-MCF7-HEK4-BE4-rep2_HK4-mcf-12_cutoff_3_indel.ext50.pdf
    jobid: 100
    wildcards: cutoff=3, lib=MCF7-HEK4-BE4-rep2, sample=HK4-mcf-12

/home/zhaohuanan/miniconda3/envs/py27/bin/python ./program/plot-targetseq-bmat-V02.py -i ../TargetSeq-MCF7-HEK4-BE4-rep2/cutoff_3/mapping/HK4-mcf-12_bwa_sort.bmat -o ../all_plot/cutoff_3.ext50/TargetSeq-MCF7-HEK4-BE4-rep2_HK4-mcf-12_cutoff_3_indel.ext50.pdf --region_extend_length 50 --sgRNA GGCACTGCGGCTGGAGGTGGGGG
[Fri Jul 31 01:34:58 2020]
Finished job 308.
11 of 76 steps (14%) done

[Fri Jul 31 01:34:58 2020]
rule bmat_plot_ext_HEK4:
    input: ../TargetSeq-293T-HEK4-BE4-rep2/cutoff_3/mapping/HK4-mcf-7_bwa_sort.bmat
    output: ../all_plot/cutoff_3.ext50/TargetSeq-293T-HEK4-BE4-rep2_HK4-mcf-7_cutoff_3_indel.ext50.pdf
    jobid: 243
    wildcards: cutoff=3, lib=293T-HEK4-BE4-rep2, sample=HK4-mcf-7

/home/zhaohuanan/miniconda3/envs/py27/bin/python ./program/plot-targetseq-bmat-V02.py -i ../TargetSeq-293T-HEK4-BE4-rep2/cutoff_3/mapping/HK4-mcf-7_bwa_sort.bmat -o ../all_plot/cutoff_3.ext50/TargetSeq-293T-HEK4-BE4-rep2_HK4-mcf-7_cutoff_3_indel.ext50.pdf --region_extend_length 50 --sgRNA GGCACTGCGGCTGGAGGTGGGGG
[Fri Jul 31 01:35:00 2020]
Finished job 24.
12 of 76 steps (16%) done

[Fri Jul 31 01:35:00 2020]
rule bmat_plot_ext_HEK4:
    input: ../TargetSeq-MCF7-HEK4-BE4-rep1/cutoff_3/mapping/HK4-mcf-12_bwa_sort.bmat
    output: ../all_plot/cutoff_3.ext50/TargetSeq-MCF7-HEK4-BE4-rep1_HK4-mcf-12_cutoff_3_indel.ext50.pdf
    jobid: 270
    wildcards: cutoff=3, lib=MCF7-HEK4-BE4-rep1, sample=HK4-mcf-12

/home/zhaohuanan/miniconda3/envs/py27/bin/python ./program/plot-targetseq-bmat-V02.py -i ../TargetSeq-MCF7-HEK4-BE4-rep1/cutoff_3/mapping/HK4-mcf-12_bwa_sort.bmat -o ../all_plot/cutoff_3.ext50/TargetSeq-MCF7-HEK4-BE4-rep1_HK4-mcf-12_cutoff_3_indel.ext50.pdf --region_extend_length 50 --sgRNA GGCACTGCGGCTGGAGGTGGGGG
[Fri Jul 31 01:35:00 2020]
Finished job 164.
13 of 76 steps (17%) done

[Fri Jul 31 01:35:00 2020]
rule bmat_plot_ext_HEK4:
    input: ../TargetSeq-293T-HEK4-BE4-rep1/cutoff_3/mapping/HK4-mcf-2_bwa_sort.bmat
    output: ../all_plot/cutoff_3.ext50/TargetSeq-293T-HEK4-BE4-rep1_HK4-mcf-2_cutoff_3_indel.ext50.pdf
    jobid: 294
    wildcards: cutoff=3, lib=293T-HEK4-BE4-rep1, sample=HK4-mcf-2

/home/zhaohuanan/miniconda3/envs/py27/bin/python ./program/plot-targetseq-bmat-V02.py -i ../TargetSeq-293T-HEK4-BE4-rep1/cutoff_3/mapping/HK4-mcf-2_bwa_sort.bmat -o ../all_plot/cutoff_3.ext50/TargetSeq-293T-HEK4-BE4-rep1_HK4-mcf-2_cutoff_3_indel.ext50.pdf --region_extend_length 50 --sgRNA GGCACTGCGGCTGGAGGTGGGGG
[Fri Jul 31 01:35:03 2020]
Finished job 284.
14 of 76 steps (18%) done

[Fri Jul 31 01:35:03 2020]
rule bmat_plot_ext_HEK4:
    input: ../TargetSeq-MCF7-HEK4-BE4-rep2/cutoff_3/mapping/HK4-mcf-10_bwa_sort.bmat
    output: ../all_plot/cutoff_3.ext50/TargetSeq-MCF7-HEK4-BE4-rep2_HK4-mcf-10_cutoff_3_indel.ext50.pdf
    jobid: 51
    wildcards: cutoff=3, lib=MCF7-HEK4-BE4-rep2, sample=HK4-mcf-10

/home/zhaohuanan/miniconda3/envs/py27/bin/python ./program/plot-targetseq-bmat-V02.py -i ../TargetSeq-MCF7-HEK4-BE4-rep2/cutoff_3/mapping/HK4-mcf-10_bwa_sort.bmat -o ../all_plot/cutoff_3.ext50/TargetSeq-MCF7-HEK4-BE4-rep2_HK4-mcf-10_cutoff_3_indel.ext50.pdf --region_extend_length 50 --sgRNA GGCACTGCGGCTGGAGGTGGGGG
[Fri Jul 31 01:35:09 2020]
Finished job 173.
15 of 76 steps (20%) done

[Fri Jul 31 01:35:09 2020]
rule bmat_plot_ext_HEK4:
    input: ../TargetSeq-293T-HEK4-BE4-rep2/cutoff_3/mapping/HK4-mcf-2_bwa_sort.bmat
    output: ../all_plot/cutoff_3.ext50/TargetSeq-293T-HEK4-BE4-rep2_HK4-mcf-2_cutoff_3_indel.ext50.pdf
    jobid: 246
    wildcards: cutoff=3, lib=293T-HEK4-BE4-rep2, sample=HK4-mcf-2

/home/zhaohuanan/miniconda3/envs/py27/bin/python ./program/plot-targetseq-bmat-V02.py -i ../TargetSeq-293T-HEK4-BE4-rep2/cutoff_3/mapping/HK4-mcf-2_bwa_sort.bmat -o ../all_plot/cutoff_3.ext50/TargetSeq-293T-HEK4-BE4-rep2_HK4-mcf-2_cutoff_3_indel.ext50.pdf --region_extend_length 50 --sgRNA GGCACTGCGGCTGGAGGTGGGGG
Terminating processes on user request, this might take some time.
[Fri Jul 31 01:35:24 2020]
Error in rule bmat_plot_ext_HEK4:
    jobid: 100
    output: ../all_plot/cutoff_3.ext50/TargetSeq-MCF7-HEK4-BE4-rep2_HK4-mcf-12_cutoff_3_indel.ext50.pdf

RuleException:
CalledProcessError in line 180 of /gpfs/user/zhaohuanan/3.project/7.2020-08_practice_Target-seq/snakepipes_target-seq-from-table-to-plot/snk.05.merge_fastq_to_plot_pipline.bwa.py:
Command ' set -euo pipefail;  /home/zhaohuanan/miniconda3/envs/py27/bin/python ./program/plot-targetseq-bmat-V02.py -i ../TargetSeq-MCF7-HEK4-BE4-rep2/cutoff_3/mapping/HK4-mcf-12_bwa_sort.bmat -o ../all_plot/cutoff_3.ext50/TargetSeq-MCF7-HEK4-BE4-rep2_HK4-mcf-12_cutoff_3_indel.ext50.pdf --region_extend_length 50 --sgRNA GGCACTGCGGCTGGAGGTGGGGG ' returned non-zero exit status 1.
  File "/gpfs/user/zhaohuanan/3.project/7.2020-08_practice_Target-seq/snakepipes_target-seq-from-table-to-plot/snk.05.merge_fastq_to_plot_pipline.bwa.py", line 180, in __rule_bmat_plot_ext_HEK4
  File "/home/zhaohuanan/miniconda3/envs/snakemake/lib/python3.6/concurrent/futures/thread.py", line 56, in run
[Fri Jul 31 01:35:24 2020]
Error in rule bmat_plot_ext_HEK4:
    jobid: 159
    output: ../all_plot/cutoff_3.ext50/TargetSeq-293T-HEK4-BE4-rep1_HK4-mcf-12_cutoff_3_indel.ext50.pdf

RuleException:
CalledProcessError in line 180 of /gpfs/user/zhaohuanan/3.project/7.2020-08_practice_Target-seq/snakepipes_target-seq-from-table-to-plot/snk.05.merge_fastq_to_plot_pipline.bwa.py:
Command ' set -euo pipefail;  /home/zhaohuanan/miniconda3/envs/py27/bin/python ./program/plot-targetseq-bmat-V02.py -i ../TargetSeq-293T-HEK4-BE4-rep1/cutoff_3/mapping/HK4-mcf-12_bwa_sort.bmat -o ../all_plot/cutoff_3.ext50/TargetSeq-293T-HEK4-BE4-rep1_HK4-mcf-12_cutoff_3_indel.ext50.pdf --region_extend_length 50 --sgRNA GGCACTGCGGCTGGAGGTGGGGG ' returned non-zero exit status 1.
  File "/gpfs/user/zhaohuanan/3.project/7.2020-08_practice_Target-seq/snakepipes_target-seq-from-table-to-plot/snk.05.merge_fastq_to_plot_pipline.bwa.py", line 180, in __rule_bmat_plot_ext_HEK4
  File "/home/zhaohuanan/miniconda3/envs/snakemake/lib/python3.6/concurrent/futures/thread.py", line 56, in run
[Fri Jul 31 01:35:24 2020]
Error in rule bmat_plot_ext_HEK4:
    jobid: 89
    output: ../all_plot/cutoff_3.ext50/TargetSeq-293T-HEK4-BE4-rep1_HK4-mcf-11_cutoff_3_indel.ext50.pdf

RuleException:
CalledProcessError in line 180 of /gpfs/user/zhaohuanan/3.project/7.2020-08_practice_Target-seq/snakepipes_target-seq-from-table-to-plot/snk.05.merge_fastq_to_plot_pipline.bwa.py:
Command ' set -euo pipefail;  /home/zhaohuanan/miniconda3/envs/py27/bin/python ./program/plot-targetseq-bmat-V02.py -i ../TargetSeq-293T-HEK4-BE4-rep1/cutoff_3/mapping/HK4-mcf-11_bwa_sort.bmat -o ../all_plot/cutoff_3.ext50/TargetSeq-293T-HEK4-BE4-rep1_HK4-mcf-11_cutoff_3_indel.ext50.pdf --region_extend_length 50 --sgRNA GGCACTGCGGCTGGAGGTGGGGG ' returned non-zero exit status 1.
  File "/gpfs/user/zhaohuanan/3.project/7.2020-08_practice_Target-seq/snakepipes_target-seq-from-table-to-plot/snk.05.merge_fastq_to_plot_pipline.bwa.py", line 180, in __rule_bmat_plot_ext_HEK4
  File "/home/zhaohuanan/miniconda3/envs/snakemake/lib/python3.6/concurrent/futures/thread.py", line 56, in run
[Fri Jul 31 01:35:24 2020]
Error in rule bmat_plot_ext_HEK4:
    jobid: 270
    output: ../all_plot/cutoff_3.ext50/TargetSeq-MCF7-HEK4-BE4-rep1_HK4-mcf-12_cutoff_3_indel.ext50.pdf

RuleException:
CalledProcessError in line 180 of /gpfs/user/zhaohuanan/3.project/7.2020-08_practice_Target-seq/snakepipes_target-seq-from-table-to-plot/snk.05.merge_fastq_to_plot_pipline.bwa.py:
Command ' set -euo pipefail;  /home/zhaohuanan/miniconda3/envs/py27/bin/python ./program/plot-targetseq-bmat-V02.py -i ../TargetSeq-MCF7-HEK4-BE4-rep1/cutoff_3/mapping/HK4-mcf-12_bwa_sort.bmat -o ../all_plot/cutoff_3.ext50/TargetSeq-MCF7-HEK4-BE4-rep1_HK4-mcf-12_cutoff_3_indel.ext50.pdf --region_extend_length 50 --sgRNA GGCACTGCGGCTGGAGGTGGGGG ' returned non-zero exit status 1.
  File "/gpfs/user/zhaohuanan/3.project/7.2020-08_practice_Target-seq/snakepipes_target-seq-from-table-to-plot/snk.05.merge_fastq_to_plot_pipline.bwa.py", line 180, in __rule_bmat_plot_ext_HEK4
  File "/home/zhaohuanan/miniconda3/envs/snakemake/lib/python3.6/concurrent/futures/thread.py", line 56, in run
[Fri Jul 31 01:35:24 2020]
Error in rule bmat_plot_ext_HEK4:
    jobid: 294
    output: ../all_plot/cutoff_3.ext50/TargetSeq-293T-HEK4-BE4-rep1_HK4-mcf-2_cutoff_3_indel.ext50.pdf

RuleException:
CalledProcessError in line 180 of /gpfs/user/zhaohuanan/3.project/7.2020-08_practice_Target-seq/snakepipes_target-seq-from-table-to-plot/snk.05.merge_fastq_to_plot_pipline.bwa.py:
Command ' set -euo pipefail;  /home/zhaohuanan/miniconda3/envs/py27/bin/python ./program/plot-targetseq-bmat-V02.py -i ../TargetSeq-293T-HEK4-BE4-rep1/cutoff_3/mapping/HK4-mcf-2_bwa_sort.bmat -o ../all_plot/cutoff_3.ext50/TargetSeq-293T-HEK4-BE4-rep1_HK4-mcf-2_cutoff_3_indel.ext50.pdf --region_extend_length 50 --sgRNA GGCACTGCGGCTGGAGGTGGGGG ' returned non-zero exit status 1.
  File "/gpfs/user/zhaohuanan/3.project/7.2020-08_practice_Target-seq/snakepipes_target-seq-from-table-to-plot/snk.05.merge_fastq_to_plot_pipline.bwa.py", line 180, in __rule_bmat_plot_ext_HEK4
  File "/home/zhaohuanan/miniconda3/envs/snakemake/lib/python3.6/concurrent/futures/thread.py", line 56, in run
[Fri Jul 31 01:35:24 2020]
Error in rule bmat_plot_ext_HEK4:
    jobid: 3
    output: ../all_plot/cutoff_3.ext50/TargetSeq-MCF7-HEK4-BE4-rep1_HK4-mcf-11_cutoff_3_indel.ext50.pdf

RuleException:
CalledProcessError in line 180 of /gpfs/user/zhaohuanan/3.project/7.2020-08_practice_Target-seq/snakepipes_target-seq-from-table-to-plot/snk.05.merge_fastq_to_plot_pipline.bwa.py:
Command ' set -euo pipefail;  /home/zhaohuanan/miniconda3/envs/py27/bin/python ./program/plot-targetseq-bmat-V02.py -i ../TargetSeq-MCF7-HEK4-BE4-rep1/cutoff_3/mapping/HK4-mcf-11_bwa_sort.bmat -o ../all_plot/cutoff_3.ext50/TargetSeq-MCF7-HEK4-BE4-rep1_HK4-mcf-11_cutoff_3_indel.ext50.pdf --region_extend_length 50 --sgRNA GGCACTGCGGCTGGAGGTGGGGG ' returned non-zero exit status 1.
  File "/gpfs/user/zhaohuanan/3.project/7.2020-08_practice_Target-seq/snakepipes_target-seq-from-table-to-plot/snk.05.merge_fastq_to_plot_pipline.bwa.py", line 180, in __rule_bmat_plot_ext_HEK4
  File "/home/zhaohuanan/miniconda3/envs/snakemake/lib/python3.6/concurrent/futures/thread.py", line 56, in run
[Fri Jul 31 01:35:24 2020]
Error in rule bmat_plot_ext_HEK4:
    jobid: 265
    output: ../all_plot/cutoff_3.ext50/TargetSeq-293T-HEK4-BE4-rep1_HK4-mcf-1_cutoff_3_indel.ext50.pdf

RuleException:
CalledProcessError in line 180 of /gpfs/user/zhaohuanan/3.project/7.2020-08_practice_Target-seq/snakepipes_target-seq-from-table-to-plot/snk.05.merge_fastq_to_plot_pipline.bwa.py:
Command ' set -euo pipefail;  /home/zhaohuanan/miniconda3/envs/py27/bin/python ./program/plot-targetseq-bmat-V02.py -i ../TargetSeq-293T-HEK4-BE4-rep1/cutoff_3/mapping/HK4-mcf-1_bwa_sort.bmat -o ../all_plot/cutoff_3.ext50/TargetSeq-293T-HEK4-BE4-rep1_HK4-mcf-1_cutoff_3_indel.ext50.pdf --region_extend_length 50 --sgRNA GGCACTGCGGCTGGAGGTGGGGG ' returned non-zero exit status 1.
  File "/gpfs/user/zhaohuanan/3.project/7.2020-08_practice_Target-seq/snakepipes_target-seq-from-table-to-plot/snk.05.merge_fastq_to_plot_pipline.bwa.py", line 180, in __rule_bmat_plot_ext_HEK4
  File "/home/zhaohuanan/miniconda3/envs/snakemake/lib/python3.6/concurrent/futures/thread.py", line 56, in run
[Fri Jul 31 01:35:24 2020]
Error in rule bmat_plot_ext_HEK4:
    jobid: 257
    output: ../all_plot/cutoff_3.ext50/TargetSeq-293T-HEK4-BE4-rep1_HK4-mcf-7_cutoff_3_indel.ext50.pdf

RuleException:
CalledProcessError in line 180 of /gpfs/user/zhaohuanan/3.project/7.2020-08_practice_Target-seq/snakepipes_target-seq-from-table-to-plot/snk.05.merge_fastq_to_plot_pipline.bwa.py:
Command ' set -euo pipefail;  /home/zhaohuanan/miniconda3/envs/py27/bin/python ./program/plot-targetseq-bmat-V02.py -i ../TargetSeq-293T-HEK4-BE4-rep1/cutoff_3/mapping/HK4-mcf-7_bwa_sort.bmat -o ../all_plot/cutoff_3.ext50/TargetSeq-293T-HEK4-BE4-rep1_HK4-mcf-7_cutoff_3_indel.ext50.pdf --region_extend_length 50 --sgRNA GGCACTGCGGCTGGAGGTGGGGG ' returned non-zero exit status 1.
  File "/gpfs/user/zhaohuanan/3.project/7.2020-08_practice_Target-seq/snakepipes_target-seq-from-table-to-plot/snk.05.merge_fastq_to_plot_pipline.bwa.py", line 180, in __rule_bmat_plot_ext_HEK4
  File "/home/zhaohuanan/miniconda3/envs/snakemake/lib/python3.6/concurrent/futures/thread.py", line 56, in run
[Fri Jul 31 01:35:24 2020]
Error in rule bmat_plot_ext_HEK4:
    jobid: 135
    output: ../all_plot/cutoff_3.ext50/TargetSeq-MCF7-HEK4-BE4-rep1_HK4-mcf-1_cutoff_3_indel.ext50.pdf

RuleException:
CalledProcessError in line 180 of /gpfs/user/zhaohuanan/3.project/7.2020-08_practice_Target-seq/snakepipes_target-seq-from-table-to-plot/snk.05.merge_fastq_to_plot_pipline.bwa.py:
Command ' set -euo pipefail;  /home/zhaohuanan/miniconda3/envs/py27/bin/python ./program/plot-targetseq-bmat-V02.py -i ../TargetSeq-MCF7-HEK4-BE4-rep1/cutoff_3/mapping/HK4-mcf-1_bwa_sort.bmat -o ../all_plot/cutoff_3.ext50/TargetSeq-MCF7-HEK4-BE4-rep1_HK4-mcf-1_cutoff_3_indel.ext50.pdf --region_extend_length 50 --sgRNA GGCACTGCGGCTGGAGGTGGGGG ' returned non-zero exit status 1.
  File "/gpfs/user/zhaohuanan/3.project/7.2020-08_practice_Target-seq/snakepipes_target-seq-from-table-to-plot/snk.05.merge_fastq_to_plot_pipline.bwa.py", line 180, in __rule_bmat_plot_ext_HEK4
  File "/home/zhaohuanan/miniconda3/envs/snakemake/lib/python3.6/concurrent/futures/thread.py", line 56, in run
[Fri Jul 31 01:35:24 2020]
Error in rule bmat_plot_ext_HEK4:
    jobid: 243
    output: ../all_plot/cutoff_3.ext50/TargetSeq-293T-HEK4-BE4-rep2_HK4-mcf-7_cutoff_3_indel.ext50.pdf

RuleException:
CalledProcessError in line 180 of /gpfs/user/zhaohuanan/3.project/7.2020-08_practice_Target-seq/snakepipes_target-seq-from-table-to-plot/snk.05.merge_fastq_to_plot_pipline.bwa.py:
Command ' set -euo pipefail;  /home/zhaohuanan/miniconda3/envs/py27/bin/python ./program/plot-targetseq-bmat-V02.py -i ../TargetSeq-293T-HEK4-BE4-rep2/cutoff_3/mapping/HK4-mcf-7_bwa_sort.bmat -o ../all_plot/cutoff_3.ext50/TargetSeq-293T-HEK4-BE4-rep2_HK4-mcf-7_cutoff_3_indel.ext50.pdf --region_extend_length 50 --sgRNA GGCACTGCGGCTGGAGGTGGGGG ' returned non-zero exit status 1.
  File "/gpfs/user/zhaohuanan/3.project/7.2020-08_practice_Target-seq/snakepipes_target-seq-from-table-to-plot/snk.05.merge_fastq_to_plot_pipline.bwa.py", line 180, in __rule_bmat_plot_ext_HEK4
  File "/home/zhaohuanan/miniconda3/envs/snakemake/lib/python3.6/concurrent/futures/thread.py", line 56, in run
[Fri Jul 31 01:35:24 2020]
Error in rule bmat_plot_ext_HEK4:
    jobid: 212
    output: ../all_plot/cutoff_3.ext50/TargetSeq-293T-HEK4-BE4-rep2_HK4-mcf-1_cutoff_3_indel.ext50.pdf

RuleException:
CalledProcessError in line 180 of /gpfs/user/zhaohuanan/3.project/7.2020-08_practice_Target-seq/snakepipes_target-seq-from-table-to-plot/snk.05.merge_fastq_to_plot_pipline.bwa.py:
Command ' set -euo pipefail;  /home/zhaohuanan/miniconda3/envs/py27/bin/python ./program/plot-targetseq-bmat-V02.py -i ../TargetSeq-293T-HEK4-BE4-rep2/cutoff_3/mapping/HK4-mcf-1_bwa_sort.bmat -o ../all_plot/cutoff_3.ext50/TargetSeq-293T-HEK4-BE4-rep2_HK4-mcf-1_cutoff_3_indel.ext50.pdf --region_extend_length 50 --sgRNA GGCACTGCGGCTGGAGGTGGGGG ' returned non-zero exit status 1.
  File "/gpfs/user/zhaohuanan/3.project/7.2020-08_practice_Target-seq/snakepipes_target-seq-from-table-to-plot/snk.05.merge_fastq_to_plot_pipline.bwa.py", line 180, in __rule_bmat_plot_ext_HEK4
  File "/home/zhaohuanan/miniconda3/envs/snakemake/lib/python3.6/concurrent/futures/thread.py", line 56, in run
[Fri Jul 31 01:35:24 2020]
Error in rule bmat_plot_ext_HEK4:
    jobid: 277
    output: ../all_plot/cutoff_3.ext50/TargetSeq-MCF7-HEK4-BE4-rep2_HK4-mcf-1_cutoff_3_indel.ext50.pdf

RuleException:
CalledProcessError in line 180 of /gpfs/user/zhaohuanan/3.project/7.2020-08_practice_Target-seq/snakepipes_target-seq-from-table-to-plot/snk.05.merge_fastq_to_plot_pipline.bwa.py:
Command ' set -euo pipefail;  /home/zhaohuanan/miniconda3/envs/py27/bin/python ./program/plot-targetseq-bmat-V02.py -i ../TargetSeq-MCF7-HEK4-BE4-rep2/cutoff_3/mapping/HK4-mcf-1_bwa_sort.bmat -o ../all_plot/cutoff_3.ext50/TargetSeq-MCF7-HEK4-BE4-rep2_HK4-mcf-1_cutoff_3_indel.ext50.pdf --region_extend_length 50 --sgRNA GGCACTGCGGCTGGAGGTGGGGG ' returned non-zero exit status 1.
  File "/gpfs/user/zhaohuanan/3.project/7.2020-08_practice_Target-seq/snakepipes_target-seq-from-table-to-plot/snk.05.merge_fastq_to_plot_pipline.bwa.py", line 180, in __rule_bmat_plot_ext_HEK4
  File "/home/zhaohuanan/miniconda3/envs/snakemake/lib/python3.6/concurrent/futures/thread.py", line 56, in run
[Fri Jul 31 01:35:24 2020]
[Fri Jul 31 01:35:24 2020]
Error in rule bmat_plot_ext_HEK4:
Error in rule bmat_plot_ext_HEK4:
    jobid: 80
    jobid: 301
    output: ../all_plot/cutoff_3.ext50/TargetSeq-293T-HEK4-BE4-rep2_HK4-mcf-5_cutoff_3_indel.ext50.pdf
    output: ../all_plot/cutoff_3.ext50/TargetSeq-293T-HEK4-BE4-rep1_HK4-mcf-5_cutoff_3_indel.ext50.pdf


RuleException:
CalledProcessError in line 180 of /gpfs/user/zhaohuanan/3.project/7.2020-08_practice_Target-seq/snakepipes_target-seq-from-table-to-plot/snk.05.merge_fastq_to_plot_pipline.bwa.py:
Command ' set -euo pipefail;  /home/zhaohuanan/miniconda3/envs/py27/bin/python ./program/plot-targetseq-bmat-V02.py -i ../TargetSeq-293T-HEK4-BE4-rep2/cutoff_3/mapping/HK4-mcf-5_bwa_sort.bmat -o ../all_plot/cutoff_3.ext50/TargetSeq-293T-HEK4-BE4-rep2_HK4-mcf-5_cutoff_3_indel.ext50.pdf --region_extend_length 50 --sgRNA GGCACTGCGGCTGGAGGTGGGGG ' returned non-zero exit status 1.
  File "/gpfs/user/zhaohuanan/3.project/7.2020-08_practice_Target-seq/snakepipes_target-seq-from-table-to-plot/snk.05.merge_fastq_to_plot_pipline.bwa.py", line 180, in __rule_bmat_plot_ext_HEK4
  File "/home/zhaohuanan/miniconda3/envs/snakemake/lib/python3.6/concurrent/futures/thread.py", line 56, in run
RuleException:
CalledProcessError in line 180 of /gpfs/user/zhaohuanan/3.project/7.2020-08_practice_Target-seq/snakepipes_target-seq-from-table-to-plot/snk.05.merge_fastq_to_plot_pipline.bwa.py:
Command ' set -euo pipefail;  /home/zhaohuanan/miniconda3/envs/py27/bin/python ./program/plot-targetseq-bmat-V02.py -i ../TargetSeq-293T-HEK4-BE4-rep1/cutoff_3/mapping/HK4-mcf-5_bwa_sort.bmat -o ../all_plot/cutoff_3.ext50/TargetSeq-293T-HEK4-BE4-rep1_HK4-mcf-5_cutoff_3_indel.ext50.pdf --region_extend_length 50 --sgRNA GGCACTGCGGCTGGAGGTGGGGG ' returned non-zero exit status 1.
  File "/gpfs/user/zhaohuanan/3.project/7.2020-08_practice_Target-seq/snakepipes_target-seq-from-table-to-plot/snk.05.merge_fastq_to_plot_pipline.bwa.py", line 180, in __rule_bmat_plot_ext_HEK4
  File "/home/zhaohuanan/miniconda3/envs/snakemake/lib/python3.6/concurrent/futures/thread.py", line 56, in run
[Fri Jul 31 01:35:24 2020]
Error in rule bmat_plot_ext_HEK4:
    jobid: 125
    output: ../all_plot/cutoff_3.ext50/TargetSeq-293T-HEK4-BE4-rep2_HK4-mcf-11_cutoff_3_indel.ext50.pdf

RuleException:
CalledProcessError in line 180 of /gpfs/user/zhaohuanan/3.project/7.2020-08_practice_Target-seq/snakepipes_target-seq-from-table-to-plot/snk.05.merge_fastq_to_plot_pipline.bwa.py:
Command ' set -euo pipefail;  /home/zhaohuanan/miniconda3/envs/py27/bin/python ./program/plot-targetseq-bmat-V02.py -i ../TargetSeq-293T-HEK4-BE4-rep2/cutoff_3/mapping/HK4-mcf-11_bwa_sort.bmat -o ../all_plot/cutoff_3.ext50/TargetSeq-293T-HEK4-BE4-rep2_HK4-mcf-11_cutoff_3_indel.ext50.pdf --region_extend_length 50 --sgRNA GGCACTGCGGCTGGAGGTGGGGG ' returned non-zero exit status 1.
  File "/gpfs/user/zhaohuanan/3.project/7.2020-08_practice_Target-seq/snakepipes_target-seq-from-table-to-plot/snk.05.merge_fastq_to_plot_pipline.bwa.py", line 180, in __rule_bmat_plot_ext_HEK4
  File "/home/zhaohuanan/miniconda3/envs/snakemake/lib/python3.6/concurrent/futures/thread.py", line 56, in run
[Fri Jul 31 01:35:24 2020]
Error in rule bmat_plot_ext_HEK4:
    jobid: 244
    output: ../all_plot/cutoff_3.ext50/TargetSeq-MCF7-HEK4-BE4-rep1_HK4-mcf-10_cutoff_3_indel.ext50.pdf

RuleException:
CalledProcessError in line 180 of /gpfs/user/zhaohuanan/3.project/7.2020-08_practice_Target-seq/snakepipes_target-seq-from-table-to-plot/snk.05.merge_fastq_to_plot_pipline.bwa.py:
Command ' set -euo pipefail;  /home/zhaohuanan/miniconda3/envs/py27/bin/python ./program/plot-targetseq-bmat-V02.py -i ../TargetSeq-MCF7-HEK4-BE4-rep1/cutoff_3/mapping/HK4-mcf-10_bwa_sort.bmat -o ../all_plot/cutoff_3.ext50/TargetSeq-MCF7-HEK4-BE4-rep1_HK4-mcf-10_cutoff_3_indel.ext50.pdf --region_extend_length 50 --sgRNA GGCACTGCGGCTGGAGGTGGGGG ' returned non-zero exit status 1.
  File "/gpfs/user/zhaohuanan/3.project/7.2020-08_practice_Target-seq/snakepipes_target-seq-from-table-to-plot/snk.05.merge_fastq_to_plot_pipline.bwa.py", line 180, in __rule_bmat_plot_ext_HEK4
  File "/home/zhaohuanan/miniconda3/envs/snakemake/lib/python3.6/concurrent/futures/thread.py", line 56, in run
[Fri Jul 31 01:35:24 2020]
Error in rule bmat_plot_ext_HEK4:
    jobid: 128
    output: ../all_plot/cutoff_3.ext50/TargetSeq-293T-HEK4-BE4-rep2_HK4-mcf-12_cutoff_3_indel.ext50.pdf

RuleException:
CalledProcessError in line 180 of /gpfs/user/zhaohuanan/3.project/7.2020-08_practice_Target-seq/snakepipes_target-seq-from-table-to-plot/snk.05.merge_fastq_to_plot_pipline.bwa.py:
Command ' set -euo pipefail;  /home/zhaohuanan/miniconda3/envs/py27/bin/python ./program/plot-targetseq-bmat-V02.py -i ../TargetSeq-293T-HEK4-BE4-rep2/cutoff_3/mapping/HK4-mcf-12_bwa_sort.bmat -o ../all_plot/cutoff_3.ext50/TargetSeq-293T-HEK4-BE4-rep2_HK4-mcf-12_cutoff_3_indel.ext50.pdf --region_extend_length 50 --sgRNA GGCACTGCGGCTGGAGGTGGGGG ' returned non-zero exit status 1.
  File "/gpfs/user/zhaohuanan/3.project/7.2020-08_practice_Target-seq/snakepipes_target-seq-from-table-to-plot/snk.05.merge_fastq_to_plot_pipline.bwa.py", line 180, in __rule_bmat_plot_ext_HEK4
  File "/home/zhaohuanan/miniconda3/envs/snakemake/lib/python3.6/concurrent/futures/thread.py", line 56, in run
[Fri Jul 31 01:35:24 2020]
Error in rule bmat_plot_ext_HEK4:
    jobid: 246
    output: ../all_plot/cutoff_3.ext50/TargetSeq-293T-HEK4-BE4-rep2_HK4-mcf-2_cutoff_3_indel.ext50.pdf

RuleException:
CalledProcessError in line 180 of /gpfs/user/zhaohuanan/3.project/7.2020-08_practice_Target-seq/snakepipes_target-seq-from-table-to-plot/snk.05.merge_fastq_to_plot_pipline.bwa.py:
Command ' set -euo pipefail;  /home/zhaohuanan/miniconda3/envs/py27/bin/python ./program/plot-targetseq-bmat-V02.py -i ../TargetSeq-293T-HEK4-BE4-rep2/cutoff_3/mapping/HK4-mcf-2_bwa_sort.bmat -o ../all_plot/cutoff_3.ext50/TargetSeq-293T-HEK4-BE4-rep2_HK4-mcf-2_cutoff_3_indel.ext50.pdf --region_extend_length 50 --sgRNA GGCACTGCGGCTGGAGGTGGGGG ' returned non-zero exit status 1.
  File "/gpfs/user/zhaohuanan/3.project/7.2020-08_practice_Target-seq/snakepipes_target-seq-from-table-to-plot/snk.05.merge_fastq_to_plot_pipline.bwa.py", line 180, in __rule_bmat_plot_ext_HEK4
  File "/home/zhaohuanan/miniconda3/envs/snakemake/lib/python3.6/concurrent/futures/thread.py", line 56, in run
[Fri Jul 31 01:35:24 2020]
Error in rule bmat_plot_ext_HEK4:
    jobid: 279
    output: ../all_plot/cutoff_3.ext50/TargetSeq-MCF7-HEK4-BE4-rep1_HK4-mcf-5_cutoff_3_indel.ext50.pdf

RuleException:
CalledProcessError in line 180 of /gpfs/user/zhaohuanan/3.project/7.2020-08_practice_Target-seq/snakepipes_target-seq-from-table-to-plot/snk.05.merge_fastq_to_plot_pipline.bwa.py:
Command ' set -euo pipefail;  /home/zhaohuanan/miniconda3/envs/py27/bin/python ./program/plot-targetseq-bmat-V02.py -i ../TargetSeq-MCF7-HEK4-BE4-rep1/cutoff_3/mapping/HK4-mcf-5_bwa_sort.bmat -o ../all_plot/cutoff_3.ext50/TargetSeq-MCF7-HEK4-BE4-rep1_HK4-mcf-5_cutoff_3_indel.ext50.pdf --region_extend_length 50 --sgRNA GGCACTGCGGCTGGAGGTGGGGG ' returned non-zero exit status 1.
  File "/gpfs/user/zhaohuanan/3.project/7.2020-08_practice_Target-seq/snakepipes_target-seq-from-table-to-plot/snk.05.merge_fastq_to_plot_pipline.bwa.py", line 180, in __rule_bmat_plot_ext_HEK4
  File "/home/zhaohuanan/miniconda3/envs/snakemake/lib/python3.6/concurrent/futures/thread.py", line 56, in run
[Fri Jul 31 01:35:24 2020]
Error in rule bmat_plot_ext_HEK4:
    jobid: 300
    output: ../all_plot/cutoff_3.ext50/TargetSeq-MCF7-HEK4-BE4-rep2_HK4-mcf-5_cutoff_3_indel.ext50.pdf

RuleException:
CalledProcessError in line 180 of /gpfs/user/zhaohuanan/3.project/7.2020-08_practice_Target-seq/snakepipes_target-seq-from-table-to-plot/snk.05.merge_fastq_to_plot_pipline.bwa.py:
Command ' set -euo pipefail;  /home/zhaohuanan/miniconda3/envs/py27/bin/python ./program/plot-targetseq-bmat-V02.py -i ../TargetSeq-MCF7-HEK4-BE4-rep2/cutoff_3/mapping/HK4-mcf-5_bwa_sort.bmat -o ../all_plot/cutoff_3.ext50/TargetSeq-MCF7-HEK4-BE4-rep2_HK4-mcf-5_cutoff_3_indel.ext50.pdf --region_extend_length 50 --sgRNA GGCACTGCGGCTGGAGGTGGGGG ' returned non-zero exit status 1.
  File "/gpfs/user/zhaohuanan/3.project/7.2020-08_practice_Target-seq/snakepipes_target-seq-from-table-to-plot/snk.05.merge_fastq_to_plot_pipline.bwa.py", line 180, in __rule_bmat_plot_ext_HEK4
  File "/home/zhaohuanan/miniconda3/envs/snakemake/lib/python3.6/concurrent/futures/thread.py", line 56, in run
[Fri Jul 31 01:35:25 2020]
Error in rule bmat_plot_ext_HEK4:
    jobid: 51
    output: ../all_plot/cutoff_3.ext50/TargetSeq-MCF7-HEK4-BE4-rep2_HK4-mcf-10_cutoff_3_indel.ext50.pdf

RuleException:
CalledProcessError in line 180 of /gpfs/user/zhaohuanan/3.project/7.2020-08_practice_Target-seq/snakepipes_target-seq-from-table-to-plot/snk.05.merge_fastq_to_plot_pipline.bwa.py:
Command ' set -euo pipefail;  /home/zhaohuanan/miniconda3/envs/py27/bin/python ./program/plot-targetseq-bmat-V02.py -i ../TargetSeq-MCF7-HEK4-BE4-rep2/cutoff_3/mapping/HK4-mcf-10_bwa_sort.bmat -o ../all_plot/cutoff_3.ext50/TargetSeq-MCF7-HEK4-BE4-rep2_HK4-mcf-10_cutoff_3_indel.ext50.pdf --region_extend_length 50 --sgRNA GGCACTGCGGCTGGAGGTGGGGG ' returned non-zero exit status 1.
  File "/gpfs/user/zhaohuanan/3.project/7.2020-08_practice_Target-seq/snakepipes_target-seq-from-table-to-plot/snk.05.merge_fastq_to_plot_pipline.bwa.py", line 180, in __rule_bmat_plot_ext_HEK4
  File "/home/zhaohuanan/miniconda3/envs/snakemake/lib/python3.6/concurrent/futures/thread.py", line 56, in run
[Fri Jul 31 01:35:25 2020]
Error in rule bmat_plot_ext_HEK4:
    jobid: 185
    output: ../all_plot/cutoff_3.ext50/TargetSeq-293T-HEK4-BE4-rep2_HK4-mcf-10_cutoff_3_indel.ext50.pdf

RuleException:
CalledProcessError in line 180 of /gpfs/user/zhaohuanan/3.project/7.2020-08_practice_Target-seq/snakepipes_target-seq-from-table-to-plot/snk.05.merge_fastq_to_plot_pipline.bwa.py:
Command ' set -euo pipefail;  /home/zhaohuanan/miniconda3/envs/py27/bin/python ./program/plot-targetseq-bmat-V02.py -i ../TargetSeq-293T-HEK4-BE4-rep2/cutoff_3/mapping/HK4-mcf-10_bwa_sort.bmat -o ../all_plot/cutoff_3.ext50/TargetSeq-293T-HEK4-BE4-rep2_HK4-mcf-10_cutoff_3_indel.ext50.pdf --region_extend_length 50 --sgRNA GGCACTGCGGCTGGAGGTGGGGG ' returned non-zero exit status 1.
  File "/gpfs/user/zhaohuanan/3.project/7.2020-08_practice_Target-seq/snakepipes_target-seq-from-table-to-plot/snk.05.merge_fastq_to_plot_pipline.bwa.py", line 180, in __rule_bmat_plot_ext_HEK4
  File "/home/zhaohuanan/miniconda3/envs/snakemake/lib/python3.6/concurrent/futures/thread.py", line 56, in run
[Fri Jul 31 01:35:25 2020]
Error in rule bmat_plot_ext_HEK4:
    jobid: 43
    output: ../all_plot/cutoff_3.ext50/TargetSeq-293T-HEK4-BE4-rep1_HK4-mcf-10_cutoff_3_indel.ext50.pdf

RuleException:
CalledProcessError in line 180 of /gpfs/user/zhaohuanan/3.project/7.2020-08_practice_Target-seq/snakepipes_target-seq-from-table-to-plot/snk.05.merge_fastq_to_plot_pipline.bwa.py:
Command ' set -euo pipefail;  /home/zhaohuanan/miniconda3/envs/py27/bin/python ./program/plot-targetseq-bmat-V02.py -i ../TargetSeq-293T-HEK4-BE4-rep1/cutoff_3/mapping/HK4-mcf-10_bwa_sort.bmat -o ../all_plot/cutoff_3.ext50/TargetSeq-293T-HEK4-BE4-rep1_HK4-mcf-10_cutoff_3_indel.ext50.pdf --region_extend_length 50 --sgRNA GGCACTGCGGCTGGAGGTGGGGG ' returned non-zero exit status 1.
  File "/gpfs/user/zhaohuanan/3.project/7.2020-08_practice_Target-seq/snakepipes_target-seq-from-table-to-plot/snk.05.merge_fastq_to_plot_pipline.bwa.py", line 180, in __rule_bmat_plot_ext_HEK4
  File "/home/zhaohuanan/miniconda3/envs/snakemake/lib/python3.6/concurrent/futures/thread.py", line 56, in run
[Fri Jul 31 01:35:25 2020]
Error in rule bmat_plot_ext_HEK4:
    jobid: 278
    output: ../all_plot/cutoff_3.ext50/TargetSeq-MCF7-HEK4-BE4-rep2_HK4-mcf-11_cutoff_3_indel.ext50.pdf

RuleException:
CalledProcessError in line 180 of /gpfs/user/zhaohuanan/3.project/7.2020-08_practice_Target-seq/snakepipes_target-seq-from-table-to-plot/snk.05.merge_fastq_to_plot_pipline.bwa.py:
Command ' set -euo pipefail;  /home/zhaohuanan/miniconda3/envs/py27/bin/python ./program/plot-targetseq-bmat-V02.py -i ../TargetSeq-MCF7-HEK4-BE4-rep2/cutoff_3/mapping/HK4-mcf-11_bwa_sort.bmat -o ../all_plot/cutoff_3.ext50/TargetSeq-MCF7-HEK4-BE4-rep2_HK4-mcf-11_cutoff_3_indel.ext50.pdf --region_extend_length 50 --sgRNA GGCACTGCGGCTGGAGGTGGGGG ' returned non-zero exit status 1.
  File "/gpfs/user/zhaohuanan/3.project/7.2020-08_practice_Target-seq/snakepipes_target-seq-from-table-to-plot/snk.05.merge_fastq_to_plot_pipline.bwa.py", line 180, in __rule_bmat_plot_ext_HEK4
  File "/home/zhaohuanan/miniconda3/envs/snakemake/lib/python3.6/concurrent/futures/thread.py", line 56, in run
Complete log: /gpfs/user/zhaohuanan/3.project/7.2020-08_practice_Target-seq/snakepipes_target-seq-from-table-to-plot/.snakemake/log/2020-07-31T013423.981875.snakemake.log
