Building DAG of jobs...
Using shell: /usr/bin/bash
Provided cluster nodes: 6
Job counts:
	count	jobs
	6	MergeFastq
	1	all
	7

[Tue Dec 29 23:10:56 2020]
rule MergeFastq:
    input: ../TargetSeq-cpf1-RUX-21
    output: ../TargetSeq-cpf1-RUX-21/cutoff_10/cpf1-RUX-21_cutoff_10.report
    log: ../TargetSeq-cpf1-RUX-21/cutoff_10/cpf1-RUX-21_cutoff_10.log
    jobid: 6
    reason: Missing output files: ../TargetSeq-cpf1-RUX-21/cutoff_10/cpf1-RUX-21_cutoff_10.report
    wildcards: lib=cpf1-RUX-21, cutoff=10


        /home/zhaohuanan/zhaohn_HD/miniconda3/envs/snakepipes_target-seq/bin/python ./program/target_seq_merge_fq_V03.py         -i ../TargetSeq-cpf1-RUX-21         -p ./primer_table/cpf1_cas9.txt         -o ../TargetSeq-cpf1-RUX-21/cutoff_10         -r ../TargetSeq-cpf1-RUX-21/cutoff_10/cpf1-RUX-21_cutoff_10.report         --MinMergeReadNumCutoff 10  > ../TargetSeq-cpf1-RUX-21/cutoff_10/cpf1-RUX-21_cutoff_10.log 2>&1
        
Submitted job 6 with external jobid '193486'.

[Tue Dec 29 23:10:56 2020]
rule MergeFastq:
    input: ../TargetSeq-cpf1-RUX-21
    output: ../TargetSeq-cpf1-RUX-21/cutoff_3/cpf1-RUX-21_cutoff_3.report
    log: ../TargetSeq-cpf1-RUX-21/cutoff_3/cpf1-RUX-21_cutoff_3.log
    jobid: 4
    reason: Missing output files: ../TargetSeq-cpf1-RUX-21/cutoff_3/cpf1-RUX-21_cutoff_3.report
    wildcards: lib=cpf1-RUX-21, cutoff=3


        /home/zhaohuanan/zhaohn_HD/miniconda3/envs/snakepipes_target-seq/bin/python ./program/target_seq_merge_fq_V03.py         -i ../TargetSeq-cpf1-RUX-21         -p ./primer_table/cpf1_cas9.txt         -o ../TargetSeq-cpf1-RUX-21/cutoff_3         -r ../TargetSeq-cpf1-RUX-21/cutoff_3/cpf1-RUX-21_cutoff_3.report         --MinMergeReadNumCutoff 3  > ../TargetSeq-cpf1-RUX-21/cutoff_3/cpf1-RUX-21_cutoff_3.log 2>&1
        
Submitted job 4 with external jobid '193487'.

[Tue Dec 29 23:10:56 2020]
rule MergeFastq:
    input: ../TargetSeq-cas9-RUX-25
    output: ../TargetSeq-cas9-RUX-25/cutoff_5/cas9-RUX-25_cutoff_5.report
    log: ../TargetSeq-cas9-RUX-25/cutoff_5/cas9-RUX-25_cutoff_5.log
    jobid: 2
    reason: Missing output files: ../TargetSeq-cas9-RUX-25/cutoff_5/cas9-RUX-25_cutoff_5.report
    wildcards: lib=cas9-RUX-25, cutoff=5


        /home/zhaohuanan/zhaohn_HD/miniconda3/envs/snakepipes_target-seq/bin/python ./program/target_seq_merge_fq_V03.py         -i ../TargetSeq-cas9-RUX-25         -p ./primer_table/cpf1_cas9.txt         -o ../TargetSeq-cas9-RUX-25/cutoff_5         -r ../TargetSeq-cas9-RUX-25/cutoff_5/cas9-RUX-25_cutoff_5.report         --MinMergeReadNumCutoff 5  > ../TargetSeq-cas9-RUX-25/cutoff_5/cas9-RUX-25_cutoff_5.log 2>&1
        
Submitted job 2 with external jobid '193488'.

[Tue Dec 29 23:10:56 2020]
rule MergeFastq:
    input: ../TargetSeq-cas9-RUX-25
    output: ../TargetSeq-cas9-RUX-25/cutoff_3/cas9-RUX-25_cutoff_3.report
    log: ../TargetSeq-cas9-RUX-25/cutoff_3/cas9-RUX-25_cutoff_3.log
    jobid: 1
    reason: Missing output files: ../TargetSeq-cas9-RUX-25/cutoff_3/cas9-RUX-25_cutoff_3.report
    wildcards: lib=cas9-RUX-25, cutoff=3


        /home/zhaohuanan/zhaohn_HD/miniconda3/envs/snakepipes_target-seq/bin/python ./program/target_seq_merge_fq_V03.py         -i ../TargetSeq-cas9-RUX-25         -p ./primer_table/cpf1_cas9.txt         -o ../TargetSeq-cas9-RUX-25/cutoff_3         -r ../TargetSeq-cas9-RUX-25/cutoff_3/cas9-RUX-25_cutoff_3.report         --MinMergeReadNumCutoff 3  > ../TargetSeq-cas9-RUX-25/cutoff_3/cas9-RUX-25_cutoff_3.log 2>&1
        
Submitted job 1 with external jobid '193489'.

[Tue Dec 29 23:10:57 2020]
rule MergeFastq:
    input: ../TargetSeq-cas9-RUX-25
    output: ../TargetSeq-cas9-RUX-25/cutoff_10/cas9-RUX-25_cutoff_10.report
    log: ../TargetSeq-cas9-RUX-25/cutoff_10/cas9-RUX-25_cutoff_10.log
    jobid: 3
    reason: Missing output files: ../TargetSeq-cas9-RUX-25/cutoff_10/cas9-RUX-25_cutoff_10.report
    wildcards: lib=cas9-RUX-25, cutoff=10


        /home/zhaohuanan/zhaohn_HD/miniconda3/envs/snakepipes_target-seq/bin/python ./program/target_seq_merge_fq_V03.py         -i ../TargetSeq-cas9-RUX-25         -p ./primer_table/cpf1_cas9.txt         -o ../TargetSeq-cas9-RUX-25/cutoff_10         -r ../TargetSeq-cas9-RUX-25/cutoff_10/cas9-RUX-25_cutoff_10.report         --MinMergeReadNumCutoff 10  > ../TargetSeq-cas9-RUX-25/cutoff_10/cas9-RUX-25_cutoff_10.log 2>&1
        
Submitted job 3 with external jobid '193490'.

[Tue Dec 29 23:10:57 2020]
rule MergeFastq:
    input: ../TargetSeq-cpf1-RUX-21
    output: ../TargetSeq-cpf1-RUX-21/cutoff_5/cpf1-RUX-21_cutoff_5.report
    log: ../TargetSeq-cpf1-RUX-21/cutoff_5/cpf1-RUX-21_cutoff_5.log
    jobid: 5
    reason: Missing output files: ../TargetSeq-cpf1-RUX-21/cutoff_5/cpf1-RUX-21_cutoff_5.report
    wildcards: lib=cpf1-RUX-21, cutoff=5


        /home/zhaohuanan/zhaohn_HD/miniconda3/envs/snakepipes_target-seq/bin/python ./program/target_seq_merge_fq_V03.py         -i ../TargetSeq-cpf1-RUX-21         -p ./primer_table/cpf1_cas9.txt         -o ../TargetSeq-cpf1-RUX-21/cutoff_5         -r ../TargetSeq-cpf1-RUX-21/cutoff_5/cpf1-RUX-21_cutoff_5.report         --MinMergeReadNumCutoff 5  > ../TargetSeq-cpf1-RUX-21/cutoff_5/cpf1-RUX-21_cutoff_5.log 2>&1
        
Submitted job 5 with external jobid '193491'.
[Wed Dec 30 09:41:31 2020]
Error in rule MergeFastq:
    jobid: 2
    output: ../TargetSeq-cas9-RUX-25/cutoff_5/cas9-RUX-25_cutoff_5.report
    log: ../TargetSeq-cas9-RUX-25/cutoff_5/cas9-RUX-25_cutoff_5.log (check log file(s) for error message)
    shell:
        
        /home/zhaohuanan/zhaohn_HD/miniconda3/envs/snakepipes_target-seq/bin/python ./program/target_seq_merge_fq_V03.py         -i ../TargetSeq-cas9-RUX-25         -p ./primer_table/cpf1_cas9.txt         -o ../TargetSeq-cas9-RUX-25/cutoff_5         -r ../TargetSeq-cas9-RUX-25/cutoff_5/cas9-RUX-25_cutoff_5.report         --MinMergeReadNumCutoff 5  > ../TargetSeq-cas9-RUX-25/cutoff_5/cas9-RUX-25_cutoff_5.log 2>&1
        
        (one of the commands exited with non-zero exit code; note that snakemake uses bash strict mode!)
    cluster_jobid: 193488

Error executing rule MergeFastq on cluster (jobid: 2, external: 193488, jobscript: /gpfs/user/zhaohuanan/3.project/25.2020-12_02_CBE_DetectSeq_paper_revise/TargetSeq_20201227/sub1_cpf1_cas9/snakepipes_target-seq/.snakemake/tmp.d8jdufhj/snakejob.MergeFastq.2.sh). For error details see the cluster log and the log files of the involved rule(s).
Trying to restart job 2.

[Wed Dec 30 09:41:32 2020]
rule MergeFastq:
    input: ../TargetSeq-cas9-RUX-25
    output: ../TargetSeq-cas9-RUX-25/cutoff_5/cas9-RUX-25_cutoff_5.report
    log: ../TargetSeq-cas9-RUX-25/cutoff_5/cas9-RUX-25_cutoff_5.log
    jobid: 2
    reason: Missing output files: ../TargetSeq-cas9-RUX-25/cutoff_5/cas9-RUX-25_cutoff_5.report
    wildcards: lib=cas9-RUX-25, cutoff=5


        /home/zhaohuanan/zhaohn_HD/miniconda3/envs/snakepipes_target-seq/bin/python ./program/target_seq_merge_fq_V03.py         -i ../TargetSeq-cas9-RUX-25         -p ./primer_table/cpf1_cas9.txt         -o ../TargetSeq-cas9-RUX-25/cutoff_5         -r ../TargetSeq-cas9-RUX-25/cutoff_5/cas9-RUX-25_cutoff_5.report         --MinMergeReadNumCutoff 5  > ../TargetSeq-cas9-RUX-25/cutoff_5/cas9-RUX-25_cutoff_5.log 2>&1
        
Submitted job 2 with external jobid '193499'.
[Wed Dec 30 12:33:41 2020]
Finished job 6.
1 of 7 steps (14%) done
Terminating processes on user request, this might take some time.
Will exit after finishing currently running jobs.
Complete log: /gpfs/user/zhaohuanan/3.project/25.2020-12_02_CBE_DetectSeq_paper_revise/TargetSeq_20201227/sub1_cpf1_cas9/snakepipes_target-seq/.snakemake/log/2020-12-29T231055.337668.snakemake.log
