Building DAG of jobs...
Using shell: /usr/bin/bash
Provided cores: 24
Rules claiming more threads will be scaled down.
Job counts:
	count	jobs
	1	all
	7	bwa_idex
	7	faidx
	7	getfasta
	7	letter2LETTER
	29

[Fri Oct 16 14:53:55 2020]
rule getfasta:
    input: ../TargetSeq_BED_sample_lib/HEK4-Guideseq-5.bed
    output: ../TargetSeq_BED_sample_lib/HEK4-Guideseq-5.ref.fa
    jobid: 29
    reason: Updated input files: ../TargetSeq_BED_sample_lib/HEK4-Guideseq-5.bed
    wildcards: sample=HEK4-Guideseq-5


        /home/zhaohuanan/miniconda3/envs/snakepipes_target-seq-from-table-to-plot/bin/bedtools getfasta -nameOnly -s -bed ../TargetSeq_BED_sample_lib/HEK4-Guideseq-5.bed -fi /home/zhaohuanan/zhaohn_HD/2.database/bwa_hg38/hg38_only_chromosome.fa > ../TargetSeq_BED_sample_lib/HEK4-Guideseq-5.ref.fa
        

[Fri Oct 16 14:53:55 2020]
rule getfasta:
    input: ../TargetSeq_BED_sample_lib/VEGFA-On-Target.bed
    output: ../TargetSeq_BED_sample_lib/VEGFA-On-Target.ref.fa
    jobid: 44
    reason: Updated input files: ../TargetSeq_BED_sample_lib/VEGFA-On-Target.bed
    wildcards: sample=VEGFA-On-Target


        /home/zhaohuanan/miniconda3/envs/snakepipes_target-seq-from-table-to-plot/bin/bedtools getfasta -nameOnly -s -bed ../TargetSeq_BED_sample_lib/VEGFA-On-Target.bed -fi /home/zhaohuanan/zhaohn_HD/2.database/bwa_hg38/hg38_only_chromosome.fa > ../TargetSeq_BED_sample_lib/VEGFA-On-Target.ref.fa
        

[Fri Oct 16 14:53:55 2020]
rule getfasta:
    input: ../TargetSeq_BED_sample_lib/PP2-On-Target.bed
    output: ../TargetSeq_BED_sample_lib/PP2-On-Target.ref.fa
    jobid: 35
    reason: Updated input files: ../TargetSeq_BED_sample_lib/PP2-On-Target.bed
    wildcards: sample=PP2-On-Target


        /home/zhaohuanan/miniconda3/envs/snakepipes_target-seq-from-table-to-plot/bin/bedtools getfasta -nameOnly -s -bed ../TargetSeq_BED_sample_lib/PP2-On-Target.bed -fi /home/zhaohuanan/zhaohn_HD/2.database/bwa_hg38/hg38_only_chromosome.fa > ../TargetSeq_BED_sample_lib/PP2-On-Target.ref.fa
        

[Fri Oct 16 14:53:55 2020]
rule getfasta:
    input: ../TargetSeq_BED_sample_lib/ABE-Site-7-On.bed
    output: ../TargetSeq_BED_sample_lib/ABE-Site-7-On.ref.fa
    jobid: 23
    reason: Updated input files: ../TargetSeq_BED_sample_lib/ABE-Site-7-On.bed
    wildcards: sample=ABE-Site-7-On


        /home/zhaohuanan/miniconda3/envs/snakepipes_target-seq-from-table-to-plot/bin/bedtools getfasta -nameOnly -s -bed ../TargetSeq_BED_sample_lib/ABE-Site-7-On.bed -fi /home/zhaohuanan/zhaohn_HD/2.database/bwa_hg38/hg38_only_chromosome.fa > ../TargetSeq_BED_sample_lib/ABE-Site-7-On.ref.fa
        

[Fri Oct 16 14:53:55 2020]
rule getfasta:
    input: ../TargetSeq_BED_sample_lib/HEK4-On-Target.bed
    output: ../TargetSeq_BED_sample_lib/HEK4-On-Target.ref.fa
    jobid: 30
    reason: Updated input files: ../TargetSeq_BED_sample_lib/HEK4-On-Target.bed
    wildcards: sample=HEK4-On-Target


        /home/zhaohuanan/miniconda3/envs/snakepipes_target-seq-from-table-to-plot/bin/bedtools getfasta -nameOnly -s -bed ../TargetSeq_BED_sample_lib/HEK4-On-Target.bed -fi /home/zhaohuanan/zhaohn_HD/2.database/bwa_hg38/hg38_only_chromosome.fa > ../TargetSeq_BED_sample_lib/HEK4-On-Target.ref.fa
        

[Fri Oct 16 14:53:55 2020]
rule getfasta:
    input: ../TargetSeq_BED_sample_lib/MTND4P12-N4.bed
    output: ../TargetSeq_BED_sample_lib/MTND4P12-N4.ref.fa
    jobid: 32
    reason: Updated input files: ../TargetSeq_BED_sample_lib/MTND4P12-N4.bed
    wildcards: sample=MTND4P12-N4


        /home/zhaohuanan/miniconda3/envs/snakepipes_target-seq-from-table-to-plot/bin/bedtools getfasta -nameOnly -s -bed ../TargetSeq_BED_sample_lib/MTND4P12-N4.bed -fi /home/zhaohuanan/zhaohn_HD/2.database/bwa_hg38/hg38_only_chromosome.fa > ../TargetSeq_BED_sample_lib/MTND4P12-N4.ref.fa
        
[Fri Oct 16 14:53:55 2020]
Finished job 29.
1 of 29 steps (3%) done
[Fri Oct 16 14:53:55 2020]
Finished job 44.
2 of 29 steps (7%) done
[Fri Oct 16 14:53:55 2020]
Finished job 35.
3 of 29 steps (10%) done

[Fri Oct 16 14:53:55 2020]
rule getfasta:
    input: ../TargetSeq_BED_sample_lib/PP6-On-Target.bed
    output: ../TargetSeq_BED_sample_lib/PP6-On-Target.ref.fa
    jobid: 36
    reason: Updated input files: ../TargetSeq_BED_sample_lib/PP6-On-Target.bed
    wildcards: sample=PP6-On-Target


        /home/zhaohuanan/miniconda3/envs/snakepipes_target-seq-from-table-to-plot/bin/bedtools getfasta -nameOnly -s -bed ../TargetSeq_BED_sample_lib/PP6-On-Target.bed -fi /home/zhaohuanan/zhaohn_HD/2.database/bwa_hg38/hg38_only_chromosome.fa > ../TargetSeq_BED_sample_lib/PP6-On-Target.ref.fa
        

[Fri Oct 16 14:53:55 2020]
rule letter2LETTER:
    input: ../TargetSeq_BED_sample_lib/VEGFA-On-Target.ref.fa
    output: ../TargetSeq_BED_sample_lib/VEGFA-On-Target.ref.upper.fa
    jobid: 66
    reason: Input files updated by another job: ../TargetSeq_BED_sample_lib/VEGFA-On-Target.ref.fa
    wildcards: sample=VEGFA-On-Target


        cat ../TargetSeq_BED_sample_lib/VEGFA-On-Target.ref.fa | awk '{print toupper($0)}' > ../TargetSeq_BED_sample_lib/VEGFA-On-Target.ref.upper.fa
        
[Fri Oct 16 14:53:55 2020]
Finished job 23.
4 of 29 steps (14%) done
[Fri Oct 16 14:53:55 2020]
Finished job 30.
5 of 29 steps (17%) done

[Fri Oct 16 14:53:55 2020]
rule letter2LETTER:
    input: ../TargetSeq_BED_sample_lib/PP2-On-Target.ref.fa
    output: ../TargetSeq_BED_sample_lib/PP2-On-Target.ref.upper.fa
    jobid: 57
    reason: Input files updated by another job: ../TargetSeq_BED_sample_lib/PP2-On-Target.ref.fa
    wildcards: sample=PP2-On-Target


        cat ../TargetSeq_BED_sample_lib/PP2-On-Target.ref.fa | awk '{print toupper($0)}' > ../TargetSeq_BED_sample_lib/PP2-On-Target.ref.upper.fa
        
[Fri Oct 16 14:53:55 2020]
Finished job 32.
6 of 29 steps (21%) done

[Fri Oct 16 14:53:55 2020]
rule letter2LETTER:
    input: ../TargetSeq_BED_sample_lib/HEK4-Guideseq-5.ref.fa
    output: ../TargetSeq_BED_sample_lib/HEK4-Guideseq-5.ref.upper.fa
    jobid: 51
    reason: Input files updated by another job: ../TargetSeq_BED_sample_lib/HEK4-Guideseq-5.ref.fa
    wildcards: sample=HEK4-Guideseq-5


        cat ../TargetSeq_BED_sample_lib/HEK4-Guideseq-5.ref.fa | awk '{print toupper($0)}' > ../TargetSeq_BED_sample_lib/HEK4-Guideseq-5.ref.upper.fa
        

[Fri Oct 16 14:53:55 2020]
rule letter2LETTER:
    input: ../TargetSeq_BED_sample_lib/HEK4-On-Target.ref.fa
    output: ../TargetSeq_BED_sample_lib/HEK4-On-Target.ref.upper.fa
    jobid: 52
    reason: Input files updated by another job: ../TargetSeq_BED_sample_lib/HEK4-On-Target.ref.fa
    wildcards: sample=HEK4-On-Target


        cat ../TargetSeq_BED_sample_lib/HEK4-On-Target.ref.fa | awk '{print toupper($0)}' > ../TargetSeq_BED_sample_lib/HEK4-On-Target.ref.upper.fa
        
[Fri Oct 16 14:53:55 2020]
Finished job 66.
7 of 29 steps (24%) done
[Fri Oct 16 14:53:55 2020]

Finished job 36.
[Fri Oct 16 14:53:55 2020]
8 of 29 steps (28%) done
rule letter2LETTER:
    input: ../TargetSeq_BED_sample_lib/MTND4P12-N4.ref.fa
    output: ../TargetSeq_BED_sample_lib/MTND4P12-N4.ref.upper.fa
    jobid: 54
    reason: Input files updated by another job: ../TargetSeq_BED_sample_lib/MTND4P12-N4.ref.fa
    wildcards: sample=MTND4P12-N4


        cat ../TargetSeq_BED_sample_lib/MTND4P12-N4.ref.fa | awk '{print toupper($0)}' > ../TargetSeq_BED_sample_lib/MTND4P12-N4.ref.upper.fa
        
[Fri Oct 16 14:53:55 2020]
Finished job 57.
9 of 29 steps (31%) done

[Fri Oct 16 14:53:55 2020]
rule letter2LETTER:
    input: ../TargetSeq_BED_sample_lib/ABE-Site-7-On.ref.fa
    output: ../TargetSeq_BED_sample_lib/ABE-Site-7-On.ref.upper.fa
    jobid: 45
    reason: Input files updated by another job: ../TargetSeq_BED_sample_lib/ABE-Site-7-On.ref.fa
    wildcards: sample=ABE-Site-7-On


        cat ../TargetSeq_BED_sample_lib/ABE-Site-7-On.ref.fa | awk '{print toupper($0)}' > ../TargetSeq_BED_sample_lib/ABE-Site-7-On.ref.upper.fa
        
[Fri Oct 16 14:53:55 2020]
Finished job 51.
10 of 29 steps (34%) done
[Fri Oct 16 14:53:55 2020]
Finished job 52.
11 of 29 steps (38%) done

[Fri Oct 16 14:53:55 2020]
rule bwa_idex:
    input: ../TargetSeq_BED_sample_lib/VEGFA-On-Target.ref.upper.fa
    output: ../TargetSeq_BED_sample_lib/VEGFA-On-Target.ref.upper.fa.amb, ../TargetSeq_BED_sample_lib/VEGFA-On-Target.ref.upper.fa.ann, ../TargetSeq_BED_sample_lib/VEGFA-On-Target.ref.upper.fa.bwt, ../TargetSeq_BED_sample_lib/VEGFA-On-Target.ref.upper.fa.pac, ../TargetSeq_BED_sample_lib/VEGFA-On-Target.ref.upper.fa.sa
    jobid: 110
    reason: Input files updated by another job: ../TargetSeq_BED_sample_lib/VEGFA-On-Target.ref.upper.fa
    wildcards: sample=VEGFA-On-Target


        /home/zhaohuanan/miniconda3/envs/snakepipes_target-seq-from-table-to-plot/bin/bwa index ../TargetSeq_BED_sample_lib/VEGFA-On-Target.ref.upper.fa
        

[Fri Oct 16 14:53:55 2020]
rule letter2LETTER:
    input: ../TargetSeq_BED_sample_lib/PP6-On-Target.ref.fa
    output: ../TargetSeq_BED_sample_lib/PP6-On-Target.ref.upper.fa
    jobid: 58
    reason: Input files updated by another job: ../TargetSeq_BED_sample_lib/PP6-On-Target.ref.fa
    wildcards: sample=PP6-On-Target


        cat ../TargetSeq_BED_sample_lib/PP6-On-Target.ref.fa | awk '{print toupper($0)}' > ../TargetSeq_BED_sample_lib/PP6-On-Target.ref.upper.fa
        

[Fri Oct 16 14:53:55 2020]
rule bwa_idex:
    input: ../TargetSeq_BED_sample_lib/PP2-On-Target.ref.upper.fa
    output: ../TargetSeq_BED_sample_lib/PP2-On-Target.ref.upper.fa.amb, ../TargetSeq_BED_sample_lib/PP2-On-Target.ref.upper.fa.ann, ../TargetSeq_BED_sample_lib/PP2-On-Target.ref.upper.fa.bwt, ../TargetSeq_BED_sample_lib/PP2-On-Target.ref.upper.fa.pac, ../TargetSeq_BED_sample_lib/PP2-On-Target.ref.upper.fa.sa
    jobid: 101
    reason: Input files updated by another job: ../TargetSeq_BED_sample_lib/PP2-On-Target.ref.upper.fa
    wildcards: sample=PP2-On-Target
[Fri Oct 16 14:53:55 2020]

Finished job 54.

        /home/zhaohuanan/miniconda3/envs/snakepipes_target-seq-from-table-to-plot/bin/bwa index ../TargetSeq_BED_sample_lib/PP2-On-Target.ref.upper.fa
        
12 of 29 steps (41%) done
[Fri Oct 16 14:53:55 2020]
Finished job 45.
13 of 29 steps (45%) done

[Fri Oct 16 14:53:55 2020]
rule faidx:
    input: ../TargetSeq_BED_sample_lib/HEK4-Guideseq-5.ref.upper.fa
    output: ../TargetSeq_BED_sample_lib/HEK4-Guideseq-5.ref.upper.fa.fai
    jobid: 73
    reason: Input files updated by another job: ../TargetSeq_BED_sample_lib/HEK4-Guideseq-5.ref.upper.fa
    wildcards: sample=HEK4-Guideseq-5


        /home/zhaohuanan/miniconda3/envs/snakepipes_cutadapt-STARmapping-FPKM-sortBAM/bin/samtools faidx ../TargetSeq_BED_sample_lib/HEK4-Guideseq-5.ref.upper.fa
        

[Fri Oct 16 14:53:55 2020]
rule faidx:
    input: ../TargetSeq_BED_sample_lib/PP2-On-Target.ref.upper.fa
    output: ../TargetSeq_BED_sample_lib/PP2-On-Target.ref.upper.fa.fai
    jobid: 79
    reason: Input files updated by another job: ../TargetSeq_BED_sample_lib/PP2-On-Target.ref.upper.fa
    wildcards: sample=PP2-On-Target


        /home/zhaohuanan/miniconda3/envs/snakepipes_cutadapt-STARmapping-FPKM-sortBAM/bin/samtools faidx ../TargetSeq_BED_sample_lib/PP2-On-Target.ref.upper.fa
        
[Fri Oct 16 14:53:55 2020]
Finished job 58.
14 of 29 steps (48%) done

[Fri Oct 16 14:53:55 2020]
rule bwa_idex:
    input: ../TargetSeq_BED_sample_lib/HEK4-Guideseq-5.ref.upper.fa
    output: ../TargetSeq_BED_sample_lib/HEK4-Guideseq-5.ref.upper.fa.amb, ../TargetSeq_BED_sample_lib/HEK4-Guideseq-5.ref.upper.fa.ann, ../TargetSeq_BED_sample_lib/HEK4-Guideseq-5.ref.upper.fa.bwt, ../TargetSeq_BED_sample_lib/HEK4-Guideseq-5.ref.upper.fa.pac, ../TargetSeq_BED_sample_lib/HEK4-Guideseq-5.ref.upper.fa.sa
    jobid: 95
    reason: Input files updated by another job: ../TargetSeq_BED_sample_lib/HEK4-Guideseq-5.ref.upper.fa
    wildcards: sample=HEK4-Guideseq-5


        /home/zhaohuanan/miniconda3/envs/snakepipes_target-seq-from-table-to-plot/bin/bwa index ../TargetSeq_BED_sample_lib/HEK4-Guideseq-5.ref.upper.fa
        

[Fri Oct 16 14:53:55 2020]
rule faidx:
    input: ../TargetSeq_BED_sample_lib/VEGFA-On-Target.ref.upper.fa
    output: ../TargetSeq_BED_sample_lib/VEGFA-On-Target.ref.upper.fa.fai
    jobid: 88
    reason: Input files updated by another job: ../TargetSeq_BED_sample_lib/VEGFA-On-Target.ref.upper.fa
    wildcards: sample=VEGFA-On-Target


        /home/zhaohuanan/miniconda3/envs/snakepipes_cutadapt-STARmapping-FPKM-sortBAM/bin/samtools faidx ../TargetSeq_BED_sample_lib/VEGFA-On-Target.ref.upper.fa
        

[Fri Oct 16 14:53:55 2020]
rule faidx:
    input: ../TargetSeq_BED_sample_lib/PP6-On-Target.ref.upper.fa
    output: ../TargetSeq_BED_sample_lib/PP6-On-Target.ref.upper.fa.fai
    jobid: 80
    reason: Input files updated by another job: ../TargetSeq_BED_sample_lib/PP6-On-Target.ref.upper.fa
    wildcards: sample=PP6-On-Target


        /home/zhaohuanan/miniconda3/envs/snakepipes_cutadapt-STARmapping-FPKM-sortBAM/bin/samtools faidx ../TargetSeq_BED_sample_lib/PP6-On-Target.ref.upper.fa
        

[Fri Oct 16 14:53:55 2020]
rule faidx:
    input: ../TargetSeq_BED_sample_lib/ABE-Site-7-On.ref.upper.fa
    output: ../TargetSeq_BED_sample_lib/ABE-Site-7-On.ref.upper.fa.fai
    jobid: 67
    reason: Input files updated by another job: ../TargetSeq_BED_sample_lib/ABE-Site-7-On.ref.upper.fa
    wildcards: sample=ABE-Site-7-On


        /home/zhaohuanan/miniconda3/envs/snakepipes_cutadapt-STARmapping-FPKM-sortBAM/bin/samtools faidx ../TargetSeq_BED_sample_lib/ABE-Site-7-On.ref.upper.fa
        

[Fri Oct 16 14:53:55 2020]
rule bwa_idex:
    input: ../TargetSeq_BED_sample_lib/MTND4P12-N4.ref.upper.fa
    output: ../TargetSeq_BED_sample_lib/MTND4P12-N4.ref.upper.fa.amb, ../TargetSeq_BED_sample_lib/MTND4P12-N4.ref.upper.fa.ann, ../TargetSeq_BED_sample_lib/MTND4P12-N4.ref.upper.fa.bwt, ../TargetSeq_BED_sample_lib/MTND4P12-N4.ref.upper.fa.pac, ../TargetSeq_BED_sample_lib/MTND4P12-N4.ref.upper.fa.sa
    jobid: 98
    reason: Input files updated by another job: ../TargetSeq_BED_sample_lib/MTND4P12-N4.ref.upper.fa
    wildcards: sample=MTND4P12-N4


        /home/zhaohuanan/miniconda3/envs/snakepipes_target-seq-from-table-to-plot/bin/bwa index ../TargetSeq_BED_sample_lib/MTND4P12-N4.ref.upper.fa
        
[Fri Oct 16 14:53:55 2020]
Finished job 73.
15 of 29 steps (52%) done

[Fri Oct 16 14:53:55 2020]
rule faidx:
    input: ../TargetSeq_BED_sample_lib/HEK4-On-Target.ref.upper.fa
    output: ../TargetSeq_BED_sample_lib/HEK4-On-Target.ref.upper.fa.fai
    jobid: 74
    reason: Input files updated by another job: ../TargetSeq_BED_sample_lib/HEK4-On-Target.ref.upper.fa
    wildcards: sample=HEK4-On-Target


        /home/zhaohuanan/miniconda3/envs/snakepipes_cutadapt-STARmapping-FPKM-sortBAM/bin/samtools faidx ../TargetSeq_BED_sample_lib/HEK4-On-Target.ref.upper.fa
        

[Fri Oct 16 14:53:55 2020]
rule bwa_idex:
    input: ../TargetSeq_BED_sample_lib/PP6-On-Target.ref.upper.fa
    output: ../TargetSeq_BED_sample_lib/PP6-On-Target.ref.upper.fa.amb, ../TargetSeq_BED_sample_lib/PP6-On-Target.ref.upper.fa.ann, ../TargetSeq_BED_sample_lib/PP6-On-Target.ref.upper.fa.bwt, ../TargetSeq_BED_sample_lib/PP6-On-Target.ref.upper.fa.pac, ../TargetSeq_BED_sample_lib/PP6-On-Target.ref.upper.fa.sa
    jobid: 102
    reason: Input files updated by another job: ../TargetSeq_BED_sample_lib/PP6-On-Target.ref.upper.fa
    wildcards: sample=PP6-On-Target


        /home/zhaohuanan/miniconda3/envs/snakepipes_target-seq-from-table-to-plot/bin/bwa index ../TargetSeq_BED_sample_lib/PP6-On-Target.ref.upper.fa
        
[Fri Oct 16 14:53:55 2020]
Finished job 79.
16 of 29 steps (55%) done

[Fri Oct 16 14:53:55 2020]
rule bwa_idex:
    input: ../TargetSeq_BED_sample_lib/HEK4-On-Target.ref.upper.fa
    output: ../TargetSeq_BED_sample_lib/HEK4-On-Target.ref.upper.fa.amb, ../TargetSeq_BED_sample_lib/HEK4-On-Target.ref.upper.fa.ann, ../TargetSeq_BED_sample_lib/HEK4-On-Target.ref.upper.fa.bwt, ../TargetSeq_BED_sample_lib/HEK4-On-Target.ref.upper.fa.pac, ../TargetSeq_BED_sample_lib/HEK4-On-Target.ref.upper.fa.sa
    jobid: 96
    reason: Input files updated by another job: ../TargetSeq_BED_sample_lib/HEK4-On-Target.ref.upper.fa
    wildcards: sample=HEK4-On-Target


        /home/zhaohuanan/miniconda3/envs/snakepipes_target-seq-from-table-to-plot/bin/bwa index ../TargetSeq_BED_sample_lib/HEK4-On-Target.ref.upper.fa
        
[Fri Oct 16 14:53:55 2020]
Finished job 80.
17 of 29 steps (59%) done
[Fri Oct 16 14:53:55 2020]
Finished job 88.
18 of 29 steps (62%) done

[Fri Oct 16 14:53:55 2020]
rule bwa_idex:
    input: ../TargetSeq_BED_sample_lib/ABE-Site-7-On.ref.upper.fa
    output: ../TargetSeq_BED_sample_lib/ABE-Site-7-On.ref.upper.fa.amb, ../TargetSeq_BED_sample_lib/ABE-Site-7-On.ref.upper.fa.ann, ../TargetSeq_BED_sample_lib/ABE-Site-7-On.ref.upper.fa.bwt, ../TargetSeq_BED_sample_lib/ABE-Site-7-On.ref.upper.fa.pac, ../TargetSeq_BED_sample_lib/ABE-Site-7-On.ref.upper.fa.sa
    jobid: 89
    reason: Input files updated by another job: ../TargetSeq_BED_sample_lib/ABE-Site-7-On.ref.upper.fa
    wildcards: sample=ABE-Site-7-On


        /home/zhaohuanan/miniconda3/envs/snakepipes_target-seq-from-table-to-plot/bin/bwa index ../TargetSeq_BED_sample_lib/ABE-Site-7-On.ref.upper.fa
        
[Fri Oct 16 14:53:55 2020]
Finished job 67.
19 of 29 steps (66%) done

[Fri Oct 16 14:53:55 2020]
rule faidx:
    input: ../TargetSeq_BED_sample_lib/MTND4P12-N4.ref.upper.fa
    output: ../TargetSeq_BED_sample_lib/MTND4P12-N4.ref.upper.fa.fai
    jobid: 76
    reason: Input files updated by another job: ../TargetSeq_BED_sample_lib/MTND4P12-N4.ref.upper.fa
    wildcards: sample=MTND4P12-N4


        /home/zhaohuanan/miniconda3/envs/snakepipes_cutadapt-STARmapping-FPKM-sortBAM/bin/samtools faidx ../TargetSeq_BED_sample_lib/MTND4P12-N4.ref.upper.fa
        
[Fri Oct 16 14:53:55 2020]
Finished job 74.
20 of 29 steps (69%) done
[Fri Oct 16 14:53:55 2020]
Finished job 76.
21 of 29 steps (72%) done
[Fri Oct 16 14:53:55 2020]
Finished job 101.
22 of 29 steps (76%) done
[Fri Oct 16 14:53:55 2020]
Finished job 110.
23 of 29 steps (79%) done
[Fri Oct 16 14:53:55 2020]
Finished job 95.
24 of 29 steps (83%) done
[Fri Oct 16 14:53:56 2020]
Finished job 98.
25 of 29 steps (86%) done
[Fri Oct 16 14:53:56 2020]
Finished job 89.
26 of 29 steps (90%) done
[Fri Oct 16 14:53:56 2020]
Finished job 96.
27 of 29 steps (93%) done
[Fri Oct 16 14:53:56 2020]
Finished job 102.
28 of 29 steps (97%) done

[Fri Oct 16 14:53:56 2020]
localrule all:
    input: ../TargetSeq_BED_sample_lib/ABE-Site-7-On.bed, ../TargetSeq_BED_sample_lib/EMX1-2-On.bed, ../TargetSeq_BED_sample_lib/HEK2-On-Target.bed, ../TargetSeq_BED_sample_lib/HEK4-Guideseq-2.bed, ../TargetSeq_BED_sample_lib/HEK4-Guideseq-3.bed, ../TargetSeq_BED_sample_lib/HEK4-Guideseq-4.bed, ../TargetSeq_BED_sample_lib/HEK4-Guideseq-5.bed, ../TargetSeq_BED_sample_lib/HEK4-On-Target.bed, ../TargetSeq_BED_sample_lib/HEK5-On-Target.bed, ../TargetSeq_BED_sample_lib/MTND4P12-N4.bed, ../TargetSeq_BED_sample_lib/MTND5P11-N5.1.bed, ../TargetSeq_BED_sample_lib/MTND6P4-N6.bed, ../TargetSeq_BED_sample_lib/PP2-On-Target.bed, ../TargetSeq_BED_sample_lib/PP6-On-Target.bed, ../TargetSeq_BED_sample_lib/RNF2-ON-Target.bed, ../TargetSeq_BED_sample_lib/VEGFA-Off-Target-2.bed, ../TargetSeq_BED_sample_lib/VEGFA-Off-Target-3.bed, ../TargetSeq_BED_sample_lib/VEGFA-Off-Target-6.bed, ../TargetSeq_BED_sample_lib/VEGFA-Off-Target-7.bed, ../TargetSeq_BED_sample_lib/VEGFA-OffNo-GDNo-08.bed, ../TargetSeq_BED_sample_lib/VEGFA-OffNo-GDNo-12.bed, ../TargetSeq_BED_sample_lib/VEGFA-On-Target.bed, ../TargetSeq_BED_sample_lib/ABE-Site-7-On.ref.fa, ../TargetSeq_BED_sample_lib/EMX1-2-On.ref.fa, ../TargetSeq_BED_sample_lib/HEK2-On-Target.ref.fa, ../TargetSeq_BED_sample_lib/HEK4-Guideseq-2.ref.fa, ../TargetSeq_BED_sample_lib/HEK4-Guideseq-3.ref.fa, ../TargetSeq_BED_sample_lib/HEK4-Guideseq-4.ref.fa, ../TargetSeq_BED_sample_lib/HEK4-Guideseq-5.ref.fa, ../TargetSeq_BED_sample_lib/HEK4-On-Target.ref.fa, ../TargetSeq_BED_sample_lib/HEK5-On-Target.ref.fa, ../TargetSeq_BED_sample_lib/MTND4P12-N4.ref.fa, ../TargetSeq_BED_sample_lib/MTND5P11-N5.1.ref.fa, ../TargetSeq_BED_sample_lib/MTND6P4-N6.ref.fa, ../TargetSeq_BED_sample_lib/PP2-On-Target.ref.fa, ../TargetSeq_BED_sample_lib/PP6-On-Target.ref.fa, ../TargetSeq_BED_sample_lib/RNF2-ON-Target.ref.fa, ../TargetSeq_BED_sample_lib/VEGFA-Off-Target-2.ref.fa, ../TargetSeq_BED_sample_lib/VEGFA-Off-Target-3.ref.fa, ../TargetSeq_BED_sample_lib/VEGFA-Off-Target-6.ref.fa, ../TargetSeq_BED_sample_lib/VEGFA-Off-Target-7.ref.fa, ../TargetSeq_BED_sample_lib/VEGFA-OffNo-GDNo-08.ref.fa, ../TargetSeq_BED_sample_lib/VEGFA-OffNo-GDNo-12.ref.fa, ../TargetSeq_BED_sample_lib/VEGFA-On-Target.ref.fa, ../TargetSeq_BED_sample_lib/ABE-Site-7-On.ref.upper.fa, ../TargetSeq_BED_sample_lib/EMX1-2-On.ref.upper.fa, ../TargetSeq_BED_sample_lib/HEK2-On-Target.ref.upper.fa, ../TargetSeq_BED_sample_lib/HEK4-Guideseq-2.ref.upper.fa, ../TargetSeq_BED_sample_lib/HEK4-Guideseq-3.ref.upper.fa, ../TargetSeq_BED_sample_lib/HEK4-Guideseq-4.ref.upper.fa, ../TargetSeq_BED_sample_lib/HEK4-Guideseq-5.ref.upper.fa, ../TargetSeq_BED_sample_lib/HEK4-On-Target.ref.upper.fa, ../TargetSeq_BED_sample_lib/HEK5-On-Target.ref.upper.fa, ../TargetSeq_BED_sample_lib/MTND4P12-N4.ref.upper.fa, ../TargetSeq_BED_sample_lib/MTND5P11-N5.1.ref.upper.fa, ../TargetSeq_BED_sample_lib/MTND6P4-N6.ref.upper.fa, ../TargetSeq_BED_sample_lib/PP2-On-Target.ref.upper.fa, ../TargetSeq_BED_sample_lib/PP6-On-Target.ref.upper.fa, ../TargetSeq_BED_sample_lib/RNF2-ON-Target.ref.upper.fa, ../TargetSeq_BED_sample_lib/VEGFA-Off-Target-2.ref.upper.fa, ../TargetSeq_BED_sample_lib/VEGFA-Off-Target-3.ref.upper.fa, ../TargetSeq_BED_sample_lib/VEGFA-Off-Target-6.ref.upper.fa, ../TargetSeq_BED_sample_lib/VEGFA-Off-Target-7.ref.upper.fa, ../TargetSeq_BED_sample_lib/VEGFA-OffNo-GDNo-08.ref.upper.fa, ../TargetSeq_BED_sample_lib/VEGFA-OffNo-GDNo-12.ref.upper.fa, ../TargetSeq_BED_sample_lib/VEGFA-On-Target.ref.upper.fa, ../TargetSeq_BED_sample_lib/ABE-Site-7-On.ref.upper.fa.fai, ../TargetSeq_BED_sample_lib/EMX1-2-On.ref.upper.fa.fai, ../TargetSeq_BED_sample_lib/HEK2-On-Target.ref.upper.fa.fai, ../TargetSeq_BED_sample_lib/HEK4-Guideseq-2.ref.upper.fa.fai, ../TargetSeq_BED_sample_lib/HEK4-Guideseq-3.ref.upper.fa.fai, ../TargetSeq_BED_sample_lib/HEK4-Guideseq-4.ref.upper.fa.fai, ../TargetSeq_BED_sample_lib/HEK4-Guideseq-5.ref.upper.fa.fai, ../TargetSeq_BED_sample_lib/HEK4-On-Target.ref.upper.fa.fai, ../TargetSeq_BED_sample_lib/HEK5-On-Target.ref.upper.fa.fai, ../TargetSeq_BED_sample_lib/MTND4P12-N4.ref.upper.fa.fai, ../TargetSeq_BED_sample_lib/MTND5P11-N5.1.ref.upper.fa.fai, ../TargetSeq_BED_sample_lib/MTND6P4-N6.ref.upper.fa.fai, ../TargetSeq_BED_sample_lib/PP2-On-Target.ref.upper.fa.fai, ../TargetSeq_BED_sample_lib/PP6-On-Target.ref.upper.fa.fai, ../TargetSeq_BED_sample_lib/RNF2-ON-Target.ref.upper.fa.fai, ../TargetSeq_BED_sample_lib/VEGFA-Off-Target-2.ref.upper.fa.fai, ../TargetSeq_BED_sample_lib/VEGFA-Off-Target-3.ref.upper.fa.fai, ../TargetSeq_BED_sample_lib/VEGFA-Off-Target-6.ref.upper.fa.fai, ../TargetSeq_BED_sample_lib/VEGFA-Off-Target-7.ref.upper.fa.fai, ../TargetSeq_BED_sample_lib/VEGFA-OffNo-GDNo-08.ref.upper.fa.fai, ../TargetSeq_BED_sample_lib/VEGFA-OffNo-GDNo-12.ref.upper.fa.fai, ../TargetSeq_BED_sample_lib/VEGFA-On-Target.ref.upper.fa.fai, ../TargetSeq_BED_sample_lib/ABE-Site-7-On.ref.upper.fa.amb, ../TargetSeq_BED_sample_lib/EMX1-2-On.ref.upper.fa.amb, ../TargetSeq_BED_sample_lib/HEK2-On-Target.ref.upper.fa.amb, ../TargetSeq_BED_sample_lib/HEK4-Guideseq-2.ref.upper.fa.amb, ../TargetSeq_BED_sample_lib/HEK4-Guideseq-3.ref.upper.fa.amb, ../TargetSeq_BED_sample_lib/HEK4-Guideseq-4.ref.upper.fa.amb, ../TargetSeq_BED_sample_lib/HEK4-Guideseq-5.ref.upper.fa.amb, ../TargetSeq_BED_sample_lib/HEK4-On-Target.ref.upper.fa.amb, ../TargetSeq_BED_sample_lib/HEK5-On-Target.ref.upper.fa.amb, ../TargetSeq_BED_sample_lib/MTND4P12-N4.ref.upper.fa.amb, ../TargetSeq_BED_sample_lib/MTND5P11-N5.1.ref.upper.fa.amb, ../TargetSeq_BED_sample_lib/MTND6P4-N6.ref.upper.fa.amb, ../TargetSeq_BED_sample_lib/PP2-On-Target.ref.upper.fa.amb, ../TargetSeq_BED_sample_lib/PP6-On-Target.ref.upper.fa.amb, ../TargetSeq_BED_sample_lib/RNF2-ON-Target.ref.upper.fa.amb, ../TargetSeq_BED_sample_lib/VEGFA-Off-Target-2.ref.upper.fa.amb, ../TargetSeq_BED_sample_lib/VEGFA-Off-Target-3.ref.upper.fa.amb, ../TargetSeq_BED_sample_lib/VEGFA-Off-Target-6.ref.upper.fa.amb, ../TargetSeq_BED_sample_lib/VEGFA-Off-Target-7.ref.upper.fa.amb, ../TargetSeq_BED_sample_lib/VEGFA-OffNo-GDNo-08.ref.upper.fa.amb, ../TargetSeq_BED_sample_lib/VEGFA-OffNo-GDNo-12.ref.upper.fa.amb, ../TargetSeq_BED_sample_lib/VEGFA-On-Target.ref.upper.fa.amb, ../TargetSeq_BED_sample_lib/ABE-Site-7-On.ref.upper.fa.ann, ../TargetSeq_BED_sample_lib/EMX1-2-On.ref.upper.fa.ann, ../TargetSeq_BED_sample_lib/HEK2-On-Target.ref.upper.fa.ann, ../TargetSeq_BED_sample_lib/HEK4-Guideseq-2.ref.upper.fa.ann, ../TargetSeq_BED_sample_lib/HEK4-Guideseq-3.ref.upper.fa.ann, ../TargetSeq_BED_sample_lib/HEK4-Guideseq-4.ref.upper.fa.ann, ../TargetSeq_BED_sample_lib/HEK4-Guideseq-5.ref.upper.fa.ann, ../TargetSeq_BED_sample_lib/HEK4-On-Target.ref.upper.fa.ann, ../TargetSeq_BED_sample_lib/HEK5-On-Target.ref.upper.fa.ann, ../TargetSeq_BED_sample_lib/MTND4P12-N4.ref.upper.fa.ann, ../TargetSeq_BED_sample_lib/MTND5P11-N5.1.ref.upper.fa.ann, ../TargetSeq_BED_sample_lib/MTND6P4-N6.ref.upper.fa.ann, ../TargetSeq_BED_sample_lib/PP2-On-Target.ref.upper.fa.ann, ../TargetSeq_BED_sample_lib/PP6-On-Target.ref.upper.fa.ann, ../TargetSeq_BED_sample_lib/RNF2-ON-Target.ref.upper.fa.ann, ../TargetSeq_BED_sample_lib/VEGFA-Off-Target-2.ref.upper.fa.ann, ../TargetSeq_BED_sample_lib/VEGFA-Off-Target-3.ref.upper.fa.ann, ../TargetSeq_BED_sample_lib/VEGFA-Off-Target-6.ref.upper.fa.ann, ../TargetSeq_BED_sample_lib/VEGFA-Off-Target-7.ref.upper.fa.ann, ../TargetSeq_BED_sample_lib/VEGFA-OffNo-GDNo-08.ref.upper.fa.ann, ../TargetSeq_BED_sample_lib/VEGFA-OffNo-GDNo-12.ref.upper.fa.ann, ../TargetSeq_BED_sample_lib/VEGFA-On-Target.ref.upper.fa.ann, ../TargetSeq_BED_sample_lib/ABE-Site-7-On.ref.upper.fa.bwt, ../TargetSeq_BED_sample_lib/EMX1-2-On.ref.upper.fa.bwt, ../TargetSeq_BED_sample_lib/HEK2-On-Target.ref.upper.fa.bwt, ../TargetSeq_BED_sample_lib/HEK4-Guideseq-2.ref.upper.fa.bwt, ../TargetSeq_BED_sample_lib/HEK4-Guideseq-3.ref.upper.fa.bwt, ../TargetSeq_BED_sample_lib/HEK4-Guideseq-4.ref.upper.fa.bwt, ../TargetSeq_BED_sample_lib/HEK4-Guideseq-5.ref.upper.fa.bwt, ../TargetSeq_BED_sample_lib/HEK4-On-Target.ref.upper.fa.bwt, ../TargetSeq_BED_sample_lib/HEK5-On-Target.ref.upper.fa.bwt, ../TargetSeq_BED_sample_lib/MTND4P12-N4.ref.upper.fa.bwt, ../TargetSeq_BED_sample_lib/MTND5P11-N5.1.ref.upper.fa.bwt, ../TargetSeq_BED_sample_lib/MTND6P4-N6.ref.upper.fa.bwt, ../TargetSeq_BED_sample_lib/PP2-On-Target.ref.upper.fa.bwt, ../TargetSeq_BED_sample_lib/PP6-On-Target.ref.upper.fa.bwt, ../TargetSeq_BED_sample_lib/RNF2-ON-Target.ref.upper.fa.bwt, ../TargetSeq_BED_sample_lib/VEGFA-Off-Target-2.ref.upper.fa.bwt, ../TargetSeq_BED_sample_lib/VEGFA-Off-Target-3.ref.upper.fa.bwt, ../TargetSeq_BED_sample_lib/VEGFA-Off-Target-6.ref.upper.fa.bwt, ../TargetSeq_BED_sample_lib/VEGFA-Off-Target-7.ref.upper.fa.bwt, ../TargetSeq_BED_sample_lib/VEGFA-OffNo-GDNo-08.ref.upper.fa.bwt, ../TargetSeq_BED_sample_lib/VEGFA-OffNo-GDNo-12.ref.upper.fa.bwt, ../TargetSeq_BED_sample_lib/VEGFA-On-Target.ref.upper.fa.bwt, ../TargetSeq_BED_sample_lib/ABE-Site-7-On.ref.upper.fa.pac, ../TargetSeq_BED_sample_lib/EMX1-2-On.ref.upper.fa.pac, ../TargetSeq_BED_sample_lib/HEK2-On-Target.ref.upper.fa.pac, ../TargetSeq_BED_sample_lib/HEK4-Guideseq-2.ref.upper.fa.pac, ../TargetSeq_BED_sample_lib/HEK4-Guideseq-3.ref.upper.fa.pac, ../TargetSeq_BED_sample_lib/HEK4-Guideseq-4.ref.upper.fa.pac, ../TargetSeq_BED_sample_lib/HEK4-Guideseq-5.ref.upper.fa.pac, ../TargetSeq_BED_sample_lib/HEK4-On-Target.ref.upper.fa.pac, ../TargetSeq_BED_sample_lib/HEK5-On-Target.ref.upper.fa.pac, ../TargetSeq_BED_sample_lib/MTND4P12-N4.ref.upper.fa.pac, ../TargetSeq_BED_sample_lib/MTND5P11-N5.1.ref.upper.fa.pac, ../TargetSeq_BED_sample_lib/MTND6P4-N6.ref.upper.fa.pac, ../TargetSeq_BED_sample_lib/PP2-On-Target.ref.upper.fa.pac, ../TargetSeq_BED_sample_lib/PP6-On-Target.ref.upper.fa.pac, ../TargetSeq_BED_sample_lib/RNF2-ON-Target.ref.upper.fa.pac, ../TargetSeq_BED_sample_lib/VEGFA-Off-Target-2.ref.upper.fa.pac, ../TargetSeq_BED_sample_lib/VEGFA-Off-Target-3.ref.upper.fa.pac, ../TargetSeq_BED_sample_lib/VEGFA-Off-Target-6.ref.upper.fa.pac, ../TargetSeq_BED_sample_lib/VEGFA-Off-Target-7.ref.upper.fa.pac, ../TargetSeq_BED_sample_lib/VEGFA-OffNo-GDNo-08.ref.upper.fa.pac, ../TargetSeq_BED_sample_lib/VEGFA-OffNo-GDNo-12.ref.upper.fa.pac, ../TargetSeq_BED_sample_lib/VEGFA-On-Target.ref.upper.fa.pac, ../TargetSeq_BED_sample_lib/ABE-Site-7-On.ref.upper.fa.sa, ../TargetSeq_BED_sample_lib/EMX1-2-On.ref.upper.fa.sa, ../TargetSeq_BED_sample_lib/HEK2-On-Target.ref.upper.fa.sa, ../TargetSeq_BED_sample_lib/HEK4-Guideseq-2.ref.upper.fa.sa, ../TargetSeq_BED_sample_lib/HEK4-Guideseq-3.ref.upper.fa.sa, ../TargetSeq_BED_sample_lib/HEK4-Guideseq-4.ref.upper.fa.sa, ../TargetSeq_BED_sample_lib/HEK4-Guideseq-5.ref.upper.fa.sa, ../TargetSeq_BED_sample_lib/HEK4-On-Target.ref.upper.fa.sa, ../TargetSeq_BED_sample_lib/HEK5-On-Target.ref.upper.fa.sa, ../TargetSeq_BED_sample_lib/MTND4P12-N4.ref.upper.fa.sa, ../TargetSeq_BED_sample_lib/MTND5P11-N5.1.ref.upper.fa.sa, ../TargetSeq_BED_sample_lib/MTND6P4-N6.ref.upper.fa.sa, ../TargetSeq_BED_sample_lib/PP2-On-Target.ref.upper.fa.sa, ../TargetSeq_BED_sample_lib/PP6-On-Target.ref.upper.fa.sa, ../TargetSeq_BED_sample_lib/RNF2-ON-Target.ref.upper.fa.sa, ../TargetSeq_BED_sample_lib/VEGFA-Off-Target-2.ref.upper.fa.sa, ../TargetSeq_BED_sample_lib/VEGFA-Off-Target-3.ref.upper.fa.sa, ../TargetSeq_BED_sample_lib/VEGFA-Off-Target-6.ref.upper.fa.sa, ../TargetSeq_BED_sample_lib/VEGFA-Off-Target-7.ref.upper.fa.sa, ../TargetSeq_BED_sample_lib/VEGFA-OffNo-GDNo-08.ref.upper.fa.sa, ../TargetSeq_BED_sample_lib/VEGFA-OffNo-GDNo-12.ref.upper.fa.sa, ../TargetSeq_BED_sample_lib/VEGFA-On-Target.ref.upper.fa.sa
    jobid: 0
    reason: Input files updated by another job: ../TargetSeq_BED_sample_lib/MTND4P12-N4.ref.upper.fa.fai, ../TargetSeq_BED_sample_lib/ABE-Site-7-On.ref.upper.fa.amb, ../TargetSeq_BED_sample_lib/ABE-Site-7-On.ref.fa, ../TargetSeq_BED_sample_lib/HEK4-On-Target.ref.upper.fa.fai, ../TargetSeq_BED_sample_lib/VEGFA-On-Target.ref.upper.fa.amb, ../TargetSeq_BED_sample_lib/HEK4-On-Target.ref.upper.fa.ann, ../TargetSeq_BED_sample_lib/MTND4P12-N4.ref.upper.fa.bwt, ../TargetSeq_BED_sample_lib/PP2-On-Target.ref.upper.fa.sa, ../TargetSeq_BED_sample_lib/ABE-Site-7-On.ref.upper.fa.pac, ../TargetSeq_BED_sample_lib/MTND4P12-N4.ref.upper.fa.ann, ../TargetSeq_BED_sample_lib/PP6-On-Target.ref.upper.fa.sa, ../TargetSeq_BED_sample_lib/VEGFA-On-Target.ref.upper.fa.sa, ../TargetSeq_BED_sample_lib/PP2-On-Target.ref.upper.fa.fai, ../TargetSeq_BED_sample_lib/HEK4-On-Target.ref.fa, ../TargetSeq_BED_sample_lib/ABE-Site-7-On.ref.upper.fa.ann, ../TargetSeq_BED_sample_lib/ABE-Site-7-On.ref.upper.fa.fai, ../TargetSeq_BED_sample_lib/PP2-On-Target.ref.upper.fa.amb, ../TargetSeq_BED_sample_lib/PP2-On-Target.ref.upper.fa.bwt, ../TargetSeq_BED_sample_lib/HEK4-Guideseq-5.ref.upper.fa.ann, ../TargetSeq_BED_sample_lib/MTND4P12-N4.ref.fa, ../TargetSeq_BED_sample_lib/PP2-On-Target.ref.fa, ../TargetSeq_BED_sample_lib/HEK4-On-Target.ref.upper.fa.pac, ../TargetSeq_BED_sample_lib/VEGFA-On-Target.ref.upper.fa.fai, ../TargetSeq_BED_sample_lib/VEGFA-On-Target.ref.upper.fa, ../TargetSeq_BED_sample_lib/HEK4-On-Target.ref.upper.fa.bwt, ../TargetSeq_BED_sample_lib/VEGFA-On-Target.ref.fa, ../TargetSeq_BED_sample_lib/MTND4P12-N4.ref.upper.fa.amb, ../TargetSeq_BED_sample_lib/HEK4-Guideseq-5.ref.upper.fa, ../TargetSeq_BED_sample_lib/VEGFA-On-Target.ref.upper.fa.pac, ../TargetSeq_BED_sample_lib/ABE-Site-7-On.ref.upper.fa.sa, ../TargetSeq_BED_sample_lib/MTND4P12-N4.ref.upper.fa.pac, ../TargetSeq_BED_sample_lib/HEK4-On-Target.ref.upper.fa.amb, ../TargetSeq_BED_sample_lib/PP6-On-Target.ref.upper.fa.fai, ../TargetSeq_BED_sample_lib/MTND4P12-N4.ref.upper.fa.sa, ../TargetSeq_BED_sample_lib/MTND4P12-N4.ref.upper.fa, ../TargetSeq_BED_sample_lib/HEK4-Guideseq-5.ref.upper.fa.pac, ../TargetSeq_BED_sample_lib/PP6-On-Target.ref.upper.fa.bwt, ../TargetSeq_BED_sample_lib/PP2-On-Target.ref.upper.fa, ../TargetSeq_BED_sample_lib/PP2-On-Target.ref.upper.fa.pac, ../TargetSeq_BED_sample_lib/HEK4-On-Target.ref.upper.fa.sa, ../TargetSeq_BED_sample_lib/VEGFA-On-Target.ref.upper.fa.bwt, ../TargetSeq_BED_sample_lib/ABE-Site-7-On.ref.upper.fa.bwt, ../TargetSeq_BED_sample_lib/PP6-On-Target.ref.fa, ../TargetSeq_BED_sample_lib/HEK4-Guideseq-5.ref.upper.fa.fai, ../TargetSeq_BED_sample_lib/PP6-On-Target.ref.upper.fa.ann, ../TargetSeq_BED_sample_lib/PP6-On-Target.ref.upper.fa, ../TargetSeq_BED_sample_lib/PP6-On-Target.ref.upper.fa.amb, ../TargetSeq_BED_sample_lib/HEK4-Guideseq-5.ref.upper.fa.amb, ../TargetSeq_BED_sample_lib/HEK4-On-Target.ref.upper.fa, ../TargetSeq_BED_sample_lib/PP2-On-Target.ref.upper.fa.ann, ../TargetSeq_BED_sample_lib/HEK4-Guideseq-5.ref.upper.fa.bwt, ../TargetSeq_BED_sample_lib/VEGFA-On-Target.ref.upper.fa.ann, ../TargetSeq_BED_sample_lib/PP6-On-Target.ref.upper.fa.pac, ../TargetSeq_BED_sample_lib/HEK4-Guideseq-5.ref.fa, ../TargetSeq_BED_sample_lib/ABE-Site-7-On.ref.upper.fa, ../TargetSeq_BED_sample_lib/HEK4-Guideseq-5.ref.upper.fa.sa

[Fri Oct 16 14:53:56 2020]
Finished job 0.
29 of 29 steps (100%) done
Complete log: /gpfs/user/zhaohuanan/3.project/14.2020-10_1010_TargetSeq-GBE-DdCBE_recheck/snakepipes_target-seq-from-table-to-plot/.snakemake/log/2020-10-16T145355.147541.snakemake.log
