Building DAG of jobs...
Using shell: /usr/bin/bash
Provided cores: 24
Rules claiming more threads will be scaled down.
Job counts:
	count	jobs
	1	all
	8	bwa_idex
	8	faidx
	7	getfasta
	7	letter2LETTER
	7	rm_charater_fa
	38

[Fri Oct 16 15:27:18 2020]
rule getfasta:
    input: ../TargetSeq_BED_sample_lib/HEK4-On-Target.bed
    output: ../TargetSeq_BED_sample_lib/HEK4-On-Target.ref.tmp.fa
    jobid: 52
    reason: Updated input files: ../TargetSeq_BED_sample_lib/HEK4-On-Target.bed
    wildcards: sample=HEK4-On-Target


        /home/zhaohuanan/miniconda3/envs/snakepipes_target-seq-from-table-to-plot/bin/bedtools getfasta -nameOnly -s -bed ../TargetSeq_BED_sample_lib/HEK4-On-Target.bed -fi /home/zhaohuanan/zhaohn_HD/2.database/bwa_hg38/hg38_only_chromosome.fa > ../TargetSeq_BED_sample_lib/HEK4-On-Target.ref.tmp.fa
        

[Fri Oct 16 15:27:18 2020]
rule getfasta:
    input: ../TargetSeq_BED_sample_lib/MTND5P11-N5.1.bed
    output: ../TargetSeq_BED_sample_lib/MTND5P11-N5.1.ref.tmp.fa
    jobid: 55
    reason: Updated input files: ../TargetSeq_BED_sample_lib/MTND5P11-N5.1.bed
    wildcards: sample=MTND5P11-N5.1


        /home/zhaohuanan/miniconda3/envs/snakepipes_target-seq-from-table-to-plot/bin/bedtools getfasta -nameOnly -s -bed ../TargetSeq_BED_sample_lib/MTND5P11-N5.1.bed -fi /home/zhaohuanan/zhaohn_HD/2.database/bwa_hg38/hg38_only_chromosome.fa > ../TargetSeq_BED_sample_lib/MTND5P11-N5.1.ref.tmp.fa
        

[Fri Oct 16 15:27:18 2020]
rule bwa_idex:
    input: ../TargetSeq_BED_sample_lib/HEK2-On-Target.ref.upper.fa
    output: ../TargetSeq_BED_sample_lib/HEK2-On-Target.ref.upper.fa.amb, ../TargetSeq_BED_sample_lib/HEK2-On-Target.ref.upper.fa.ann, ../TargetSeq_BED_sample_lib/HEK2-On-Target.ref.upper.fa.bwt, ../TargetSeq_BED_sample_lib/HEK2-On-Target.ref.upper.fa.pac, ../TargetSeq_BED_sample_lib/HEK2-On-Target.ref.upper.fa.sa
    jobid: 113
    reason: Missing output files: ../TargetSeq_BED_sample_lib/HEK2-On-Target.ref.upper.fa.pac, ../TargetSeq_BED_sample_lib/HEK2-On-Target.ref.upper.fa.bwt, ../TargetSeq_BED_sample_lib/HEK2-On-Target.ref.upper.fa.sa, ../TargetSeq_BED_sample_lib/HEK2-On-Target.ref.upper.fa.ann, ../TargetSeq_BED_sample_lib/HEK2-On-Target.ref.upper.fa.amb
    wildcards: sample=HEK2-On-Target


        /home/zhaohuanan/miniconda3/envs/snakepipes_target-seq-from-table-to-plot/bin/bwa index ../TargetSeq_BED_sample_lib/HEK2-On-Target.ref.upper.fa
        

[Fri Oct 16 15:27:18 2020]
rule getfasta:
    input: ../TargetSeq_BED_sample_lib/RNF2-ON-Target.bed
    output: ../TargetSeq_BED_sample_lib/RNF2-ON-Target.ref.tmp.fa
    jobid: 59
    reason: Updated input files: ../TargetSeq_BED_sample_lib/RNF2-ON-Target.bed
    wildcards: sample=RNF2-ON-Target


        /home/zhaohuanan/miniconda3/envs/snakepipes_target-seq-from-table-to-plot/bin/bedtools getfasta -nameOnly -s -bed ../TargetSeq_BED_sample_lib/RNF2-ON-Target.bed -fi /home/zhaohuanan/zhaohn_HD/2.database/bwa_hg38/hg38_only_chromosome.fa > ../TargetSeq_BED_sample_lib/RNF2-ON-Target.ref.tmp.fa
        

[Fri Oct 16 15:27:18 2020]
rule faidx:
    input: ../TargetSeq_BED_sample_lib/HEK2-On-Target.ref.upper.fa
    output: ../TargetSeq_BED_sample_lib/HEK2-On-Target.ref.upper.fa.fai
    jobid: 91
    reason: Missing output files: ../TargetSeq_BED_sample_lib/HEK2-On-Target.ref.upper.fa.fai
    wildcards: sample=HEK2-On-Target


        /home/zhaohuanan/miniconda3/envs/snakepipes_cutadapt-STARmapping-FPKM-sortBAM/bin/samtools faidx ../TargetSeq_BED_sample_lib/HEK2-On-Target.ref.upper.fa
        
[Fri Oct 16 15:27:18 2020]
Finished job 52.
1 of 38 steps (3%) done

[Fri Oct 16 15:27:18 2020]
rule getfasta:
    input: ../TargetSeq_BED_sample_lib/HEK4-Guideseq-5.bed
    output: ../TargetSeq_BED_sample_lib/HEK4-Guideseq-5.ref.tmp.fa
    jobid: 51
    reason: Updated input files: ../TargetSeq_BED_sample_lib/HEK4-Guideseq-5.bed
    wildcards: sample=HEK4-Guideseq-5


        /home/zhaohuanan/miniconda3/envs/snakepipes_target-seq-from-table-to-plot/bin/bedtools getfasta -nameOnly -s -bed ../TargetSeq_BED_sample_lib/HEK4-Guideseq-5.bed -fi /home/zhaohuanan/zhaohn_HD/2.database/bwa_hg38/hg38_only_chromosome.fa > ../TargetSeq_BED_sample_lib/HEK4-Guideseq-5.ref.tmp.fa
        
[Fri Oct 16 15:27:18 2020]
Finished job 55.
2 of 38 steps (5%) done

[Fri Oct 16 15:27:18 2020]
rule getfasta:
    input: ../TargetSeq_BED_sample_lib/HEK5-On-Target.bed
    output: ../TargetSeq_BED_sample_lib/HEK5-On-Target.ref.tmp.fa
    jobid: 53
    reason: Updated input files: ../TargetSeq_BED_sample_lib/HEK5-On-Target.bed
    wildcards: sample=HEK5-On-Target


        /home/zhaohuanan/miniconda3/envs/snakepipes_target-seq-from-table-to-plot/bin/bedtools getfasta -nameOnly -s -bed ../TargetSeq_BED_sample_lib/HEK5-On-Target.bed -fi /home/zhaohuanan/zhaohn_HD/2.database/bwa_hg38/hg38_only_chromosome.fa > ../TargetSeq_BED_sample_lib/HEK5-On-Target.ref.tmp.fa
        
[Fri Oct 16 15:27:18 2020]
Finished job 59.
3 of 38 steps (8%) done

[Fri Oct 16 15:27:18 2020]
rule getfasta:
    input: ../TargetSeq_BED_sample_lib/PP6-On-Target.bed
    output: ../TargetSeq_BED_sample_lib/PP6-On-Target.ref.tmp.fa
    jobid: 58
    reason: Updated input files: ../TargetSeq_BED_sample_lib/PP6-On-Target.bed
    wildcards: sample=PP6-On-Target


        /home/zhaohuanan/miniconda3/envs/snakepipes_target-seq-from-table-to-plot/bin/bedtools getfasta -nameOnly -s -bed ../TargetSeq_BED_sample_lib/PP6-On-Target.bed -fi /home/zhaohuanan/zhaohn_HD/2.database/bwa_hg38/hg38_only_chromosome.fa > ../TargetSeq_BED_sample_lib/PP6-On-Target.ref.tmp.fa
        

[Fri Oct 16 15:27:18 2020]
rule getfasta:
    input: ../TargetSeq_BED_sample_lib/VEGFA-OffNo-GDNo-08.bed
    output: ../TargetSeq_BED_sample_lib/VEGFA-OffNo-GDNo-08.ref.tmp.fa
    jobid: 64
    reason: Updated input files: ../TargetSeq_BED_sample_lib/VEGFA-OffNo-GDNo-08.bed
    wildcards: sample=VEGFA-OffNo-GDNo-08


        /home/zhaohuanan/miniconda3/envs/snakepipes_target-seq-from-table-to-plot/bin/bedtools getfasta -nameOnly -s -bed ../TargetSeq_BED_sample_lib/VEGFA-OffNo-GDNo-08.bed -fi /home/zhaohuanan/zhaohn_HD/2.database/bwa_hg38/hg38_only_chromosome.fa > ../TargetSeq_BED_sample_lib/VEGFA-OffNo-GDNo-08.ref.tmp.fa
        
[Fri Oct 16 15:27:18 2020]
Finished job 51.
4 of 38 steps (11%) done

[Fri Oct 16 15:27:18 2020]
rule rm_charater_fa:
    input: ../TargetSeq_BED_sample_lib/HEK4-Guideseq-5.ref.tmp.fa
    output: ../TargetSeq_BED_sample_lib/HEK4-Guideseq-5.ref.fa
    jobid: 29
    reason: Input files updated by another job: ../TargetSeq_BED_sample_lib/HEK4-Guideseq-5.ref.tmp.fa
    wildcards: sample=HEK4-Guideseq-5


        awk 'FNR==1{print substr($1, 1, length($1)-3);} FNR==2{print;}' ../TargetSeq_BED_sample_lib/HEK4-Guideseq-5.ref.tmp.fa > ../TargetSeq_BED_sample_lib/HEK4-Guideseq-5.ref.fa
        
[Fri Oct 16 15:27:18 2020]
Finished job 91.
5 of 38 steps (13%) done
[Fri Oct 16 15:27:18 2020]
Finished job 53.
6 of 38 steps (16%) done
[Fri Oct 16 15:27:18 2020]

Finished job 58.
[Fri Oct 16 15:27:18 2020]
7 of 38 steps (18%) done
rule rm_charater_fa:
    input: ../TargetSeq_BED_sample_lib/MTND5P11-N5.1.ref.tmp.fa
    output: ../TargetSeq_BED_sample_lib/MTND5P11-N5.1.ref.fa
    jobid: 33
    reason: Input files updated by another job: ../TargetSeq_BED_sample_lib/MTND5P11-N5.1.ref.tmp.fa
    wildcards: sample=MTND5P11-N5.1


        awk 'FNR==1{print substr($1, 1, length($1)-3);} FNR==2{print;}' ../TargetSeq_BED_sample_lib/MTND5P11-N5.1.ref.tmp.fa > ../TargetSeq_BED_sample_lib/MTND5P11-N5.1.ref.fa
        

[Fri Oct 16 15:27:18 2020]
rule rm_charater_fa:
    input: ../TargetSeq_BED_sample_lib/RNF2-ON-Target.ref.tmp.fa
    output: ../TargetSeq_BED_sample_lib/RNF2-ON-Target.ref.fa
    jobid: 37
    reason: Input files updated by another job: ../TargetSeq_BED_sample_lib/RNF2-ON-Target.ref.tmp.fa
    wildcards: sample=RNF2-ON-Target


        awk 'FNR==1{print substr($1, 1, length($1)-3);} FNR==2{print;}' ../TargetSeq_BED_sample_lib/RNF2-ON-Target.ref.tmp.fa > ../TargetSeq_BED_sample_lib/RNF2-ON-Target.ref.fa
        

[Fri Oct 16 15:27:18 2020]
rule rm_charater_fa:
    input: ../TargetSeq_BED_sample_lib/HEK4-On-Target.ref.tmp.fa
    output: ../TargetSeq_BED_sample_lib/HEK4-On-Target.ref.fa
    jobid: 30
    reason: Input files updated by another job: ../TargetSeq_BED_sample_lib/HEK4-On-Target.ref.tmp.fa
    wildcards: sample=HEK4-On-Target


        awk 'FNR==1{print substr($1, 1, length($1)-3);} FNR==2{print;}' ../TargetSeq_BED_sample_lib/HEK4-On-Target.ref.tmp.fa > ../TargetSeq_BED_sample_lib/HEK4-On-Target.ref.fa
        
[Fri Oct 16 15:27:18 2020]
Finished job 64.
8 of 38 steps (21%) done
[Fri Oct 16 15:27:18 2020]
Finished job 29.
9 of 38 steps (24%) done

[Fri Oct 16 15:27:18 2020]
rule rm_charater_fa:
    input: ../TargetSeq_BED_sample_lib/HEK5-On-Target.ref.tmp.fa
    output: ../TargetSeq_BED_sample_lib/HEK5-On-Target.ref.fa
    jobid: 31
    reason: Input files updated by another job: ../TargetSeq_BED_sample_lib/HEK5-On-Target.ref.tmp.fa
    wildcards: sample=HEK5-On-Target


        awk 'FNR==1{print substr($1, 1, length($1)-3);} FNR==2{print;}' ../TargetSeq_BED_sample_lib/HEK5-On-Target.ref.tmp.fa > ../TargetSeq_BED_sample_lib/HEK5-On-Target.ref.fa
        

[Fri Oct 16 15:27:18 2020]
rule letter2LETTER:
    input: ../TargetSeq_BED_sample_lib/HEK4-Guideseq-5.ref.fa
    output: ../TargetSeq_BED_sample_lib/HEK4-Guideseq-5.ref.upper.fa
    jobid: 73
    reason: Input files updated by another job: ../TargetSeq_BED_sample_lib/HEK4-Guideseq-5.ref.fa
    wildcards: sample=HEK4-Guideseq-5


        cat ../TargetSeq_BED_sample_lib/HEK4-Guideseq-5.ref.fa | awk '{print toupper($0)}' > ../TargetSeq_BED_sample_lib/HEK4-Guideseq-5.ref.upper.fa
        
[Fri Oct 16 15:27:18 2020]
Finished job 33.
10 of 38 steps (26%) done
[Fri Oct 16 15:27:18 2020]
Finished job 37.
11 of 38 steps (29%) done

[Fri Oct 16 15:27:18 2020]
rule rm_charater_fa:
    input: ../TargetSeq_BED_sample_lib/VEGFA-OffNo-GDNo-08.ref.tmp.fa
    output: ../TargetSeq_BED_sample_lib/VEGFA-OffNo-GDNo-08.ref.fa
    jobid: 42
    reason: Input files updated by another job: ../TargetSeq_BED_sample_lib/VEGFA-OffNo-GDNo-08.ref.tmp.fa
    wildcards: sample=VEGFA-OffNo-GDNo-08


        awk 'FNR==1{print substr($1, 1, length($1)-3);} FNR==2{print;}' ../TargetSeq_BED_sample_lib/VEGFA-OffNo-GDNo-08.ref.tmp.fa > ../TargetSeq_BED_sample_lib/VEGFA-OffNo-GDNo-08.ref.fa
        
[Fri Oct 16 15:27:18 2020]
Finished job 30.
12 of 38 steps (32%) done
[Fri Oct 16 15:27:18 2020]
Finished job 31.
13 of 38 steps (34%) done

[Fri Oct 16 15:27:18 2020]
rule rm_charater_fa:
    input: ../TargetSeq_BED_sample_lib/PP6-On-Target.ref.tmp.fa
    output: ../TargetSeq_BED_sample_lib/PP6-On-Target.ref.fa
    jobid: 36
    reason: Input files updated by another job: ../TargetSeq_BED_sample_lib/PP6-On-Target.ref.tmp.fa
    wildcards: sample=PP6-On-Target


        awk 'FNR==1{print substr($1, 1, length($1)-3);} FNR==2{print;}' ../TargetSeq_BED_sample_lib/PP6-On-Target.ref.tmp.fa > ../TargetSeq_BED_sample_lib/PP6-On-Target.ref.fa
        

[Fri Oct 16 15:27:18 2020]
rule letter2LETTER:
    input: ../TargetSeq_BED_sample_lib/HEK4-On-Target.ref.fa
    output: ../TargetSeq_BED_sample_lib/HEK4-On-Target.ref.upper.fa
    jobid: 74
    reason: Input files updated by another job: ../TargetSeq_BED_sample_lib/HEK4-On-Target.ref.fa
    wildcards: sample=HEK4-On-Target


        cat ../TargetSeq_BED_sample_lib/HEK4-On-Target.ref.fa | awk '{print toupper($0)}' > ../TargetSeq_BED_sample_lib/HEK4-On-Target.ref.upper.fa
        
[Fri Oct 16 15:27:18 2020]
Finished job 73.
14 of 38 steps (37%) done

[Fri Oct 16 15:27:18 2020]
rule letter2LETTER:
    input: ../TargetSeq_BED_sample_lib/HEK5-On-Target.ref.fa
    output: ../TargetSeq_BED_sample_lib/HEK5-On-Target.ref.upper.fa
    jobid: 75
    reason: Input files updated by another job: ../TargetSeq_BED_sample_lib/HEK5-On-Target.ref.fa
    wildcards: sample=HEK5-On-Target


        cat ../TargetSeq_BED_sample_lib/HEK5-On-Target.ref.fa | awk '{print toupper($0)}' > ../TargetSeq_BED_sample_lib/HEK5-On-Target.ref.upper.fa
        
[Fri Oct 16 15:27:18 2020]
Finished job 42.
15 of 38 steps (39%) done

[Fri Oct 16 15:27:18 2020]
rule letter2LETTER:
    input: ../TargetSeq_BED_sample_lib/MTND5P11-N5.1.ref.fa
    output: ../TargetSeq_BED_sample_lib/MTND5P11-N5.1.ref.upper.fa
    jobid: 77
    reason: Input files updated by another job: ../TargetSeq_BED_sample_lib/MTND5P11-N5.1.ref.fa
    wildcards: sample=MTND5P11-N5.1


        cat ../TargetSeq_BED_sample_lib/MTND5P11-N5.1.ref.fa | awk '{print toupper($0)}' > ../TargetSeq_BED_sample_lib/MTND5P11-N5.1.ref.upper.fa
        

[Fri Oct 16 15:27:18 2020]
rule letter2LETTER:
    input: ../TargetSeq_BED_sample_lib/RNF2-ON-Target.ref.fa
    output: ../TargetSeq_BED_sample_lib/RNF2-ON-Target.ref.upper.fa
    jobid: 81
    reason: Input files updated by another job: ../TargetSeq_BED_sample_lib/RNF2-ON-Target.ref.fa
    wildcards: sample=RNF2-ON-Target


        cat ../TargetSeq_BED_sample_lib/RNF2-ON-Target.ref.fa | awk '{print toupper($0)}' > ../TargetSeq_BED_sample_lib/RNF2-ON-Target.ref.upper.fa
        
[Fri Oct 16 15:27:18 2020]
Finished job 36.
16 of 38 steps (42%) done
[Fri Oct 16 15:27:18 2020]
Finished job 74.
17 of 38 steps (45%) done
[Fri Oct 16 15:27:19 2020]
Finished job 75.
18 of 38 steps (47%) done

[Fri Oct 16 15:27:19 2020]
rule letter2LETTER:
    input: ../TargetSeq_BED_sample_lib/PP6-On-Target.ref.fa
    output: ../TargetSeq_BED_sample_lib/PP6-On-Target.ref.upper.fa
    jobid: 80
    reason: Input files updated by another job: ../TargetSeq_BED_sample_lib/PP6-On-Target.ref.fa
    wildcards: sample=PP6-On-Target


        cat ../TargetSeq_BED_sample_lib/PP6-On-Target.ref.fa | awk '{print toupper($0)}' > ../TargetSeq_BED_sample_lib/PP6-On-Target.ref.upper.fa
        

[Fri Oct 16 15:27:19 2020]
rule faidx:
    input: ../TargetSeq_BED_sample_lib/HEK5-On-Target.ref.upper.fa
    output: ../TargetSeq_BED_sample_lib/HEK5-On-Target.ref.upper.fa.fai
    jobid: 97
    reason: Input files updated by another job: ../TargetSeq_BED_sample_lib/HEK5-On-Target.ref.upper.fa
    wildcards: sample=HEK5-On-Target


        /home/zhaohuanan/miniconda3/envs/snakepipes_cutadapt-STARmapping-FPKM-sortBAM/bin/samtools faidx ../TargetSeq_BED_sample_lib/HEK5-On-Target.ref.upper.fa
        
[Fri Oct 16 15:27:19 2020]
Finished job 77.
19 of 38 steps (50%) done
[Fri Oct 16 15:27:19 2020]
Finished job 81.
20 of 38 steps (53%) done

[Fri Oct 16 15:27:19 2020]
rule bwa_idex:
    input: ../TargetSeq_BED_sample_lib/HEK5-On-Target.ref.upper.fa
    output: ../TargetSeq_BED_sample_lib/HEK5-On-Target.ref.upper.fa.amb, ../TargetSeq_BED_sample_lib/HEK5-On-Target.ref.upper.fa.ann, ../TargetSeq_BED_sample_lib/HEK5-On-Target.ref.upper.fa.bwt, ../TargetSeq_BED_sample_lib/HEK5-On-Target.ref.upper.fa.pac, ../TargetSeq_BED_sample_lib/HEK5-On-Target.ref.upper.fa.sa
    jobid: 119
    reason: Input files updated by another job: ../TargetSeq_BED_sample_lib/HEK5-On-Target.ref.upper.fa
    wildcards: sample=HEK5-On-Target


        /home/zhaohuanan/miniconda3/envs/snakepipes_target-seq-from-table-to-plot/bin/bwa index ../TargetSeq_BED_sample_lib/HEK5-On-Target.ref.upper.fa
        

[Fri Oct 16 15:27:19 2020]
rule faidx:
    input: ../TargetSeq_BED_sample_lib/HEK4-Guideseq-5.ref.upper.fa
    output: ../TargetSeq_BED_sample_lib/HEK4-Guideseq-5.ref.upper.fa.fai
    jobid: 95
    reason: Input files updated by another job: ../TargetSeq_BED_sample_lib/HEK4-Guideseq-5.ref.upper.fa
    wildcards: sample=HEK4-Guideseq-5


        /home/zhaohuanan/miniconda3/envs/snakepipes_cutadapt-STARmapping-FPKM-sortBAM/bin/samtools faidx ../TargetSeq_BED_sample_lib/HEK4-Guideseq-5.ref.upper.fa
        
[Fri Oct 16 15:27:19 2020]
Finished job 113.
21 of 38 steps (55%) done
[Fri Oct 16 15:27:19 2020]
Finished job 80.
22 of 38 steps (58%) done

[Fri Oct 16 15:27:19 2020]
rule faidx:
    input: ../TargetSeq_BED_sample_lib/HEK4-On-Target.ref.upper.fa
    output: ../TargetSeq_BED_sample_lib/HEK4-On-Target.ref.upper.fa.fai
    jobid: 96
    reason: Input files updated by another job: ../TargetSeq_BED_sample_lib/HEK4-On-Target.ref.upper.fa
    wildcards: sample=HEK4-On-Target


        /home/zhaohuanan/miniconda3/envs/snakepipes_cutadapt-STARmapping-FPKM-sortBAM/bin/samtools faidx ../TargetSeq_BED_sample_lib/HEK4-On-Target.ref.upper.fa
        

[Fri Oct 16 15:27:19 2020]
rule bwa_idex:
    input: ../TargetSeq_BED_sample_lib/HEK4-Guideseq-5.ref.upper.fa
    output: ../TargetSeq_BED_sample_lib/HEK4-Guideseq-5.ref.upper.fa.amb, ../TargetSeq_BED_sample_lib/HEK4-Guideseq-5.ref.upper.fa.ann, ../TargetSeq_BED_sample_lib/HEK4-Guideseq-5.ref.upper.fa.bwt, ../TargetSeq_BED_sample_lib/HEK4-Guideseq-5.ref.upper.fa.pac, ../TargetSeq_BED_sample_lib/HEK4-Guideseq-5.ref.upper.fa.sa
    jobid: 117
    reason: Input files updated by another job: ../TargetSeq_BED_sample_lib/HEK4-Guideseq-5.ref.upper.fa
    wildcards: sample=HEK4-Guideseq-5


        /home/zhaohuanan/miniconda3/envs/snakepipes_target-seq-from-table-to-plot/bin/bwa index ../TargetSeq_BED_sample_lib/HEK4-Guideseq-5.ref.upper.fa
        

[Fri Oct 16 15:27:19 2020]
rule letter2LETTER:
    input: ../TargetSeq_BED_sample_lib/VEGFA-OffNo-GDNo-08.ref.fa
    output: ../TargetSeq_BED_sample_lib/VEGFA-OffNo-GDNo-08.ref.upper.fa
    jobid: 86
    reason: Input files updated by another job: ../TargetSeq_BED_sample_lib/VEGFA-OffNo-GDNo-08.ref.fa
    wildcards: sample=VEGFA-OffNo-GDNo-08


        cat ../TargetSeq_BED_sample_lib/VEGFA-OffNo-GDNo-08.ref.fa | awk '{print toupper($0)}' > ../TargetSeq_BED_sample_lib/VEGFA-OffNo-GDNo-08.ref.upper.fa
        

[Fri Oct 16 15:27:19 2020]
rule bwa_idex:
    input: ../TargetSeq_BED_sample_lib/HEK4-On-Target.ref.upper.fa
    output: ../TargetSeq_BED_sample_lib/HEK4-On-Target.ref.upper.fa.amb, ../TargetSeq_BED_sample_lib/HEK4-On-Target.ref.upper.fa.ann, ../TargetSeq_BED_sample_lib/HEK4-On-Target.ref.upper.fa.bwt, ../TargetSeq_BED_sample_lib/HEK4-On-Target.ref.upper.fa.pac, ../TargetSeq_BED_sample_lib/HEK4-On-Target.ref.upper.fa.sa
    jobid: 118
    reason: Input files updated by another job: ../TargetSeq_BED_sample_lib/HEK4-On-Target.ref.upper.fa
    wildcards: sample=HEK4-On-Target


        /home/zhaohuanan/miniconda3/envs/snakepipes_target-seq-from-table-to-plot/bin/bwa index ../TargetSeq_BED_sample_lib/HEK4-On-Target.ref.upper.fa
        
[Fri Oct 16 15:27:19 2020]
Finished job 97.
23 of 38 steps (61%) done

[Fri Oct 16 15:27:19 2020]
rule bwa_idex:
    input: ../TargetSeq_BED_sample_lib/RNF2-ON-Target.ref.upper.fa
    output: ../TargetSeq_BED_sample_lib/RNF2-ON-Target.ref.upper.fa.amb, ../TargetSeq_BED_sample_lib/RNF2-ON-Target.ref.upper.fa.ann, ../TargetSeq_BED_sample_lib/RNF2-ON-Target.ref.upper.fa.bwt, ../TargetSeq_BED_sample_lib/RNF2-ON-Target.ref.upper.fa.pac, ../TargetSeq_BED_sample_lib/RNF2-ON-Target.ref.upper.fa.sa
    jobid: 125
    reason: Input files updated by another job: ../TargetSeq_BED_sample_lib/RNF2-ON-Target.ref.upper.fa
    wildcards: sample=RNF2-ON-Target


        /home/zhaohuanan/miniconda3/envs/snakepipes_target-seq-from-table-to-plot/bin/bwa index ../TargetSeq_BED_sample_lib/RNF2-ON-Target.ref.upper.fa
        

[Fri Oct 16 15:27:19 2020]
rule faidx:
    input: ../TargetSeq_BED_sample_lib/PP6-On-Target.ref.upper.fa
    output: ../TargetSeq_BED_sample_lib/PP6-On-Target.ref.upper.fa.fai
    jobid: 102
    reason: Input files updated by another job: ../TargetSeq_BED_sample_lib/PP6-On-Target.ref.upper.fa
    wildcards: sample=PP6-On-Target


        /home/zhaohuanan/miniconda3/envs/snakepipes_cutadapt-STARmapping-FPKM-sortBAM/bin/samtools faidx ../TargetSeq_BED_sample_lib/PP6-On-Target.ref.upper.fa
        
[Fri Oct 16 15:27:19 2020]
Finished job 86.
24 of 38 steps (63%) done

[Fri Oct 16 15:27:19 2020]
rule bwa_idex:
    input: ../TargetSeq_BED_sample_lib/PP6-On-Target.ref.upper.fa
    output: ../TargetSeq_BED_sample_lib/PP6-On-Target.ref.upper.fa.amb, ../TargetSeq_BED_sample_lib/PP6-On-Target.ref.upper.fa.ann, ../TargetSeq_BED_sample_lib/PP6-On-Target.ref.upper.fa.bwt, ../TargetSeq_BED_sample_lib/PP6-On-Target.ref.upper.fa.pac, ../TargetSeq_BED_sample_lib/PP6-On-Target.ref.upper.fa.sa
    jobid: 124
    reason: Input files updated by another job: ../TargetSeq_BED_sample_lib/PP6-On-Target.ref.upper.fa
    wildcards: sample=PP6-On-Target


        /home/zhaohuanan/miniconda3/envs/snakepipes_target-seq-from-table-to-plot/bin/bwa index ../TargetSeq_BED_sample_lib/PP6-On-Target.ref.upper.fa
        

[Fri Oct 16 15:27:19 2020]
rule faidx:
    input: ../TargetSeq_BED_sample_lib/MTND5P11-N5.1.ref.upper.fa
    output: ../TargetSeq_BED_sample_lib/MTND5P11-N5.1.ref.upper.fa.fai
    jobid: 99
    reason: Input files updated by another job: ../TargetSeq_BED_sample_lib/MTND5P11-N5.1.ref.upper.fa
    wildcards: sample=MTND5P11-N5.1


        /home/zhaohuanan/miniconda3/envs/snakepipes_cutadapt-STARmapping-FPKM-sortBAM/bin/samtools faidx ../TargetSeq_BED_sample_lib/MTND5P11-N5.1.ref.upper.fa
        

[Fri Oct 16 15:27:19 2020]
rule faidx:
    input: ../TargetSeq_BED_sample_lib/RNF2-ON-Target.ref.upper.fa
    output: ../TargetSeq_BED_sample_lib/RNF2-ON-Target.ref.upper.fa.fai
    jobid: 103
    reason: Missing output files: ../TargetSeq_BED_sample_lib/RNF2-ON-Target.ref.upper.fa.fai; Input files updated by another job: ../TargetSeq_BED_sample_lib/RNF2-ON-Target.ref.upper.fa
    wildcards: sample=RNF2-ON-Target


        /home/zhaohuanan/miniconda3/envs/snakepipes_cutadapt-STARmapping-FPKM-sortBAM/bin/samtools faidx ../TargetSeq_BED_sample_lib/RNF2-ON-Target.ref.upper.fa
        

[Fri Oct 16 15:27:19 2020]
rule bwa_idex:
    input: ../TargetSeq_BED_sample_lib/MTND5P11-N5.1.ref.upper.fa
    output: ../TargetSeq_BED_sample_lib/MTND5P11-N5.1.ref.upper.fa.amb, ../TargetSeq_BED_sample_lib/MTND5P11-N5.1.ref.upper.fa.ann, ../TargetSeq_BED_sample_lib/MTND5P11-N5.1.ref.upper.fa.bwt, ../TargetSeq_BED_sample_lib/MTND5P11-N5.1.ref.upper.fa.pac, ../TargetSeq_BED_sample_lib/MTND5P11-N5.1.ref.upper.fa.sa
    jobid: 121
    reason: Input files updated by another job: ../TargetSeq_BED_sample_lib/MTND5P11-N5.1.ref.upper.fa
    wildcards: sample=MTND5P11-N5.1


        /home/zhaohuanan/miniconda3/envs/snakepipes_target-seq-from-table-to-plot/bin/bwa index ../TargetSeq_BED_sample_lib/MTND5P11-N5.1.ref.upper.fa
        

[Fri Oct 16 15:27:19 2020]
rule faidx:
    input: ../TargetSeq_BED_sample_lib/VEGFA-OffNo-GDNo-08.ref.upper.fa
    output: ../TargetSeq_BED_sample_lib/VEGFA-OffNo-GDNo-08.ref.upper.fa.fai
    jobid: 108
    reason: Input files updated by another job: ../TargetSeq_BED_sample_lib/VEGFA-OffNo-GDNo-08.ref.upper.fa
    wildcards: sample=VEGFA-OffNo-GDNo-08


        /home/zhaohuanan/miniconda3/envs/snakepipes_cutadapt-STARmapping-FPKM-sortBAM/bin/samtools faidx ../TargetSeq_BED_sample_lib/VEGFA-OffNo-GDNo-08.ref.upper.fa
        

[Fri Oct 16 15:27:19 2020]
rule bwa_idex:
    input: ../TargetSeq_BED_sample_lib/VEGFA-OffNo-GDNo-08.ref.upper.fa
    output: ../TargetSeq_BED_sample_lib/VEGFA-OffNo-GDNo-08.ref.upper.fa.amb, ../TargetSeq_BED_sample_lib/VEGFA-OffNo-GDNo-08.ref.upper.fa.ann, ../TargetSeq_BED_sample_lib/VEGFA-OffNo-GDNo-08.ref.upper.fa.bwt, ../TargetSeq_BED_sample_lib/VEGFA-OffNo-GDNo-08.ref.upper.fa.pac, ../TargetSeq_BED_sample_lib/VEGFA-OffNo-GDNo-08.ref.upper.fa.sa
    jobid: 130
    reason: Input files updated by another job: ../TargetSeq_BED_sample_lib/VEGFA-OffNo-GDNo-08.ref.upper.fa
    wildcards: sample=VEGFA-OffNo-GDNo-08

[Fri Oct 16 15:27:19 2020]

        /home/zhaohuanan/miniconda3/envs/snakepipes_target-seq-from-table-to-plot/bin/bwa index ../TargetSeq_BED_sample_lib/VEGFA-OffNo-GDNo-08.ref.upper.fa
        
Finished job 95.
25 of 38 steps (66%) done
[Fri Oct 16 15:27:19 2020]
Finished job 96.
26 of 38 steps (68%) done
[Fri Oct 16 15:27:19 2020]
Finished job 99.
27 of 38 steps (71%) done
[Fri Oct 16 15:27:19 2020]
Finished job 102.
28 of 38 steps (74%) done
[Fri Oct 16 15:27:19 2020]
Finished job 103.
29 of 38 steps (76%) done
[Fri Oct 16 15:27:19 2020]
Finished job 108.
30 of 38 steps (79%) done
[Fri Oct 16 15:27:19 2020]
Finished job 119.
31 of 38 steps (82%) done
[Fri Oct 16 15:27:19 2020]
Finished job 125.
32 of 38 steps (84%) done
[Fri Oct 16 15:27:19 2020]
Finished job 121.
33 of 38 steps (87%) done
[Fri Oct 16 15:27:19 2020]
Finished job 130.
34 of 38 steps (89%) done
[Fri Oct 16 15:27:19 2020]
Finished job 118.
35 of 38 steps (92%) done
[Fri Oct 16 15:27:19 2020]
Finished job 117.
36 of 38 steps (95%) done
[Fri Oct 16 15:27:19 2020]
Finished job 124.
37 of 38 steps (97%) done

[Fri Oct 16 15:27:19 2020]
localrule all:
    input: ../TargetSeq_BED_sample_lib/ABE-Site-7-On.bed, ../TargetSeq_BED_sample_lib/EMX1-2-On.bed, ../TargetSeq_BED_sample_lib/HEK2-On-Target.bed, ../TargetSeq_BED_sample_lib/HEK4-Guideseq-2.bed, ../TargetSeq_BED_sample_lib/HEK4-Guideseq-3.bed, ../TargetSeq_BED_sample_lib/HEK4-Guideseq-4.bed, ../TargetSeq_BED_sample_lib/HEK4-Guideseq-5.bed, ../TargetSeq_BED_sample_lib/HEK4-On-Target.bed, ../TargetSeq_BED_sample_lib/HEK5-On-Target.bed, ../TargetSeq_BED_sample_lib/MTND4P12-N4.bed, ../TargetSeq_BED_sample_lib/MTND5P11-N5.1.bed, ../TargetSeq_BED_sample_lib/MTND6P4-N6.bed, ../TargetSeq_BED_sample_lib/PP2-On-Target.bed, ../TargetSeq_BED_sample_lib/PP6-On-Target.bed, ../TargetSeq_BED_sample_lib/RNF2-ON-Target.bed, ../TargetSeq_BED_sample_lib/VEGFA-Off-Target-2.bed, ../TargetSeq_BED_sample_lib/VEGFA-Off-Target-3.bed, ../TargetSeq_BED_sample_lib/VEGFA-Off-Target-6.bed, ../TargetSeq_BED_sample_lib/VEGFA-Off-Target-7.bed, ../TargetSeq_BED_sample_lib/VEGFA-OffNo-GDNo-08.bed, ../TargetSeq_BED_sample_lib/VEGFA-OffNo-GDNo-12.bed, ../TargetSeq_BED_sample_lib/VEGFA-On-Target.bed, ../TargetSeq_BED_sample_lib/ABE-Site-7-On.ref.fa, ../TargetSeq_BED_sample_lib/EMX1-2-On.ref.fa, ../TargetSeq_BED_sample_lib/HEK2-On-Target.ref.fa, ../TargetSeq_BED_sample_lib/HEK4-Guideseq-2.ref.fa, ../TargetSeq_BED_sample_lib/HEK4-Guideseq-3.ref.fa, ../TargetSeq_BED_sample_lib/HEK4-Guideseq-4.ref.fa, ../TargetSeq_BED_sample_lib/HEK4-Guideseq-5.ref.fa, ../TargetSeq_BED_sample_lib/HEK4-On-Target.ref.fa, ../TargetSeq_BED_sample_lib/HEK5-On-Target.ref.fa, ../TargetSeq_BED_sample_lib/MTND4P12-N4.ref.fa, ../TargetSeq_BED_sample_lib/MTND5P11-N5.1.ref.fa, ../TargetSeq_BED_sample_lib/MTND6P4-N6.ref.fa, ../TargetSeq_BED_sample_lib/PP2-On-Target.ref.fa, ../TargetSeq_BED_sample_lib/PP6-On-Target.ref.fa, ../TargetSeq_BED_sample_lib/RNF2-ON-Target.ref.fa, ../TargetSeq_BED_sample_lib/VEGFA-Off-Target-2.ref.fa, ../TargetSeq_BED_sample_lib/VEGFA-Off-Target-3.ref.fa, ../TargetSeq_BED_sample_lib/VEGFA-Off-Target-6.ref.fa, ../TargetSeq_BED_sample_lib/VEGFA-Off-Target-7.ref.fa, ../TargetSeq_BED_sample_lib/VEGFA-OffNo-GDNo-08.ref.fa, ../TargetSeq_BED_sample_lib/VEGFA-OffNo-GDNo-12.ref.fa, ../TargetSeq_BED_sample_lib/VEGFA-On-Target.ref.fa, ../TargetSeq_BED_sample_lib/ABE-Site-7-On.ref.tmp.fa, ../TargetSeq_BED_sample_lib/EMX1-2-On.ref.tmp.fa, ../TargetSeq_BED_sample_lib/HEK2-On-Target.ref.tmp.fa, ../TargetSeq_BED_sample_lib/HEK4-Guideseq-2.ref.tmp.fa, ../TargetSeq_BED_sample_lib/HEK4-Guideseq-3.ref.tmp.fa, ../TargetSeq_BED_sample_lib/HEK4-Guideseq-4.ref.tmp.fa, ../TargetSeq_BED_sample_lib/HEK4-Guideseq-5.ref.tmp.fa, ../TargetSeq_BED_sample_lib/HEK4-On-Target.ref.tmp.fa, ../TargetSeq_BED_sample_lib/HEK5-On-Target.ref.tmp.fa, ../TargetSeq_BED_sample_lib/MTND4P12-N4.ref.tmp.fa, ../TargetSeq_BED_sample_lib/MTND5P11-N5.1.ref.tmp.fa, ../TargetSeq_BED_sample_lib/MTND6P4-N6.ref.tmp.fa, ../TargetSeq_BED_sample_lib/PP2-On-Target.ref.tmp.fa, ../TargetSeq_BED_sample_lib/PP6-On-Target.ref.tmp.fa, ../TargetSeq_BED_sample_lib/RNF2-ON-Target.ref.tmp.fa, ../TargetSeq_BED_sample_lib/VEGFA-Off-Target-2.ref.tmp.fa, ../TargetSeq_BED_sample_lib/VEGFA-Off-Target-3.ref.tmp.fa, ../TargetSeq_BED_sample_lib/VEGFA-Off-Target-6.ref.tmp.fa, ../TargetSeq_BED_sample_lib/VEGFA-Off-Target-7.ref.tmp.fa, ../TargetSeq_BED_sample_lib/VEGFA-OffNo-GDNo-08.ref.tmp.fa, ../TargetSeq_BED_sample_lib/VEGFA-OffNo-GDNo-12.ref.tmp.fa, ../TargetSeq_BED_sample_lib/VEGFA-On-Target.ref.tmp.fa, ../TargetSeq_BED_sample_lib/ABE-Site-7-On.ref.upper.fa, ../TargetSeq_BED_sample_lib/EMX1-2-On.ref.upper.fa, ../TargetSeq_BED_sample_lib/HEK2-On-Target.ref.upper.fa, ../TargetSeq_BED_sample_lib/HEK4-Guideseq-2.ref.upper.fa, ../TargetSeq_BED_sample_lib/HEK4-Guideseq-3.ref.upper.fa, ../TargetSeq_BED_sample_lib/HEK4-Guideseq-4.ref.upper.fa, ../TargetSeq_BED_sample_lib/HEK4-Guideseq-5.ref.upper.fa, ../TargetSeq_BED_sample_lib/HEK4-On-Target.ref.upper.fa, ../TargetSeq_BED_sample_lib/HEK5-On-Target.ref.upper.fa, ../TargetSeq_BED_sample_lib/MTND4P12-N4.ref.upper.fa, ../TargetSeq_BED_sample_lib/MTND5P11-N5.1.ref.upper.fa, ../TargetSeq_BED_sample_lib/MTND6P4-N6.ref.upper.fa, ../TargetSeq_BED_sample_lib/PP2-On-Target.ref.upper.fa, ../TargetSeq_BED_sample_lib/PP6-On-Target.ref.upper.fa, ../TargetSeq_BED_sample_lib/RNF2-ON-Target.ref.upper.fa, ../TargetSeq_BED_sample_lib/VEGFA-Off-Target-2.ref.upper.fa, ../TargetSeq_BED_sample_lib/VEGFA-Off-Target-3.ref.upper.fa, ../TargetSeq_BED_sample_lib/VEGFA-Off-Target-6.ref.upper.fa, ../TargetSeq_BED_sample_lib/VEGFA-Off-Target-7.ref.upper.fa, ../TargetSeq_BED_sample_lib/VEGFA-OffNo-GDNo-08.ref.upper.fa, ../TargetSeq_BED_sample_lib/VEGFA-OffNo-GDNo-12.ref.upper.fa, ../TargetSeq_BED_sample_lib/VEGFA-On-Target.ref.upper.fa, ../TargetSeq_BED_sample_lib/ABE-Site-7-On.ref.upper.fa.fai, ../TargetSeq_BED_sample_lib/EMX1-2-On.ref.upper.fa.fai, ../TargetSeq_BED_sample_lib/HEK2-On-Target.ref.upper.fa.fai, ../TargetSeq_BED_sample_lib/HEK4-Guideseq-2.ref.upper.fa.fai, ../TargetSeq_BED_sample_lib/HEK4-Guideseq-3.ref.upper.fa.fai, ../TargetSeq_BED_sample_lib/HEK4-Guideseq-4.ref.upper.fa.fai, ../TargetSeq_BED_sample_lib/HEK4-Guideseq-5.ref.upper.fa.fai, ../TargetSeq_BED_sample_lib/HEK4-On-Target.ref.upper.fa.fai, ../TargetSeq_BED_sample_lib/HEK5-On-Target.ref.upper.fa.fai, ../TargetSeq_BED_sample_lib/MTND4P12-N4.ref.upper.fa.fai, ../TargetSeq_BED_sample_lib/MTND5P11-N5.1.ref.upper.fa.fai, ../TargetSeq_BED_sample_lib/MTND6P4-N6.ref.upper.fa.fai, ../TargetSeq_BED_sample_lib/PP2-On-Target.ref.upper.fa.fai, ../TargetSeq_BED_sample_lib/PP6-On-Target.ref.upper.fa.fai, ../TargetSeq_BED_sample_lib/RNF2-ON-Target.ref.upper.fa.fai, ../TargetSeq_BED_sample_lib/VEGFA-Off-Target-2.ref.upper.fa.fai, ../TargetSeq_BED_sample_lib/VEGFA-Off-Target-3.ref.upper.fa.fai, ../TargetSeq_BED_sample_lib/VEGFA-Off-Target-6.ref.upper.fa.fai, ../TargetSeq_BED_sample_lib/VEGFA-Off-Target-7.ref.upper.fa.fai, ../TargetSeq_BED_sample_lib/VEGFA-OffNo-GDNo-08.ref.upper.fa.fai, ../TargetSeq_BED_sample_lib/VEGFA-OffNo-GDNo-12.ref.upper.fa.fai, ../TargetSeq_BED_sample_lib/VEGFA-On-Target.ref.upper.fa.fai, ../TargetSeq_BED_sample_lib/ABE-Site-7-On.ref.upper.fa.amb, ../TargetSeq_BED_sample_lib/EMX1-2-On.ref.upper.fa.amb, ../TargetSeq_BED_sample_lib/HEK2-On-Target.ref.upper.fa.amb, ../TargetSeq_BED_sample_lib/HEK4-Guideseq-2.ref.upper.fa.amb, ../TargetSeq_BED_sample_lib/HEK4-Guideseq-3.ref.upper.fa.amb, ../TargetSeq_BED_sample_lib/HEK4-Guideseq-4.ref.upper.fa.amb, ../TargetSeq_BED_sample_lib/HEK4-Guideseq-5.ref.upper.fa.amb, ../TargetSeq_BED_sample_lib/HEK4-On-Target.ref.upper.fa.amb, ../TargetSeq_BED_sample_lib/HEK5-On-Target.ref.upper.fa.amb, ../TargetSeq_BED_sample_lib/MTND4P12-N4.ref.upper.fa.amb, ../TargetSeq_BED_sample_lib/MTND5P11-N5.1.ref.upper.fa.amb, ../TargetSeq_BED_sample_lib/MTND6P4-N6.ref.upper.fa.amb, ../TargetSeq_BED_sample_lib/PP2-On-Target.ref.upper.fa.amb, ../TargetSeq_BED_sample_lib/PP6-On-Target.ref.upper.fa.amb, ../TargetSeq_BED_sample_lib/RNF2-ON-Target.ref.upper.fa.amb, ../TargetSeq_BED_sample_lib/VEGFA-Off-Target-2.ref.upper.fa.amb, ../TargetSeq_BED_sample_lib/VEGFA-Off-Target-3.ref.upper.fa.amb, ../TargetSeq_BED_sample_lib/VEGFA-Off-Target-6.ref.upper.fa.amb, ../TargetSeq_BED_sample_lib/VEGFA-Off-Target-7.ref.upper.fa.amb, ../TargetSeq_BED_sample_lib/VEGFA-OffNo-GDNo-08.ref.upper.fa.amb, ../TargetSeq_BED_sample_lib/VEGFA-OffNo-GDNo-12.ref.upper.fa.amb, ../TargetSeq_BED_sample_lib/VEGFA-On-Target.ref.upper.fa.amb, ../TargetSeq_BED_sample_lib/ABE-Site-7-On.ref.upper.fa.ann, ../TargetSeq_BED_sample_lib/EMX1-2-On.ref.upper.fa.ann, ../TargetSeq_BED_sample_lib/HEK2-On-Target.ref.upper.fa.ann, ../TargetSeq_BED_sample_lib/HEK4-Guideseq-2.ref.upper.fa.ann, ../TargetSeq_BED_sample_lib/HEK4-Guideseq-3.ref.upper.fa.ann, ../TargetSeq_BED_sample_lib/HEK4-Guideseq-4.ref.upper.fa.ann, ../TargetSeq_BED_sample_lib/HEK4-Guideseq-5.ref.upper.fa.ann, ../TargetSeq_BED_sample_lib/HEK4-On-Target.ref.upper.fa.ann, ../TargetSeq_BED_sample_lib/HEK5-On-Target.ref.upper.fa.ann, ../TargetSeq_BED_sample_lib/MTND4P12-N4.ref.upper.fa.ann, ../TargetSeq_BED_sample_lib/MTND5P11-N5.1.ref.upper.fa.ann, ../TargetSeq_BED_sample_lib/MTND6P4-N6.ref.upper.fa.ann, ../TargetSeq_BED_sample_lib/PP2-On-Target.ref.upper.fa.ann, ../TargetSeq_BED_sample_lib/PP6-On-Target.ref.upper.fa.ann, ../TargetSeq_BED_sample_lib/RNF2-ON-Target.ref.upper.fa.ann, ../TargetSeq_BED_sample_lib/VEGFA-Off-Target-2.ref.upper.fa.ann, ../TargetSeq_BED_sample_lib/VEGFA-Off-Target-3.ref.upper.fa.ann, ../TargetSeq_BED_sample_lib/VEGFA-Off-Target-6.ref.upper.fa.ann, ../TargetSeq_BED_sample_lib/VEGFA-Off-Target-7.ref.upper.fa.ann, ../TargetSeq_BED_sample_lib/VEGFA-OffNo-GDNo-08.ref.upper.fa.ann, ../TargetSeq_BED_sample_lib/VEGFA-OffNo-GDNo-12.ref.upper.fa.ann, ../TargetSeq_BED_sample_lib/VEGFA-On-Target.ref.upper.fa.ann, ../TargetSeq_BED_sample_lib/ABE-Site-7-On.ref.upper.fa.bwt, ../TargetSeq_BED_sample_lib/EMX1-2-On.ref.upper.fa.bwt, ../TargetSeq_BED_sample_lib/HEK2-On-Target.ref.upper.fa.bwt, ../TargetSeq_BED_sample_lib/HEK4-Guideseq-2.ref.upper.fa.bwt, ../TargetSeq_BED_sample_lib/HEK4-Guideseq-3.ref.upper.fa.bwt, ../TargetSeq_BED_sample_lib/HEK4-Guideseq-4.ref.upper.fa.bwt, ../TargetSeq_BED_sample_lib/HEK4-Guideseq-5.ref.upper.fa.bwt, ../TargetSeq_BED_sample_lib/HEK4-On-Target.ref.upper.fa.bwt, ../TargetSeq_BED_sample_lib/HEK5-On-Target.ref.upper.fa.bwt, ../TargetSeq_BED_sample_lib/MTND4P12-N4.ref.upper.fa.bwt, ../TargetSeq_BED_sample_lib/MTND5P11-N5.1.ref.upper.fa.bwt, ../TargetSeq_BED_sample_lib/MTND6P4-N6.ref.upper.fa.bwt, ../TargetSeq_BED_sample_lib/PP2-On-Target.ref.upper.fa.bwt, ../TargetSeq_BED_sample_lib/PP6-On-Target.ref.upper.fa.bwt, ../TargetSeq_BED_sample_lib/RNF2-ON-Target.ref.upper.fa.bwt, ../TargetSeq_BED_sample_lib/VEGFA-Off-Target-2.ref.upper.fa.bwt, ../TargetSeq_BED_sample_lib/VEGFA-Off-Target-3.ref.upper.fa.bwt, ../TargetSeq_BED_sample_lib/VEGFA-Off-Target-6.ref.upper.fa.bwt, ../TargetSeq_BED_sample_lib/VEGFA-Off-Target-7.ref.upper.fa.bwt, ../TargetSeq_BED_sample_lib/VEGFA-OffNo-GDNo-08.ref.upper.fa.bwt, ../TargetSeq_BED_sample_lib/VEGFA-OffNo-GDNo-12.ref.upper.fa.bwt, ../TargetSeq_BED_sample_lib/VEGFA-On-Target.ref.upper.fa.bwt, ../TargetSeq_BED_sample_lib/ABE-Site-7-On.ref.upper.fa.pac, ../TargetSeq_BED_sample_lib/EMX1-2-On.ref.upper.fa.pac, ../TargetSeq_BED_sample_lib/HEK2-On-Target.ref.upper.fa.pac, ../TargetSeq_BED_sample_lib/HEK4-Guideseq-2.ref.upper.fa.pac, ../TargetSeq_BED_sample_lib/HEK4-Guideseq-3.ref.upper.fa.pac, ../TargetSeq_BED_sample_lib/HEK4-Guideseq-4.ref.upper.fa.pac, ../TargetSeq_BED_sample_lib/HEK4-Guideseq-5.ref.upper.fa.pac, ../TargetSeq_BED_sample_lib/HEK4-On-Target.ref.upper.fa.pac, ../TargetSeq_BED_sample_lib/HEK5-On-Target.ref.upper.fa.pac, ../TargetSeq_BED_sample_lib/MTND4P12-N4.ref.upper.fa.pac, ../TargetSeq_BED_sample_lib/MTND5P11-N5.1.ref.upper.fa.pac, ../TargetSeq_BED_sample_lib/MTND6P4-N6.ref.upper.fa.pac, ../TargetSeq_BED_sample_lib/PP2-On-Target.ref.upper.fa.pac, ../TargetSeq_BED_sample_lib/PP6-On-Target.ref.upper.fa.pac, ../TargetSeq_BED_sample_lib/RNF2-ON-Target.ref.upper.fa.pac, ../TargetSeq_BED_sample_lib/VEGFA-Off-Target-2.ref.upper.fa.pac, ../TargetSeq_BED_sample_lib/VEGFA-Off-Target-3.ref.upper.fa.pac, ../TargetSeq_BED_sample_lib/VEGFA-Off-Target-6.ref.upper.fa.pac, ../TargetSeq_BED_sample_lib/VEGFA-Off-Target-7.ref.upper.fa.pac, ../TargetSeq_BED_sample_lib/VEGFA-OffNo-GDNo-08.ref.upper.fa.pac, ../TargetSeq_BED_sample_lib/VEGFA-OffNo-GDNo-12.ref.upper.fa.pac, ../TargetSeq_BED_sample_lib/VEGFA-On-Target.ref.upper.fa.pac, ../TargetSeq_BED_sample_lib/ABE-Site-7-On.ref.upper.fa.sa, ../TargetSeq_BED_sample_lib/EMX1-2-On.ref.upper.fa.sa, ../TargetSeq_BED_sample_lib/HEK2-On-Target.ref.upper.fa.sa, ../TargetSeq_BED_sample_lib/HEK4-Guideseq-2.ref.upper.fa.sa, ../TargetSeq_BED_sample_lib/HEK4-Guideseq-3.ref.upper.fa.sa, ../TargetSeq_BED_sample_lib/HEK4-Guideseq-4.ref.upper.fa.sa, ../TargetSeq_BED_sample_lib/HEK4-Guideseq-5.ref.upper.fa.sa, ../TargetSeq_BED_sample_lib/HEK4-On-Target.ref.upper.fa.sa, ../TargetSeq_BED_sample_lib/HEK5-On-Target.ref.upper.fa.sa, ../TargetSeq_BED_sample_lib/MTND4P12-N4.ref.upper.fa.sa, ../TargetSeq_BED_sample_lib/MTND5P11-N5.1.ref.upper.fa.sa, ../TargetSeq_BED_sample_lib/MTND6P4-N6.ref.upper.fa.sa, ../TargetSeq_BED_sample_lib/PP2-On-Target.ref.upper.fa.sa, ../TargetSeq_BED_sample_lib/PP6-On-Target.ref.upper.fa.sa, ../TargetSeq_BED_sample_lib/RNF2-ON-Target.ref.upper.fa.sa, ../TargetSeq_BED_sample_lib/VEGFA-Off-Target-2.ref.upper.fa.sa, ../TargetSeq_BED_sample_lib/VEGFA-Off-Target-3.ref.upper.fa.sa, ../TargetSeq_BED_sample_lib/VEGFA-Off-Target-6.ref.upper.fa.sa, ../TargetSeq_BED_sample_lib/VEGFA-Off-Target-7.ref.upper.fa.sa, ../TargetSeq_BED_sample_lib/VEGFA-OffNo-GDNo-08.ref.upper.fa.sa, ../TargetSeq_BED_sample_lib/VEGFA-OffNo-GDNo-12.ref.upper.fa.sa, ../TargetSeq_BED_sample_lib/VEGFA-On-Target.ref.upper.fa.sa
    jobid: 0
    reason: Input files updated by another job: ../TargetSeq_BED_sample_lib/VEGFA-OffNo-GDNo-08.ref.upper.fa.sa, ../TargetSeq_BED_sample_lib/HEK4-On-Target.ref.tmp.fa, ../TargetSeq_BED_sample_lib/PP6-On-Target.ref.upper.fa.amb, ../TargetSeq_BED_sample_lib/HEK5-On-Target.ref.upper.fa, ../TargetSeq_BED_sample_lib/HEK4-On-Target.ref.upper.fa.bwt, ../TargetSeq_BED_sample_lib/HEK4-On-Target.ref.upper.fa.sa, ../TargetSeq_BED_sample_lib/HEK4-Guideseq-5.ref.tmp.fa, ../TargetSeq_BED_sample_lib/MTND5P11-N5.1.ref.upper.fa.sa, ../TargetSeq_BED_sample_lib/HEK4-On-Target.ref.upper.fa.ann, ../TargetSeq_BED_sample_lib/HEK4-Guideseq-5.ref.upper.fa, ../TargetSeq_BED_sample_lib/HEK4-On-Target.ref.upper.fa.pac, ../TargetSeq_BED_sample_lib/PP6-On-Target.ref.upper.fa.ann, ../TargetSeq_BED_sample_lib/RNF2-ON-Target.ref.upper.fa.sa, ../TargetSeq_BED_sample_lib/HEK4-Guideseq-5.ref.upper.fa.amb, ../TargetSeq_BED_sample_lib/PP6-On-Target.ref.upper.fa.pac, ../TargetSeq_BED_sample_lib/HEK2-On-Target.ref.upper.fa.fai, ../TargetSeq_BED_sample_lib/VEGFA-OffNo-GDNo-08.ref.upper.fa, ../TargetSeq_BED_sample_lib/RNF2-ON-Target.ref.tmp.fa, ../TargetSeq_BED_sample_lib/MTND5P11-N5.1.ref.upper.fa.ann, ../TargetSeq_BED_sample_lib/HEK4-On-Target.ref.upper.fa.fai, ../TargetSeq_BED_sample_lib/HEK4-Guideseq-5.ref.upper.fa.fai, ../TargetSeq_BED_sample_lib/VEGFA-OffNo-GDNo-08.ref.upper.fa.pac, ../TargetSeq_BED_sample_lib/HEK4-On-Target.ref.upper.fa, ../TargetSeq_BED_sample_lib/HEK2-On-Target.ref.upper.fa.bwt, ../TargetSeq_BED_sample_lib/HEK5-On-Target.ref.upper.fa.amb, ../TargetSeq_BED_sample_lib/PP6-On-Target.ref.upper.fa.fai, ../TargetSeq_BED_sample_lib/HEK4-Guideseq-5.ref.upper.fa.bwt, ../TargetSeq_BED_sample_lib/MTND5P11-N5.1.ref.upper.fa.bwt, ../TargetSeq_BED_sample_lib/RNF2-ON-Target.ref.upper.fa.amb, ../TargetSeq_BED_sample_lib/HEK5-On-Target.ref.upper.fa.ann, ../TargetSeq_BED_sample_lib/RNF2-ON-Target.ref.upper.fa.ann, ../TargetSeq_BED_sample_lib/HEK2-On-Target.ref.upper.fa.amb, ../TargetSeq_BED_sample_lib/RNF2-ON-Target.ref.upper.fa, ../TargetSeq_BED_sample_lib/HEK4-On-Target.ref.fa, ../TargetSeq_BED_sample_lib/MTND5P11-N5.1.ref.upper.fa, ../TargetSeq_BED_sample_lib/HEK5-On-Target.ref.tmp.fa, ../TargetSeq_BED_sample_lib/VEGFA-OffNo-GDNo-08.ref.upper.fa.ann, ../TargetSeq_BED_sample_lib/VEGFA-OffNo-GDNo-08.ref.upper.fa.fai, ../TargetSeq_BED_sample_lib/MTND5P11-N5.1.ref.upper.fa.amb, ../TargetSeq_BED_sample_lib/VEGFA-OffNo-GDNo-08.ref.upper.fa.amb, ../TargetSeq_BED_sample_lib/HEK2-On-Target.ref.upper.fa.pac, ../TargetSeq_BED_sample_lib/PP6-On-Target.ref.fa, ../TargetSeq_BED_sample_lib/HEK4-On-Target.ref.upper.fa.amb, ../TargetSeq_BED_sample_lib/VEGFA-OffNo-GDNo-08.ref.upper.fa.bwt, ../TargetSeq_BED_sample_lib/RNF2-ON-Target.ref.fa, ../TargetSeq_BED_sample_lib/HEK5-On-Target.ref.fa, ../TargetSeq_BED_sample_lib/PP6-On-Target.ref.upper.fa.bwt, ../TargetSeq_BED_sample_lib/PP6-On-Target.ref.tmp.fa, ../TargetSeq_BED_sample_lib/MTND5P11-N5.1.ref.tmp.fa, ../TargetSeq_BED_sample_lib/HEK4-Guideseq-5.ref.upper.fa.pac, ../TargetSeq_BED_sample_lib/HEK4-Guideseq-5.ref.upper.fa.sa, ../TargetSeq_BED_sample_lib/HEK2-On-Target.ref.upper.fa.ann, ../TargetSeq_BED_sample_lib/HEK4-Guideseq-5.ref.upper.fa.ann, ../TargetSeq_BED_sample_lib/MTND5P11-N5.1.ref.fa, ../TargetSeq_BED_sample_lib/HEK5-On-Target.ref.upper.fa.pac, ../TargetSeq_BED_sample_lib/MTND5P11-N5.1.ref.upper.fa.fai, ../TargetSeq_BED_sample_lib/MTND5P11-N5.1.ref.upper.fa.pac, ../TargetSeq_BED_sample_lib/PP6-On-Target.ref.upper.fa.sa, ../TargetSeq_BED_sample_lib/HEK5-On-Target.ref.upper.fa.fai, ../TargetSeq_BED_sample_lib/VEGFA-OffNo-GDNo-08.ref.fa, ../TargetSeq_BED_sample_lib/HEK4-Guideseq-5.ref.fa, ../TargetSeq_BED_sample_lib/RNF2-ON-Target.ref.upper.fa.bwt, ../TargetSeq_BED_sample_lib/HEK2-On-Target.ref.upper.fa.sa, ../TargetSeq_BED_sample_lib/VEGFA-OffNo-GDNo-08.ref.tmp.fa, ../TargetSeq_BED_sample_lib/HEK5-On-Target.ref.upper.fa.sa, ../TargetSeq_BED_sample_lib/RNF2-ON-Target.ref.upper.fa.fai, ../TargetSeq_BED_sample_lib/PP6-On-Target.ref.upper.fa, ../TargetSeq_BED_sample_lib/RNF2-ON-Target.ref.upper.fa.pac, ../TargetSeq_BED_sample_lib/HEK5-On-Target.ref.upper.fa.bwt

[Fri Oct 16 15:27:19 2020]
Finished job 0.
38 of 38 steps (100%) done
Complete log: /gpfs/user/zhaohuanan/3.project/14.2020-10_1010_TargetSeq-GBE-DdCBE_recheck/snakepipes_target-seq-from-table-to-plot/.snakemake/log/2020-10-16T152718.486156.snakemake.log
