Building DAG of jobs...
Using shell: /usr/bin/bash
Provided cores: 24
Rules claiming more threads will be scaled down.
Job counts:
	count	jobs
	1	all
	60	bmat_plot_ext_HEK4
	61

[Thu Aug  6 13:28:19 2020]
rule bmat_plot_ext_HEK4:
    input: ../TargetSeq-293T-HEK4-BE4-rep2/cutoff_3/mapping/HK4-mcf-1_bwa_sort.bmat
    output: ../all_plot/cutoff_3.ext50/TargetSeq-293T-HEK4-BE4-rep2_HK4-mcf-1_cutoff_3_indel.ext50.pdf
    jobid: 17
    wildcards: cutoff=3, lib=293T-HEK4-BE4-rep2, sample=HK4-mcf-1

/home/zhaohuanan/miniconda3/envs/py27/bin/python ./program/plot-targetseq-bmat-V02.py -i ../TargetSeq-293T-HEK4-BE4-rep2/cutoff_3/mapping/HK4-mcf-1_bwa_sort.bmat -o ../all_plot/cutoff_3.ext50/TargetSeq-293T-HEK4-BE4-rep2_HK4-mcf-1_cutoff_3_indel.ext50.pdf --region_extend_length 50 --sgRNA GGCACTGCGGCTGGAGGTGGGGG

[Thu Aug  6 13:28:19 2020]
rule bmat_plot_ext_HEK4:
    input: ../TargetSeq-293T-HEK4-BE4-rep2/cutoff_3/mapping/HK4-mcf-2_bwa_sort.bmat
    output: ../all_plot/cutoff_3.ext50/TargetSeq-293T-HEK4-BE4-rep2_HK4-mcf-2_cutoff_3_indel.ext50.pdf
    jobid: 229
    wildcards: cutoff=3, lib=293T-HEK4-BE4-rep2, sample=HK4-mcf-2

/home/zhaohuanan/miniconda3/envs/py27/bin/python ./program/plot-targetseq-bmat-V02.py -i ../TargetSeq-293T-HEK4-BE4-rep2/cutoff_3/mapping/HK4-mcf-2_bwa_sort.bmat -o ../all_plot/cutoff_3.ext50/TargetSeq-293T-HEK4-BE4-rep2_HK4-mcf-2_cutoff_3_indel.ext50.pdf --region_extend_length 50 --sgRNA GGCACTGCGGCTGGAGGTGGGGG

[Thu Aug  6 13:28:19 2020]
rule bmat_plot_ext_HEK4:
    input: ../TargetSeq-293T-HEK4-BE4-rep2/cutoff_3/mapping/HK4-mcf-7_bwa_sort.bmat
    output: ../all_plot/cutoff_3.ext50/TargetSeq-293T-HEK4-BE4-rep2_HK4-mcf-7_cutoff_3_indel.ext50.pdf
    jobid: 340
    wildcards: cutoff=3, lib=293T-HEK4-BE4-rep2, sample=HK4-mcf-7

/home/zhaohuanan/miniconda3/envs/py27/bin/python ./program/plot-targetseq-bmat-V02.py -i ../TargetSeq-293T-HEK4-BE4-rep2/cutoff_3/mapping/HK4-mcf-7_bwa_sort.bmat -o ../all_plot/cutoff_3.ext50/TargetSeq-293T-HEK4-BE4-rep2_HK4-mcf-7_cutoff_3_indel.ext50.pdf --region_extend_length 50 --sgRNA GGCACTGCGGCTGGAGGTGGGGG

[Thu Aug  6 13:28:19 2020]
rule bmat_plot_ext_HEK4:
    input: ../TargetSeq-293T-HEK4-BE4-rep2/cutoff_3/mapping/HK4-mcf-5_bwa_sort.bmat
    output: ../all_plot/cutoff_3.ext50/TargetSeq-293T-HEK4-BE4-rep2_HK4-mcf-5_cutoff_3_indel.ext50.pdf
    jobid: 113
    wildcards: cutoff=3, lib=293T-HEK4-BE4-rep2, sample=HK4-mcf-5

/home/zhaohuanan/miniconda3/envs/py27/bin/python ./program/plot-targetseq-bmat-V02.py -i ../TargetSeq-293T-HEK4-BE4-rep2/cutoff_3/mapping/HK4-mcf-5_bwa_sort.bmat -o ../all_plot/cutoff_3.ext50/TargetSeq-293T-HEK4-BE4-rep2_HK4-mcf-5_cutoff_3_indel.ext50.pdf --region_extend_length 50 --sgRNA GGCACTGCGGCTGGAGGTGGGGG

[Thu Aug  6 13:28:19 2020]
rule bmat_plot_ext_HEK4:
    input: ../TargetSeq-MCF7-HEK4-BE4-rep2/cutoff_3/mapping/HK4-mcf-1_bwa_sort.bmat
    output: ../all_plot/cutoff_3.ext50/TargetSeq-MCF7-HEK4-BE4-rep2_HK4-mcf-1_cutoff_3_indel.ext50.pdf
    jobid: 327
    wildcards: cutoff=3, lib=MCF7-HEK4-BE4-rep2, sample=HK4-mcf-1

/home/zhaohuanan/miniconda3/envs/py27/bin/python ./program/plot-targetseq-bmat-V02.py -i ../TargetSeq-MCF7-HEK4-BE4-rep2/cutoff_3/mapping/HK4-mcf-1_bwa_sort.bmat -o ../all_plot/cutoff_3.ext50/TargetSeq-MCF7-HEK4-BE4-rep2_HK4-mcf-1_cutoff_3_indel.ext50.pdf --region_extend_length 50 --sgRNA GGCACTGCGGCTGGAGGTGGGGG

[Thu Aug  6 13:28:19 2020]
rule bmat_plot_ext_HEK4:
    input: ../TargetSeq-MCF7-HEK4-BE4-rep2/cutoff_3/mapping/HK4-mcf-5_bwa_sort.bmat
    output: ../all_plot/cutoff_3.ext50/TargetSeq-MCF7-HEK4-BE4-rep2_HK4-mcf-5_cutoff_3_indel.ext50.pdf
    jobid: 94
    wildcards: cutoff=3, lib=MCF7-HEK4-BE4-rep2, sample=HK4-mcf-5

/home/zhaohuanan/miniconda3/envs/py27/bin/python ./program/plot-targetseq-bmat-V02.py -i ../TargetSeq-MCF7-HEK4-BE4-rep2/cutoff_3/mapping/HK4-mcf-5_bwa_sort.bmat -o ../all_plot/cutoff_3.ext50/TargetSeq-MCF7-HEK4-BE4-rep2_HK4-mcf-5_cutoff_3_indel.ext50.pdf --region_extend_length 50 --sgRNA GGCACTGCGGCTGGAGGTGGGGG

[Thu Aug  6 13:28:19 2020]
rule bmat_plot_ext_HEK4:
    input: ../TargetSeq-293T-HEK4-BE4-rep2/cutoff_3/mapping/HK4-mcf-10_bwa_sort.bmat
    output: ../all_plot/cutoff_3.ext50/TargetSeq-293T-HEK4-BE4-rep2_HK4-mcf-10_cutoff_3_indel.ext50.pdf
    jobid: 336
    wildcards: cutoff=3, lib=293T-HEK4-BE4-rep2, sample=HK4-mcf-10

/home/zhaohuanan/miniconda3/envs/py27/bin/python ./program/plot-targetseq-bmat-V02.py -i ../TargetSeq-293T-HEK4-BE4-rep2/cutoff_3/mapping/HK4-mcf-10_bwa_sort.bmat -o ../all_plot/cutoff_3.ext50/TargetSeq-293T-HEK4-BE4-rep2_HK4-mcf-10_cutoff_3_indel.ext50.pdf --region_extend_length 50 --sgRNA GGCACTGCGGCTGGAGGTGGGGG

[Thu Aug  6 13:28:19 2020]
rule bmat_plot_ext_HEK4:
    input: ../TargetSeq-293T-HEK4-BE4-rep1/cutoff_3/mapping/HK4-mcf-10_bwa_sort.bmat
    output: ../all_plot/cutoff_3.ext50/TargetSeq-293T-HEK4-BE4-rep1_HK4-mcf-10_cutoff_3_indel.ext50.pdf
    jobid: 206
    wildcards: cutoff=3, lib=293T-HEK4-BE4-rep1, sample=HK4-mcf-10

/home/zhaohuanan/miniconda3/envs/py27/bin/python ./program/plot-targetseq-bmat-V02.py -i ../TargetSeq-293T-HEK4-BE4-rep1/cutoff_3/mapping/HK4-mcf-10_bwa_sort.bmat -o ../all_plot/cutoff_3.ext50/TargetSeq-293T-HEK4-BE4-rep1_HK4-mcf-10_cutoff_3_indel.ext50.pdf --region_extend_length 50 --sgRNA GGCACTGCGGCTGGAGGTGGGGG

[Thu Aug  6 13:28:19 2020]
rule bmat_plot_ext_HEK4:
    input: ../TargetSeq-MCF7-HEK4-BE4-rep1/cutoff_3/mapping/HK4-mcf-12_bwa_sort.bmat
    output: ../all_plot/cutoff_3.ext50/TargetSeq-MCF7-HEK4-BE4-rep1_HK4-mcf-12_cutoff_3_indel.ext50.pdf
    jobid: 171
    wildcards: cutoff=3, lib=MCF7-HEK4-BE4-rep1, sample=HK4-mcf-12

/home/zhaohuanan/miniconda3/envs/py27/bin/python ./program/plot-targetseq-bmat-V02.py -i ../TargetSeq-MCF7-HEK4-BE4-rep1/cutoff_3/mapping/HK4-mcf-12_bwa_sort.bmat -o ../all_plot/cutoff_3.ext50/TargetSeq-MCF7-HEK4-BE4-rep1_HK4-mcf-12_cutoff_3_indel.ext50.pdf --region_extend_length 50 --sgRNA GGCACTGCGGCTGGAGGTGGGGG

[Thu Aug  6 13:28:19 2020]
rule bmat_plot_ext_HEK4:
    input: ../TargetSeq-MCF7-HEK4-BE4-rep1/cutoff_3/mapping/HK4-mcf-11_bwa_sort.bmat
    output: ../all_plot/cutoff_3.ext50/TargetSeq-MCF7-HEK4-BE4-rep1_HK4-mcf-11_cutoff_3_indel.ext50.pdf
    jobid: 283
    wildcards: cutoff=3, lib=MCF7-HEK4-BE4-rep1, sample=HK4-mcf-11

/home/zhaohuanan/miniconda3/envs/py27/bin/python ./program/plot-targetseq-bmat-V02.py -i ../TargetSeq-MCF7-HEK4-BE4-rep1/cutoff_3/mapping/HK4-mcf-11_bwa_sort.bmat -o ../all_plot/cutoff_3.ext50/TargetSeq-MCF7-HEK4-BE4-rep1_HK4-mcf-11_cutoff_3_indel.ext50.pdf --region_extend_length 50 --sgRNA GGCACTGCGGCTGGAGGTGGGGG

[Thu Aug  6 13:28:20 2020]
rule bmat_plot_ext_HEK4:
    input: ../TargetSeq-293T-HEK4-BE4-rep1/cutoff_3/mapping/HK4-mcf-5_bwa_sort.bmat
    output: ../all_plot/cutoff_3.ext50/TargetSeq-293T-HEK4-BE4-rep1_HK4-mcf-5_cutoff_3_indel.ext50.pdf
    jobid: 97
    wildcards: cutoff=3, lib=293T-HEK4-BE4-rep1, sample=HK4-mcf-5

/home/zhaohuanan/miniconda3/envs/py27/bin/python ./program/plot-targetseq-bmat-V02.py -i ../TargetSeq-293T-HEK4-BE4-rep1/cutoff_3/mapping/HK4-mcf-5_bwa_sort.bmat -o ../all_plot/cutoff_3.ext50/TargetSeq-293T-HEK4-BE4-rep1_HK4-mcf-5_cutoff_3_indel.ext50.pdf --region_extend_length 50 --sgRNA GGCACTGCGGCTGGAGGTGGGGG

[Thu Aug  6 13:28:20 2020]
rule bmat_plot_ext_HEK4:
    input: ../TargetSeq-293T-HEK4-BE4-rep1/cutoff_3/mapping/HK4-mcf-7_bwa_sort.bmat
    output: ../all_plot/cutoff_3.ext50/TargetSeq-293T-HEK4-BE4-rep1_HK4-mcf-7_cutoff_3_indel.ext50.pdf
    jobid: 291
    wildcards: cutoff=3, lib=293T-HEK4-BE4-rep1, sample=HK4-mcf-7

/home/zhaohuanan/miniconda3/envs/py27/bin/python ./program/plot-targetseq-bmat-V02.py -i ../TargetSeq-293T-HEK4-BE4-rep1/cutoff_3/mapping/HK4-mcf-7_bwa_sort.bmat -o ../all_plot/cutoff_3.ext50/TargetSeq-293T-HEK4-BE4-rep1_HK4-mcf-7_cutoff_3_indel.ext50.pdf --region_extend_length 50 --sgRNA GGCACTGCGGCTGGAGGTGGGGG

[Thu Aug  6 13:28:20 2020]
rule bmat_plot_ext_HEK4:
    input: ../TargetSeq-293T-HEK4-BE4-rep1/cutoff_3/mapping/HK4-mcf-2_bwa_sort.bmat
    output: ../all_plot/cutoff_3.ext50/TargetSeq-293T-HEK4-BE4-rep1_HK4-mcf-2_cutoff_3_indel.ext50.pdf
    jobid: 93
    wildcards: cutoff=3, lib=293T-HEK4-BE4-rep1, sample=HK4-mcf-2

/home/zhaohuanan/miniconda3/envs/py27/bin/python ./program/plot-targetseq-bmat-V02.py -i ../TargetSeq-293T-HEK4-BE4-rep1/cutoff_3/mapping/HK4-mcf-2_bwa_sort.bmat -o ../all_plot/cutoff_3.ext50/TargetSeq-293T-HEK4-BE4-rep1_HK4-mcf-2_cutoff_3_indel.ext50.pdf --region_extend_length 50 --sgRNA GGCACTGCGGCTGGAGGTGGGGG

[Thu Aug  6 13:28:20 2020]
rule bmat_plot_ext_HEK4:
    input: ../TargetSeq-293T-HEK4-BE4-rep1/cutoff_3/mapping/HK4-mcf-1_bwa_sort.bmat
    output: ../all_plot/cutoff_3.ext50/TargetSeq-293T-HEK4-BE4-rep1_HK4-mcf-1_cutoff_3_indel.ext50.pdf
    jobid: 62
    wildcards: cutoff=3, lib=293T-HEK4-BE4-rep1, sample=HK4-mcf-1

/home/zhaohuanan/miniconda3/envs/py27/bin/python ./program/plot-targetseq-bmat-V02.py -i ../TargetSeq-293T-HEK4-BE4-rep1/cutoff_3/mapping/HK4-mcf-1_bwa_sort.bmat -o ../all_plot/cutoff_3.ext50/TargetSeq-293T-HEK4-BE4-rep1_HK4-mcf-1_cutoff_3_indel.ext50.pdf --region_extend_length 50 --sgRNA GGCACTGCGGCTGGAGGTGGGGG

[Thu Aug  6 13:28:20 2020]
rule bmat_plot_ext_HEK4:
    input: ../TargetSeq-293T-HEK4-BE4-rep1/cutoff_3/mapping/HK4-mcf-12_bwa_sort.bmat
    output: ../all_plot/cutoff_3.ext50/TargetSeq-293T-HEK4-BE4-rep1_HK4-mcf-12_cutoff_3_indel.ext50.pdf
    jobid: 220
    wildcards: cutoff=3, lib=293T-HEK4-BE4-rep1, sample=HK4-mcf-12

/home/zhaohuanan/miniconda3/envs/py27/bin/python ./program/plot-targetseq-bmat-V02.py -i ../TargetSeq-293T-HEK4-BE4-rep1/cutoff_3/mapping/HK4-mcf-12_bwa_sort.bmat -o ../all_plot/cutoff_3.ext50/TargetSeq-293T-HEK4-BE4-rep1_HK4-mcf-12_cutoff_3_indel.ext50.pdf --region_extend_length 50 --sgRNA GGCACTGCGGCTGGAGGTGGGGG

[Thu Aug  6 13:28:20 2020]
rule bmat_plot_ext_HEK4:
    input: ../TargetSeq-293T-HEK4-BE4-rep1/cutoff_3/mapping/HK4-mcf-11_bwa_sort.bmat
    output: ../all_plot/cutoff_3.ext50/TargetSeq-293T-HEK4-BE4-rep1_HK4-mcf-11_cutoff_3_indel.ext50.pdf
    jobid: 313
    wildcards: cutoff=3, lib=293T-HEK4-BE4-rep1, sample=HK4-mcf-11

/home/zhaohuanan/miniconda3/envs/py27/bin/python ./program/plot-targetseq-bmat-V02.py -i ../TargetSeq-293T-HEK4-BE4-rep1/cutoff_3/mapping/HK4-mcf-11_bwa_sort.bmat -o ../all_plot/cutoff_3.ext50/TargetSeq-293T-HEK4-BE4-rep1_HK4-mcf-11_cutoff_3_indel.ext50.pdf --region_extend_length 50 --sgRNA GGCACTGCGGCTGGAGGTGGGGG

[Thu Aug  6 13:28:20 2020]
rule bmat_plot_ext_HEK4:
    input: ../TargetSeq-MCF7-HEK4-BE4-rep1/cutoff_3/mapping/HK4-mcf-5_bwa_sort.bmat
    output: ../all_plot/cutoff_3.ext50/TargetSeq-MCF7-HEK4-BE4-rep1_HK4-mcf-5_cutoff_3_indel.ext50.pdf
    jobid: 127
    wildcards: cutoff=3, lib=MCF7-HEK4-BE4-rep1, sample=HK4-mcf-5

/home/zhaohuanan/miniconda3/envs/py27/bin/python ./program/plot-targetseq-bmat-V02.py -i ../TargetSeq-MCF7-HEK4-BE4-rep1/cutoff_3/mapping/HK4-mcf-5_bwa_sort.bmat -o ../all_plot/cutoff_3.ext50/TargetSeq-MCF7-HEK4-BE4-rep1_HK4-mcf-5_cutoff_3_indel.ext50.pdf --region_extend_length 50 --sgRNA GGCACTGCGGCTGGAGGTGGGGG

[Thu Aug  6 13:28:20 2020]
rule bmat_plot_ext_HEK4:
    input: ../TargetSeq-MCF7-HEK4-BE4-rep1/cutoff_3/mapping/HK4-mcf-1_bwa_sort.bmat
    output: ../all_plot/cutoff_3.ext50/TargetSeq-MCF7-HEK4-BE4-rep1_HK4-mcf-1_cutoff_3_indel.ext50.pdf
    jobid: 177
    wildcards: cutoff=3, lib=MCF7-HEK4-BE4-rep1, sample=HK4-mcf-1

/home/zhaohuanan/miniconda3/envs/py27/bin/python ./program/plot-targetseq-bmat-V02.py -i ../TargetSeq-MCF7-HEK4-BE4-rep1/cutoff_3/mapping/HK4-mcf-1_bwa_sort.bmat -o ../all_plot/cutoff_3.ext50/TargetSeq-MCF7-HEK4-BE4-rep1_HK4-mcf-1_cutoff_3_indel.ext50.pdf --region_extend_length 50 --sgRNA GGCACTGCGGCTGGAGGTGGGGG

[Thu Aug  6 13:28:20 2020]
rule bmat_plot_ext_HEK4:
    input: ../TargetSeq-293T-HEK4-BE4-rep2/cutoff_3/mapping/HK4-mcf-8_bwa_sort.bmat
    output: ../all_plot/cutoff_3.ext50/TargetSeq-293T-HEK4-BE4-rep2_HK4-mcf-8_cutoff_3_indel.ext50.pdf
    jobid: 271
    wildcards: cutoff=3, lib=293T-HEK4-BE4-rep2, sample=HK4-mcf-8

/home/zhaohuanan/miniconda3/envs/py27/bin/python ./program/plot-targetseq-bmat-V02.py -i ../TargetSeq-293T-HEK4-BE4-rep2/cutoff_3/mapping/HK4-mcf-8_bwa_sort.bmat -o ../all_plot/cutoff_3.ext50/TargetSeq-293T-HEK4-BE4-rep2_HK4-mcf-8_cutoff_3_indel.ext50.pdf --region_extend_length 50 --sgRNA GGCACTGCGGCTGGAGGTGGGGG

[Thu Aug  6 13:28:20 2020]
rule bmat_plot_ext_HEK4:
    input: ../TargetSeq-MCF7-HEK4-BE4-rep2/cutoff_3/mapping/HK4-mcf-11_bwa_sort.bmat
    output: ../all_plot/cutoff_3.ext50/TargetSeq-MCF7-HEK4-BE4-rep2_HK4-mcf-11_cutoff_3_indel.ext50.pdf
    jobid: 65
    wildcards: cutoff=3, lib=MCF7-HEK4-BE4-rep2, sample=HK4-mcf-11

/home/zhaohuanan/miniconda3/envs/py27/bin/python ./program/plot-targetseq-bmat-V02.py -i ../TargetSeq-MCF7-HEK4-BE4-rep2/cutoff_3/mapping/HK4-mcf-11_bwa_sort.bmat -o ../all_plot/cutoff_3.ext50/TargetSeq-MCF7-HEK4-BE4-rep2_HK4-mcf-11_cutoff_3_indel.ext50.pdf --region_extend_length 50 --sgRNA GGCACTGCGGCTGGAGGTGGGGG

[Thu Aug  6 13:28:21 2020]
rule bmat_plot_ext_HEK4:
    input: ../TargetSeq-MCF7-HEK4-BE4-rep2/cutoff_3/mapping/HK4-mcf-12_bwa_sort.bmat
    output: ../all_plot/cutoff_3.ext50/TargetSeq-MCF7-HEK4-BE4-rep2_HK4-mcf-12_cutoff_3_indel.ext50.pdf
    jobid: 263
    wildcards: cutoff=3, lib=MCF7-HEK4-BE4-rep2, sample=HK4-mcf-12

/home/zhaohuanan/miniconda3/envs/py27/bin/python ./program/plot-targetseq-bmat-V02.py -i ../TargetSeq-MCF7-HEK4-BE4-rep2/cutoff_3/mapping/HK4-mcf-12_bwa_sort.bmat -o ../all_plot/cutoff_3.ext50/TargetSeq-MCF7-HEK4-BE4-rep2_HK4-mcf-12_cutoff_3_indel.ext50.pdf --region_extend_length 50 --sgRNA GGCACTGCGGCTGGAGGTGGGGG

[Thu Aug  6 13:28:21 2020]
rule bmat_plot_ext_HEK4:
    input: ../TargetSeq-293T-HEK4-BE4-rep2/cutoff_3/mapping/HK4-mcf-6_bwa_sort.bmat
    output: ../all_plot/cutoff_3.ext50/TargetSeq-293T-HEK4-BE4-rep2_HK4-mcf-6_cutoff_3_indel.ext50.pdf
    jobid: 189
    wildcards: cutoff=3, lib=293T-HEK4-BE4-rep2, sample=HK4-mcf-6

/home/zhaohuanan/miniconda3/envs/py27/bin/python ./program/plot-targetseq-bmat-V02.py -i ../TargetSeq-293T-HEK4-BE4-rep2/cutoff_3/mapping/HK4-mcf-6_bwa_sort.bmat -o ../all_plot/cutoff_3.ext50/TargetSeq-293T-HEK4-BE4-rep2_HK4-mcf-6_cutoff_3_indel.ext50.pdf --region_extend_length 50 --sgRNA GGCACTGCGGCTGGAGGTGGGGG

[Thu Aug  6 13:28:21 2020]
rule bmat_plot_ext_HEK4:
    input: ../TargetSeq-293T-HEK4-BE4-rep2/cutoff_3/mapping/HK4-mcf-11_bwa_sort.bmat
    output: ../all_plot/cutoff_3.ext50/TargetSeq-293T-HEK4-BE4-rep2_HK4-mcf-11_cutoff_3_indel.ext50.pdf
    jobid: 312
    wildcards: cutoff=3, lib=293T-HEK4-BE4-rep2, sample=HK4-mcf-11

/home/zhaohuanan/miniconda3/envs/py27/bin/python ./program/plot-targetseq-bmat-V02.py -i ../TargetSeq-293T-HEK4-BE4-rep2/cutoff_3/mapping/HK4-mcf-11_bwa_sort.bmat -o ../all_plot/cutoff_3.ext50/TargetSeq-293T-HEK4-BE4-rep2_HK4-mcf-11_cutoff_3_indel.ext50.pdf --region_extend_length 50 --sgRNA GGCACTGCGGCTGGAGGTGGGGG

[Thu Aug  6 13:28:21 2020]
rule bmat_plot_ext_HEK4:
    input: ../TargetSeq-293T-HEK4-BE4-rep2/cutoff_3/mapping/HK4-mcf-12_bwa_sort.bmat
    output: ../all_plot/cutoff_3.ext50/TargetSeq-293T-HEK4-BE4-rep2_HK4-mcf-12_cutoff_3_indel.ext50.pdf
    jobid: 247
    wildcards: cutoff=3, lib=293T-HEK4-BE4-rep2, sample=HK4-mcf-12

/home/zhaohuanan/miniconda3/envs/py27/bin/python ./program/plot-targetseq-bmat-V02.py -i ../TargetSeq-293T-HEK4-BE4-rep2/cutoff_3/mapping/HK4-mcf-12_bwa_sort.bmat -o ../all_plot/cutoff_3.ext50/TargetSeq-293T-HEK4-BE4-rep2_HK4-mcf-12_cutoff_3_indel.ext50.pdf --region_extend_length 50 --sgRNA GGCACTGCGGCTGGAGGTGGGGG
[Thu Aug  6 13:29:54 2020]
Finished job 327.
1 of 61 steps (2%) done

[Thu Aug  6 13:29:54 2020]
rule bmat_plot_ext_HEK4:
    input: ../TargetSeq-MCF7-HEK4-BE4-rep1/cutoff_3/mapping/HK4-mcf-8_bwa_sort.bmat
    output: ../all_plot/cutoff_3.ext50/TargetSeq-MCF7-HEK4-BE4-rep1_HK4-mcf-8_cutoff_3_indel.ext50.pdf
    jobid: 36
    wildcards: cutoff=3, lib=MCF7-HEK4-BE4-rep1, sample=HK4-mcf-8

/home/zhaohuanan/miniconda3/envs/py27/bin/python ./program/plot-targetseq-bmat-V02.py -i ../TargetSeq-MCF7-HEK4-BE4-rep1/cutoff_3/mapping/HK4-mcf-8_bwa_sort.bmat -o ../all_plot/cutoff_3.ext50/TargetSeq-MCF7-HEK4-BE4-rep1_HK4-mcf-8_cutoff_3_indel.ext50.pdf --region_extend_length 50 --sgRNA GGCACTGCGGCTGGAGGTGGGGG
[Thu Aug  6 13:29:54 2020]
Finished job 220.
2 of 61 steps (3%) done

[Thu Aug  6 13:29:54 2020]
rule bmat_plot_ext_HEK4:
    input: ../TargetSeq-293T-HEK4-BE4-rep1/cutoff_3/mapping/HK4-mcf-8_bwa_sort.bmat
    output: ../all_plot/cutoff_3.ext50/TargetSeq-293T-HEK4-BE4-rep1_HK4-mcf-8_cutoff_3_indel.ext50.pdf
    jobid: 101
    wildcards: cutoff=3, lib=293T-HEK4-BE4-rep1, sample=HK4-mcf-8

/home/zhaohuanan/miniconda3/envs/py27/bin/python ./program/plot-targetseq-bmat-V02.py -i ../TargetSeq-293T-HEK4-BE4-rep1/cutoff_3/mapping/HK4-mcf-8_bwa_sort.bmat -o ../all_plot/cutoff_3.ext50/TargetSeq-293T-HEK4-BE4-rep1_HK4-mcf-8_cutoff_3_indel.ext50.pdf --region_extend_length 50 --sgRNA GGCACTGCGGCTGGAGGTGGGGG
[Thu Aug  6 13:29:55 2020]
Finished job 312.
3 of 61 steps (5%) done

[Thu Aug  6 13:29:55 2020]
rule bmat_plot_ext_HEK4:
    input: ../TargetSeq-MCF7-HEK4-BE4-rep1/cutoff_3/mapping/HK4-mcf-10_bwa_sort.bmat
    output: ../all_plot/cutoff_3.ext50/TargetSeq-MCF7-HEK4-BE4-rep1_HK4-mcf-10_cutoff_3_indel.ext50.pdf
    jobid: 194
    wildcards: cutoff=3, lib=MCF7-HEK4-BE4-rep1, sample=HK4-mcf-10

/home/zhaohuanan/miniconda3/envs/py27/bin/python ./program/plot-targetseq-bmat-V02.py -i ../TargetSeq-MCF7-HEK4-BE4-rep1/cutoff_3/mapping/HK4-mcf-10_bwa_sort.bmat -o ../all_plot/cutoff_3.ext50/TargetSeq-MCF7-HEK4-BE4-rep1_HK4-mcf-10_cutoff_3_indel.ext50.pdf --region_extend_length 50 --sgRNA GGCACTGCGGCTGGAGGTGGGGG
[Thu Aug  6 13:29:55 2020]
Finished job 291.
4 of 61 steps (7%) done

[Thu Aug  6 13:29:55 2020]
rule bmat_plot_ext_HEK4:
    input: ../TargetSeq-MCF7-HEK4-BE4-rep1/cutoff_3/mapping/HK4-mcf-15_bwa_sort.bmat
    output: ../all_plot/cutoff_3.ext50/TargetSeq-MCF7-HEK4-BE4-rep1_HK4-mcf-15_cutoff_3_indel.ext50.pdf
    jobid: 21
    wildcards: cutoff=3, lib=MCF7-HEK4-BE4-rep1, sample=HK4-mcf-15

/home/zhaohuanan/miniconda3/envs/py27/bin/python ./program/plot-targetseq-bmat-V02.py -i ../TargetSeq-MCF7-HEK4-BE4-rep1/cutoff_3/mapping/HK4-mcf-15_bwa_sort.bmat -o ../all_plot/cutoff_3.ext50/TargetSeq-MCF7-HEK4-BE4-rep1_HK4-mcf-15_cutoff_3_indel.ext50.pdf --region_extend_length 50 --sgRNA GGCACTGCGGCTGGAGGTGGGGG
[Thu Aug  6 13:29:55 2020]
Finished job 65.
5 of 61 steps (8%) done

[Thu Aug  6 13:29:55 2020]
rule bmat_plot_ext_HEK4:
    input: ../TargetSeq-MCF7-HEK4-BE4-rep1/cutoff_3/mapping/HK4-mcf-7_bwa_sort.bmat
    output: ../all_plot/cutoff_3.ext50/TargetSeq-MCF7-HEK4-BE4-rep1_HK4-mcf-7_cutoff_3_indel.ext50.pdf
    jobid: 135
    wildcards: cutoff=3, lib=MCF7-HEK4-BE4-rep1, sample=HK4-mcf-7

/home/zhaohuanan/miniconda3/envs/py27/bin/python ./program/plot-targetseq-bmat-V02.py -i ../TargetSeq-MCF7-HEK4-BE4-rep1/cutoff_3/mapping/HK4-mcf-7_bwa_sort.bmat -o ../all_plot/cutoff_3.ext50/TargetSeq-MCF7-HEK4-BE4-rep1_HK4-mcf-7_cutoff_3_indel.ext50.pdf --region_extend_length 50 --sgRNA GGCACTGCGGCTGGAGGTGGGGG
[Thu Aug  6 13:29:56 2020]
Finished job 263.
6 of 61 steps (10%) done

[Thu Aug  6 13:29:56 2020]
rule bmat_plot_ext_HEK4:
    input: ../TargetSeq-MCF7-HEK4-BE4-rep2/cutoff_3/mapping/HK4-mcf-15_bwa_sort.bmat
    output: ../all_plot/cutoff_3.ext50/TargetSeq-MCF7-HEK4-BE4-rep2_HK4-mcf-15_cutoff_3_indel.ext50.pdf
    jobid: 333
    wildcards: cutoff=3, lib=MCF7-HEK4-BE4-rep2, sample=HK4-mcf-15

/home/zhaohuanan/miniconda3/envs/py27/bin/python ./program/plot-targetseq-bmat-V02.py -i ../TargetSeq-MCF7-HEK4-BE4-rep2/cutoff_3/mapping/HK4-mcf-15_bwa_sort.bmat -o ../all_plot/cutoff_3.ext50/TargetSeq-MCF7-HEK4-BE4-rep2_HK4-mcf-15_cutoff_3_indel.ext50.pdf --region_extend_length 50 --sgRNA GGCACTGCGGCTGGAGGTGGGGG
[Thu Aug  6 13:29:56 2020]
Finished job 127.
7 of 61 steps (11%) done

[Thu Aug  6 13:29:56 2020]
rule bmat_plot_ext_HEK4:
    input: ../TargetSeq-293T-HEK4-BE4-rep1/cutoff_3/mapping/HK4-mcf-6_bwa_sort.bmat
    output: ../all_plot/cutoff_3.ext50/TargetSeq-293T-HEK4-BE4-rep1_HK4-mcf-6_cutoff_3_indel.ext50.pdf
    jobid: 191
    wildcards: cutoff=3, lib=293T-HEK4-BE4-rep1, sample=HK4-mcf-6

/home/zhaohuanan/miniconda3/envs/py27/bin/python ./program/plot-targetseq-bmat-V02.py -i ../TargetSeq-293T-HEK4-BE4-rep1/cutoff_3/mapping/HK4-mcf-6_bwa_sort.bmat -o ../all_plot/cutoff_3.ext50/TargetSeq-293T-HEK4-BE4-rep1_HK4-mcf-6_cutoff_3_indel.ext50.pdf --region_extend_length 50 --sgRNA GGCACTGCGGCTGGAGGTGGGGG
[Thu Aug  6 13:29:56 2020]
Finished job 189.
8 of 61 steps (13%) done

[Thu Aug  6 13:29:56 2020]
rule bmat_plot_ext_HEK4:
    input: ../TargetSeq-MCF7-HEK4-BE4-rep2/cutoff_3/mapping/HK4-mcf-8_bwa_sort.bmat
    output: ../all_plot/cutoff_3.ext50/TargetSeq-MCF7-HEK4-BE4-rep2_HK4-mcf-8_cutoff_3_indel.ext50.pdf
    jobid: 301
    wildcards: cutoff=3, lib=MCF7-HEK4-BE4-rep2, sample=HK4-mcf-8

/home/zhaohuanan/miniconda3/envs/py27/bin/python ./program/plot-targetseq-bmat-V02.py -i ../TargetSeq-MCF7-HEK4-BE4-rep2/cutoff_3/mapping/HK4-mcf-8_bwa_sort.bmat -o ../all_plot/cutoff_3.ext50/TargetSeq-MCF7-HEK4-BE4-rep2_HK4-mcf-8_cutoff_3_indel.ext50.pdf --region_extend_length 50 --sgRNA GGCACTGCGGCTGGAGGTGGGGG
[Thu Aug  6 13:29:56 2020]
Finished job 229.
9 of 61 steps (15%) done

[Thu Aug  6 13:29:56 2020]
rule bmat_plot_ext_HEK4:
    input: ../TargetSeq-293T-HEK4-BE4-rep2/cutoff_3/mapping/HK4-mcf-14_bwa_sort.bmat
    output: ../all_plot/cutoff_3.ext50/TargetSeq-293T-HEK4-BE4-rep2_HK4-mcf-14_cutoff_3_indel.ext50.pdf
    jobid: 266
    wildcards: cutoff=3, lib=293T-HEK4-BE4-rep2, sample=HK4-mcf-14

/home/zhaohuanan/miniconda3/envs/py27/bin/python ./program/plot-targetseq-bmat-V02.py -i ../TargetSeq-293T-HEK4-BE4-rep2/cutoff_3/mapping/HK4-mcf-14_bwa_sort.bmat -o ../all_plot/cutoff_3.ext50/TargetSeq-293T-HEK4-BE4-rep2_HK4-mcf-14_cutoff_3_indel.ext50.pdf --region_extend_length 50 --sgRNA GGCACTGCGGCTGGAGGTGGGGG
[Thu Aug  6 13:29:56 2020]
Finished job 336.
10 of 61 steps (16%) done

[Thu Aug  6 13:29:56 2020]
rule bmat_plot_ext_HEK4:
    input: ../TargetSeq-MCF7-HEK4-BE4-rep2/cutoff_3/mapping/HK4-mcf-10_bwa_sort.bmat
    output: ../all_plot/cutoff_3.ext50/TargetSeq-MCF7-HEK4-BE4-rep2_HK4-mcf-10_cutoff_3_indel.ext50.pdf
    jobid: 295
    wildcards: cutoff=3, lib=MCF7-HEK4-BE4-rep2, sample=HK4-mcf-10

/home/zhaohuanan/miniconda3/envs/py27/bin/python ./program/plot-targetseq-bmat-V02.py -i ../TargetSeq-MCF7-HEK4-BE4-rep2/cutoff_3/mapping/HK4-mcf-10_bwa_sort.bmat -o ../all_plot/cutoff_3.ext50/TargetSeq-MCF7-HEK4-BE4-rep2_HK4-mcf-10_cutoff_3_indel.ext50.pdf --region_extend_length 50 --sgRNA GGCACTGCGGCTGGAGGTGGGGG
[Thu Aug  6 13:29:56 2020]
Finished job 283.
11 of 61 steps (18%) done

[Thu Aug  6 13:29:56 2020]
rule bmat_plot_ext_HEK4:
    input: ../TargetSeq-MCF7-HEK4-BE4-rep2/cutoff_3/mapping/HK4-mcf-7_bwa_sort.bmat
    output: ../all_plot/cutoff_3.ext50/TargetSeq-MCF7-HEK4-BE4-rep2_HK4-mcf-7_cutoff_3_indel.ext50.pdf
    jobid: 37
    wildcards: cutoff=3, lib=MCF7-HEK4-BE4-rep2, sample=HK4-mcf-7

/home/zhaohuanan/miniconda3/envs/py27/bin/python ./program/plot-targetseq-bmat-V02.py -i ../TargetSeq-MCF7-HEK4-BE4-rep2/cutoff_3/mapping/HK4-mcf-7_bwa_sort.bmat -o ../all_plot/cutoff_3.ext50/TargetSeq-MCF7-HEK4-BE4-rep2_HK4-mcf-7_cutoff_3_indel.ext50.pdf --region_extend_length 50 --sgRNA GGCACTGCGGCTGGAGGTGGGGG
[Thu Aug  6 13:29:57 2020]
Finished job 17.
12 of 61 steps (20%) done

[Thu Aug  6 13:29:57 2020]
rule bmat_plot_ext_HEK4:
    input: ../TargetSeq-MCF7-HEK4-BE4-rep1/cutoff_3/mapping/HK4-mcf-2_bwa_sort.bmat
    output: ../all_plot/cutoff_3.ext50/TargetSeq-MCF7-HEK4-BE4-rep1_HK4-mcf-2_cutoff_3_indel.ext50.pdf
    jobid: 338
    wildcards: cutoff=3, lib=MCF7-HEK4-BE4-rep1, sample=HK4-mcf-2

/home/zhaohuanan/miniconda3/envs/py27/bin/python ./program/plot-targetseq-bmat-V02.py -i ../TargetSeq-MCF7-HEK4-BE4-rep1/cutoff_3/mapping/HK4-mcf-2_bwa_sort.bmat -o ../all_plot/cutoff_3.ext50/TargetSeq-MCF7-HEK4-BE4-rep1_HK4-mcf-2_cutoff_3_indel.ext50.pdf --region_extend_length 50 --sgRNA GGCACTGCGGCTGGAGGTGGGGG
[Thu Aug  6 13:29:57 2020]
Finished job 94.
13 of 61 steps (21%) done

[Thu Aug  6 13:29:57 2020]
rule bmat_plot_ext_HEK4:
    input: ../TargetSeq-293T-HEK4-BE4-rep1/cutoff_3/mapping/HK4-mcf-14_bwa_sort.bmat
    output: ../all_plot/cutoff_3.ext50/TargetSeq-293T-HEK4-BE4-rep1_HK4-mcf-14_cutoff_3_indel.ext50.pdf
    jobid: 57
    wildcards: cutoff=3, lib=293T-HEK4-BE4-rep1, sample=HK4-mcf-14

/home/zhaohuanan/miniconda3/envs/py27/bin/python ./program/plot-targetseq-bmat-V02.py -i ../TargetSeq-293T-HEK4-BE4-rep1/cutoff_3/mapping/HK4-mcf-14_bwa_sort.bmat -o ../all_plot/cutoff_3.ext50/TargetSeq-293T-HEK4-BE4-rep1_HK4-mcf-14_cutoff_3_indel.ext50.pdf --region_extend_length 50 --sgRNA GGCACTGCGGCTGGAGGTGGGGG
[Thu Aug  6 13:29:57 2020]
Finished job 247.
14 of 61 steps (23%) done

[Thu Aug  6 13:29:57 2020]
rule bmat_plot_ext_HEK4:
    input: ../TargetSeq-MCF7-HEK4-BE4-rep2/cutoff_3/mapping/HK4-mcf-2_bwa_sort.bmat
    output: ../all_plot/cutoff_3.ext50/TargetSeq-MCF7-HEK4-BE4-rep2_HK4-mcf-2_cutoff_3_indel.ext50.pdf
    jobid: 235
    wildcards: cutoff=3, lib=MCF7-HEK4-BE4-rep2, sample=HK4-mcf-2

/home/zhaohuanan/miniconda3/envs/py27/bin/python ./program/plot-targetseq-bmat-V02.py -i ../TargetSeq-MCF7-HEK4-BE4-rep2/cutoff_3/mapping/HK4-mcf-2_bwa_sort.bmat -o ../all_plot/cutoff_3.ext50/TargetSeq-MCF7-HEK4-BE4-rep2_HK4-mcf-2_cutoff_3_indel.ext50.pdf --region_extend_length 50 --sgRNA GGCACTGCGGCTGGAGGTGGGGG
[Thu Aug  6 13:29:59 2020]
Finished job 206.
15 of 61 steps (25%) done

[Thu Aug  6 13:29:59 2020]
rule bmat_plot_ext_HEK4:
    input: ../TargetSeq-MCF7-HEK4-BE4-rep1/cutoff_3/mapping/HK4-mcf-6_bwa_sort.bmat
    output: ../all_plot/cutoff_3.ext50/TargetSeq-MCF7-HEK4-BE4-rep1_HK4-mcf-6_cutoff_3_indel.ext50.pdf
    jobid: 211
    wildcards: cutoff=3, lib=MCF7-HEK4-BE4-rep1, sample=HK4-mcf-6

/home/zhaohuanan/miniconda3/envs/py27/bin/python ./program/plot-targetseq-bmat-V02.py -i ../TargetSeq-MCF7-HEK4-BE4-rep1/cutoff_3/mapping/HK4-mcf-6_bwa_sort.bmat -o ../all_plot/cutoff_3.ext50/TargetSeq-MCF7-HEK4-BE4-rep1_HK4-mcf-6_cutoff_3_indel.ext50.pdf --region_extend_length 50 --sgRNA GGCACTGCGGCTGGAGGTGGGGG
[Thu Aug  6 13:29:59 2020]
Finished job 271.
16 of 61 steps (26%) done

[Thu Aug  6 13:29:59 2020]
rule bmat_plot_ext_HEK4:
    input: ../TargetSeq-MCF7-HEK4-BE4-rep2/cutoff_3/mapping/HK4-mcf-6_bwa_sort.bmat
    output: ../all_plot/cutoff_3.ext50/TargetSeq-MCF7-HEK4-BE4-rep2_HK4-mcf-6_cutoff_3_indel.ext50.pdf
    jobid: 357
    wildcards: cutoff=3, lib=MCF7-HEK4-BE4-rep2, sample=HK4-mcf-6

/home/zhaohuanan/miniconda3/envs/py27/bin/python ./program/plot-targetseq-bmat-V02.py -i ../TargetSeq-MCF7-HEK4-BE4-rep2/cutoff_3/mapping/HK4-mcf-6_bwa_sort.bmat -o ../all_plot/cutoff_3.ext50/TargetSeq-MCF7-HEK4-BE4-rep2_HK4-mcf-6_cutoff_3_indel.ext50.pdf --region_extend_length 50 --sgRNA GGCACTGCGGCTGGAGGTGGGGG
[Thu Aug  6 13:29:59 2020]
Finished job 62.
17 of 61 steps (28%) done

[Thu Aug  6 13:29:59 2020]
rule bmat_plot_ext_HEK4:
    input: ../TargetSeq-MCF7-HEK4-BE4-rep2/cutoff_3/mapping/HK4-mcf-14_bwa_sort.bmat
    output: ../all_plot/cutoff_3.ext50/TargetSeq-MCF7-HEK4-BE4-rep2_HK4-mcf-14_cutoff_3_indel.ext50.pdf
    jobid: 146
    wildcards: cutoff=3, lib=MCF7-HEK4-BE4-rep2, sample=HK4-mcf-14

/home/zhaohuanan/miniconda3/envs/py27/bin/python ./program/plot-targetseq-bmat-V02.py -i ../TargetSeq-MCF7-HEK4-BE4-rep2/cutoff_3/mapping/HK4-mcf-14_bwa_sort.bmat -o ../all_plot/cutoff_3.ext50/TargetSeq-MCF7-HEK4-BE4-rep2_HK4-mcf-14_cutoff_3_indel.ext50.pdf --region_extend_length 50 --sgRNA GGCACTGCGGCTGGAGGTGGGGG
[Thu Aug  6 13:30:00 2020]
Finished job 171.
18 of 61 steps (30%) done

[Thu Aug  6 13:30:00 2020]
rule bmat_plot_ext_HEK4:
    input: ../TargetSeq-293T-HEK4-BE4-rep2/cutoff_3/mapping/HK4-mcf-3_bwa_sort.bmat
    output: ../all_plot/cutoff_3.ext50/TargetSeq-293T-HEK4-BE4-rep2_HK4-mcf-3_cutoff_3_indel.ext50.pdf
    jobid: 112
    wildcards: cutoff=3, lib=293T-HEK4-BE4-rep2, sample=HK4-mcf-3

/home/zhaohuanan/miniconda3/envs/py27/bin/python ./program/plot-targetseq-bmat-V02.py -i ../TargetSeq-293T-HEK4-BE4-rep2/cutoff_3/mapping/HK4-mcf-3_bwa_sort.bmat -o ../all_plot/cutoff_3.ext50/TargetSeq-293T-HEK4-BE4-rep2_HK4-mcf-3_cutoff_3_indel.ext50.pdf --region_extend_length 50 --sgRNA GGCACTGCGGCTGGAGGTGGGGG
[Thu Aug  6 13:30:00 2020]
Finished job 113.
19 of 61 steps (31%) done

[Thu Aug  6 13:30:00 2020]
rule bmat_plot_ext_HEK4:
    input: ../TargetSeq-293T-HEK4-BE4-rep1/cutoff_3/mapping/HK4-mcf-3_bwa_sort.bmat
    output: ../all_plot/cutoff_3.ext50/TargetSeq-293T-HEK4-BE4-rep1_HK4-mcf-3_cutoff_3_indel.ext50.pdf
    jobid: 217
    wildcards: cutoff=3, lib=293T-HEK4-BE4-rep1, sample=HK4-mcf-3

/home/zhaohuanan/miniconda3/envs/py27/bin/python ./program/plot-targetseq-bmat-V02.py -i ../TargetSeq-293T-HEK4-BE4-rep1/cutoff_3/mapping/HK4-mcf-3_bwa_sort.bmat -o ../all_plot/cutoff_3.ext50/TargetSeq-293T-HEK4-BE4-rep1_HK4-mcf-3_cutoff_3_indel.ext50.pdf --region_extend_length 50 --sgRNA GGCACTGCGGCTGGAGGTGGGGG
[Thu Aug  6 13:30:00 2020]
Finished job 97.
20 of 61 steps (33%) done

[Thu Aug  6 13:30:00 2020]
rule bmat_plot_ext_HEK4:
    input: ../TargetSeq-MCF7-HEK4-BE4-rep1/cutoff_3/mapping/HK4-mcf-14_bwa_sort.bmat
    output: ../all_plot/cutoff_3.ext50/TargetSeq-MCF7-HEK4-BE4-rep1_HK4-mcf-14_cutoff_3_indel.ext50.pdf
    jobid: 15
    wildcards: cutoff=3, lib=MCF7-HEK4-BE4-rep1, sample=HK4-mcf-14

/home/zhaohuanan/miniconda3/envs/py27/bin/python ./program/plot-targetseq-bmat-V02.py -i ../TargetSeq-MCF7-HEK4-BE4-rep1/cutoff_3/mapping/HK4-mcf-14_bwa_sort.bmat -o ../all_plot/cutoff_3.ext50/TargetSeq-MCF7-HEK4-BE4-rep1_HK4-mcf-14_cutoff_3_indel.ext50.pdf --region_extend_length 50 --sgRNA GGCACTGCGGCTGGAGGTGGGGG
[Thu Aug  6 13:30:00 2020]
Finished job 177.
21 of 61 steps (34%) done

[Thu Aug  6 13:30:00 2020]
rule bmat_plot_ext_HEK4:
    input: ../TargetSeq-MCF7-HEK4-BE4-rep1/cutoff_3/mapping/HK4-mcf-4_bwa_sort.bmat
    output: ../all_plot/cutoff_3.ext50/TargetSeq-MCF7-HEK4-BE4-rep1_HK4-mcf-4_cutoff_3_indel.ext50.pdf
    jobid: 6
    wildcards: cutoff=3, lib=MCF7-HEK4-BE4-rep1, sample=HK4-mcf-4

/home/zhaohuanan/miniconda3/envs/py27/bin/python ./program/plot-targetseq-bmat-V02.py -i ../TargetSeq-MCF7-HEK4-BE4-rep1/cutoff_3/mapping/HK4-mcf-4_bwa_sort.bmat -o ../all_plot/cutoff_3.ext50/TargetSeq-MCF7-HEK4-BE4-rep1_HK4-mcf-4_cutoff_3_indel.ext50.pdf --region_extend_length 50 --sgRNA GGCACTGCGGCTGGAGGTGGGGG
[Thu Aug  6 13:30:00 2020]
Finished job 93.
22 of 61 steps (36%) done

[Thu Aug  6 13:30:00 2020]
rule bmat_plot_ext_HEK4:
    input: ../TargetSeq-MCF7-HEK4-BE4-rep1/cutoff_3/mapping/HK4-mcf-3_bwa_sort.bmat
    output: ../all_plot/cutoff_3.ext50/TargetSeq-MCF7-HEK4-BE4-rep1_HK4-mcf-3_cutoff_3_indel.ext50.pdf
    jobid: 176
    wildcards: cutoff=3, lib=MCF7-HEK4-BE4-rep1, sample=HK4-mcf-3

/home/zhaohuanan/miniconda3/envs/py27/bin/python ./program/plot-targetseq-bmat-V02.py -i ../TargetSeq-MCF7-HEK4-BE4-rep1/cutoff_3/mapping/HK4-mcf-3_bwa_sort.bmat -o ../all_plot/cutoff_3.ext50/TargetSeq-MCF7-HEK4-BE4-rep1_HK4-mcf-3_cutoff_3_indel.ext50.pdf --region_extend_length 50 --sgRNA GGCACTGCGGCTGGAGGTGGGGG
[Thu Aug  6 13:30:00 2020]
Finished job 340.
23 of 61 steps (38%) done

[Thu Aug  6 13:30:00 2020]
rule bmat_plot_ext_HEK4:
    input: ../TargetSeq-MCF7-HEK4-BE4-rep1/cutoff_3/mapping/HK4-mcf-13_bwa_sort.bmat
    output: ../all_plot/cutoff_3.ext50/TargetSeq-MCF7-HEK4-BE4-rep1_HK4-mcf-13_cutoff_3_indel.ext50.pdf
    jobid: 306
    wildcards: cutoff=3, lib=MCF7-HEK4-BE4-rep1, sample=HK4-mcf-13

/home/zhaohuanan/miniconda3/envs/py27/bin/python ./program/plot-targetseq-bmat-V02.py -i ../TargetSeq-MCF7-HEK4-BE4-rep1/cutoff_3/mapping/HK4-mcf-13_bwa_sort.bmat -o ../all_plot/cutoff_3.ext50/TargetSeq-MCF7-HEK4-BE4-rep1_HK4-mcf-13_cutoff_3_indel.ext50.pdf --region_extend_length 50 --sgRNA GGCACTGCGGCTGGAGGTGGGGG
[Thu Aug  6 13:30:01 2020]
Finished job 313.
24 of 61 steps (39%) done

[Thu Aug  6 13:30:01 2020]
rule bmat_plot_ext_HEK4:
    input: ../TargetSeq-MCF7-HEK4-BE4-rep2/cutoff_3/mapping/HK4-mcf-3_bwa_sort.bmat
    output: ../all_plot/cutoff_3.ext50/TargetSeq-MCF7-HEK4-BE4-rep2_HK4-mcf-3_cutoff_3_indel.ext50.pdf
    jobid: 12
    wildcards: cutoff=3, lib=MCF7-HEK4-BE4-rep2, sample=HK4-mcf-3

/home/zhaohuanan/miniconda3/envs/py27/bin/python ./program/plot-targetseq-bmat-V02.py -i ../TargetSeq-MCF7-HEK4-BE4-rep2/cutoff_3/mapping/HK4-mcf-3_bwa_sort.bmat -o ../all_plot/cutoff_3.ext50/TargetSeq-MCF7-HEK4-BE4-rep2_HK4-mcf-3_cutoff_3_indel.ext50.pdf --region_extend_length 50 --sgRNA GGCACTGCGGCTGGAGGTGGGGG
[Thu Aug  6 13:31:17 2020]
Finished job 135.
25 of 61 steps (41%) done

[Thu Aug  6 13:31:17 2020]
rule bmat_plot_ext_HEK4:
    input: ../TargetSeq-MCF7-HEK4-BE4-rep2/cutoff_3/mapping/HK4-mcf-4_bwa_sort.bmat
    output: ../all_plot/cutoff_3.ext50/TargetSeq-MCF7-HEK4-BE4-rep2_HK4-mcf-4_cutoff_3_indel.ext50.pdf
    jobid: 286
    wildcards: cutoff=3, lib=MCF7-HEK4-BE4-rep2, sample=HK4-mcf-4

/home/zhaohuanan/miniconda3/envs/py27/bin/python ./program/plot-targetseq-bmat-V02.py -i ../TargetSeq-MCF7-HEK4-BE4-rep2/cutoff_3/mapping/HK4-mcf-4_bwa_sort.bmat -o ../all_plot/cutoff_3.ext50/TargetSeq-MCF7-HEK4-BE4-rep2_HK4-mcf-4_cutoff_3_indel.ext50.pdf --region_extend_length 50 --sgRNA GGCACTGCGGCTGGAGGTGGGGG
[Thu Aug  6 13:31:18 2020]
Finished job 101.
26 of 61 steps (43%) done

[Thu Aug  6 13:31:18 2020]
rule bmat_plot_ext_HEK4:
    input: ../TargetSeq-293T-HEK4-BE4-rep1/cutoff_3/mapping/HK4-mcf-4_bwa_sort.bmat
    output: ../all_plot/cutoff_3.ext50/TargetSeq-293T-HEK4-BE4-rep1_HK4-mcf-4_cutoff_3_indel.ext50.pdf
    jobid: 87
    wildcards: cutoff=3, lib=293T-HEK4-BE4-rep1, sample=HK4-mcf-4

/home/zhaohuanan/miniconda3/envs/py27/bin/python ./program/plot-targetseq-bmat-V02.py -i ../TargetSeq-293T-HEK4-BE4-rep1/cutoff_3/mapping/HK4-mcf-4_bwa_sort.bmat -o ../all_plot/cutoff_3.ext50/TargetSeq-293T-HEK4-BE4-rep1_HK4-mcf-4_cutoff_3_indel.ext50.pdf --region_extend_length 50 --sgRNA GGCACTGCGGCTGGAGGTGGGGG
[Thu Aug  6 13:31:19 2020]
Finished job 194.
27 of 61 steps (44%) done

[Thu Aug  6 13:31:19 2020]
rule bmat_plot_ext_HEK4:
    input: ../TargetSeq-293T-HEK4-BE4-rep2/cutoff_3/mapping/HK4-mcf-4_bwa_sort.bmat
    output: ../all_plot/cutoff_3.ext50/TargetSeq-293T-HEK4-BE4-rep2_HK4-mcf-4_cutoff_3_indel.ext50.pdf
    jobid: 149
    wildcards: cutoff=3, lib=293T-HEK4-BE4-rep2, sample=HK4-mcf-4

/home/zhaohuanan/miniconda3/envs/py27/bin/python ./program/plot-targetseq-bmat-V02.py -i ../TargetSeq-293T-HEK4-BE4-rep2/cutoff_3/mapping/HK4-mcf-4_bwa_sort.bmat -o ../all_plot/cutoff_3.ext50/TargetSeq-293T-HEK4-BE4-rep2_HK4-mcf-4_cutoff_3_indel.ext50.pdf --region_extend_length 50 --sgRNA GGCACTGCGGCTGGAGGTGGGGG
[Thu Aug  6 13:31:19 2020]
Finished job 295.
28 of 61 steps (46%) done

[Thu Aug  6 13:31:19 2020]
rule bmat_plot_ext_HEK4:
    input: ../TargetSeq-293T-HEK4-BE4-rep2/cutoff_3/mapping/HK4-mcf-15_bwa_sort.bmat
    output: ../all_plot/cutoff_3.ext50/TargetSeq-293T-HEK4-BE4-rep2_HK4-mcf-15_cutoff_3_indel.ext50.pdf
    jobid: 103
    wildcards: cutoff=3, lib=293T-HEK4-BE4-rep2, sample=HK4-mcf-15

/home/zhaohuanan/miniconda3/envs/py27/bin/python ./program/plot-targetseq-bmat-V02.py -i ../TargetSeq-293T-HEK4-BE4-rep2/cutoff_3/mapping/HK4-mcf-15_bwa_sort.bmat -o ../all_plot/cutoff_3.ext50/TargetSeq-293T-HEK4-BE4-rep2_HK4-mcf-15_cutoff_3_indel.ext50.pdf --region_extend_length 50 --sgRNA GGCACTGCGGCTGGAGGTGGGGG
[Thu Aug  6 13:31:19 2020]
Finished job 36.
29 of 61 steps (48%) done

[Thu Aug  6 13:31:19 2020]
rule bmat_plot_ext_HEK4:
    input: ../TargetSeq-MCF7-HEK4-BE4-rep2/cutoff_3/mapping/HK4-mcf-13_bwa_sort.bmat
    output: ../all_plot/cutoff_3.ext50/TargetSeq-MCF7-HEK4-BE4-rep2_HK4-mcf-13_cutoff_3_indel.ext50.pdf
    jobid: 261
    wildcards: cutoff=3, lib=MCF7-HEK4-BE4-rep2, sample=HK4-mcf-13

/home/zhaohuanan/miniconda3/envs/py27/bin/python ./program/plot-targetseq-bmat-V02.py -i ../TargetSeq-MCF7-HEK4-BE4-rep2/cutoff_3/mapping/HK4-mcf-13_bwa_sort.bmat -o ../all_plot/cutoff_3.ext50/TargetSeq-MCF7-HEK4-BE4-rep2_HK4-mcf-13_cutoff_3_indel.ext50.pdf --region_extend_length 50 --sgRNA GGCACTGCGGCTGGAGGTGGGGG
[Thu Aug  6 13:31:19 2020]
Finished job 266.
30 of 61 steps (49%) done

[Thu Aug  6 13:31:19 2020]
rule bmat_plot_ext_HEK4:
    input: ../TargetSeq-293T-HEK4-BE4-rep1/cutoff_3/mapping/HK4-mcf-13_bwa_sort.bmat
    output: ../all_plot/cutoff_3.ext50/TargetSeq-293T-HEK4-BE4-rep1_HK4-mcf-13_cutoff_3_indel.ext50.pdf
    jobid: 337
    wildcards: cutoff=3, lib=293T-HEK4-BE4-rep1, sample=HK4-mcf-13

/home/zhaohuanan/miniconda3/envs/py27/bin/python ./program/plot-targetseq-bmat-V02.py -i ../TargetSeq-293T-HEK4-BE4-rep1/cutoff_3/mapping/HK4-mcf-13_bwa_sort.bmat -o ../all_plot/cutoff_3.ext50/TargetSeq-293T-HEK4-BE4-rep1_HK4-mcf-13_cutoff_3_indel.ext50.pdf --region_extend_length 50 --sgRNA GGCACTGCGGCTGGAGGTGGGGG
[Thu Aug  6 13:31:19 2020]
Finished job 57.
31 of 61 steps (51%) done

[Thu Aug  6 13:31:19 2020]
rule bmat_plot_ext_HEK4:
    input: ../TargetSeq-293T-HEK4-BE4-rep1/cutoff_3/mapping/HK4-mcf-15_bwa_sort.bmat
    output: ../all_plot/cutoff_3.ext50/TargetSeq-293T-HEK4-BE4-rep1_HK4-mcf-15_cutoff_3_indel.ext50.pdf
    jobid: 18
    wildcards: cutoff=3, lib=293T-HEK4-BE4-rep1, sample=HK4-mcf-15

/home/zhaohuanan/miniconda3/envs/py27/bin/python ./program/plot-targetseq-bmat-V02.py -i ../TargetSeq-293T-HEK4-BE4-rep1/cutoff_3/mapping/HK4-mcf-15_bwa_sort.bmat -o ../all_plot/cutoff_3.ext50/TargetSeq-293T-HEK4-BE4-rep1_HK4-mcf-15_cutoff_3_indel.ext50.pdf --region_extend_length 50 --sgRNA GGCACTGCGGCTGGAGGTGGGGG
[Thu Aug  6 13:31:19 2020]
Finished job 37.
32 of 61 steps (52%) done

[Thu Aug  6 13:31:19 2020]
rule bmat_plot_ext_HEK4:
    input: ../TargetSeq-293T-HEK4-BE4-rep2/cutoff_3/mapping/HK4-mcf-13_bwa_sort.bmat
    output: ../all_plot/cutoff_3.ext50/TargetSeq-293T-HEK4-BE4-rep2_HK4-mcf-13_cutoff_3_indel.ext50.pdf
    jobid: 243
    wildcards: cutoff=3, lib=293T-HEK4-BE4-rep2, sample=HK4-mcf-13

/home/zhaohuanan/miniconda3/envs/py27/bin/python ./program/plot-targetseq-bmat-V02.py -i ../TargetSeq-293T-HEK4-BE4-rep2/cutoff_3/mapping/HK4-mcf-13_bwa_sort.bmat -o ../all_plot/cutoff_3.ext50/TargetSeq-293T-HEK4-BE4-rep2_HK4-mcf-13_cutoff_3_indel.ext50.pdf --region_extend_length 50 --sgRNA GGCACTGCGGCTGGAGGTGGGGG
[Thu Aug  6 13:31:20 2020]
Finished job 21.
33 of 61 steps (54%) done

[Thu Aug  6 13:31:20 2020]
rule bmat_plot_ext_HEK4:
    input: ../TargetSeq-MCF7-HEK4-BE4-rep1/cutoff_3/mapping/HK4-mcf-9_bwa_sort.bmat
    output: ../all_plot/cutoff_3.ext50/TargetSeq-MCF7-HEK4-BE4-rep1_HK4-mcf-9_cutoff_3_indel.ext50.pdf
    jobid: 166
    wildcards: cutoff=3, lib=MCF7-HEK4-BE4-rep1, sample=HK4-mcf-9

/home/zhaohuanan/miniconda3/envs/py27/bin/python ./program/plot-targetseq-bmat-V02.py -i ../TargetSeq-MCF7-HEK4-BE4-rep1/cutoff_3/mapping/HK4-mcf-9_bwa_sort.bmat -o ../all_plot/cutoff_3.ext50/TargetSeq-MCF7-HEK4-BE4-rep1_HK4-mcf-9_cutoff_3_indel.ext50.pdf --region_extend_length 50 --sgRNA GGCACTGCGGCTGGAGGTGGGGG
[Thu Aug  6 13:31:20 2020]
Finished job 191.
34 of 61 steps (56%) done

[Thu Aug  6 13:31:20 2020]
rule bmat_plot_ext_HEK4:
    input: ../TargetSeq-MCF7-HEK4-BE4-rep2/cutoff_3/mapping/HK4-mcf-9_bwa_sort.bmat
    output: ../all_plot/cutoff_3.ext50/TargetSeq-MCF7-HEK4-BE4-rep2_HK4-mcf-9_cutoff_3_indel.ext50.pdf
    jobid: 257
    wildcards: cutoff=3, lib=MCF7-HEK4-BE4-rep2, sample=HK4-mcf-9

/home/zhaohuanan/miniconda3/envs/py27/bin/python ./program/plot-targetseq-bmat-V02.py -i ../TargetSeq-MCF7-HEK4-BE4-rep2/cutoff_3/mapping/HK4-mcf-9_bwa_sort.bmat -o ../all_plot/cutoff_3.ext50/TargetSeq-MCF7-HEK4-BE4-rep2_HK4-mcf-9_cutoff_3_indel.ext50.pdf --region_extend_length 50 --sgRNA GGCACTGCGGCTGGAGGTGGGGG
[Thu Aug  6 13:31:20 2020]
Finished job 301.
35 of 61 steps (57%) done

[Thu Aug  6 13:31:20 2020]
rule bmat_plot_ext_HEK4:
    input: ../TargetSeq-293T-HEK4-BE4-rep2/cutoff_3/mapping/HK4-mcf-9_bwa_sort.bmat
    output: ../all_plot/cutoff_3.ext50/TargetSeq-293T-HEK4-BE4-rep2_HK4-mcf-9_cutoff_3_indel.ext50.pdf
    jobid: 256
    wildcards: cutoff=3, lib=293T-HEK4-BE4-rep2, sample=HK4-mcf-9

/home/zhaohuanan/miniconda3/envs/py27/bin/python ./program/plot-targetseq-bmat-V02.py -i ../TargetSeq-293T-HEK4-BE4-rep2/cutoff_3/mapping/HK4-mcf-9_bwa_sort.bmat -o ../all_plot/cutoff_3.ext50/TargetSeq-293T-HEK4-BE4-rep2_HK4-mcf-9_cutoff_3_indel.ext50.pdf --region_extend_length 50 --sgRNA GGCACTGCGGCTGGAGGTGGGGG
[Thu Aug  6 13:31:20 2020]
Finished job 338.
36 of 61 steps (59%) done

[Thu Aug  6 13:31:20 2020]
rule bmat_plot_ext_HEK4:
    input: ../TargetSeq-293T-HEK4-BE4-rep1/cutoff_3/mapping/HK4-mcf-9_bwa_sort.bmat
    output: ../all_plot/cutoff_3.ext50/TargetSeq-293T-HEK4-BE4-rep1_HK4-mcf-9_cutoff_3_indel.ext50.pdf
    jobid: 19
    wildcards: cutoff=3, lib=293T-HEK4-BE4-rep1, sample=HK4-mcf-9

/home/zhaohuanan/miniconda3/envs/py27/bin/python ./program/plot-targetseq-bmat-V02.py -i ../TargetSeq-293T-HEK4-BE4-rep1/cutoff_3/mapping/HK4-mcf-9_bwa_sort.bmat -o ../all_plot/cutoff_3.ext50/TargetSeq-293T-HEK4-BE4-rep1_HK4-mcf-9_cutoff_3_indel.ext50.pdf --region_extend_length 50 --sgRNA GGCACTGCGGCTGGAGGTGGGGG
[Thu Aug  6 13:31:20 2020]
Finished job 333.
37 of 61 steps (61%) done
[Thu Aug  6 13:31:20 2020]
Finished job 235.
38 of 61 steps (62%) done
[Thu Aug  6 13:31:21 2020]
Finished job 211.
39 of 61 steps (64%) done
[Thu Aug  6 13:31:22 2020]
Finished job 306.
40 of 61 steps (66%) done
[Thu Aug  6 13:31:22 2020]
Finished job 357.
41 of 61 steps (67%) done
[Thu Aug  6 13:31:23 2020]
Finished job 146.
42 of 61 steps (69%) done
[Thu Aug  6 13:31:24 2020]
Finished job 15.
43 of 61 steps (70%) done
[Thu Aug  6 13:31:24 2020]
Finished job 12.
44 of 61 steps (72%) done
[Thu Aug  6 13:31:24 2020]
Finished job 112.
45 of 61 steps (74%) done
[Thu Aug  6 13:31:24 2020]
Finished job 6.
46 of 61 steps (75%) done
[Thu Aug  6 13:31:25 2020]
Finished job 176.
47 of 61 steps (77%) done
[Thu Aug  6 13:31:29 2020]
Finished job 217.
48 of 61 steps (79%) done
[Thu Aug  6 13:32:37 2020]
Finished job 87.
49 of 61 steps (80%) done
[Thu Aug  6 13:32:37 2020]
Finished job 337.
50 of 61 steps (82%) done
[Thu Aug  6 13:32:37 2020]
Finished job 149.
51 of 61 steps (84%) done
[Thu Aug  6 13:32:37 2020]
Finished job 286.
52 of 61 steps (85%) done
[Thu Aug  6 13:32:38 2020]
Finished job 103.
53 of 61 steps (87%) done
[Thu Aug  6 13:32:38 2020]
Finished job 243.
54 of 61 steps (89%) done
[Thu Aug  6 13:32:38 2020]
Finished job 18.
55 of 61 steps (90%) done
[Thu Aug  6 13:32:39 2020]
Finished job 256.
56 of 61 steps (92%) done
[Thu Aug  6 13:32:39 2020]
Finished job 257.
57 of 61 steps (93%) done
[Thu Aug  6 13:32:39 2020]
Finished job 166.
58 of 61 steps (95%) done
[Thu Aug  6 13:32:39 2020]
Finished job 19.
59 of 61 steps (97%) done
[Thu Aug  6 13:32:42 2020]
Finished job 261.
60 of 61 steps (98%) done

[Thu Aug  6 13:32:42 2020]
localrule all:
    input: ../TargetSeq-293T-HEK4-BE4-rep1/cutoff_3/mapping/HK4-mcf-1_R1_cutadapt.fq.gz, ../TargetSeq-293T-HEK4-BE4-rep1/cutoff_3/mapping/HK4-mcf-1_R2_cutadapt.fq.gz, ../TargetSeq-293T-HEK4-BE4-rep1/cutoff_3/mapping/HK4-mcf-2_R1_cutadapt.fq.gz, ../TargetSeq-293T-HEK4-BE4-rep1/cutoff_3/mapping/HK4-mcf-2_R2_cutadapt.fq.gz, ../TargetSeq-293T-HEK4-BE4-rep1/cutoff_3/mapping/HK4-mcf-3_R1_cutadapt.fq.gz, ../TargetSeq-293T-HEK4-BE4-rep1/cutoff_3/mapping/HK4-mcf-3_R2_cutadapt.fq.gz, ../TargetSeq-293T-HEK4-BE4-rep1/cutoff_3/mapping/HK4-mcf-4_R1_cutadapt.fq.gz, ../TargetSeq-293T-HEK4-BE4-rep1/cutoff_3/mapping/HK4-mcf-4_R2_cutadapt.fq.gz, ../TargetSeq-293T-HEK4-BE4-rep1/cutoff_3/mapping/HK4-mcf-5_R1_cutadapt.fq.gz, ../TargetSeq-293T-HEK4-BE4-rep1/cutoff_3/mapping/HK4-mcf-5_R2_cutadapt.fq.gz, ../TargetSeq-293T-HEK4-BE4-rep1/cutoff_3/mapping/HK4-mcf-6_R1_cutadapt.fq.gz, ../TargetSeq-293T-HEK4-BE4-rep1/cutoff_3/mapping/HK4-mcf-6_R2_cutadapt.fq.gz, ../TargetSeq-293T-HEK4-BE4-rep1/cutoff_3/mapping/HK4-mcf-7_R1_cutadapt.fq.gz, ../TargetSeq-293T-HEK4-BE4-rep1/cutoff_3/mapping/HK4-mcf-7_R2_cutadapt.fq.gz, ../TargetSeq-293T-HEK4-BE4-rep1/cutoff_3/mapping/HK4-mcf-8_R1_cutadapt.fq.gz, ../TargetSeq-293T-HEK4-BE4-rep1/cutoff_3/mapping/HK4-mcf-8_R2_cutadapt.fq.gz, ../TargetSeq-293T-HEK4-BE4-rep1/cutoff_3/mapping/HK4-mcf-9_R1_cutadapt.fq.gz, ../TargetSeq-293T-HEK4-BE4-rep1/cutoff_3/mapping/HK4-mcf-9_R2_cutadapt.fq.gz, ../TargetSeq-293T-HEK4-BE4-rep1/cutoff_3/mapping/HK4-mcf-10_R1_cutadapt.fq.gz, ../TargetSeq-293T-HEK4-BE4-rep1/cutoff_3/mapping/HK4-mcf-10_R2_cutadapt.fq.gz, ../TargetSeq-293T-HEK4-BE4-rep1/cutoff_3/mapping/HK4-mcf-11_R1_cutadapt.fq.gz, ../TargetSeq-293T-HEK4-BE4-rep1/cutoff_3/mapping/HK4-mcf-11_R2_cutadapt.fq.gz, ../TargetSeq-293T-HEK4-BE4-rep1/cutoff_3/mapping/HK4-mcf-12_R1_cutadapt.fq.gz, ../TargetSeq-293T-HEK4-BE4-rep1/cutoff_3/mapping/HK4-mcf-12_R2_cutadapt.fq.gz, ../TargetSeq-293T-HEK4-BE4-rep1/cutoff_3/mapping/HK4-mcf-13_R1_cutadapt.fq.gz, ../TargetSeq-293T-HEK4-BE4-rep1/cutoff_3/mapping/HK4-mcf-13_R2_cutadapt.fq.gz, ../TargetSeq-293T-HEK4-BE4-rep1/cutoff_3/mapping/HK4-mcf-14_R1_cutadapt.fq.gz, ../TargetSeq-293T-HEK4-BE4-rep1/cutoff_3/mapping/HK4-mcf-14_R2_cutadapt.fq.gz, ../TargetSeq-293T-HEK4-BE4-rep1/cutoff_3/mapping/HK4-mcf-15_R1_cutadapt.fq.gz, ../TargetSeq-293T-HEK4-BE4-rep1/cutoff_3/mapping/HK4-mcf-15_R2_cutadapt.fq.gz, ../TargetSeq-293T-HEK4-BE4-rep2/cutoff_3/mapping/HK4-mcf-1_R1_cutadapt.fq.gz, ../TargetSeq-293T-HEK4-BE4-rep2/cutoff_3/mapping/HK4-mcf-1_R2_cutadapt.fq.gz, ../TargetSeq-293T-HEK4-BE4-rep2/cutoff_3/mapping/HK4-mcf-2_R1_cutadapt.fq.gz, ../TargetSeq-293T-HEK4-BE4-rep2/cutoff_3/mapping/HK4-mcf-2_R2_cutadapt.fq.gz, ../TargetSeq-293T-HEK4-BE4-rep2/cutoff_3/mapping/HK4-mcf-3_R1_cutadapt.fq.gz, ../TargetSeq-293T-HEK4-BE4-rep2/cutoff_3/mapping/HK4-mcf-3_R2_cutadapt.fq.gz, ../TargetSeq-293T-HEK4-BE4-rep2/cutoff_3/mapping/HK4-mcf-4_R1_cutadapt.fq.gz, ../TargetSeq-293T-HEK4-BE4-rep2/cutoff_3/mapping/HK4-mcf-4_R2_cutadapt.fq.gz, ../TargetSeq-293T-HEK4-BE4-rep2/cutoff_3/mapping/HK4-mcf-5_R1_cutadapt.fq.gz, ../TargetSeq-293T-HEK4-BE4-rep2/cutoff_3/mapping/HK4-mcf-5_R2_cutadapt.fq.gz, ../TargetSeq-293T-HEK4-BE4-rep2/cutoff_3/mapping/HK4-mcf-6_R1_cutadapt.fq.gz, ../TargetSeq-293T-HEK4-BE4-rep2/cutoff_3/mapping/HK4-mcf-6_R2_cutadapt.fq.gz, ../TargetSeq-293T-HEK4-BE4-rep2/cutoff_3/mapping/HK4-mcf-7_R1_cutadapt.fq.gz, ../TargetSeq-293T-HEK4-BE4-rep2/cutoff_3/mapping/HK4-mcf-7_R2_cutadapt.fq.gz, ../TargetSeq-293T-HEK4-BE4-rep2/cutoff_3/mapping/HK4-mcf-8_R1_cutadapt.fq.gz, ../TargetSeq-293T-HEK4-BE4-rep2/cutoff_3/mapping/HK4-mcf-8_R2_cutadapt.fq.gz, ../TargetSeq-293T-HEK4-BE4-rep2/cutoff_3/mapping/HK4-mcf-9_R1_cutadapt.fq.gz, ../TargetSeq-293T-HEK4-BE4-rep2/cutoff_3/mapping/HK4-mcf-9_R2_cutadapt.fq.gz, ../TargetSeq-293T-HEK4-BE4-rep2/cutoff_3/mapping/HK4-mcf-10_R1_cutadapt.fq.gz, ../TargetSeq-293T-HEK4-BE4-rep2/cutoff_3/mapping/HK4-mcf-10_R2_cutadapt.fq.gz, ../TargetSeq-293T-HEK4-BE4-rep2/cutoff_3/mapping/HK4-mcf-11_R1_cutadapt.fq.gz, ../TargetSeq-293T-HEK4-BE4-rep2/cutoff_3/mapping/HK4-mcf-11_R2_cutadapt.fq.gz, ../TargetSeq-293T-HEK4-BE4-rep2/cutoff_3/mapping/HK4-mcf-12_R1_cutadapt.fq.gz, ../TargetSeq-293T-HEK4-BE4-rep2/cutoff_3/mapping/HK4-mcf-12_R2_cutadapt.fq.gz, ../TargetSeq-293T-HEK4-BE4-rep2/cutoff_3/mapping/HK4-mcf-13_R1_cutadapt.fq.gz, ../TargetSeq-293T-HEK4-BE4-rep2/cutoff_3/mapping/HK4-mcf-13_R2_cutadapt.fq.gz, ../TargetSeq-293T-HEK4-BE4-rep2/cutoff_3/mapping/HK4-mcf-14_R1_cutadapt.fq.gz, ../TargetSeq-293T-HEK4-BE4-rep2/cutoff_3/mapping/HK4-mcf-14_R2_cutadapt.fq.gz, ../TargetSeq-293T-HEK4-BE4-rep2/cutoff_3/mapping/HK4-mcf-15_R1_cutadapt.fq.gz, ../TargetSeq-293T-HEK4-BE4-rep2/cutoff_3/mapping/HK4-mcf-15_R2_cutadapt.fq.gz, ../TargetSeq-MCF7-HEK4-BE4-rep1/cutoff_3/mapping/HK4-mcf-1_R1_cutadapt.fq.gz, ../TargetSeq-MCF7-HEK4-BE4-rep1/cutoff_3/mapping/HK4-mcf-1_R2_cutadapt.fq.gz, ../TargetSeq-MCF7-HEK4-BE4-rep1/cutoff_3/mapping/HK4-mcf-2_R1_cutadapt.fq.gz, ../TargetSeq-MCF7-HEK4-BE4-rep1/cutoff_3/mapping/HK4-mcf-2_R2_cutadapt.fq.gz, ../TargetSeq-MCF7-HEK4-BE4-rep1/cutoff_3/mapping/HK4-mcf-3_R1_cutadapt.fq.gz, ../TargetSeq-MCF7-HEK4-BE4-rep1/cutoff_3/mapping/HK4-mcf-3_R2_cutadapt.fq.gz, ../TargetSeq-MCF7-HEK4-BE4-rep1/cutoff_3/mapping/HK4-mcf-4_R1_cutadapt.fq.gz, ../TargetSeq-MCF7-HEK4-BE4-rep1/cutoff_3/mapping/HK4-mcf-4_R2_cutadapt.fq.gz, ../TargetSeq-MCF7-HEK4-BE4-rep1/cutoff_3/mapping/HK4-mcf-5_R1_cutadapt.fq.gz, ../TargetSeq-MCF7-HEK4-BE4-rep1/cutoff_3/mapping/HK4-mcf-5_R2_cutadapt.fq.gz, ../TargetSeq-MCF7-HEK4-BE4-rep1/cutoff_3/mapping/HK4-mcf-6_R1_cutadapt.fq.gz, ../TargetSeq-MCF7-HEK4-BE4-rep1/cutoff_3/mapping/HK4-mcf-6_R2_cutadapt.fq.gz, ../TargetSeq-MCF7-HEK4-BE4-rep1/cutoff_3/mapping/HK4-mcf-7_R1_cutadapt.fq.gz, ../TargetSeq-MCF7-HEK4-BE4-rep1/cutoff_3/mapping/HK4-mcf-7_R2_cutadapt.fq.gz, ../TargetSeq-MCF7-HEK4-BE4-rep1/cutoff_3/mapping/HK4-mcf-8_R1_cutadapt.fq.gz, ../TargetSeq-MCF7-HEK4-BE4-rep1/cutoff_3/mapping/HK4-mcf-8_R2_cutadapt.fq.gz, ../TargetSeq-MCF7-HEK4-BE4-rep1/cutoff_3/mapping/HK4-mcf-9_R1_cutadapt.fq.gz, ../TargetSeq-MCF7-HEK4-BE4-rep1/cutoff_3/mapping/HK4-mcf-9_R2_cutadapt.fq.gz, ../TargetSeq-MCF7-HEK4-BE4-rep1/cutoff_3/mapping/HK4-mcf-10_R1_cutadapt.fq.gz, ../TargetSeq-MCF7-HEK4-BE4-rep1/cutoff_3/mapping/HK4-mcf-10_R2_cutadapt.fq.gz, ../TargetSeq-MCF7-HEK4-BE4-rep1/cutoff_3/mapping/HK4-mcf-11_R1_cutadapt.fq.gz, ../TargetSeq-MCF7-HEK4-BE4-rep1/cutoff_3/mapping/HK4-mcf-11_R2_cutadapt.fq.gz, ../TargetSeq-MCF7-HEK4-BE4-rep1/cutoff_3/mapping/HK4-mcf-12_R1_cutadapt.fq.gz, ../TargetSeq-MCF7-HEK4-BE4-rep1/cutoff_3/mapping/HK4-mcf-12_R2_cutadapt.fq.gz, ../TargetSeq-MCF7-HEK4-BE4-rep1/cutoff_3/mapping/HK4-mcf-13_R1_cutadapt.fq.gz, ../TargetSeq-MCF7-HEK4-BE4-rep1/cutoff_3/mapping/HK4-mcf-13_R2_cutadapt.fq.gz, ../TargetSeq-MCF7-HEK4-BE4-rep1/cutoff_3/mapping/HK4-mcf-14_R1_cutadapt.fq.gz, ../TargetSeq-MCF7-HEK4-BE4-rep1/cutoff_3/mapping/HK4-mcf-14_R2_cutadapt.fq.gz, ../TargetSeq-MCF7-HEK4-BE4-rep1/cutoff_3/mapping/HK4-mcf-15_R1_cutadapt.fq.gz, ../TargetSeq-MCF7-HEK4-BE4-rep1/cutoff_3/mapping/HK4-mcf-15_R2_cutadapt.fq.gz, ../TargetSeq-MCF7-HEK4-BE4-rep2/cutoff_3/mapping/HK4-mcf-1_R1_cutadapt.fq.gz, ../TargetSeq-MCF7-HEK4-BE4-rep2/cutoff_3/mapping/HK4-mcf-1_R2_cutadapt.fq.gz, ../TargetSeq-MCF7-HEK4-BE4-rep2/cutoff_3/mapping/HK4-mcf-2_R1_cutadapt.fq.gz, ../TargetSeq-MCF7-HEK4-BE4-rep2/cutoff_3/mapping/HK4-mcf-2_R2_cutadapt.fq.gz, ../TargetSeq-MCF7-HEK4-BE4-rep2/cutoff_3/mapping/HK4-mcf-3_R1_cutadapt.fq.gz, ../TargetSeq-MCF7-HEK4-BE4-rep2/cutoff_3/mapping/HK4-mcf-3_R2_cutadapt.fq.gz, ../TargetSeq-MCF7-HEK4-BE4-rep2/cutoff_3/mapping/HK4-mcf-4_R1_cutadapt.fq.gz, ../TargetSeq-MCF7-HEK4-BE4-rep2/cutoff_3/mapping/HK4-mcf-4_R2_cutadapt.fq.gz, ../TargetSeq-MCF7-HEK4-BE4-rep2/cutoff_3/mapping/HK4-mcf-5_R1_cutadapt.fq.gz, ../TargetSeq-MCF7-HEK4-BE4-rep2/cutoff_3/mapping/HK4-mcf-5_R2_cutadapt.fq.gz, ../TargetSeq-MCF7-HEK4-BE4-rep2/cutoff_3/mapping/HK4-mcf-6_R1_cutadapt.fq.gz, ../TargetSeq-MCF7-HEK4-BE4-rep2/cutoff_3/mapping/HK4-mcf-6_R2_cutadapt.fq.gz, ../TargetSeq-MCF7-HEK4-BE4-rep2/cutoff_3/mapping/HK4-mcf-7_R1_cutadapt.fq.gz, ../TargetSeq-MCF7-HEK4-BE4-rep2/cutoff_3/mapping/HK4-mcf-7_R2_cutadapt.fq.gz, ../TargetSeq-MCF7-HEK4-BE4-rep2/cutoff_3/mapping/HK4-mcf-8_R1_cutadapt.fq.gz, ../TargetSeq-MCF7-HEK4-BE4-rep2/cutoff_3/mapping/HK4-mcf-8_R2_cutadapt.fq.gz, ../TargetSeq-MCF7-HEK4-BE4-rep2/cutoff_3/mapping/HK4-mcf-9_R1_cutadapt.fq.gz, ../TargetSeq-MCF7-HEK4-BE4-rep2/cutoff_3/mapping/HK4-mcf-9_R2_cutadapt.fq.gz, ../TargetSeq-MCF7-HEK4-BE4-rep2/cutoff_3/mapping/HK4-mcf-10_R1_cutadapt.fq.gz, ../TargetSeq-MCF7-HEK4-BE4-rep2/cutoff_3/mapping/HK4-mcf-10_R2_cutadapt.fq.gz, ../TargetSeq-MCF7-HEK4-BE4-rep2/cutoff_3/mapping/HK4-mcf-11_R1_cutadapt.fq.gz, ../TargetSeq-MCF7-HEK4-BE4-rep2/cutoff_3/mapping/HK4-mcf-11_R2_cutadapt.fq.gz, ../TargetSeq-MCF7-HEK4-BE4-rep2/cutoff_3/mapping/HK4-mcf-12_R1_cutadapt.fq.gz, ../TargetSeq-MCF7-HEK4-BE4-rep2/cutoff_3/mapping/HK4-mcf-12_R2_cutadapt.fq.gz, ../TargetSeq-MCF7-HEK4-BE4-rep2/cutoff_3/mapping/HK4-mcf-13_R1_cutadapt.fq.gz, ../TargetSeq-MCF7-HEK4-BE4-rep2/cutoff_3/mapping/HK4-mcf-13_R2_cutadapt.fq.gz, ../TargetSeq-MCF7-HEK4-BE4-rep2/cutoff_3/mapping/HK4-mcf-14_R1_cutadapt.fq.gz, ../TargetSeq-MCF7-HEK4-BE4-rep2/cutoff_3/mapping/HK4-mcf-14_R2_cutadapt.fq.gz, ../TargetSeq-MCF7-HEK4-BE4-rep2/cutoff_3/mapping/HK4-mcf-15_R1_cutadapt.fq.gz, ../TargetSeq-MCF7-HEK4-BE4-rep2/cutoff_3/mapping/HK4-mcf-15_R2_cutadapt.fq.gz, ../TargetSeq-293T-HEK4-BE4-rep1/cutoff_3/mapping/HK4-mcf-1_bwa_sort.bam, ../TargetSeq-293T-HEK4-BE4-rep1/cutoff_3/mapping/HK4-mcf-2_bwa_sort.bam, ../TargetSeq-293T-HEK4-BE4-rep1/cutoff_3/mapping/HK4-mcf-3_bwa_sort.bam, ../TargetSeq-293T-HEK4-BE4-rep1/cutoff_3/mapping/HK4-mcf-4_bwa_sort.bam, ../TargetSeq-293T-HEK4-BE4-rep1/cutoff_3/mapping/HK4-mcf-5_bwa_sort.bam, ../TargetSeq-293T-HEK4-BE4-rep1/cutoff_3/mapping/HK4-mcf-6_bwa_sort.bam, ../TargetSeq-293T-HEK4-BE4-rep1/cutoff_3/mapping/HK4-mcf-7_bwa_sort.bam, ../TargetSeq-293T-HEK4-BE4-rep1/cutoff_3/mapping/HK4-mcf-8_bwa_sort.bam, ../TargetSeq-293T-HEK4-BE4-rep1/cutoff_3/mapping/HK4-mcf-9_bwa_sort.bam, ../TargetSeq-293T-HEK4-BE4-rep1/cutoff_3/mapping/HK4-mcf-10_bwa_sort.bam, ../TargetSeq-293T-HEK4-BE4-rep1/cutoff_3/mapping/HK4-mcf-11_bwa_sort.bam, ../TargetSeq-293T-HEK4-BE4-rep1/cutoff_3/mapping/HK4-mcf-12_bwa_sort.bam, ../TargetSeq-293T-HEK4-BE4-rep1/cutoff_3/mapping/HK4-mcf-13_bwa_sort.bam, ../TargetSeq-293T-HEK4-BE4-rep1/cutoff_3/mapping/HK4-mcf-14_bwa_sort.bam, ../TargetSeq-293T-HEK4-BE4-rep1/cutoff_3/mapping/HK4-mcf-15_bwa_sort.bam, ../TargetSeq-293T-HEK4-BE4-rep2/cutoff_3/mapping/HK4-mcf-1_bwa_sort.bam, ../TargetSeq-293T-HEK4-BE4-rep2/cutoff_3/mapping/HK4-mcf-2_bwa_sort.bam, ../TargetSeq-293T-HEK4-BE4-rep2/cutoff_3/mapping/HK4-mcf-3_bwa_sort.bam, ../TargetSeq-293T-HEK4-BE4-rep2/cutoff_3/mapping/HK4-mcf-4_bwa_sort.bam, ../TargetSeq-293T-HEK4-BE4-rep2/cutoff_3/mapping/HK4-mcf-5_bwa_sort.bam, ../TargetSeq-293T-HEK4-BE4-rep2/cutoff_3/mapping/HK4-mcf-6_bwa_sort.bam, ../TargetSeq-293T-HEK4-BE4-rep2/cutoff_3/mapping/HK4-mcf-7_bwa_sort.bam, ../TargetSeq-293T-HEK4-BE4-rep2/cutoff_3/mapping/HK4-mcf-8_bwa_sort.bam, ../TargetSeq-293T-HEK4-BE4-rep2/cutoff_3/mapping/HK4-mcf-9_bwa_sort.bam, ../TargetSeq-293T-HEK4-BE4-rep2/cutoff_3/mapping/HK4-mcf-10_bwa_sort.bam, ../TargetSeq-293T-HEK4-BE4-rep2/cutoff_3/mapping/HK4-mcf-11_bwa_sort.bam, ../TargetSeq-293T-HEK4-BE4-rep2/cutoff_3/mapping/HK4-mcf-12_bwa_sort.bam, ../TargetSeq-293T-HEK4-BE4-rep2/cutoff_3/mapping/HK4-mcf-13_bwa_sort.bam, ../TargetSeq-293T-HEK4-BE4-rep2/cutoff_3/mapping/HK4-mcf-14_bwa_sort.bam, ../TargetSeq-293T-HEK4-BE4-rep2/cutoff_3/mapping/HK4-mcf-15_bwa_sort.bam, ../TargetSeq-MCF7-HEK4-BE4-rep1/cutoff_3/mapping/HK4-mcf-1_bwa_sort.bam, ../TargetSeq-MCF7-HEK4-BE4-rep1/cutoff_3/mapping/HK4-mcf-2_bwa_sort.bam, ../TargetSeq-MCF7-HEK4-BE4-rep1/cutoff_3/mapping/HK4-mcf-3_bwa_sort.bam, ../TargetSeq-MCF7-HEK4-BE4-rep1/cutoff_3/mapping/HK4-mcf-4_bwa_sort.bam, ../TargetSeq-MCF7-HEK4-BE4-rep1/cutoff_3/mapping/HK4-mcf-5_bwa_sort.bam, ../TargetSeq-MCF7-HEK4-BE4-rep1/cutoff_3/mapping/HK4-mcf-6_bwa_sort.bam, ../TargetSeq-MCF7-HEK4-BE4-rep1/cutoff_3/mapping/HK4-mcf-7_bwa_sort.bam, ../TargetSeq-MCF7-HEK4-BE4-rep1/cutoff_3/mapping/HK4-mcf-8_bwa_sort.bam, ../TargetSeq-MCF7-HEK4-BE4-rep1/cutoff_3/mapping/HK4-mcf-9_bwa_sort.bam, ../TargetSeq-MCF7-HEK4-BE4-rep1/cutoff_3/mapping/HK4-mcf-10_bwa_sort.bam, ../TargetSeq-MCF7-HEK4-BE4-rep1/cutoff_3/mapping/HK4-mcf-11_bwa_sort.bam, ../TargetSeq-MCF7-HEK4-BE4-rep1/cutoff_3/mapping/HK4-mcf-12_bwa_sort.bam, ../TargetSeq-MCF7-HEK4-BE4-rep1/cutoff_3/mapping/HK4-mcf-13_bwa_sort.bam, ../TargetSeq-MCF7-HEK4-BE4-rep1/cutoff_3/mapping/HK4-mcf-14_bwa_sort.bam, ../TargetSeq-MCF7-HEK4-BE4-rep1/cutoff_3/mapping/HK4-mcf-15_bwa_sort.bam, ../TargetSeq-MCF7-HEK4-BE4-rep2/cutoff_3/mapping/HK4-mcf-1_bwa_sort.bam, ../TargetSeq-MCF7-HEK4-BE4-rep2/cutoff_3/mapping/HK4-mcf-2_bwa_sort.bam, ../TargetSeq-MCF7-HEK4-BE4-rep2/cutoff_3/mapping/HK4-mcf-3_bwa_sort.bam, ../TargetSeq-MCF7-HEK4-BE4-rep2/cutoff_3/mapping/HK4-mcf-4_bwa_sort.bam, ../TargetSeq-MCF7-HEK4-BE4-rep2/cutoff_3/mapping/HK4-mcf-5_bwa_sort.bam, ../TargetSeq-MCF7-HEK4-BE4-rep2/cutoff_3/mapping/HK4-mcf-6_bwa_sort.bam, ../TargetSeq-MCF7-HEK4-BE4-rep2/cutoff_3/mapping/HK4-mcf-7_bwa_sort.bam, ../TargetSeq-MCF7-HEK4-BE4-rep2/cutoff_3/mapping/HK4-mcf-8_bwa_sort.bam, ../TargetSeq-MCF7-HEK4-BE4-rep2/cutoff_3/mapping/HK4-mcf-9_bwa_sort.bam, ../TargetSeq-MCF7-HEK4-BE4-rep2/cutoff_3/mapping/HK4-mcf-10_bwa_sort.bam, ../TargetSeq-MCF7-HEK4-BE4-rep2/cutoff_3/mapping/HK4-mcf-11_bwa_sort.bam, ../TargetSeq-MCF7-HEK4-BE4-rep2/cutoff_3/mapping/HK4-mcf-12_bwa_sort.bam, ../TargetSeq-MCF7-HEK4-BE4-rep2/cutoff_3/mapping/HK4-mcf-13_bwa_sort.bam, ../TargetSeq-MCF7-HEK4-BE4-rep2/cutoff_3/mapping/HK4-mcf-14_bwa_sort.bam, ../TargetSeq-MCF7-HEK4-BE4-rep2/cutoff_3/mapping/HK4-mcf-15_bwa_sort.bam, ../TargetSeq-293T-HEK4-BE4-rep1/cutoff_3/mapping/HK4-mcf-1_bwa_sort.bam.bai, ../TargetSeq-293T-HEK4-BE4-rep1/cutoff_3/mapping/HK4-mcf-2_bwa_sort.bam.bai, ../TargetSeq-293T-HEK4-BE4-rep1/cutoff_3/mapping/HK4-mcf-3_bwa_sort.bam.bai, ../TargetSeq-293T-HEK4-BE4-rep1/cutoff_3/mapping/HK4-mcf-4_bwa_sort.bam.bai, ../TargetSeq-293T-HEK4-BE4-rep1/cutoff_3/mapping/HK4-mcf-5_bwa_sort.bam.bai, ../TargetSeq-293T-HEK4-BE4-rep1/cutoff_3/mapping/HK4-mcf-6_bwa_sort.bam.bai, ../TargetSeq-293T-HEK4-BE4-rep1/cutoff_3/mapping/HK4-mcf-7_bwa_sort.bam.bai, ../TargetSeq-293T-HEK4-BE4-rep1/cutoff_3/mapping/HK4-mcf-8_bwa_sort.bam.bai, ../TargetSeq-293T-HEK4-BE4-rep1/cutoff_3/mapping/HK4-mcf-9_bwa_sort.bam.bai, ../TargetSeq-293T-HEK4-BE4-rep1/cutoff_3/mapping/HK4-mcf-10_bwa_sort.bam.bai, ../TargetSeq-293T-HEK4-BE4-rep1/cutoff_3/mapping/HK4-mcf-11_bwa_sort.bam.bai, ../TargetSeq-293T-HEK4-BE4-rep1/cutoff_3/mapping/HK4-mcf-12_bwa_sort.bam.bai, ../TargetSeq-293T-HEK4-BE4-rep1/cutoff_3/mapping/HK4-mcf-13_bwa_sort.bam.bai, ../TargetSeq-293T-HEK4-BE4-rep1/cutoff_3/mapping/HK4-mcf-14_bwa_sort.bam.bai, ../TargetSeq-293T-HEK4-BE4-rep1/cutoff_3/mapping/HK4-mcf-15_bwa_sort.bam.bai, ../TargetSeq-293T-HEK4-BE4-rep2/cutoff_3/mapping/HK4-mcf-1_bwa_sort.bam.bai, ../TargetSeq-293T-HEK4-BE4-rep2/cutoff_3/mapping/HK4-mcf-2_bwa_sort.bam.bai, ../TargetSeq-293T-HEK4-BE4-rep2/cutoff_3/mapping/HK4-mcf-3_bwa_sort.bam.bai, ../TargetSeq-293T-HEK4-BE4-rep2/cutoff_3/mapping/HK4-mcf-4_bwa_sort.bam.bai, ../TargetSeq-293T-HEK4-BE4-rep2/cutoff_3/mapping/HK4-mcf-5_bwa_sort.bam.bai, ../TargetSeq-293T-HEK4-BE4-rep2/cutoff_3/mapping/HK4-mcf-6_bwa_sort.bam.bai, ../TargetSeq-293T-HEK4-BE4-rep2/cutoff_3/mapping/HK4-mcf-7_bwa_sort.bam.bai, ../TargetSeq-293T-HEK4-BE4-rep2/cutoff_3/mapping/HK4-mcf-8_bwa_sort.bam.bai, ../TargetSeq-293T-HEK4-BE4-rep2/cutoff_3/mapping/HK4-mcf-9_bwa_sort.bam.bai, ../TargetSeq-293T-HEK4-BE4-rep2/cutoff_3/mapping/HK4-mcf-10_bwa_sort.bam.bai, ../TargetSeq-293T-HEK4-BE4-rep2/cutoff_3/mapping/HK4-mcf-11_bwa_sort.bam.bai, ../TargetSeq-293T-HEK4-BE4-rep2/cutoff_3/mapping/HK4-mcf-12_bwa_sort.bam.bai, ../TargetSeq-293T-HEK4-BE4-rep2/cutoff_3/mapping/HK4-mcf-13_bwa_sort.bam.bai, ../TargetSeq-293T-HEK4-BE4-rep2/cutoff_3/mapping/HK4-mcf-14_bwa_sort.bam.bai, ../TargetSeq-293T-HEK4-BE4-rep2/cutoff_3/mapping/HK4-mcf-15_bwa_sort.bam.bai, ../TargetSeq-MCF7-HEK4-BE4-rep1/cutoff_3/mapping/HK4-mcf-1_bwa_sort.bam.bai, ../TargetSeq-MCF7-HEK4-BE4-rep1/cutoff_3/mapping/HK4-mcf-2_bwa_sort.bam.bai, ../TargetSeq-MCF7-HEK4-BE4-rep1/cutoff_3/mapping/HK4-mcf-3_bwa_sort.bam.bai, ../TargetSeq-MCF7-HEK4-BE4-rep1/cutoff_3/mapping/HK4-mcf-4_bwa_sort.bam.bai, ../TargetSeq-MCF7-HEK4-BE4-rep1/cutoff_3/mapping/HK4-mcf-5_bwa_sort.bam.bai, ../TargetSeq-MCF7-HEK4-BE4-rep1/cutoff_3/mapping/HK4-mcf-6_bwa_sort.bam.bai, ../TargetSeq-MCF7-HEK4-BE4-rep1/cutoff_3/mapping/HK4-mcf-7_bwa_sort.bam.bai, ../TargetSeq-MCF7-HEK4-BE4-rep1/cutoff_3/mapping/HK4-mcf-8_bwa_sort.bam.bai, ../TargetSeq-MCF7-HEK4-BE4-rep1/cutoff_3/mapping/HK4-mcf-9_bwa_sort.bam.bai, ../TargetSeq-MCF7-HEK4-BE4-rep1/cutoff_3/mapping/HK4-mcf-10_bwa_sort.bam.bai, ../TargetSeq-MCF7-HEK4-BE4-rep1/cutoff_3/mapping/HK4-mcf-11_bwa_sort.bam.bai, ../TargetSeq-MCF7-HEK4-BE4-rep1/cutoff_3/mapping/HK4-mcf-12_bwa_sort.bam.bai, ../TargetSeq-MCF7-HEK4-BE4-rep1/cutoff_3/mapping/HK4-mcf-13_bwa_sort.bam.bai, ../TargetSeq-MCF7-HEK4-BE4-rep1/cutoff_3/mapping/HK4-mcf-14_bwa_sort.bam.bai, ../TargetSeq-MCF7-HEK4-BE4-rep1/cutoff_3/mapping/HK4-mcf-15_bwa_sort.bam.bai, ../TargetSeq-MCF7-HEK4-BE4-rep2/cutoff_3/mapping/HK4-mcf-1_bwa_sort.bam.bai, ../TargetSeq-MCF7-HEK4-BE4-rep2/cutoff_3/mapping/HK4-mcf-2_bwa_sort.bam.bai, ../TargetSeq-MCF7-HEK4-BE4-rep2/cutoff_3/mapping/HK4-mcf-3_bwa_sort.bam.bai, ../TargetSeq-MCF7-HEK4-BE4-rep2/cutoff_3/mapping/HK4-mcf-4_bwa_sort.bam.bai, ../TargetSeq-MCF7-HEK4-BE4-rep2/cutoff_3/mapping/HK4-mcf-5_bwa_sort.bam.bai, ../TargetSeq-MCF7-HEK4-BE4-rep2/cutoff_3/mapping/HK4-mcf-6_bwa_sort.bam.bai, ../TargetSeq-MCF7-HEK4-BE4-rep2/cutoff_3/mapping/HK4-mcf-7_bwa_sort.bam.bai, ../TargetSeq-MCF7-HEK4-BE4-rep2/cutoff_3/mapping/HK4-mcf-8_bwa_sort.bam.bai, ../TargetSeq-MCF7-HEK4-BE4-rep2/cutoff_3/mapping/HK4-mcf-9_bwa_sort.bam.bai, ../TargetSeq-MCF7-HEK4-BE4-rep2/cutoff_3/mapping/HK4-mcf-10_bwa_sort.bam.bai, ../TargetSeq-MCF7-HEK4-BE4-rep2/cutoff_3/mapping/HK4-mcf-11_bwa_sort.bam.bai, ../TargetSeq-MCF7-HEK4-BE4-rep2/cutoff_3/mapping/HK4-mcf-12_bwa_sort.bam.bai, ../TargetSeq-MCF7-HEK4-BE4-rep2/cutoff_3/mapping/HK4-mcf-13_bwa_sort.bam.bai, ../TargetSeq-MCF7-HEK4-BE4-rep2/cutoff_3/mapping/HK4-mcf-14_bwa_sort.bam.bai, ../TargetSeq-MCF7-HEK4-BE4-rep2/cutoff_3/mapping/HK4-mcf-15_bwa_sort.bam.bai, ../TargetSeq-293T-HEK4-BE4-rep1/cutoff_3/mapping/HK4-mcf-1_bwa_sort.mpileup, ../TargetSeq-293T-HEK4-BE4-rep1/cutoff_3/mapping/HK4-mcf-2_bwa_sort.mpileup, ../TargetSeq-293T-HEK4-BE4-rep1/cutoff_3/mapping/HK4-mcf-3_bwa_sort.mpileup, ../TargetSeq-293T-HEK4-BE4-rep1/cutoff_3/mapping/HK4-mcf-4_bwa_sort.mpileup, ../TargetSeq-293T-HEK4-BE4-rep1/cutoff_3/mapping/HK4-mcf-5_bwa_sort.mpileup, ../TargetSeq-293T-HEK4-BE4-rep1/cutoff_3/mapping/HK4-mcf-6_bwa_sort.mpileup, ../TargetSeq-293T-HEK4-BE4-rep1/cutoff_3/mapping/HK4-mcf-7_bwa_sort.mpileup, ../TargetSeq-293T-HEK4-BE4-rep1/cutoff_3/mapping/HK4-mcf-8_bwa_sort.mpileup, ../TargetSeq-293T-HEK4-BE4-rep1/cutoff_3/mapping/HK4-mcf-9_bwa_sort.mpileup, ../TargetSeq-293T-HEK4-BE4-rep1/cutoff_3/mapping/HK4-mcf-10_bwa_sort.mpileup, ../TargetSeq-293T-HEK4-BE4-rep1/cutoff_3/mapping/HK4-mcf-11_bwa_sort.mpileup, ../TargetSeq-293T-HEK4-BE4-rep1/cutoff_3/mapping/HK4-mcf-12_bwa_sort.mpileup, ../TargetSeq-293T-HEK4-BE4-rep1/cutoff_3/mapping/HK4-mcf-13_bwa_sort.mpileup, ../TargetSeq-293T-HEK4-BE4-rep1/cutoff_3/mapping/HK4-mcf-14_bwa_sort.mpileup, ../TargetSeq-293T-HEK4-BE4-rep1/cutoff_3/mapping/HK4-mcf-15_bwa_sort.mpileup, ../TargetSeq-293T-HEK4-BE4-rep2/cutoff_3/mapping/HK4-mcf-1_bwa_sort.mpileup, ../TargetSeq-293T-HEK4-BE4-rep2/cutoff_3/mapping/HK4-mcf-2_bwa_sort.mpileup, ../TargetSeq-293T-HEK4-BE4-rep2/cutoff_3/mapping/HK4-mcf-3_bwa_sort.mpileup, ../TargetSeq-293T-HEK4-BE4-rep2/cutoff_3/mapping/HK4-mcf-4_bwa_sort.mpileup, ../TargetSeq-293T-HEK4-BE4-rep2/cutoff_3/mapping/HK4-mcf-5_bwa_sort.mpileup, ../TargetSeq-293T-HEK4-BE4-rep2/cutoff_3/mapping/HK4-mcf-6_bwa_sort.mpileup, ../TargetSeq-293T-HEK4-BE4-rep2/cutoff_3/mapping/HK4-mcf-7_bwa_sort.mpileup, ../TargetSeq-293T-HEK4-BE4-rep2/cutoff_3/mapping/HK4-mcf-8_bwa_sort.mpileup, ../TargetSeq-293T-HEK4-BE4-rep2/cutoff_3/mapping/HK4-mcf-9_bwa_sort.mpileup, ../TargetSeq-293T-HEK4-BE4-rep2/cutoff_3/mapping/HK4-mcf-10_bwa_sort.mpileup, ../TargetSeq-293T-HEK4-BE4-rep2/cutoff_3/mapping/HK4-mcf-11_bwa_sort.mpileup, ../TargetSeq-293T-HEK4-BE4-rep2/cutoff_3/mapping/HK4-mcf-12_bwa_sort.mpileup, ../TargetSeq-293T-HEK4-BE4-rep2/cutoff_3/mapping/HK4-mcf-13_bwa_sort.mpileup, ../TargetSeq-293T-HEK4-BE4-rep2/cutoff_3/mapping/HK4-mcf-14_bwa_sort.mpileup, ../TargetSeq-293T-HEK4-BE4-rep2/cutoff_3/mapping/HK4-mcf-15_bwa_sort.mpileup, ../TargetSeq-MCF7-HEK4-BE4-rep1/cutoff_3/mapping/HK4-mcf-1_bwa_sort.mpileup, ../TargetSeq-MCF7-HEK4-BE4-rep1/cutoff_3/mapping/HK4-mcf-2_bwa_sort.mpileup, ../TargetSeq-MCF7-HEK4-BE4-rep1/cutoff_3/mapping/HK4-mcf-3_bwa_sort.mpileup, ../TargetSeq-MCF7-HEK4-BE4-rep1/cutoff_3/mapping/HK4-mcf-4_bwa_sort.mpileup, ../TargetSeq-MCF7-HEK4-BE4-rep1/cutoff_3/mapping/HK4-mcf-5_bwa_sort.mpileup, ../TargetSeq-MCF7-HEK4-BE4-rep1/cutoff_3/mapping/HK4-mcf-6_bwa_sort.mpileup, ../TargetSeq-MCF7-HEK4-BE4-rep1/cutoff_3/mapping/HK4-mcf-7_bwa_sort.mpileup, ../TargetSeq-MCF7-HEK4-BE4-rep1/cutoff_3/mapping/HK4-mcf-8_bwa_sort.mpileup, ../TargetSeq-MCF7-HEK4-BE4-rep1/cutoff_3/mapping/HK4-mcf-9_bwa_sort.mpileup, ../TargetSeq-MCF7-HEK4-BE4-rep1/cutoff_3/mapping/HK4-mcf-10_bwa_sort.mpileup, ../TargetSeq-MCF7-HEK4-BE4-rep1/cutoff_3/mapping/HK4-mcf-11_bwa_sort.mpileup, ../TargetSeq-MCF7-HEK4-BE4-rep1/cutoff_3/mapping/HK4-mcf-12_bwa_sort.mpileup, ../TargetSeq-MCF7-HEK4-BE4-rep1/cutoff_3/mapping/HK4-mcf-13_bwa_sort.mpileup, ../TargetSeq-MCF7-HEK4-BE4-rep1/cutoff_3/mapping/HK4-mcf-14_bwa_sort.mpileup, ../TargetSeq-MCF7-HEK4-BE4-rep1/cutoff_3/mapping/HK4-mcf-15_bwa_sort.mpileup, ../TargetSeq-MCF7-HEK4-BE4-rep2/cutoff_3/mapping/HK4-mcf-1_bwa_sort.mpileup, ../TargetSeq-MCF7-HEK4-BE4-rep2/cutoff_3/mapping/HK4-mcf-2_bwa_sort.mpileup, ../TargetSeq-MCF7-HEK4-BE4-rep2/cutoff_3/mapping/HK4-mcf-3_bwa_sort.mpileup, ../TargetSeq-MCF7-HEK4-BE4-rep2/cutoff_3/mapping/HK4-mcf-4_bwa_sort.mpileup, ../TargetSeq-MCF7-HEK4-BE4-rep2/cutoff_3/mapping/HK4-mcf-5_bwa_sort.mpileup, ../TargetSeq-MCF7-HEK4-BE4-rep2/cutoff_3/mapping/HK4-mcf-6_bwa_sort.mpileup, ../TargetSeq-MCF7-HEK4-BE4-rep2/cutoff_3/mapping/HK4-mcf-7_bwa_sort.mpileup, ../TargetSeq-MCF7-HEK4-BE4-rep2/cutoff_3/mapping/HK4-mcf-8_bwa_sort.mpileup, ../TargetSeq-MCF7-HEK4-BE4-rep2/cutoff_3/mapping/HK4-mcf-9_bwa_sort.mpileup, ../TargetSeq-MCF7-HEK4-BE4-rep2/cutoff_3/mapping/HK4-mcf-10_bwa_sort.mpileup, ../TargetSeq-MCF7-HEK4-BE4-rep2/cutoff_3/mapping/HK4-mcf-11_bwa_sort.mpileup, ../TargetSeq-MCF7-HEK4-BE4-rep2/cutoff_3/mapping/HK4-mcf-12_bwa_sort.mpileup, ../TargetSeq-MCF7-HEK4-BE4-rep2/cutoff_3/mapping/HK4-mcf-13_bwa_sort.mpileup, ../TargetSeq-MCF7-HEK4-BE4-rep2/cutoff_3/mapping/HK4-mcf-14_bwa_sort.mpileup, ../TargetSeq-MCF7-HEK4-BE4-rep2/cutoff_3/mapping/HK4-mcf-15_bwa_sort.mpileup, ../TargetSeq-293T-HEK4-BE4-rep1/cutoff_3/mapping/HK4-mcf-1_bwa_sort.bmat, ../TargetSeq-293T-HEK4-BE4-rep1/cutoff_3/mapping/HK4-mcf-2_bwa_sort.bmat, ../TargetSeq-293T-HEK4-BE4-rep1/cutoff_3/mapping/HK4-mcf-3_bwa_sort.bmat, ../TargetSeq-293T-HEK4-BE4-rep1/cutoff_3/mapping/HK4-mcf-4_bwa_sort.bmat, ../TargetSeq-293T-HEK4-BE4-rep1/cutoff_3/mapping/HK4-mcf-5_bwa_sort.bmat, ../TargetSeq-293T-HEK4-BE4-rep1/cutoff_3/mapping/HK4-mcf-6_bwa_sort.bmat, ../TargetSeq-293T-HEK4-BE4-rep1/cutoff_3/mapping/HK4-mcf-7_bwa_sort.bmat, ../TargetSeq-293T-HEK4-BE4-rep1/cutoff_3/mapping/HK4-mcf-8_bwa_sort.bmat, ../TargetSeq-293T-HEK4-BE4-rep1/cutoff_3/mapping/HK4-mcf-9_bwa_sort.bmat, ../TargetSeq-293T-HEK4-BE4-rep1/cutoff_3/mapping/HK4-mcf-10_bwa_sort.bmat, ../TargetSeq-293T-HEK4-BE4-rep1/cutoff_3/mapping/HK4-mcf-11_bwa_sort.bmat, ../TargetSeq-293T-HEK4-BE4-rep1/cutoff_3/mapping/HK4-mcf-12_bwa_sort.bmat, ../TargetSeq-293T-HEK4-BE4-rep1/cutoff_3/mapping/HK4-mcf-13_bwa_sort.bmat, ../TargetSeq-293T-HEK4-BE4-rep1/cutoff_3/mapping/HK4-mcf-14_bwa_sort.bmat, ../TargetSeq-293T-HEK4-BE4-rep1/cutoff_3/mapping/HK4-mcf-15_bwa_sort.bmat, ../TargetSeq-293T-HEK4-BE4-rep2/cutoff_3/mapping/HK4-mcf-1_bwa_sort.bmat, ../TargetSeq-293T-HEK4-BE4-rep2/cutoff_3/mapping/HK4-mcf-2_bwa_sort.bmat, ../TargetSeq-293T-HEK4-BE4-rep2/cutoff_3/mapping/HK4-mcf-3_bwa_sort.bmat, ../TargetSeq-293T-HEK4-BE4-rep2/cutoff_3/mapping/HK4-mcf-4_bwa_sort.bmat, ../TargetSeq-293T-HEK4-BE4-rep2/cutoff_3/mapping/HK4-mcf-5_bwa_sort.bmat, ../TargetSeq-293T-HEK4-BE4-rep2/cutoff_3/mapping/HK4-mcf-6_bwa_sort.bmat, ../TargetSeq-293T-HEK4-BE4-rep2/cutoff_3/mapping/HK4-mcf-7_bwa_sort.bmat, ../TargetSeq-293T-HEK4-BE4-rep2/cutoff_3/mapping/HK4-mcf-8_bwa_sort.bmat, ../TargetSeq-293T-HEK4-BE4-rep2/cutoff_3/mapping/HK4-mcf-9_bwa_sort.bmat, ../TargetSeq-293T-HEK4-BE4-rep2/cutoff_3/mapping/HK4-mcf-10_bwa_sort.bmat, ../TargetSeq-293T-HEK4-BE4-rep2/cutoff_3/mapping/HK4-mcf-11_bwa_sort.bmat, ../TargetSeq-293T-HEK4-BE4-rep2/cutoff_3/mapping/HK4-mcf-12_bwa_sort.bmat, ../TargetSeq-293T-HEK4-BE4-rep2/cutoff_3/mapping/HK4-mcf-13_bwa_sort.bmat, ../TargetSeq-293T-HEK4-BE4-rep2/cutoff_3/mapping/HK4-mcf-14_bwa_sort.bmat, ../TargetSeq-293T-HEK4-BE4-rep2/cutoff_3/mapping/HK4-mcf-15_bwa_sort.bmat, ../TargetSeq-MCF7-HEK4-BE4-rep1/cutoff_3/mapping/HK4-mcf-1_bwa_sort.bmat, ../TargetSeq-MCF7-HEK4-BE4-rep1/cutoff_3/mapping/HK4-mcf-2_bwa_sort.bmat, ../TargetSeq-MCF7-HEK4-BE4-rep1/cutoff_3/mapping/HK4-mcf-3_bwa_sort.bmat, ../TargetSeq-MCF7-HEK4-BE4-rep1/cutoff_3/mapping/HK4-mcf-4_bwa_sort.bmat, ../TargetSeq-MCF7-HEK4-BE4-rep1/cutoff_3/mapping/HK4-mcf-5_bwa_sort.bmat, ../TargetSeq-MCF7-HEK4-BE4-rep1/cutoff_3/mapping/HK4-mcf-6_bwa_sort.bmat, ../TargetSeq-MCF7-HEK4-BE4-rep1/cutoff_3/mapping/HK4-mcf-7_bwa_sort.bmat, ../TargetSeq-MCF7-HEK4-BE4-rep1/cutoff_3/mapping/HK4-mcf-8_bwa_sort.bmat, ../TargetSeq-MCF7-HEK4-BE4-rep1/cutoff_3/mapping/HK4-mcf-9_bwa_sort.bmat, ../TargetSeq-MCF7-HEK4-BE4-rep1/cutoff_3/mapping/HK4-mcf-10_bwa_sort.bmat, ../TargetSeq-MCF7-HEK4-BE4-rep1/cutoff_3/mapping/HK4-mcf-11_bwa_sort.bmat, ../TargetSeq-MCF7-HEK4-BE4-rep1/cutoff_3/mapping/HK4-mcf-12_bwa_sort.bmat, ../TargetSeq-MCF7-HEK4-BE4-rep1/cutoff_3/mapping/HK4-mcf-13_bwa_sort.bmat, ../TargetSeq-MCF7-HEK4-BE4-rep1/cutoff_3/mapping/HK4-mcf-14_bwa_sort.bmat, ../TargetSeq-MCF7-HEK4-BE4-rep1/cutoff_3/mapping/HK4-mcf-15_bwa_sort.bmat, ../TargetSeq-MCF7-HEK4-BE4-rep2/cutoff_3/mapping/HK4-mcf-1_bwa_sort.bmat, ../TargetSeq-MCF7-HEK4-BE4-rep2/cutoff_3/mapping/HK4-mcf-2_bwa_sort.bmat, ../TargetSeq-MCF7-HEK4-BE4-rep2/cutoff_3/mapping/HK4-mcf-3_bwa_sort.bmat, ../TargetSeq-MCF7-HEK4-BE4-rep2/cutoff_3/mapping/HK4-mcf-4_bwa_sort.bmat, ../TargetSeq-MCF7-HEK4-BE4-rep2/cutoff_3/mapping/HK4-mcf-5_bwa_sort.bmat, ../TargetSeq-MCF7-HEK4-BE4-rep2/cutoff_3/mapping/HK4-mcf-6_bwa_sort.bmat, ../TargetSeq-MCF7-HEK4-BE4-rep2/cutoff_3/mapping/HK4-mcf-7_bwa_sort.bmat, ../TargetSeq-MCF7-HEK4-BE4-rep2/cutoff_3/mapping/HK4-mcf-8_bwa_sort.bmat, ../TargetSeq-MCF7-HEK4-BE4-rep2/cutoff_3/mapping/HK4-mcf-9_bwa_sort.bmat, ../TargetSeq-MCF7-HEK4-BE4-rep2/cutoff_3/mapping/HK4-mcf-10_bwa_sort.bmat, ../TargetSeq-MCF7-HEK4-BE4-rep2/cutoff_3/mapping/HK4-mcf-11_bwa_sort.bmat, ../TargetSeq-MCF7-HEK4-BE4-rep2/cutoff_3/mapping/HK4-mcf-12_bwa_sort.bmat, ../TargetSeq-MCF7-HEK4-BE4-rep2/cutoff_3/mapping/HK4-mcf-13_bwa_sort.bmat, ../TargetSeq-MCF7-HEK4-BE4-rep2/cutoff_3/mapping/HK4-mcf-14_bwa_sort.bmat, ../TargetSeq-MCF7-HEK4-BE4-rep2/cutoff_3/mapping/HK4-mcf-15_bwa_sort.bmat, ../all_plot/cutoff_3.ext50/TargetSeq-293T-HEK4-BE4-rep1_HK4-mcf-1_cutoff_3_indel.ext50.pdf, ../all_plot/cutoff_3.ext50/TargetSeq-293T-HEK4-BE4-rep1_HK4-mcf-2_cutoff_3_indel.ext50.pdf, ../all_plot/cutoff_3.ext50/TargetSeq-293T-HEK4-BE4-rep1_HK4-mcf-3_cutoff_3_indel.ext50.pdf, ../all_plot/cutoff_3.ext50/TargetSeq-293T-HEK4-BE4-rep1_HK4-mcf-4_cutoff_3_indel.ext50.pdf, ../all_plot/cutoff_3.ext50/TargetSeq-293T-HEK4-BE4-rep1_HK4-mcf-5_cutoff_3_indel.ext50.pdf, ../all_plot/cutoff_3.ext50/TargetSeq-293T-HEK4-BE4-rep1_HK4-mcf-6_cutoff_3_indel.ext50.pdf, ../all_plot/cutoff_3.ext50/TargetSeq-293T-HEK4-BE4-rep1_HK4-mcf-7_cutoff_3_indel.ext50.pdf, ../all_plot/cutoff_3.ext50/TargetSeq-293T-HEK4-BE4-rep1_HK4-mcf-8_cutoff_3_indel.ext50.pdf, ../all_plot/cutoff_3.ext50/TargetSeq-293T-HEK4-BE4-rep1_HK4-mcf-9_cutoff_3_indel.ext50.pdf, ../all_plot/cutoff_3.ext50/TargetSeq-293T-HEK4-BE4-rep1_HK4-mcf-10_cutoff_3_indel.ext50.pdf, ../all_plot/cutoff_3.ext50/TargetSeq-293T-HEK4-BE4-rep1_HK4-mcf-11_cutoff_3_indel.ext50.pdf, ../all_plot/cutoff_3.ext50/TargetSeq-293T-HEK4-BE4-rep1_HK4-mcf-12_cutoff_3_indel.ext50.pdf, ../all_plot/cutoff_3.ext50/TargetSeq-293T-HEK4-BE4-rep1_HK4-mcf-13_cutoff_3_indel.ext50.pdf, ../all_plot/cutoff_3.ext50/TargetSeq-293T-HEK4-BE4-rep1_HK4-mcf-14_cutoff_3_indel.ext50.pdf, ../all_plot/cutoff_3.ext50/TargetSeq-293T-HEK4-BE4-rep1_HK4-mcf-15_cutoff_3_indel.ext50.pdf, ../all_plot/cutoff_3.ext50/TargetSeq-293T-HEK4-BE4-rep2_HK4-mcf-1_cutoff_3_indel.ext50.pdf, ../all_plot/cutoff_3.ext50/TargetSeq-293T-HEK4-BE4-rep2_HK4-mcf-2_cutoff_3_indel.ext50.pdf, ../all_plot/cutoff_3.ext50/TargetSeq-293T-HEK4-BE4-rep2_HK4-mcf-3_cutoff_3_indel.ext50.pdf, ../all_plot/cutoff_3.ext50/TargetSeq-293T-HEK4-BE4-rep2_HK4-mcf-4_cutoff_3_indel.ext50.pdf, ../all_plot/cutoff_3.ext50/TargetSeq-293T-HEK4-BE4-rep2_HK4-mcf-5_cutoff_3_indel.ext50.pdf, ../all_plot/cutoff_3.ext50/TargetSeq-293T-HEK4-BE4-rep2_HK4-mcf-6_cutoff_3_indel.ext50.pdf, ../all_plot/cutoff_3.ext50/TargetSeq-293T-HEK4-BE4-rep2_HK4-mcf-7_cutoff_3_indel.ext50.pdf, ../all_plot/cutoff_3.ext50/TargetSeq-293T-HEK4-BE4-rep2_HK4-mcf-8_cutoff_3_indel.ext50.pdf, ../all_plot/cutoff_3.ext50/TargetSeq-293T-HEK4-BE4-rep2_HK4-mcf-9_cutoff_3_indel.ext50.pdf, ../all_plot/cutoff_3.ext50/TargetSeq-293T-HEK4-BE4-rep2_HK4-mcf-10_cutoff_3_indel.ext50.pdf, ../all_plot/cutoff_3.ext50/TargetSeq-293T-HEK4-BE4-rep2_HK4-mcf-11_cutoff_3_indel.ext50.pdf, ../all_plot/cutoff_3.ext50/TargetSeq-293T-HEK4-BE4-rep2_HK4-mcf-12_cutoff_3_indel.ext50.pdf, ../all_plot/cutoff_3.ext50/TargetSeq-293T-HEK4-BE4-rep2_HK4-mcf-13_cutoff_3_indel.ext50.pdf, ../all_plot/cutoff_3.ext50/TargetSeq-293T-HEK4-BE4-rep2_HK4-mcf-14_cutoff_3_indel.ext50.pdf, ../all_plot/cutoff_3.ext50/TargetSeq-293T-HEK4-BE4-rep2_HK4-mcf-15_cutoff_3_indel.ext50.pdf, ../all_plot/cutoff_3.ext50/TargetSeq-MCF7-HEK4-BE4-rep1_HK4-mcf-1_cutoff_3_indel.ext50.pdf, ../all_plot/cutoff_3.ext50/TargetSeq-MCF7-HEK4-BE4-rep1_HK4-mcf-2_cutoff_3_indel.ext50.pdf, ../all_plot/cutoff_3.ext50/TargetSeq-MCF7-HEK4-BE4-rep1_HK4-mcf-3_cutoff_3_indel.ext50.pdf, ../all_plot/cutoff_3.ext50/TargetSeq-MCF7-HEK4-BE4-rep1_HK4-mcf-4_cutoff_3_indel.ext50.pdf, ../all_plot/cutoff_3.ext50/TargetSeq-MCF7-HEK4-BE4-rep1_HK4-mcf-5_cutoff_3_indel.ext50.pdf, ../all_plot/cutoff_3.ext50/TargetSeq-MCF7-HEK4-BE4-rep1_HK4-mcf-6_cutoff_3_indel.ext50.pdf, ../all_plot/cutoff_3.ext50/TargetSeq-MCF7-HEK4-BE4-rep1_HK4-mcf-7_cutoff_3_indel.ext50.pdf, ../all_plot/cutoff_3.ext50/TargetSeq-MCF7-HEK4-BE4-rep1_HK4-mcf-8_cutoff_3_indel.ext50.pdf, ../all_plot/cutoff_3.ext50/TargetSeq-MCF7-HEK4-BE4-rep1_HK4-mcf-9_cutoff_3_indel.ext50.pdf, ../all_plot/cutoff_3.ext50/TargetSeq-MCF7-HEK4-BE4-rep1_HK4-mcf-10_cutoff_3_indel.ext50.pdf, ../all_plot/cutoff_3.ext50/TargetSeq-MCF7-HEK4-BE4-rep1_HK4-mcf-11_cutoff_3_indel.ext50.pdf, ../all_plot/cutoff_3.ext50/TargetSeq-MCF7-HEK4-BE4-rep1_HK4-mcf-12_cutoff_3_indel.ext50.pdf, ../all_plot/cutoff_3.ext50/TargetSeq-MCF7-HEK4-BE4-rep1_HK4-mcf-13_cutoff_3_indel.ext50.pdf, ../all_plot/cutoff_3.ext50/TargetSeq-MCF7-HEK4-BE4-rep1_HK4-mcf-14_cutoff_3_indel.ext50.pdf, ../all_plot/cutoff_3.ext50/TargetSeq-MCF7-HEK4-BE4-rep1_HK4-mcf-15_cutoff_3_indel.ext50.pdf, ../all_plot/cutoff_3.ext50/TargetSeq-MCF7-HEK4-BE4-rep2_HK4-mcf-1_cutoff_3_indel.ext50.pdf, ../all_plot/cutoff_3.ext50/TargetSeq-MCF7-HEK4-BE4-rep2_HK4-mcf-2_cutoff_3_indel.ext50.pdf, ../all_plot/cutoff_3.ext50/TargetSeq-MCF7-HEK4-BE4-rep2_HK4-mcf-3_cutoff_3_indel.ext50.pdf, ../all_plot/cutoff_3.ext50/TargetSeq-MCF7-HEK4-BE4-rep2_HK4-mcf-4_cutoff_3_indel.ext50.pdf, ../all_plot/cutoff_3.ext50/TargetSeq-MCF7-HEK4-BE4-rep2_HK4-mcf-5_cutoff_3_indel.ext50.pdf, ../all_plot/cutoff_3.ext50/TargetSeq-MCF7-HEK4-BE4-rep2_HK4-mcf-6_cutoff_3_indel.ext50.pdf, ../all_plot/cutoff_3.ext50/TargetSeq-MCF7-HEK4-BE4-rep2_HK4-mcf-7_cutoff_3_indel.ext50.pdf, ../all_plot/cutoff_3.ext50/TargetSeq-MCF7-HEK4-BE4-rep2_HK4-mcf-8_cutoff_3_indel.ext50.pdf, ../all_plot/cutoff_3.ext50/TargetSeq-MCF7-HEK4-BE4-rep2_HK4-mcf-9_cutoff_3_indel.ext50.pdf, ../all_plot/cutoff_3.ext50/TargetSeq-MCF7-HEK4-BE4-rep2_HK4-mcf-10_cutoff_3_indel.ext50.pdf, ../all_plot/cutoff_3.ext50/TargetSeq-MCF7-HEK4-BE4-rep2_HK4-mcf-11_cutoff_3_indel.ext50.pdf, ../all_plot/cutoff_3.ext50/TargetSeq-MCF7-HEK4-BE4-rep2_HK4-mcf-12_cutoff_3_indel.ext50.pdf, ../all_plot/cutoff_3.ext50/TargetSeq-MCF7-HEK4-BE4-rep2_HK4-mcf-13_cutoff_3_indel.ext50.pdf, ../all_plot/cutoff_3.ext50/TargetSeq-MCF7-HEK4-BE4-rep2_HK4-mcf-14_cutoff_3_indel.ext50.pdf, ../all_plot/cutoff_3.ext50/TargetSeq-MCF7-HEK4-BE4-rep2_HK4-mcf-15_cutoff_3_indel.ext50.pdf
    jobid: 0

[Thu Aug  6 13:32:42 2020]
Finished job 0.
61 of 61 steps (100%) done
Complete log: /gpfs/user/zhaohuanan/3.project/7.2020-08_practice_Target-seq/snakepipes_target-seq-from-table-to-plot/.snakemake/log/2020-08-06T132819.045861.snakemake.log
