Building DAG of jobs...
Using shell: /usr/bin/bash
Provided cluster nodes: 12
Job counts:
	count	jobs
	24	MergeFastq
	1	all
	25
Select jobs to execute...

[Tue Aug  3 20:39:18 2021]
rule MergeFastq:
    input: ../TargetSeq-ABE8e-HEK4-rep1
    output: ../TargetSeq-ABE8e-HEK4-rep1/cutoff_10/ABE8e-HEK4-rep1_cutoff_10.report
    log: ../TargetSeq-ABE8e-HEK4-rep1/cutoff_10/ABE8e-HEK4-rep1_cutoff_10.log
    jobid: 9
    reason: Missing output files: ../TargetSeq-ABE8e-HEK4-rep1/cutoff_10/ABE8e-HEK4-rep1_cutoff_10.report
    wildcards: lib=ABE8e-HEK4-rep1, cutoff=10


        /lustre1/chengqiyi_pkuhpc/zhaohn/0.apps/miniconda3/envs/snakepipes_py27/bin/python ./program/target_seq_merge_fq_V03.py         -i ../TargetSeq-ABE8e-HEK4-rep1         -p ./primer_table/ABE.txt         -o ../TargetSeq-ABE8e-HEK4-rep1/cutoff_10         -r ../TargetSeq-ABE8e-HEK4-rep1/cutoff_10/ABE8e-HEK4-rep1_cutoff_10.report         --MinMergeReadNumCutoff 10  > ../TargetSeq-ABE8e-HEK4-rep1/cutoff_10/ABE8e-HEK4-rep1_cutoff_10.log 2>&1
        
Submitted job 9 with external jobid 'Submitted batch job 10093076'.

[Tue Aug  3 20:39:18 2021]
rule MergeFastq:
    input: ../TargetSeq-CBE-HEK4-rep2
    output: ../TargetSeq-CBE-HEK4-rep2/cutoff_10/CBE-HEK4-rep2_cutoff_10.report
    log: ../TargetSeq-CBE-HEK4-rep2/cutoff_10/CBE-HEK4-rep2_cutoff_10.log
    jobid: 24
    reason: Missing output files: ../TargetSeq-CBE-HEK4-rep2/cutoff_10/CBE-HEK4-rep2_cutoff_10.report
    wildcards: lib=CBE-HEK4-rep2, cutoff=10


        /lustre1/chengqiyi_pkuhpc/zhaohn/0.apps/miniconda3/envs/snakepipes_py27/bin/python ./program/target_seq_merge_fq_V03.py         -i ../TargetSeq-CBE-HEK4-rep2         -p ./primer_table/ABE.txt         -o ../TargetSeq-CBE-HEK4-rep2/cutoff_10         -r ../TargetSeq-CBE-HEK4-rep2/cutoff_10/CBE-HEK4-rep2_cutoff_10.report         --MinMergeReadNumCutoff 10  > ../TargetSeq-CBE-HEK4-rep2/cutoff_10/CBE-HEK4-rep2_cutoff_10.log 2>&1
        
Submitted job 24 with external jobid 'Submitted batch job 10093077'.

[Tue Aug  3 20:39:18 2021]
rule MergeFastq:
    input: ../TargetSeq-ABE-HEK4-rep2
    output: ../TargetSeq-ABE-HEK4-rep2/cutoff_3/ABE-HEK4-rep2_cutoff_3.report
    log: ../TargetSeq-ABE-HEK4-rep2/cutoff_3/ABE-HEK4-rep2_cutoff_3.log
    jobid: 4
    reason: Missing output files: ../TargetSeq-ABE-HEK4-rep2/cutoff_3/ABE-HEK4-rep2_cutoff_3.report
    wildcards: lib=ABE-HEK4-rep2, cutoff=3


        /lustre1/chengqiyi_pkuhpc/zhaohn/0.apps/miniconda3/envs/snakepipes_py27/bin/python ./program/target_seq_merge_fq_V03.py         -i ../TargetSeq-ABE-HEK4-rep2         -p ./primer_table/ABE.txt         -o ../TargetSeq-ABE-HEK4-rep2/cutoff_3         -r ../TargetSeq-ABE-HEK4-rep2/cutoff_3/ABE-HEK4-rep2_cutoff_3.report         --MinMergeReadNumCutoff 3  > ../TargetSeq-ABE-HEK4-rep2/cutoff_3/ABE-HEK4-rep2_cutoff_3.log 2>&1
        
Submitted job 4 with external jobid 'Submitted batch job 10093078'.

[Tue Aug  3 20:39:18 2021]
rule MergeFastq:
    input: ../TargetSeq-ABE8e-HEK4-rep2
    output: ../TargetSeq-ABE8e-HEK4-rep2/cutoff_5/ABE8e-HEK4-rep2_cutoff_5.report
    log: ../TargetSeq-ABE8e-HEK4-rep2/cutoff_5/ABE8e-HEK4-rep2_cutoff_5.log
    jobid: 11
    reason: Missing output files: ../TargetSeq-ABE8e-HEK4-rep2/cutoff_5/ABE8e-HEK4-rep2_cutoff_5.report
    wildcards: lib=ABE8e-HEK4-rep2, cutoff=5


        /lustre1/chengqiyi_pkuhpc/zhaohn/0.apps/miniconda3/envs/snakepipes_py27/bin/python ./program/target_seq_merge_fq_V03.py         -i ../TargetSeq-ABE8e-HEK4-rep2         -p ./primer_table/ABE.txt         -o ../TargetSeq-ABE8e-HEK4-rep2/cutoff_5         -r ../TargetSeq-ABE8e-HEK4-rep2/cutoff_5/ABE8e-HEK4-rep2_cutoff_5.report         --MinMergeReadNumCutoff 5  > ../TargetSeq-ABE8e-HEK4-rep2/cutoff_5/ABE8e-HEK4-rep2_cutoff_5.log 2>&1
        
Submitted job 11 with external jobid 'Submitted batch job 10093079'.

[Tue Aug  3 20:39:18 2021]
rule MergeFastq:
    input: ../TargetSeq-CBE-HEK4-rep1
    output: ../TargetSeq-CBE-HEK4-rep1/cutoff_3/CBE-HEK4-rep1_cutoff_3.report
    log: ../TargetSeq-CBE-HEK4-rep1/cutoff_3/CBE-HEK4-rep1_cutoff_3.log
    jobid: 19
    reason: Missing output files: ../TargetSeq-CBE-HEK4-rep1/cutoff_3/CBE-HEK4-rep1_cutoff_3.report
    wildcards: lib=CBE-HEK4-rep1, cutoff=3


        /lustre1/chengqiyi_pkuhpc/zhaohn/0.apps/miniconda3/envs/snakepipes_py27/bin/python ./program/target_seq_merge_fq_V03.py         -i ../TargetSeq-CBE-HEK4-rep1         -p ./primer_table/ABE.txt         -o ../TargetSeq-CBE-HEK4-rep1/cutoff_3         -r ../TargetSeq-CBE-HEK4-rep1/cutoff_3/CBE-HEK4-rep1_cutoff_3.report         --MinMergeReadNumCutoff 3  > ../TargetSeq-CBE-HEK4-rep1/cutoff_3/CBE-HEK4-rep1_cutoff_3.log 2>&1
        
Submitted job 19 with external jobid 'Submitted batch job 10093080'.

[Tue Aug  3 20:39:18 2021]
rule MergeFastq:
    input: ../TargetSeq-ABE8e-HEK4-rep1
    output: ../TargetSeq-ABE8e-HEK4-rep1/cutoff_5/ABE8e-HEK4-rep1_cutoff_5.report
    log: ../TargetSeq-ABE8e-HEK4-rep1/cutoff_5/ABE8e-HEK4-rep1_cutoff_5.log
    jobid: 8
    reason: Missing output files: ../TargetSeq-ABE8e-HEK4-rep1/cutoff_5/ABE8e-HEK4-rep1_cutoff_5.report
    wildcards: lib=ABE8e-HEK4-rep1, cutoff=5


        /lustre1/chengqiyi_pkuhpc/zhaohn/0.apps/miniconda3/envs/snakepipes_py27/bin/python ./program/target_seq_merge_fq_V03.py         -i ../TargetSeq-ABE8e-HEK4-rep1         -p ./primer_table/ABE.txt         -o ../TargetSeq-ABE8e-HEK4-rep1/cutoff_5         -r ../TargetSeq-ABE8e-HEK4-rep1/cutoff_5/ABE8e-HEK4-rep1_cutoff_5.report         --MinMergeReadNumCutoff 5  > ../TargetSeq-ABE8e-HEK4-rep1/cutoff_5/ABE8e-HEK4-rep1_cutoff_5.log 2>&1
        
Submitted job 8 with external jobid 'Submitted batch job 10093081'.

[Tue Aug  3 20:39:18 2021]
rule MergeFastq:
    input: ../TargetSeq-ACBE-HEK4-rep1
    output: ../TargetSeq-ACBE-HEK4-rep1/cutoff_10/ACBE-HEK4-rep1_cutoff_10.report
    log: ../TargetSeq-ACBE-HEK4-rep1/cutoff_10/ACBE-HEK4-rep1_cutoff_10.log
    jobid: 15
    reason: Missing output files: ../TargetSeq-ACBE-HEK4-rep1/cutoff_10/ACBE-HEK4-rep1_cutoff_10.report
    wildcards: lib=ACBE-HEK4-rep1, cutoff=10


        /lustre1/chengqiyi_pkuhpc/zhaohn/0.apps/miniconda3/envs/snakepipes_py27/bin/python ./program/target_seq_merge_fq_V03.py         -i ../TargetSeq-ACBE-HEK4-rep1         -p ./primer_table/ABE.txt         -o ../TargetSeq-ACBE-HEK4-rep1/cutoff_10         -r ../TargetSeq-ACBE-HEK4-rep1/cutoff_10/ACBE-HEK4-rep1_cutoff_10.report         --MinMergeReadNumCutoff 10  > ../TargetSeq-ACBE-HEK4-rep1/cutoff_10/ACBE-HEK4-rep1_cutoff_10.log 2>&1
        
Submitted job 15 with external jobid 'Submitted batch job 10093082'.

[Tue Aug  3 20:39:18 2021]
rule MergeFastq:
    input: ../TargetSeq-CBE-HEK4-rep2
    output: ../TargetSeq-CBE-HEK4-rep2/cutoff_5/CBE-HEK4-rep2_cutoff_5.report
    log: ../TargetSeq-CBE-HEK4-rep2/cutoff_5/CBE-HEK4-rep2_cutoff_5.log
    jobid: 23
    reason: Missing output files: ../TargetSeq-CBE-HEK4-rep2/cutoff_5/CBE-HEK4-rep2_cutoff_5.report
    wildcards: lib=CBE-HEK4-rep2, cutoff=5


        /lustre1/chengqiyi_pkuhpc/zhaohn/0.apps/miniconda3/envs/snakepipes_py27/bin/python ./program/target_seq_merge_fq_V03.py         -i ../TargetSeq-CBE-HEK4-rep2         -p ./primer_table/ABE.txt         -o ../TargetSeq-CBE-HEK4-rep2/cutoff_5         -r ../TargetSeq-CBE-HEK4-rep2/cutoff_5/CBE-HEK4-rep2_cutoff_5.report         --MinMergeReadNumCutoff 5  > ../TargetSeq-CBE-HEK4-rep2/cutoff_5/CBE-HEK4-rep2_cutoff_5.log 2>&1
        
Submitted job 23 with external jobid 'Submitted batch job 10093083'.

[Tue Aug  3 20:39:19 2021]
rule MergeFastq:
    input: ../TargetSeq-ABE8e-HEK4-rep2
    output: ../TargetSeq-ABE8e-HEK4-rep2/cutoff_3/ABE8e-HEK4-rep2_cutoff_3.report
    log: ../TargetSeq-ABE8e-HEK4-rep2/cutoff_3/ABE8e-HEK4-rep2_cutoff_3.log
    jobid: 10
    reason: Missing output files: ../TargetSeq-ABE8e-HEK4-rep2/cutoff_3/ABE8e-HEK4-rep2_cutoff_3.report
    wildcards: lib=ABE8e-HEK4-rep2, cutoff=3


        /lustre1/chengqiyi_pkuhpc/zhaohn/0.apps/miniconda3/envs/snakepipes_py27/bin/python ./program/target_seq_merge_fq_V03.py         -i ../TargetSeq-ABE8e-HEK4-rep2         -p ./primer_table/ABE.txt         -o ../TargetSeq-ABE8e-HEK4-rep2/cutoff_3         -r ../TargetSeq-ABE8e-HEK4-rep2/cutoff_3/ABE8e-HEK4-rep2_cutoff_3.report         --MinMergeReadNumCutoff 3  > ../TargetSeq-ABE8e-HEK4-rep2/cutoff_3/ABE8e-HEK4-rep2_cutoff_3.log 2>&1
        
Submitted job 10 with external jobid 'Submitted batch job 10093084'.

[Tue Aug  3 20:39:19 2021]
rule MergeFastq:
    input: ../TargetSeq-ABE-HEK4-rep1
    output: ../TargetSeq-ABE-HEK4-rep1/cutoff_10/ABE-HEK4-rep1_cutoff_10.report
    log: ../TargetSeq-ABE-HEK4-rep1/cutoff_10/ABE-HEK4-rep1_cutoff_10.log
    jobid: 3
    reason: Missing output files: ../TargetSeq-ABE-HEK4-rep1/cutoff_10/ABE-HEK4-rep1_cutoff_10.report
    wildcards: lib=ABE-HEK4-rep1, cutoff=10


        /lustre1/chengqiyi_pkuhpc/zhaohn/0.apps/miniconda3/envs/snakepipes_py27/bin/python ./program/target_seq_merge_fq_V03.py         -i ../TargetSeq-ABE-HEK4-rep1         -p ./primer_table/ABE.txt         -o ../TargetSeq-ABE-HEK4-rep1/cutoff_10         -r ../TargetSeq-ABE-HEK4-rep1/cutoff_10/ABE-HEK4-rep1_cutoff_10.report         --MinMergeReadNumCutoff 10  > ../TargetSeq-ABE-HEK4-rep1/cutoff_10/ABE-HEK4-rep1_cutoff_10.log 2>&1
        
Submitted job 3 with external jobid 'Submitted batch job 10093085'.

[Tue Aug  3 20:39:19 2021]
rule MergeFastq:
    input: ../TargetSeq-ACBE-HEK4-rep2
    output: ../TargetSeq-ACBE-HEK4-rep2/cutoff_10/ACBE-HEK4-rep2_cutoff_10.report
    log: ../TargetSeq-ACBE-HEK4-rep2/cutoff_10/ACBE-HEK4-rep2_cutoff_10.log
    jobid: 18
    reason: Missing output files: ../TargetSeq-ACBE-HEK4-rep2/cutoff_10/ACBE-HEK4-rep2_cutoff_10.report
    wildcards: lib=ACBE-HEK4-rep2, cutoff=10


        /lustre1/chengqiyi_pkuhpc/zhaohn/0.apps/miniconda3/envs/snakepipes_py27/bin/python ./program/target_seq_merge_fq_V03.py         -i ../TargetSeq-ACBE-HEK4-rep2         -p ./primer_table/ABE.txt         -o ../TargetSeq-ACBE-HEK4-rep2/cutoff_10         -r ../TargetSeq-ACBE-HEK4-rep2/cutoff_10/ACBE-HEK4-rep2_cutoff_10.report         --MinMergeReadNumCutoff 10  > ../TargetSeq-ACBE-HEK4-rep2/cutoff_10/ACBE-HEK4-rep2_cutoff_10.log 2>&1
        
Submitted job 18 with external jobid 'Submitted batch job 10093086'.

[Tue Aug  3 20:39:19 2021]
rule MergeFastq:
    input: ../TargetSeq-ACBE-HEK4-rep2
    output: ../TargetSeq-ACBE-HEK4-rep2/cutoff_3/ACBE-HEK4-rep2_cutoff_3.report
    log: ../TargetSeq-ACBE-HEK4-rep2/cutoff_3/ACBE-HEK4-rep2_cutoff_3.log
    jobid: 16
    reason: Missing output files: ../TargetSeq-ACBE-HEK4-rep2/cutoff_3/ACBE-HEK4-rep2_cutoff_3.report
    wildcards: lib=ACBE-HEK4-rep2, cutoff=3


        /lustre1/chengqiyi_pkuhpc/zhaohn/0.apps/miniconda3/envs/snakepipes_py27/bin/python ./program/target_seq_merge_fq_V03.py         -i ../TargetSeq-ACBE-HEK4-rep2         -p ./primer_table/ABE.txt         -o ../TargetSeq-ACBE-HEK4-rep2/cutoff_3         -r ../TargetSeq-ACBE-HEK4-rep2/cutoff_3/ACBE-HEK4-rep2_cutoff_3.report         --MinMergeReadNumCutoff 3  > ../TargetSeq-ACBE-HEK4-rep2/cutoff_3/ACBE-HEK4-rep2_cutoff_3.log 2>&1
        
Submitted job 16 with external jobid 'Submitted batch job 10093087'.
[Tue Aug  3 20:39:25 2021]
Finished job 19.
1 of 25 steps (4%) done
Select jobs to execute...

[Tue Aug  3 20:39:25 2021]
rule MergeFastq:
    input: ../TargetSeq-ABE8e-HEK4-rep1
    output: ../TargetSeq-ABE8e-HEK4-rep1/cutoff_3/ABE8e-HEK4-rep1_cutoff_3.report
    log: ../TargetSeq-ABE8e-HEK4-rep1/cutoff_3/ABE8e-HEK4-rep1_cutoff_3.log
    jobid: 7
    reason: Missing output files: ../TargetSeq-ABE8e-HEK4-rep1/cutoff_3/ABE8e-HEK4-rep1_cutoff_3.report
    wildcards: lib=ABE8e-HEK4-rep1, cutoff=3


        /lustre1/chengqiyi_pkuhpc/zhaohn/0.apps/miniconda3/envs/snakepipes_py27/bin/python ./program/target_seq_merge_fq_V03.py         -i ../TargetSeq-ABE8e-HEK4-rep1         -p ./primer_table/ABE.txt         -o ../TargetSeq-ABE8e-HEK4-rep1/cutoff_3         -r ../TargetSeq-ABE8e-HEK4-rep1/cutoff_3/ABE8e-HEK4-rep1_cutoff_3.report         --MinMergeReadNumCutoff 3  > ../TargetSeq-ABE8e-HEK4-rep1/cutoff_3/ABE8e-HEK4-rep1_cutoff_3.log 2>&1
        
Submitted job 7 with external jobid 'Submitted batch job 10093088'.
[Tue Aug  3 20:40:31 2021]
Error in rule MergeFastq:
    jobid: 4
    output: ../TargetSeq-ABE-HEK4-rep2/cutoff_3/ABE-HEK4-rep2_cutoff_3.report
    log: ../TargetSeq-ABE-HEK4-rep2/cutoff_3/ABE-HEK4-rep2_cutoff_3.log (check log file(s) for error message)
    shell:
        
        /lustre1/chengqiyi_pkuhpc/zhaohn/0.apps/miniconda3/envs/snakepipes_py27/bin/python ./program/target_seq_merge_fq_V03.py         -i ../TargetSeq-ABE-HEK4-rep2         -p ./primer_table/ABE.txt         -o ../TargetSeq-ABE-HEK4-rep2/cutoff_3         -r ../TargetSeq-ABE-HEK4-rep2/cutoff_3/ABE-HEK4-rep2_cutoff_3.report         --MinMergeReadNumCutoff 3  > ../TargetSeq-ABE-HEK4-rep2/cutoff_3/ABE-HEK4-rep2_cutoff_3.log 2>&1
        
        (one of the commands exited with non-zero exit code; note that snakemake uses bash strict mode!)
    cluster_jobid: Submitted batch job 10093078

Error executing rule MergeFastq on cluster (jobid: 4, external: Submitted batch job 10093078, jobscript: /lustre1/chengqiyi_pkuhpc/zhaohn/3.project/2021_ABE_topic/20210727_TargetSeq_batch1_ABE_ABE8e_ACBE_CBE-HEK4/snakepipes_target-seq/.snakemake/tmp.zo4mmf_y/snakejob.MergeFastq.4.sh). For error details see the cluster log and the log files of the involved rule(s).
[Tue Aug  3 20:41:15 2021]
Error in rule MergeFastq:
    jobid: 15
    output: ../TargetSeq-ACBE-HEK4-rep1/cutoff_10/ACBE-HEK4-rep1_cutoff_10.report
    log: ../TargetSeq-ACBE-HEK4-rep1/cutoff_10/ACBE-HEK4-rep1_cutoff_10.log (check log file(s) for error message)
    shell:
        
        /lustre1/chengqiyi_pkuhpc/zhaohn/0.apps/miniconda3/envs/snakepipes_py27/bin/python ./program/target_seq_merge_fq_V03.py         -i ../TargetSeq-ACBE-HEK4-rep1         -p ./primer_table/ABE.txt         -o ../TargetSeq-ACBE-HEK4-rep1/cutoff_10         -r ../TargetSeq-ACBE-HEK4-rep1/cutoff_10/ACBE-HEK4-rep1_cutoff_10.report         --MinMergeReadNumCutoff 10  > ../TargetSeq-ACBE-HEK4-rep1/cutoff_10/ACBE-HEK4-rep1_cutoff_10.log 2>&1
        
        (one of the commands exited with non-zero exit code; note that snakemake uses bash strict mode!)
    cluster_jobid: Submitted batch job 10093082

Error executing rule MergeFastq on cluster (jobid: 15, external: Submitted batch job 10093082, jobscript: /lustre1/chengqiyi_pkuhpc/zhaohn/3.project/2021_ABE_topic/20210727_TargetSeq_batch1_ABE_ABE8e_ACBE_CBE-HEK4/snakepipes_target-seq/.snakemake/tmp.zo4mmf_y/snakejob.MergeFastq.15.sh). For error details see the cluster log and the log files of the involved rule(s).
[Tue Aug  3 20:43:05 2021]
Error in rule MergeFastq:
    jobid: 9
    output: ../TargetSeq-ABE8e-HEK4-rep1/cutoff_10/ABE8e-HEK4-rep1_cutoff_10.report
    log: ../TargetSeq-ABE8e-HEK4-rep1/cutoff_10/ABE8e-HEK4-rep1_cutoff_10.log (check log file(s) for error message)
    shell:
        
        /lustre1/chengqiyi_pkuhpc/zhaohn/0.apps/miniconda3/envs/snakepipes_py27/bin/python ./program/target_seq_merge_fq_V03.py         -i ../TargetSeq-ABE8e-HEK4-rep1         -p ./primer_table/ABE.txt         -o ../TargetSeq-ABE8e-HEK4-rep1/cutoff_10         -r ../TargetSeq-ABE8e-HEK4-rep1/cutoff_10/ABE8e-HEK4-rep1_cutoff_10.report         --MinMergeReadNumCutoff 10  > ../TargetSeq-ABE8e-HEK4-rep1/cutoff_10/ABE8e-HEK4-rep1_cutoff_10.log 2>&1
        
        (one of the commands exited with non-zero exit code; note that snakemake uses bash strict mode!)
    cluster_jobid: Submitted batch job 10093076

Error executing rule MergeFastq on cluster (jobid: 9, external: Submitted batch job 10093076, jobscript: /lustre1/chengqiyi_pkuhpc/zhaohn/3.project/2021_ABE_topic/20210727_TargetSeq_batch1_ABE_ABE8e_ACBE_CBE-HEK4/snakepipes_target-seq/.snakemake/tmp.zo4mmf_y/snakejob.MergeFastq.9.sh). For error details see the cluster log and the log files of the involved rule(s).
Terminating processes on user request, this might take some time.
Will exit after finishing currently running jobs.
Cancelling snakemake on user request.
