Building DAG of jobs...
Using shell: /usr/bin/bash
Provided cluster nodes: 12
Job counts:
	count	jobs
	3	MergeFastq
	1	all
	4
Select jobs to execute...

[Tue Aug  3 20:48:35 2021]
rule MergeFastq:
    input: ../TargetSeq-CBE-HEK4-rep2
    output: ../TargetSeq-CBE-HEK4-rep2/cutoff_10/CBE-HEK4-rep2_cutoff_10.report
    log: ../TargetSeq-CBE-HEK4-rep2/cutoff_10/CBE-HEK4-rep2_cutoff_10.log
    jobid: 3
    reason: Missing output files: ../TargetSeq-CBE-HEK4-rep2/cutoff_10/CBE-HEK4-rep2_cutoff_10.report
    wildcards: lib=CBE-HEK4-rep2, cutoff=10


        /lustre1/chengqiyi_pkuhpc/zhaohn/0.apps/miniconda3/envs/snakepipes_py27/bin/python ./program/target_seq_merge_fq_V03.py         -i ../TargetSeq-CBE-HEK4-rep2         -p ./primer_table/ABE.txt         -o ../TargetSeq-CBE-HEK4-rep2/cutoff_10         -r ../TargetSeq-CBE-HEK4-rep2/cutoff_10/CBE-HEK4-rep2_cutoff_10.report         --MinMergeReadNumCutoff 10  > ../TargetSeq-CBE-HEK4-rep2/cutoff_10/CBE-HEK4-rep2_cutoff_10.log 2>&1
        
Submitted job 3 with external jobid 'Submitted batch job 10093096'.

[Tue Aug  3 20:48:35 2021]
rule MergeFastq:
    input: ../TargetSeq-CBE-HEK4-rep2
    output: ../TargetSeq-CBE-HEK4-rep2/cutoff_5/CBE-HEK4-rep2_cutoff_5.report
    log: ../TargetSeq-CBE-HEK4-rep2/cutoff_5/CBE-HEK4-rep2_cutoff_5.log
    jobid: 2
    reason: Missing output files: ../TargetSeq-CBE-HEK4-rep2/cutoff_5/CBE-HEK4-rep2_cutoff_5.report
    wildcards: lib=CBE-HEK4-rep2, cutoff=5


        /lustre1/chengqiyi_pkuhpc/zhaohn/0.apps/miniconda3/envs/snakepipes_py27/bin/python ./program/target_seq_merge_fq_V03.py         -i ../TargetSeq-CBE-HEK4-rep2         -p ./primer_table/ABE.txt         -o ../TargetSeq-CBE-HEK4-rep2/cutoff_5         -r ../TargetSeq-CBE-HEK4-rep2/cutoff_5/CBE-HEK4-rep2_cutoff_5.report         --MinMergeReadNumCutoff 5  > ../TargetSeq-CBE-HEK4-rep2/cutoff_5/CBE-HEK4-rep2_cutoff_5.log 2>&1
        
Submitted job 2 with external jobid 'Submitted batch job 10093097'.

[Tue Aug  3 20:48:35 2021]
rule MergeFastq:
    input: ../TargetSeq-CBE-HEK4-rep2
    output: ../TargetSeq-CBE-HEK4-rep2/cutoff_3/CBE-HEK4-rep2_cutoff_3.report
    log: ../TargetSeq-CBE-HEK4-rep2/cutoff_3/CBE-HEK4-rep2_cutoff_3.log
    jobid: 1
    reason: Missing output files: ../TargetSeq-CBE-HEK4-rep2/cutoff_3/CBE-HEK4-rep2_cutoff_3.report
    wildcards: lib=CBE-HEK4-rep2, cutoff=3


        /lustre1/chengqiyi_pkuhpc/zhaohn/0.apps/miniconda3/envs/snakepipes_py27/bin/python ./program/target_seq_merge_fq_V03.py         -i ../TargetSeq-CBE-HEK4-rep2         -p ./primer_table/ABE.txt         -o ../TargetSeq-CBE-HEK4-rep2/cutoff_3         -r ../TargetSeq-CBE-HEK4-rep2/cutoff_3/CBE-HEK4-rep2_cutoff_3.report         --MinMergeReadNumCutoff 3  > ../TargetSeq-CBE-HEK4-rep2/cutoff_3/CBE-HEK4-rep2_cutoff_3.log 2>&1
        
Submitted job 1 with external jobid 'Submitted batch job 10093098'.
Terminating processes on user request, this might take some time.
Will exit after finishing currently running jobs.
Complete log: /lustre1/chengqiyi_pkuhpc/zhaohn/3.project/2021_ABE_topic/20210727_TargetSeq_batch1_ABE_ABE8e_ACBE_CBE-HEK4/snakepipes_target-seq/.snakemake/log/2021-08-03T204835.744665.snakemake.log
