Building DAG of jobs...
Using shell: /usr/bin/bash
Provided cores: 48
Rules claiming more threads will be scaled down.
Job counts:
	count	jobs
	1	all
	77	bmat_plot
	61	parse_mpileup
	3	sam_to_bam
	28	samtools_index
	15	samtools_sort_by_position
	40	spike_in_mpileup
	225

[Sun Jan  3 16:33:16 2021]
rule bmat_plot:
    input: ../TargetSeq-cas9-RUX-25/cutoff_10/mapping/RX-cas-3_bt1_sort.bmat
    output: ../all_plot/cutoff_10.ext50/TargetSeq-cas9-RUX-25_RX-cas-3_cutoff_10_indel.ext50.pdf
    jobid: 581
    reason: Missing output files: ../all_plot/cutoff_10.ext50/TargetSeq-cas9-RUX-25_RX-cas-3_cutoff_10_indel.ext50.pdf
    wildcards: cutoff=10, lib=cas9-RUX-25, sample=RX-cas-3


        if [[ `cat ../TargetSeq-cas9-RUX-25/cutoff_10/mapping/RX-cas-3_bt1_sort.bmat |wc -l` -eq 1 ]]; then 
        echo "bmat is empty" 
        echo "will touch a empty file" 
        touch ../all_plot/cutoff_10.ext50/TargetSeq-cas9-RUX-25_RX-cas-3_cutoff_10_indel.ext50.pdf
        touch ../all_plot/cutoff_10.ext50/TargetSeq-cas9-RUX-25_RX-cas-3_cutoff_10_indel.ext50.pdf.empty.log
        echo "decrease the cutoff and try again" > ../all_plot/cutoff_10.ext50/TargetSeq-cas9-RUX-25_RX-cas-3_cutoff_10_indel.ext50.pdf.empty.log
        else
        echo "bmat is ok!"
        echo "start to plot"
        echo `cat TCCCCTCTGCTGGATACCTCTGG`
        sgRNA=`cat TCCCCTCTGCTGGATACCTCTGG`
        # sgRNA=TCCCCTCTGCTGGATACCTCTGG
        /home/zhaohuanan/zhaohn_HD/miniconda3/envs/snakepipes_target-seq/bin/python ./program/plot-targetseq-bmat-V04.py -i ../TargetSeq-cas9-RUX-25/cutoff_10/mapping/RX-cas-3_bt1_sort.bmat -o ../all_plot/cutoff_10.ext50/TargetSeq-cas9-RUX-25_RX-cas-3_cutoff_10_indel.ext50.pdf --region_extend_length 50 --sgRNA $sgRNA
        fi
        

[Sun Jan  3 16:33:16 2021]
rule samtools_index:
    input: ../TargetSeq-cas9-RUX-25/cutoff_3/mapping/RX-cas-2_bt1_sort.bam
    output: ../TargetSeq-cas9-RUX-25/cutoff_3/mapping/RX-cas-2_bt1_sort.bam.bai
    jobid: 342
    reason: Missing output files: ../TargetSeq-cas9-RUX-25/cutoff_3/mapping/RX-cas-2_bt1_sort.bam.bai
    wildcards: lib=cas9-RUX-25, cutoff=3, sample=RX-cas-2

/home/zhaohuanan/zhaohn_HD/miniconda3/bin/samtools index -@ 6 ../TargetSeq-cas9-RUX-25/cutoff_3/mapping/RX-cas-2_bt1_sort.bam ../TargetSeq-cas9-RUX-25/cutoff_3/mapping/RX-cas-2_bt1_sort.bam.bai

[Sun Jan  3 16:33:16 2021]
rule parse_mpileup:
    input: ../TargetSeq-cas9-RUX-25/cutoff_10/mapping/RX-cpf-10_bt1_sort.mpileup
    output: ../TargetSeq-cas9-RUX-25/cutoff_10/mapping/RX-cpf-10_bt1_sort.bmat
    jobid: 566
    reason: Missing output files: ../TargetSeq-cas9-RUX-25/cutoff_10/mapping/RX-cpf-10_bt1_sort.bmat
    wildcards: lib=cas9-RUX-25, cutoff=10, sample=RX-cpf-10

/home/zhaohuanan/zhaohn_HD/miniconda3/envs/snakepipes_target-seq/bin/python ./program/parse-mpileup-V04.py -i ../TargetSeq-cas9-RUX-25/cutoff_10/mapping/RX-cpf-10_bt1_sort.mpileup -o ../TargetSeq-cas9-RUX-25/cutoff_10/mapping/RX-cpf-10_bt1_sort.bmat -n 0

[Sun Jan  3 16:33:16 2021]
rule parse_mpileup:
    input: ../TargetSeq-cas9-RUX-25/cutoff_5/mapping/RX-Dig4_bt1_sort.mpileup
    output: ../TargetSeq-cas9-RUX-25/cutoff_5/mapping/RX-Dig4_bt1_sort.bmat
    jobid: 529
    reason: Missing output files: ../TargetSeq-cas9-RUX-25/cutoff_5/mapping/RX-Dig4_bt1_sort.bmat
    wildcards: lib=cas9-RUX-25, cutoff=5, sample=RX-Dig4

/home/zhaohuanan/zhaohn_HD/miniconda3/envs/snakepipes_target-seq/bin/python ./program/parse-mpileup-V04.py -i ../TargetSeq-cas9-RUX-25/cutoff_5/mapping/RX-Dig4_bt1_sort.mpileup -o ../TargetSeq-cas9-RUX-25/cutoff_5/mapping/RX-Dig4_bt1_sort.bmat -n 0

[Sun Jan  3 16:33:16 2021]
rule samtools_sort_by_position:
    input: ../TargetSeq-cas9-RUX-25/cutoff_5/mapping/RX-cas-7_bt1.bam
    output: ../TargetSeq-cas9-RUX-25/cutoff_5/mapping/RX-cas-7_bt1_sort.bam
    jobid: 143
    reason: Missing output files: ../TargetSeq-cas9-RUX-25/cutoff_5/mapping/RX-cas-7_bt1_sort.bam
    wildcards: lib=cas9-RUX-25, cutoff=5, sample=RX-cas-7

/home/zhaohuanan/zhaohn_HD/miniconda3/bin/samtools sort -O BAM -o ../TargetSeq-cas9-RUX-25/cutoff_5/mapping/RX-cas-7_bt1_sort.bam -T ../TargetSeq-cas9-RUX-25/cutoff_5/mapping/RX-cas-7_bt1_sort.bam.temp -@ 6 -m 2G ../TargetSeq-cas9-RUX-25/cutoff_5/mapping/RX-cas-7_bt1.bam

[Sun Jan  3 16:33:16 2021]
rule bmat_plot:
    input: ../TargetSeq-cas9-RUX-25/cutoff_10/mapping/RX-cas-1_bt1_sort.bmat
    output: ../all_plot/cutoff_10.ext50/TargetSeq-cas9-RUX-25_RX-cas-1_cutoff_10_indel.ext50.pdf
    jobid: 575
    reason: Missing output files: ../all_plot/cutoff_10.ext50/TargetSeq-cas9-RUX-25_RX-cas-1_cutoff_10_indel.ext50.pdf
    wildcards: cutoff=10, lib=cas9-RUX-25, sample=RX-cas-1


        if [[ `cat ../TargetSeq-cas9-RUX-25/cutoff_10/mapping/RX-cas-1_bt1_sort.bmat |wc -l` -eq 1 ]]; then 
        echo "bmat is empty" 
        echo "will touch a empty file" 
        touch ../all_plot/cutoff_10.ext50/TargetSeq-cas9-RUX-25_RX-cas-1_cutoff_10_indel.ext50.pdf
        touch ../all_plot/cutoff_10.ext50/TargetSeq-cas9-RUX-25_RX-cas-1_cutoff_10_indel.ext50.pdf.empty.log
        echo "decrease the cutoff and try again" > ../all_plot/cutoff_10.ext50/TargetSeq-cas9-RUX-25_RX-cas-1_cutoff_10_indel.ext50.pdf.empty.log
        else
        echo "bmat is ok!"
        echo "start to plot"
        echo `cat TCCCCTCTGCTGGATACCTCTGG`
        sgRNA=`cat TCCCCTCTGCTGGATACCTCTGG`
        # sgRNA=TCCCCTCTGCTGGATACCTCTGG
        /home/zhaohuanan/zhaohn_HD/miniconda3/envs/snakepipes_target-seq/bin/python ./program/plot-targetseq-bmat-V04.py -i ../TargetSeq-cas9-RUX-25/cutoff_10/mapping/RX-cas-1_bt1_sort.bmat -o ../all_plot/cutoff_10.ext50/TargetSeq-cas9-RUX-25_RX-cas-1_cutoff_10_indel.ext50.pdf --region_extend_length 50 --sgRNA $sgRNA
        fi
        

[Sun Jan  3 16:33:16 2021]
rule bmat_plot:
    input: ../TargetSeq-cas9-RUX-25/cutoff_10/mapping/RX-cas-6_bt1_sort.bmat
    output: ../all_plot/cutoff_10.ext50/TargetSeq-cas9-RUX-25_RX-cas-6_cutoff_10_indel.ext50.pdf
    jobid: 590
    reason: Missing output files: ../all_plot/cutoff_10.ext50/TargetSeq-cas9-RUX-25_RX-cas-6_cutoff_10_indel.ext50.pdf
    wildcards: cutoff=10, lib=cas9-RUX-25, sample=RX-cas-6


        if [[ `cat ../TargetSeq-cas9-RUX-25/cutoff_10/mapping/RX-cas-6_bt1_sort.bmat |wc -l` -eq 1 ]]; then 
        echo "bmat is empty" 
        echo "will touch a empty file" 
        touch ../all_plot/cutoff_10.ext50/TargetSeq-cas9-RUX-25_RX-cas-6_cutoff_10_indel.ext50.pdf
        touch ../all_plot/cutoff_10.ext50/TargetSeq-cas9-RUX-25_RX-cas-6_cutoff_10_indel.ext50.pdf.empty.log
        echo "decrease the cutoff and try again" > ../all_plot/cutoff_10.ext50/TargetSeq-cas9-RUX-25_RX-cas-6_cutoff_10_indel.ext50.pdf.empty.log
        else
        echo "bmat is ok!"
        echo "start to plot"
        echo `cat TCCCCTCTGCTGGATACCTCTGG`
        sgRNA=`cat TCCCCTCTGCTGGATACCTCTGG`
        # sgRNA=TCCCCTCTGCTGGATACCTCTGG
        /home/zhaohuanan/zhaohn_HD/miniconda3/envs/snakepipes_target-seq/bin/python ./program/plot-targetseq-bmat-V04.py -i ../TargetSeq-cas9-RUX-25/cutoff_10/mapping/RX-cas-6_bt1_sort.bmat -o ../all_plot/cutoff_10.ext50/TargetSeq-cas9-RUX-25_RX-cas-6_cutoff_10_indel.ext50.pdf --region_extend_length 50 --sgRNA $sgRNA
        fi
        
[Sun Jan  3 16:33:16 2021]
Error in rule bmat_plot:
    jobid: 581
    output: ../all_plot/cutoff_10.ext50/TargetSeq-cas9-RUX-25_RX-cas-3_cutoff_10_indel.ext50.pdf
    shell:
        
        if [[ `cat ../TargetSeq-cas9-RUX-25/cutoff_10/mapping/RX-cas-3_bt1_sort.bmat |wc -l` -eq 1 ]]; then 
        echo "bmat is empty" 
        echo "will touch a empty file" 
        touch ../all_plot/cutoff_10.ext50/TargetSeq-cas9-RUX-25_RX-cas-3_cutoff_10_indel.ext50.pdf
        touch ../all_plot/cutoff_10.ext50/TargetSeq-cas9-RUX-25_RX-cas-3_cutoff_10_indel.ext50.pdf.empty.log
        echo "decrease the cutoff and try again" > ../all_plot/cutoff_10.ext50/TargetSeq-cas9-RUX-25_RX-cas-3_cutoff_10_indel.ext50.pdf.empty.log
        else
        echo "bmat is ok!"
        echo "start to plot"
        echo `cat TCCCCTCTGCTGGATACCTCTGG`
        sgRNA=`cat TCCCCTCTGCTGGATACCTCTGG`
        # sgRNA=TCCCCTCTGCTGGATACCTCTGG
        /home/zhaohuanan/zhaohn_HD/miniconda3/envs/snakepipes_target-seq/bin/python ./program/plot-targetseq-bmat-V04.py -i ../TargetSeq-cas9-RUX-25/cutoff_10/mapping/RX-cas-3_bt1_sort.bmat -o ../all_plot/cutoff_10.ext50/TargetSeq-cas9-RUX-25_RX-cas-3_cutoff_10_indel.ext50.pdf --region_extend_length 50 --sgRNA $sgRNA
        fi
        
        (one of the commands exited with non-zero exit code; note that snakemake uses bash strict mode!)


[Sun Jan  3 16:33:16 2021]
rule bmat_plot:
    input: ../TargetSeq-cas9-RUX-25/cutoff_10/mapping/RX-ontarget_bt1_sort.bmat
    output: ../all_plot/cutoff_10.ext50/TargetSeq-cas9-RUX-25_RX-ontarget_cutoff_10_indel.ext50.pdf
    jobid: 650
    reason: Missing output files: ../all_plot/cutoff_10.ext50/TargetSeq-cas9-RUX-25_RX-ontarget_cutoff_10_indel.ext50.pdf
    wildcards: cutoff=10, lib=cas9-RUX-25, sample=RX-ontarget


        if [[ `cat ../TargetSeq-cas9-RUX-25/cutoff_10/mapping/RX-ontarget_bt1_sort.bmat |wc -l` -eq 1 ]]; then 
        echo "bmat is empty" 
        echo "will touch a empty file" 
        touch ../all_plot/cutoff_10.ext50/TargetSeq-cas9-RUX-25_RX-ontarget_cutoff_10_indel.ext50.pdf
        touch ../all_plot/cutoff_10.ext50/TargetSeq-cas9-RUX-25_RX-ontarget_cutoff_10_indel.ext50.pdf.empty.log
        echo "decrease the cutoff and try again" > ../all_plot/cutoff_10.ext50/TargetSeq-cas9-RUX-25_RX-ontarget_cutoff_10_indel.ext50.pdf.empty.log
        else
        echo "bmat is ok!"
        echo "start to plot"
        echo `cat TCCCCTCTGCTGGATACCTCTGG`
        sgRNA=`cat TCCCCTCTGCTGGATACCTCTGG`
        # sgRNA=TCCCCTCTGCTGGATACCTCTGG
        /home/zhaohuanan/zhaohn_HD/miniconda3/envs/snakepipes_target-seq/bin/python ./program/plot-targetseq-bmat-V04.py -i ../TargetSeq-cas9-RUX-25/cutoff_10/mapping/RX-ontarget_bt1_sort.bmat -o ../all_plot/cutoff_10.ext50/TargetSeq-cas9-RUX-25_RX-ontarget_cutoff_10_indel.ext50.pdf --region_extend_length 50 --sgRNA $sgRNA
        fi
        

[Sun Jan  3 16:33:16 2021]
rule samtools_index:
    input: ../TargetSeq-cas9-RUX-25/cutoff_5/mapping/RX-cas-2_bt1_sort.bam
    output: ../TargetSeq-cas9-RUX-25/cutoff_5/mapping/RX-cas-2_bt1_sort.bam.bai
    jobid: 343
    reason: Missing output files: ../TargetSeq-cas9-RUX-25/cutoff_5/mapping/RX-cas-2_bt1_sort.bam.bai
    wildcards: lib=cas9-RUX-25, cutoff=5, sample=RX-cas-2

/home/zhaohuanan/zhaohn_HD/miniconda3/bin/samtools index -@ 6 ../TargetSeq-cas9-RUX-25/cutoff_5/mapping/RX-cas-2_bt1_sort.bam ../TargetSeq-cas9-RUX-25/cutoff_5/mapping/RX-cas-2_bt1_sort.bam.bai

[Sun Jan  3 16:33:16 2021]
rule sam_to_bam:
    input: ../TargetSeq-cas9-RUX-25/cutoff_3/mapping/RX-Dig6_bt1.sam, ../reference.fasta/RX-Dig6.ref.upper.fa
    output: ../TargetSeq-cas9-RUX-25/cutoff_3/mapping/RX-Dig6_bt1.bam
    jobid: 210
    reason: Missing output files: ../TargetSeq-cas9-RUX-25/cutoff_3/mapping/RX-Dig6_bt1.bam
    wildcards: lib=cas9-RUX-25, cutoff=3, sample=RX-Dig6


        /home/zhaohuanan/zhaohn_HD/miniconda3/bin/samtools view -h -f 1 -F 268 ../TargetSeq-cas9-RUX-25/cutoff_3/mapping/RX-Dig6_bt1.sam         | /home/zhaohuanan/zhaohn_HD/miniconda3/bin/samclip --ref ../reference.fasta/RX-Dig6.ref.upper.fa --max 3 --progress 0         | awk 'function abs(v) {return v < 0 ? -v : v} $1~"@" || ($7 == "=" && abs($9) <= 600 ) {print $0}'         | /home/zhaohuanan/zhaohn_HD/miniconda3/bin/samtools view -hb > ../TargetSeq-cas9-RUX-25/cutoff_3/mapping/RX-Dig6_bt1.bam
        

[Sun Jan  3 16:33:16 2021]
rule samtools_index:
    input: ../TargetSeq-cas9-RUX-25/cutoff_3/mapping/RX-Dig4_bt1_sort.bam
    output: ../TargetSeq-cas9-RUX-25/cutoff_3/mapping/RX-Dig4_bt1_sort.bam.bai
    jobid: 372
    reason: Missing output files: ../TargetSeq-cas9-RUX-25/cutoff_3/mapping/RX-Dig4_bt1_sort.bam.bai
    wildcards: lib=cas9-RUX-25, cutoff=3, sample=RX-Dig4

/home/zhaohuanan/zhaohn_HD/miniconda3/bin/samtools index -@ 6 ../TargetSeq-cas9-RUX-25/cutoff_3/mapping/RX-Dig4_bt1_sort.bam ../TargetSeq-cas9-RUX-25/cutoff_3/mapping/RX-Dig4_bt1_sort.bam.bai

[Sun Jan  3 16:33:16 2021]
rule parse_mpileup:
    input: ../TargetSeq-cas9-RUX-25/cutoff_10/mapping/RX-cpf-3_bt1_sort.mpileup
    output: ../TargetSeq-cas9-RUX-25/cutoff_10/mapping/RX-cpf-3_bt1_sort.bmat
    jobid: 545
    reason: Missing output files: ../TargetSeq-cas9-RUX-25/cutoff_10/mapping/RX-cpf-3_bt1_sort.bmat
    wildcards: lib=cas9-RUX-25, cutoff=10, sample=RX-cpf-3

/home/zhaohuanan/zhaohn_HD/miniconda3/envs/snakepipes_target-seq/bin/python ./program/parse-mpileup-V04.py -i ../TargetSeq-cas9-RUX-25/cutoff_10/mapping/RX-cpf-3_bt1_sort.mpileup -o ../TargetSeq-cas9-RUX-25/cutoff_10/mapping/RX-cpf-3_bt1_sort.bmat -n 0

[Sun Jan  3 16:33:16 2021]
rule spike_in_mpileup:
    input: ../TargetSeq-cas9-RUX-25/cutoff_3/mapping/RX-cas-6_bt1_sort.bam, ../TargetSeq-cas9-RUX-25/cutoff_3/mapping/RX-cas-6_bt1_sort.bam.bai
    output: ../TargetSeq-cas9-RUX-25/cutoff_3/mapping/RX-cas-6_bt1_sort.mpileup
    jobid: 432
    reason: Missing output files: ../TargetSeq-cas9-RUX-25/cutoff_3/mapping/RX-cas-6_bt1_sort.mpileup
    wildcards: lib=cas9-RUX-25, cutoff=3, sample=RX-cas-6

/home/zhaohuanan/zhaohn_HD/miniconda3/bin/samtools mpileup ../TargetSeq-cas9-RUX-25/cutoff_3/mapping/RX-cas-6_bt1_sort.bam --reference ../reference.fasta/RX-cas-6.ref.upper.fa --max-depth 10000000 -q 20 -Q 20 > ../TargetSeq-cas9-RUX-25/cutoff_3/mapping/RX-cas-6_bt1_sort.mpileup 
[Sun Jan  3 16:33:16 2021]
Error in rule bmat_plot:
    jobid: 575
    output: ../all_plot/cutoff_10.ext50/TargetSeq-cas9-RUX-25_RX-cas-1_cutoff_10_indel.ext50.pdf
    shell:
        
        if [[ `cat ../TargetSeq-cas9-RUX-25/cutoff_10/mapping/RX-cas-1_bt1_sort.bmat |wc -l` -eq 1 ]]; then 
        echo "bmat is empty" 
        echo "will touch a empty file" 
        touch ../all_plot/cutoff_10.ext50/TargetSeq-cas9-RUX-25_RX-cas-1_cutoff_10_indel.ext50.pdf
        touch ../all_plot/cutoff_10.ext50/TargetSeq-cas9-RUX-25_RX-cas-1_cutoff_10_indel.ext50.pdf.empty.log
        echo "decrease the cutoff and try again" > ../all_plot/cutoff_10.ext50/TargetSeq-cas9-RUX-25_RX-cas-1_cutoff_10_indel.ext50.pdf.empty.log
        else
        echo "bmat is ok!"
        echo "start to plot"
        echo `cat TCCCCTCTGCTGGATACCTCTGG`
        sgRNA=`cat TCCCCTCTGCTGGATACCTCTGG`
        # sgRNA=TCCCCTCTGCTGGATACCTCTGG
        /home/zhaohuanan/zhaohn_HD/miniconda3/envs/snakepipes_target-seq/bin/python ./program/plot-targetseq-bmat-V04.py -i ../TargetSeq-cas9-RUX-25/cutoff_10/mapping/RX-cas-1_bt1_sort.bmat -o ../all_plot/cutoff_10.ext50/TargetSeq-cas9-RUX-25_RX-cas-1_cutoff_10_indel.ext50.pdf --region_extend_length 50 --sgRNA $sgRNA
        fi
        
        (one of the commands exited with non-zero exit code; note that snakemake uses bash strict mode!)


[Sun Jan  3 16:33:16 2021]
[Sun Jan  3 16:33:16 2021]
rule bmat_plot:
    input: ../TargetSeq-cas9-RUX-25/cutoff_3/mapping/RX-Dig1_bt1_sort.bmat
    output: ../all_plot/cutoff_3.ext50/TargetSeq-cas9-RUX-25_RX-Dig1_cutoff_3_indel.ext50.pdf
    jobid: 597
    reason: Missing output files: ../all_plot/cutoff_3.ext50/TargetSeq-cas9-RUX-25_RX-Dig1_cutoff_3_indel.ext50.pdf
    wildcards: cutoff=3, lib=cas9-RUX-25, sample=RX-Dig1
Error in rule bmat_plot:
[Sun Jan  3 16:33:16 2021]
Error in rule bmat_plot:
    jobid: 650
    jobid: 590
    output: ../all_plot/cutoff_10.ext50/TargetSeq-cas9-RUX-25_RX-cas-6_cutoff_10_indel.ext50.pdf
    output: ../all_plot/cutoff_10.ext50/TargetSeq-cas9-RUX-25_RX-ontarget_cutoff_10_indel.ext50.pdf


        if [[ `cat ../TargetSeq-cas9-RUX-25/cutoff_3/mapping/RX-Dig1_bt1_sort.bmat |wc -l` -eq 1 ]]; then 
        echo "bmat is empty" 
        echo "will touch a empty file" 
        touch ../all_plot/cutoff_3.ext50/TargetSeq-cas9-RUX-25_RX-Dig1_cutoff_3_indel.ext50.pdf
        touch ../all_plot/cutoff_3.ext50/TargetSeq-cas9-RUX-25_RX-Dig1_cutoff_3_indel.ext50.pdf.empty.log
        echo "decrease the cutoff and try again" > ../all_plot/cutoff_3.ext50/TargetSeq-cas9-RUX-25_RX-Dig1_cutoff_3_indel.ext50.pdf.empty.log
        else
        echo "bmat is ok!"
        echo "start to plot"
        echo `cat TCCCCTCTGCTGGATACCTCTGG`
        sgRNA=`cat TCCCCTCTGCTGGATACCTCTGG`
        # sgRNA=TCCCCTCTGCTGGATACCTCTGG
        /home/zhaohuanan/zhaohn_HD/miniconda3/envs/snakepipes_target-seq/bin/python ./program/plot-targetseq-bmat-V04.py -i ../TargetSeq-cas9-RUX-25/cutoff_3/mapping/RX-Dig1_bt1_sort.bmat -o ../all_plot/cutoff_3.ext50/TargetSeq-cas9-RUX-25_RX-Dig1_cutoff_3_indel.ext50.pdf --region_extend_length 50 --sgRNA $sgRNA
        fi
        
    shell:
        
        if [[ `cat ../TargetSeq-cas9-RUX-25/cutoff_10/mapping/RX-ontarget_bt1_sort.bmat |wc -l` -eq 1 ]]; then 
        echo "bmat is empty" 
        echo "will touch a empty file" 
        touch ../all_plot/cutoff_10.ext50/TargetSeq-cas9-RUX-25_RX-ontarget_cutoff_10_indel.ext50.pdf
        touch ../all_plot/cutoff_10.ext50/TargetSeq-cas9-RUX-25_RX-ontarget_cutoff_10_indel.ext50.pdf.empty.log
        echo "decrease the cutoff and try again" > ../all_plot/cutoff_10.ext50/TargetSeq-cas9-RUX-25_RX-ontarget_cutoff_10_indel.ext50.pdf.empty.log
        else
        echo "bmat is ok!"
        echo "start to plot"
        echo `cat TCCCCTCTGCTGGATACCTCTGG`
        sgRNA=`cat TCCCCTCTGCTGGATACCTCTGG`
        # sgRNA=TCCCCTCTGCTGGATACCTCTGG
        /home/zhaohuanan/zhaohn_HD/miniconda3/envs/snakepipes_target-seq/bin/python ./program/plot-targetseq-bmat-V04.py -i ../TargetSeq-cas9-RUX-25/cutoff_10/mapping/RX-ontarget_bt1_sort.bmat -o ../all_plot/cutoff_10.ext50/TargetSeq-cas9-RUX-25_RX-ontarget_cutoff_10_indel.ext50.pdf --region_extend_length 50 --sgRNA $sgRNA
        fi
        
        (one of the commands exited with non-zero exit code; note that snakemake uses bash strict mode!)
    shell:
        
        if [[ `cat ../TargetSeq-cas9-RUX-25/cutoff_10/mapping/RX-cas-6_bt1_sort.bmat |wc -l` -eq 1 ]]; then 
        echo "bmat is empty" 
        echo "will touch a empty file" 
        touch ../all_plot/cutoff_10.ext50/TargetSeq-cas9-RUX-25_RX-cas-6_cutoff_10_indel.ext50.pdf
        touch ../all_plot/cutoff_10.ext50/TargetSeq-cas9-RUX-25_RX-cas-6_cutoff_10_indel.ext50.pdf.empty.log
        echo "decrease the cutoff and try again" > ../all_plot/cutoff_10.ext50/TargetSeq-cas9-RUX-25_RX-cas-6_cutoff_10_indel.ext50.pdf.empty.log
        else
        echo "bmat is ok!"
        echo "start to plot"
        echo `cat TCCCCTCTGCTGGATACCTCTGG`
        sgRNA=`cat TCCCCTCTGCTGGATACCTCTGG`
        # sgRNA=TCCCCTCTGCTGGATACCTCTGG
        /home/zhaohuanan/zhaohn_HD/miniconda3/envs/snakepipes_target-seq/bin/python ./program/plot-targetseq-bmat-V04.py -i ../TargetSeq-cas9-RUX-25/cutoff_10/mapping/RX-cas-6_bt1_sort.bmat -o ../all_plot/cutoff_10.ext50/TargetSeq-cas9-RUX-25_RX-cas-6_cutoff_10_indel.ext50.pdf --region_extend_length 50 --sgRNA $sgRNA
        fi
        
        (one of the commands exited with non-zero exit code; note that snakemake uses bash strict mode!)



[Sun Jan  3 16:33:16 2021]
rule samtools_sort_by_position:
    input: ../TargetSeq-cas9-RUX-25/cutoff_5/mapping/RX-Dig5_bt1.bam
    output: ../TargetSeq-cas9-RUX-25/cutoff_5/mapping/RX-Dig5_bt1_sort.bam
    jobid: 203
    reason: Missing output files: ../TargetSeq-cas9-RUX-25/cutoff_5/mapping/RX-Dig5_bt1_sort.bam
    wildcards: lib=cas9-RUX-25, cutoff=5, sample=RX-Dig5

/home/zhaohuanan/zhaohn_HD/miniconda3/bin/samtools sort -O BAM -o ../TargetSeq-cas9-RUX-25/cutoff_5/mapping/RX-Dig5_bt1_sort.bam -T ../TargetSeq-cas9-RUX-25/cutoff_5/mapping/RX-Dig5_bt1_sort.bam.temp -@ 6 -m 2G ../TargetSeq-cas9-RUX-25/cutoff_5/mapping/RX-Dig5_bt1.bam

[Sun Jan  3 16:33:16 2021]
rule samtools_sort_by_position:
    input: ../TargetSeq-cas9-RUX-25/cutoff_3/mapping/RX-Dig8_bt1.bam
    output: ../TargetSeq-cas9-RUX-25/cutoff_3/mapping/RX-Dig8_bt1_sort.bam
    jobid: 219
    reason: Missing output files: ../TargetSeq-cas9-RUX-25/cutoff_3/mapping/RX-Dig8_bt1_sort.bam
    wildcards: lib=cas9-RUX-25, cutoff=3, sample=RX-Dig8

/home/zhaohuanan/zhaohn_HD/miniconda3/bin/samtools sort -O BAM -o ../TargetSeq-cas9-RUX-25/cutoff_3/mapping/RX-Dig8_bt1_sort.bam -T ../TargetSeq-cas9-RUX-25/cutoff_3/mapping/RX-Dig8_bt1_sort.bam.temp -@ 6 -m 2G ../TargetSeq-cas9-RUX-25/cutoff_3/mapping/RX-Dig8_bt1.bam

[Sun Jan  3 16:33:16 2021]
rule parse_mpileup:
    input: ../TargetSeq-cas9-RUX-25/cutoff_3/mapping/RX-Dig5_bt1_sort.mpileup
    output: ../TargetSeq-cas9-RUX-25/cutoff_3/mapping/RX-Dig5_bt1_sort.bmat
    jobid: 531
    reason: Missing output files: ../TargetSeq-cas9-RUX-25/cutoff_3/mapping/RX-Dig5_bt1_sort.bmat
    wildcards: lib=cas9-RUX-25, cutoff=3, sample=RX-Dig5

/home/zhaohuanan/zhaohn_HD/miniconda3/envs/snakepipes_target-seq/bin/python ./program/parse-mpileup-V04.py -i ../TargetSeq-cas9-RUX-25/cutoff_3/mapping/RX-Dig5_bt1_sort.mpileup -o ../TargetSeq-cas9-RUX-25/cutoff_3/mapping/RX-Dig5_bt1_sort.bmat -n 0

[Sun Jan  3 16:33:16 2021]
rule bmat_plot:
    input: ../TargetSeq-cas9-RUX-25/cutoff_5/mapping/RX-Dig1_bt1_sort.bmat
    output: ../all_plot/cutoff_5.ext50/TargetSeq-cas9-RUX-25_RX-Dig1_cutoff_5_indel.ext50.pdf
    jobid: 598
    reason: Missing output files: ../all_plot/cutoff_5.ext50/TargetSeq-cas9-RUX-25_RX-Dig1_cutoff_5_indel.ext50.pdf
    wildcards: cutoff=5, lib=cas9-RUX-25, sample=RX-Dig1


        if [[ `cat ../TargetSeq-cas9-RUX-25/cutoff_5/mapping/RX-Dig1_bt1_sort.bmat |wc -l` -eq 1 ]]; then 
        echo "bmat is empty" 
        echo "will touch a empty file" 
        touch ../all_plot/cutoff_5.ext50/TargetSeq-cas9-RUX-25_RX-Dig1_cutoff_5_indel.ext50.pdf
        touch ../all_plot/cutoff_5.ext50/TargetSeq-cas9-RUX-25_RX-Dig1_cutoff_5_indel.ext50.pdf.empty.log
        echo "decrease the cutoff and try again" > ../all_plot/cutoff_5.ext50/TargetSeq-cas9-RUX-25_RX-Dig1_cutoff_5_indel.ext50.pdf.empty.log
        else
        echo "bmat is ok!"
        echo "start to plot"
        echo `cat TCCCCTCTGCTGGATACCTCTGG`
        sgRNA=`cat TCCCCTCTGCTGGATACCTCTGG`
        # sgRNA=TCCCCTCTGCTGGATACCTCTGG
        /home/zhaohuanan/zhaohn_HD/miniconda3/envs/snakepipes_target-seq/bin/python ./program/plot-targetseq-bmat-V04.py -i ../TargetSeq-cas9-RUX-25/cutoff_5/mapping/RX-Dig1_bt1_sort.bmat -o ../all_plot/cutoff_5.ext50/TargetSeq-cas9-RUX-25_RX-Dig1_cutoff_5_indel.ext50.pdf --region_extend_length 50 --sgRNA $sgRNA
        fi
        

[Sun Jan  3 16:33:16 2021]
rule samtools_sort_by_position:
    input: ../TargetSeq-cas9-RUX-25/cutoff_3/mapping/RX-cpf-7_bt1.bam
    output: ../TargetSeq-cas9-RUX-25/cutoff_3/mapping/RX-cpf-7_bt1_sort.bam
    jobid: 279
    reason: Missing output files: ../TargetSeq-cas9-RUX-25/cutoff_3/mapping/RX-cpf-7_bt1_sort.bam
    wildcards: lib=cas9-RUX-25, cutoff=3, sample=RX-cpf-7

/home/zhaohuanan/zhaohn_HD/miniconda3/bin/samtools sort -O BAM -o ../TargetSeq-cas9-RUX-25/cutoff_3/mapping/RX-cpf-7_bt1_sort.bam -T ../TargetSeq-cas9-RUX-25/cutoff_3/mapping/RX-cpf-7_bt1_sort.bam.temp -@ 6 -m 2G ../TargetSeq-cas9-RUX-25/cutoff_3/mapping/RX-cpf-7_bt1.bam
[Sun Jan  3 16:33:16 2021]
Finished job 566.
1 of 225 steps (0.44%) done
[Sun Jan  3 16:33:16 2021]
Error in rule bmat_plot:
    jobid: 597
    output: ../all_plot/cutoff_3.ext50/TargetSeq-cas9-RUX-25_RX-Dig1_cutoff_3_indel.ext50.pdf
    shell:
        
        if [[ `cat ../TargetSeq-cas9-RUX-25/cutoff_3/mapping/RX-Dig1_bt1_sort.bmat |wc -l` -eq 1 ]]; then 
        echo "bmat is empty" 
        echo "will touch a empty file" 
        touch ../all_plot/cutoff_3.ext50/TargetSeq-cas9-RUX-25_RX-Dig1_cutoff_3_indel.ext50.pdf
        touch ../all_plot/cutoff_3.ext50/TargetSeq-cas9-RUX-25_RX-Dig1_cutoff_3_indel.ext50.pdf.empty.log
        echo "decrease the cutoff and try again" > ../all_plot/cutoff_3.ext50/TargetSeq-cas9-RUX-25_RX-Dig1_cutoff_3_indel.ext50.pdf.empty.log
        else
        echo "bmat is ok!"
        echo "start to plot"
        echo `cat TCCCCTCTGCTGGATACCTCTGG`
        sgRNA=`cat TCCCCTCTGCTGGATACCTCTGG`
        # sgRNA=TCCCCTCTGCTGGATACCTCTGG
        /home/zhaohuanan/zhaohn_HD/miniconda3/envs/snakepipes_target-seq/bin/python ./program/plot-targetseq-bmat-V04.py -i ../TargetSeq-cas9-RUX-25/cutoff_3/mapping/RX-Dig1_bt1_sort.bmat -o ../all_plot/cutoff_3.ext50/TargetSeq-cas9-RUX-25_RX-Dig1_cutoff_3_indel.ext50.pdf --region_extend_length 50 --sgRNA $sgRNA
        fi
        
        (one of the commands exited with non-zero exit code; note that snakemake uses bash strict mode!)


[Sun Jan  3 16:33:16 2021]
rule samtools_index:
    input: ../TargetSeq-cas9-RUX-25/cutoff_3/mapping/RX-cpf-6_bt1_sort.bam
    output: ../TargetSeq-cas9-RUX-25/cutoff_3/mapping/RX-cpf-6_bt1_sort.bam.bai
    jobid: 396
    reason: Missing output files: ../TargetSeq-cas9-RUX-25/cutoff_3/mapping/RX-cpf-6_bt1_sort.bam.bai
    wildcards: lib=cas9-RUX-25, cutoff=3, sample=RX-cpf-6

/home/zhaohuanan/zhaohn_HD/miniconda3/bin/samtools index -@ 6 ../TargetSeq-cas9-RUX-25/cutoff_3/mapping/RX-cpf-6_bt1_sort.bam ../TargetSeq-cas9-RUX-25/cutoff_3/mapping/RX-cpf-6_bt1_sort.bam.bai

[Sun Jan  3 16:33:16 2021]
rule samtools_index:
    input: ../TargetSeq-cas9-RUX-25/cutoff_10/mapping/RX-cas-7_bt1_sort.bam
    output: ../TargetSeq-cas9-RUX-25/cutoff_10/mapping/RX-cas-7_bt1_sort.bam.bai
    jobid: 359
    reason: Missing output files: ../TargetSeq-cas9-RUX-25/cutoff_10/mapping/RX-cas-7_bt1_sort.bam.bai
    wildcards: lib=cas9-RUX-25, cutoff=10, sample=RX-cas-7

/home/zhaohuanan/zhaohn_HD/miniconda3/bin/samtools index -@ 6 ../TargetSeq-cas9-RUX-25/cutoff_10/mapping/RX-cas-7_bt1_sort.bam ../TargetSeq-cas9-RUX-25/cutoff_10/mapping/RX-cas-7_bt1_sort.bam.bai

[Sun Jan  3 16:33:16 2021]
rule spike_in_mpileup:
    input: ../TargetSeq-cas9-RUX-25/cutoff_10/mapping/RX-cpf-7_bt1_sort.bam, ../TargetSeq-cas9-RUX-25/cutoff_10/mapping/RX-cpf-7_bt1_sort.bam.bai
    output: ../TargetSeq-cas9-RUX-25/cutoff_10/mapping/RX-cpf-7_bt1_sort.mpileup
    jobid: 479
    reason: Missing output files: ../TargetSeq-cas9-RUX-25/cutoff_10/mapping/RX-cpf-7_bt1_sort.mpileup
    wildcards: lib=cas9-RUX-25, cutoff=10, sample=RX-cpf-7

/home/zhaohuanan/zhaohn_HD/miniconda3/bin/samtools mpileup ../TargetSeq-cas9-RUX-25/cutoff_10/mapping/RX-cpf-7_bt1_sort.bam --reference ../reference.fasta/RX-cpf-7.ref.upper.fa --max-depth 10000000 -q 20 -Q 20 > ../TargetSeq-cas9-RUX-25/cutoff_10/mapping/RX-cpf-7_bt1_sort.mpileup 

[Sun Jan  3 16:33:16 2021]
rule parse_mpileup:
    input: ../TargetSeq-cas9-RUX-25/cutoff_10/mapping/RX-cas-5_bt1_sort.mpileup
    output: ../TargetSeq-cas9-RUX-25/cutoff_10/mapping/RX-cas-5_bt1_sort.bmat
    jobid: 509
    reason: Missing output files: ../TargetSeq-cas9-RUX-25/cutoff_10/mapping/RX-cas-5_bt1_sort.bmat
    wildcards: lib=cas9-RUX-25, cutoff=10, sample=RX-cas-5

/home/zhaohuanan/zhaohn_HD/miniconda3/envs/snakepipes_target-seq/bin/python ./program/parse-mpileup-V04.py -i ../TargetSeq-cas9-RUX-25/cutoff_10/mapping/RX-cas-5_bt1_sort.mpileup -o ../TargetSeq-cas9-RUX-25/cutoff_10/mapping/RX-cas-5_bt1_sort.bmat -n 0

[Sun Jan  3 16:33:16 2021]
rule parse_mpileup:
    input: ../TargetSeq-cas9-RUX-25/cutoff_10/mapping/RX-Dig8_bt1_sort.mpileup
    output: ../TargetSeq-cas9-RUX-25/cutoff_10/mapping/RX-Dig8_bt1_sort.bmat
    jobid: 539
    reason: Missing output files: ../TargetSeq-cas9-RUX-25/cutoff_10/mapping/RX-Dig8_bt1_sort.bmat
    wildcards: lib=cas9-RUX-25, cutoff=10, sample=RX-Dig8

/home/zhaohuanan/zhaohn_HD/miniconda3/envs/snakepipes_target-seq/bin/python ./program/parse-mpileup-V04.py -i ../TargetSeq-cas9-RUX-25/cutoff_10/mapping/RX-Dig8_bt1_sort.mpileup -o ../TargetSeq-cas9-RUX-25/cutoff_10/mapping/RX-Dig8_bt1_sort.bmat -n 0
[Sun Jan  3 16:33:16 2021]
Error in rule bmat_plot:
    jobid: 598
    output: ../all_plot/cutoff_5.ext50/TargetSeq-cas9-RUX-25_RX-Dig1_cutoff_5_indel.ext50.pdf
    shell:
        
        if [[ `cat ../TargetSeq-cas9-RUX-25/cutoff_5/mapping/RX-Dig1_bt1_sort.bmat |wc -l` -eq 1 ]]; then 
        echo "bmat is empty" 
        echo "will touch a empty file" 
        touch ../all_plot/cutoff_5.ext50/TargetSeq-cas9-RUX-25_RX-Dig1_cutoff_5_indel.ext50.pdf
        touch ../all_plot/cutoff_5.ext50/TargetSeq-cas9-RUX-25_RX-Dig1_cutoff_5_indel.ext50.pdf.empty.log
        echo "decrease the cutoff and try again" > ../all_plot/cutoff_5.ext50/TargetSeq-cas9-RUX-25_RX-Dig1_cutoff_5_indel.ext50.pdf.empty.log
        else
        echo "bmat is ok!"
        echo "start to plot"
        echo `cat TCCCCTCTGCTGGATACCTCTGG`
        sgRNA=`cat TCCCCTCTGCTGGATACCTCTGG`
        # sgRNA=TCCCCTCTGCTGGATACCTCTGG
        /home/zhaohuanan/zhaohn_HD/miniconda3/envs/snakepipes_target-seq/bin/python ./program/plot-targetseq-bmat-V04.py -i ../TargetSeq-cas9-RUX-25/cutoff_5/mapping/RX-Dig1_bt1_sort.bmat -o ../all_plot/cutoff_5.ext50/TargetSeq-cas9-RUX-25_RX-Dig1_cutoff_5_indel.ext50.pdf --region_extend_length 50 --sgRNA $sgRNA
        fi
        
        (one of the commands exited with non-zero exit code; note that snakemake uses bash strict mode!)


[Sun Jan  3 16:33:16 2021]
rule parse_mpileup:
    input: ../TargetSeq-cas9-RUX-25/cutoff_10/mapping/RX-cpf-11_bt1_sort.mpileup
    output: ../TargetSeq-cas9-RUX-25/cutoff_10/mapping/RX-cpf-11_bt1_sort.bmat
    jobid: 569
    reason: Missing output files: ../TargetSeq-cas9-RUX-25/cutoff_10/mapping/RX-cpf-11_bt1_sort.bmat
    wildcards: lib=cas9-RUX-25, cutoff=10, sample=RX-cpf-11

/home/zhaohuanan/zhaohn_HD/miniconda3/envs/snakepipes_target-seq/bin/python ./program/parse-mpileup-V04.py -i ../TargetSeq-cas9-RUX-25/cutoff_10/mapping/RX-cpf-11_bt1_sort.mpileup -o ../TargetSeq-cas9-RUX-25/cutoff_10/mapping/RX-cpf-11_bt1_sort.bmat -n 0

[Sun Jan  3 16:33:16 2021]
rule bmat_plot:
    input: ../TargetSeq-cas9-RUX-25/cutoff_10/mapping/RX-cas-4_bt1_sort.bmat
    output: ../all_plot/cutoff_10.ext50/TargetSeq-cas9-RUX-25_RX-cas-4_cutoff_10_indel.ext50.pdf
    jobid: 584
    reason: Missing output files: ../all_plot/cutoff_10.ext50/TargetSeq-cas9-RUX-25_RX-cas-4_cutoff_10_indel.ext50.pdf
    wildcards: cutoff=10, lib=cas9-RUX-25, sample=RX-cas-4


        if [[ `cat ../TargetSeq-cas9-RUX-25/cutoff_10/mapping/RX-cas-4_bt1_sort.bmat |wc -l` -eq 1 ]]; then 
        echo "bmat is empty" 
        echo "will touch a empty file" 
        touch ../all_plot/cutoff_10.ext50/TargetSeq-cas9-RUX-25_RX-cas-4_cutoff_10_indel.ext50.pdf
        touch ../all_plot/cutoff_10.ext50/TargetSeq-cas9-RUX-25_RX-cas-4_cutoff_10_indel.ext50.pdf.empty.log
        echo "decrease the cutoff and try again" > ../all_plot/cutoff_10.ext50/TargetSeq-cas9-RUX-25_RX-cas-4_cutoff_10_indel.ext50.pdf.empty.log
        else
        echo "bmat is ok!"
        echo "start to plot"
        echo `cat TCCCCTCTGCTGGATACCTCTGG`
        sgRNA=`cat TCCCCTCTGCTGGATACCTCTGG`
        # sgRNA=TCCCCTCTGCTGGATACCTCTGG
        /home/zhaohuanan/zhaohn_HD/miniconda3/envs/snakepipes_target-seq/bin/python ./program/plot-targetseq-bmat-V04.py -i ../TargetSeq-cas9-RUX-25/cutoff_10/mapping/RX-cas-4_bt1_sort.bmat -o ../all_plot/cutoff_10.ext50/TargetSeq-cas9-RUX-25_RX-cas-4_cutoff_10_indel.ext50.pdf --region_extend_length 50 --sgRNA $sgRNA
        fi
        
[Sun Jan  3 16:33:17 2021]
Finished job 203.
2 of 225 steps (0.89%) done

[Sun Jan  3 16:33:17 2021]
rule samtools_index:
    input: ../TargetSeq-cas9-RUX-25/cutoff_5/mapping/RX-cpf-11_bt1_sort.bam
    output: ../TargetSeq-cas9-RUX-25/cutoff_5/mapping/RX-cpf-11_bt1_sort.bam.bai
    jobid: 412
    reason: Missing output files: ../TargetSeq-cas9-RUX-25/cutoff_5/mapping/RX-cpf-11_bt1_sort.bam.bai
    wildcards: lib=cas9-RUX-25, cutoff=5, sample=RX-cpf-11

/home/zhaohuanan/zhaohn_HD/miniconda3/bin/samtools index -@ 6 ../TargetSeq-cas9-RUX-25/cutoff_5/mapping/RX-cpf-11_bt1_sort.bam ../TargetSeq-cas9-RUX-25/cutoff_5/mapping/RX-cpf-11_bt1_sort.bam.bai

[Sun Jan  3 16:33:17 2021]
rule parse_mpileup:
    input: ../TargetSeq-cas9-RUX-25/cutoff_5/mapping/RX-cas-8_bt1_sort.mpileup
    output: ../TargetSeq-cas9-RUX-25/cutoff_5/mapping/RX-cas-8_bt1_sort.bmat
    jobid: 517
    reason: Missing output files: ../TargetSeq-cas9-RUX-25/cutoff_5/mapping/RX-cas-8_bt1_sort.bmat
    wildcards: lib=cas9-RUX-25, cutoff=5, sample=RX-cas-8

/home/zhaohuanan/zhaohn_HD/miniconda3/envs/snakepipes_target-seq/bin/python ./program/parse-mpileup-V04.py -i ../TargetSeq-cas9-RUX-25/cutoff_5/mapping/RX-cas-8_bt1_sort.mpileup -o ../TargetSeq-cas9-RUX-25/cutoff_5/mapping/RX-cas-8_bt1_sort.bmat -n 0
[Sun Jan  3 16:33:17 2021]
Finished job 372.
3 of 225 steps (1%) done

[Sun Jan  3 16:33:17 2021]
rule bmat_plot:
    input: ../TargetSeq-cas9-RUX-25/cutoff_10/mapping/RX-cpf-5_bt1_sort.bmat
    output: ../all_plot/cutoff_10.ext50/TargetSeq-cas9-RUX-25_RX-cpf-5_cutoff_10_indel.ext50.pdf
    jobid: 629
    reason: Missing output files: ../all_plot/cutoff_10.ext50/TargetSeq-cas9-RUX-25_RX-cpf-5_cutoff_10_indel.ext50.pdf
    wildcards: cutoff=10, lib=cas9-RUX-25, sample=RX-cpf-5


        if [[ `cat ../TargetSeq-cas9-RUX-25/cutoff_10/mapping/RX-cpf-5_bt1_sort.bmat |wc -l` -eq 1 ]]; then 
        echo "bmat is empty" 
        echo "will touch a empty file" 
        touch ../all_plot/cutoff_10.ext50/TargetSeq-cas9-RUX-25_RX-cpf-5_cutoff_10_indel.ext50.pdf
        touch ../all_plot/cutoff_10.ext50/TargetSeq-cas9-RUX-25_RX-cpf-5_cutoff_10_indel.ext50.pdf.empty.log
        echo "decrease the cutoff and try again" > ../all_plot/cutoff_10.ext50/TargetSeq-cas9-RUX-25_RX-cpf-5_cutoff_10_indel.ext50.pdf.empty.log
        else
        echo "bmat is ok!"
        echo "start to plot"
        echo `cat TCCCCTCTGCTGGATACCTCTGG`
        sgRNA=`cat TCCCCTCTGCTGGATACCTCTGG`
        # sgRNA=TCCCCTCTGCTGGATACCTCTGG
        /home/zhaohuanan/zhaohn_HD/miniconda3/envs/snakepipes_target-seq/bin/python ./program/plot-targetseq-bmat-V04.py -i ../TargetSeq-cas9-RUX-25/cutoff_10/mapping/RX-cpf-5_bt1_sort.bmat -o ../all_plot/cutoff_10.ext50/TargetSeq-cas9-RUX-25_RX-cpf-5_cutoff_10_indel.ext50.pdf --region_extend_length 50 --sgRNA $sgRNA
        fi
        

[Sun Jan  3 16:33:17 2021]
rule spike_in_mpileup:
    input: ../TargetSeq-cas9-RUX-25/cutoff_5/mapping/RX-cas-4_bt1_sort.bam, ../TargetSeq-cas9-RUX-25/cutoff_5/mapping/RX-cas-4_bt1_sort.bam.bai
    output: ../TargetSeq-cas9-RUX-25/cutoff_5/mapping/RX-cas-4_bt1_sort.mpileup
    jobid: 427
    reason: Missing output files: ../TargetSeq-cas9-RUX-25/cutoff_5/mapping/RX-cas-4_bt1_sort.mpileup
    wildcards: lib=cas9-RUX-25, cutoff=5, sample=RX-cas-4

/home/zhaohuanan/zhaohn_HD/miniconda3/bin/samtools mpileup ../TargetSeq-cas9-RUX-25/cutoff_5/mapping/RX-cas-4_bt1_sort.bam --reference ../reference.fasta/RX-cas-4.ref.upper.fa --max-depth 10000000 -q 20 -Q 20 > ../TargetSeq-cas9-RUX-25/cutoff_5/mapping/RX-cas-4_bt1_sort.mpileup 
[Sun Jan  3 16:33:17 2021]
Finished job 343.
4 of 225 steps (2%) done

[Sun Jan  3 16:33:17 2021]
rule samtools_sort_by_position:
    input: ../TargetSeq-cas9-RUX-25/cutoff_5/mapping/RX-Dig6_bt1.bam
    output: ../TargetSeq-cas9-RUX-25/cutoff_5/mapping/RX-Dig6_bt1_sort.bam
    jobid: 213
    reason: Missing output files: ../TargetSeq-cas9-RUX-25/cutoff_5/mapping/RX-Dig6_bt1_sort.bam
    wildcards: lib=cas9-RUX-25, cutoff=5, sample=RX-Dig6

/home/zhaohuanan/zhaohn_HD/miniconda3/bin/samtools sort -O BAM -o ../TargetSeq-cas9-RUX-25/cutoff_5/mapping/RX-Dig6_bt1_sort.bam -T ../TargetSeq-cas9-RUX-25/cutoff_5/mapping/RX-Dig6_bt1_sort.bam.temp -@ 6 -m 2G ../TargetSeq-cas9-RUX-25/cutoff_5/mapping/RX-Dig6_bt1.bam
[Sun Jan  3 16:33:17 2021]
Error in rule bmat_plot:
    jobid: 584
    output: ../all_plot/cutoff_10.ext50/TargetSeq-cas9-RUX-25_RX-cas-4_cutoff_10_indel.ext50.pdf
    shell:
        
        if [[ `cat ../TargetSeq-cas9-RUX-25/cutoff_10/mapping/RX-cas-4_bt1_sort.bmat |wc -l` -eq 1 ]]; then 
        echo "bmat is empty" 
        echo "will touch a empty file" 
        touch ../all_plot/cutoff_10.ext50/TargetSeq-cas9-RUX-25_RX-cas-4_cutoff_10_indel.ext50.pdf
        touch ../all_plot/cutoff_10.ext50/TargetSeq-cas9-RUX-25_RX-cas-4_cutoff_10_indel.ext50.pdf.empty.log
        echo "decrease the cutoff and try again" > ../all_plot/cutoff_10.ext50/TargetSeq-cas9-RUX-25_RX-cas-4_cutoff_10_indel.ext50.pdf.empty.log
        else
        echo "bmat is ok!"
        echo "start to plot"
        echo `cat TCCCCTCTGCTGGATACCTCTGG`
        sgRNA=`cat TCCCCTCTGCTGGATACCTCTGG`
        # sgRNA=TCCCCTCTGCTGGATACCTCTGG
        /home/zhaohuanan/zhaohn_HD/miniconda3/envs/snakepipes_target-seq/bin/python ./program/plot-targetseq-bmat-V04.py -i ../TargetSeq-cas9-RUX-25/cutoff_10/mapping/RX-cas-4_bt1_sort.bmat -o ../all_plot/cutoff_10.ext50/TargetSeq-cas9-RUX-25_RX-cas-4_cutoff_10_indel.ext50.pdf --region_extend_length 50 --sgRNA $sgRNA
        fi
        
        (one of the commands exited with non-zero exit code; note that snakemake uses bash strict mode!)


[Sun Jan  3 16:33:17 2021]
[Sun Jan  3 16:33:17 2021]
rule samtools_index:
    input: ../TargetSeq-cas9-RUX-25/cutoff_3/mapping/RX-cas-8_bt1_sort.bam
    output: ../TargetSeq-cas9-RUX-25/cutoff_3/mapping/RX-cas-8_bt1_sort.bam.bai
    jobid: 360
    reason: Missing output files: ../TargetSeq-cas9-RUX-25/cutoff_3/mapping/RX-cas-8_bt1_sort.bam.bai
    wildcards: lib=cas9-RUX-25, cutoff=3, sample=RX-cas-8
Finished job 531.

5 of 225 steps (2%) done
/home/zhaohuanan/zhaohn_HD/miniconda3/bin/samtools index -@ 6 ../TargetSeq-cas9-RUX-25/cutoff_3/mapping/RX-cas-8_bt1_sort.bam ../TargetSeq-cas9-RUX-25/cutoff_3/mapping/RX-cas-8_bt1_sort.bam.bai

[Sun Jan  3 16:33:17 2021]
rule parse_mpileup:
    input: ../TargetSeq-cas9-RUX-25/cutoff_10/mapping/RX-cas-8_bt1_sort.mpileup
    output: ../TargetSeq-cas9-RUX-25/cutoff_10/mapping/RX-cas-8_bt1_sort.bmat
    jobid: 518
    reason: Missing output files: ../TargetSeq-cas9-RUX-25/cutoff_10/mapping/RX-cas-8_bt1_sort.bmat
    wildcards: lib=cas9-RUX-25, cutoff=10, sample=RX-cas-8

[Sun Jan  3 16:33:17 2021]
/home/zhaohuanan/zhaohn_HD/miniconda3/envs/snakepipes_target-seq/bin/python ./program/parse-mpileup-V04.py -i ../TargetSeq-cas9-RUX-25/cutoff_10/mapping/RX-cas-8_bt1_sort.mpileup -o ../TargetSeq-cas9-RUX-25/cutoff_10/mapping/RX-cas-8_bt1_sort.bmat -n 0
Finished job 342.
6 of 225 steps (3%) done

[Sun Jan  3 16:33:17 2021]
rule samtools_index:
    input: ../TargetSeq-cas9-RUX-25/cutoff_3/mapping/RX-Dig3_bt1_sort.bam
    output: ../TargetSeq-cas9-RUX-25/cutoff_3/mapping/RX-Dig3_bt1_sort.bam.bai
    jobid: 369
    reason: Missing output files: ../TargetSeq-cas9-RUX-25/cutoff_3/mapping/RX-Dig3_bt1_sort.bam.bai
    wildcards: lib=cas9-RUX-25, cutoff=3, sample=RX-Dig3

/home/zhaohuanan/zhaohn_HD/miniconda3/bin/samtools index -@ 6 ../TargetSeq-cas9-RUX-25/cutoff_3/mapping/RX-Dig3_bt1_sort.bam ../TargetSeq-cas9-RUX-25/cutoff_3/mapping/RX-Dig3_bt1_sort.bam.bai

[Sun Jan  3 16:33:17 2021]
rule parse_mpileup:
    input: ../TargetSeq-cas9-RUX-25/cutoff_3/mapping/RX-cas-4_bt1_sort.mpileup
    output: ../TargetSeq-cas9-RUX-25/cutoff_3/mapping/RX-cas-4_bt1_sort.bmat
    jobid: 504
    reason: Missing output files: ../TargetSeq-cas9-RUX-25/cutoff_3/mapping/RX-cas-4_bt1_sort.bmat
    wildcards: lib=cas9-RUX-25, cutoff=3, sample=RX-cas-4
[Sun Jan  3 16:33:17 2021]

Error in rule bmat_plot:
/home/zhaohuanan/zhaohn_HD/miniconda3/envs/snakepipes_target-seq/bin/python ./program/parse-mpileup-V04.py -i ../TargetSeq-cas9-RUX-25/cutoff_3/mapping/RX-cas-4_bt1_sort.mpileup -o ../TargetSeq-cas9-RUX-25/cutoff_3/mapping/RX-cas-4_bt1_sort.bmat -n 0
    jobid: 629
    output: ../all_plot/cutoff_10.ext50/TargetSeq-cas9-RUX-25_RX-cpf-5_cutoff_10_indel.ext50.pdf
    shell:
        
        if [[ `cat ../TargetSeq-cas9-RUX-25/cutoff_10/mapping/RX-cpf-5_bt1_sort.bmat |wc -l` -eq 1 ]]; then 
        echo "bmat is empty" 
        echo "will touch a empty file" 
        touch ../all_plot/cutoff_10.ext50/TargetSeq-cas9-RUX-25_RX-cpf-5_cutoff_10_indel.ext50.pdf
        touch ../all_plot/cutoff_10.ext50/TargetSeq-cas9-RUX-25_RX-cpf-5_cutoff_10_indel.ext50.pdf.empty.log
        echo "decrease the cutoff and try again" > ../all_plot/cutoff_10.ext50/TargetSeq-cas9-RUX-25_RX-cpf-5_cutoff_10_indel.ext50.pdf.empty.log
        else
        echo "bmat is ok!"
        echo "start to plot"
        echo `cat TCCCCTCTGCTGGATACCTCTGG`
        sgRNA=`cat TCCCCTCTGCTGGATACCTCTGG`
        # sgRNA=TCCCCTCTGCTGGATACCTCTGG
        /home/zhaohuanan/zhaohn_HD/miniconda3/envs/snakepipes_target-seq/bin/python ./program/plot-targetseq-bmat-V04.py -i ../TargetSeq-cas9-RUX-25/cutoff_10/mapping/RX-cpf-5_bt1_sort.bmat -o ../all_plot/cutoff_10.ext50/TargetSeq-cas9-RUX-25_RX-cpf-5_cutoff_10_indel.ext50.pdf --region_extend_length 50 --sgRNA $sgRNA
        fi
        
        (one of the commands exited with non-zero exit code; note that snakemake uses bash strict mode!)


[Sun Jan  3 16:33:17 2021]
rule parse_mpileup:
    input: ../TargetSeq-cas9-RUX-25/cutoff_5/mapping/RX-cpf-7_bt1_sort.mpileup
    output: ../TargetSeq-cas9-RUX-25/cutoff_5/mapping/RX-cpf-7_bt1_sort.bmat
    jobid: 556
    reason: Missing output files: ../TargetSeq-cas9-RUX-25/cutoff_5/mapping/RX-cpf-7_bt1_sort.bmat
    wildcards: lib=cas9-RUX-25, cutoff=5, sample=RX-cpf-7

/home/zhaohuanan/zhaohn_HD/miniconda3/envs/snakepipes_target-seq/bin/python ./program/parse-mpileup-V04.py -i ../TargetSeq-cas9-RUX-25/cutoff_5/mapping/RX-cpf-7_bt1_sort.mpileup -o ../TargetSeq-cas9-RUX-25/cutoff_5/mapping/RX-cpf-7_bt1_sort.bmat -n 0

[Sun Jan  3 16:33:17 2021]
rule sam_to_bam:
    input: ../TargetSeq-cas9-RUX-25/cutoff_3/mapping/RX-cas-7_bt1.sam, ../reference.fasta/RX-cas-7.ref.upper.fa
    output: ../TargetSeq-cas9-RUX-25/cutoff_3/mapping/RX-cas-7_bt1.bam
    jobid: 140
    reason: Missing output files: ../TargetSeq-cas9-RUX-25/cutoff_3/mapping/RX-cas-7_bt1.bam
    wildcards: lib=cas9-RUX-25, cutoff=3, sample=RX-cas-7


        /home/zhaohuanan/zhaohn_HD/miniconda3/bin/samtools view -h -f 1 -F 268 ../TargetSeq-cas9-RUX-25/cutoff_3/mapping/RX-cas-7_bt1.sam         | /home/zhaohuanan/zhaohn_HD/miniconda3/bin/samclip --ref ../reference.fasta/RX-cas-7.ref.upper.fa --max 3 --progress 0         | awk 'function abs(v) {return v < 0 ? -v : v} $1~"@" || ($7 == "=" && abs($9) <= 600 ) {print $0}'         | /home/zhaohuanan/zhaohn_HD/miniconda3/bin/samtools view -hb > ../TargetSeq-cas9-RUX-25/cutoff_3/mapping/RX-cas-7_bt1.bam
        

[Sun Jan  3 16:33:17 2021]
rule bmat_plot:
    input: ../TargetSeq-cas9-RUX-25/cutoff_5/mapping/RX-Dig2_bt1_sort.bmat
    output: ../all_plot/cutoff_5.ext50/TargetSeq-cas9-RUX-25_RX-Dig2_cutoff_5_indel.ext50.pdf
    jobid: 601
    reason: Missing output files: ../all_plot/cutoff_5.ext50/TargetSeq-cas9-RUX-25_RX-Dig2_cutoff_5_indel.ext50.pdf
    wildcards: cutoff=5, lib=cas9-RUX-25, sample=RX-Dig2
[Sun Jan  3 16:33:17 2021]

Finished job 396.

        if [[ `cat ../TargetSeq-cas9-RUX-25/cutoff_5/mapping/RX-Dig2_bt1_sort.bmat |wc -l` -eq 1 ]]; then 
        echo "bmat is empty" 
        echo "will touch a empty file" 
        touch ../all_plot/cutoff_5.ext50/TargetSeq-cas9-RUX-25_RX-Dig2_cutoff_5_indel.ext50.pdf
        touch ../all_plot/cutoff_5.ext50/TargetSeq-cas9-RUX-25_RX-Dig2_cutoff_5_indel.ext50.pdf.empty.log
        echo "decrease the cutoff and try again" > ../all_plot/cutoff_5.ext50/TargetSeq-cas9-RUX-25_RX-Dig2_cutoff_5_indel.ext50.pdf.empty.log
        else
        echo "bmat is ok!"
        echo "start to plot"
        echo `cat TCCCCTCTGCTGGATACCTCTGG`
        sgRNA=`cat TCCCCTCTGCTGGATACCTCTGG`
        # sgRNA=TCCCCTCTGCTGGATACCTCTGG
        /home/zhaohuanan/zhaohn_HD/miniconda3/envs/snakepipes_target-seq/bin/python ./program/plot-targetseq-bmat-V04.py -i ../TargetSeq-cas9-RUX-25/cutoff_5/mapping/RX-Dig2_bt1_sort.bmat -o ../all_plot/cutoff_5.ext50/TargetSeq-cas9-RUX-25_RX-Dig2_cutoff_5_indel.ext50.pdf --region_extend_length 50 --sgRNA $sgRNA
        fi
        
7 of 225 steps (3%) done

[Sun Jan  3 16:33:17 2021]
rule samtools_index:
    input: ../TargetSeq-cas9-RUX-25/cutoff_5/mapping/RX-Dig3_bt1_sort.bam
    output: ../TargetSeq-cas9-RUX-25/cutoff_5/mapping/RX-Dig3_bt1_sort.bam.bai
    jobid: 370
    reason: Missing output files: ../TargetSeq-cas9-RUX-25/cutoff_5/mapping/RX-Dig3_bt1_sort.bam.bai
    wildcards: lib=cas9-RUX-25, cutoff=5, sample=RX-Dig3

/home/zhaohuanan/zhaohn_HD/miniconda3/bin/samtools index -@ 6 ../TargetSeq-cas9-RUX-25/cutoff_5/mapping/RX-Dig3_bt1_sort.bam ../TargetSeq-cas9-RUX-25/cutoff_5/mapping/RX-Dig3_bt1_sort.bam.bai
[Sun Jan  3 16:33:17 2021]
Finished job 359.
8 of 225 steps (4%) done

[Sun Jan  3 16:33:17 2021]
rule spike_in_mpileup:
    input: ../TargetSeq-cas9-RUX-25/cutoff_5/mapping/RX-Dig8_bt1_sort.bam, ../TargetSeq-cas9-RUX-25/cutoff_5/mapping/RX-Dig8_bt1_sort.bam.bai
    output: ../TargetSeq-cas9-RUX-25/cutoff_5/mapping/RX-Dig8_bt1_sort.mpileup
    jobid: 460
    reason: Missing output files: ../TargetSeq-cas9-RUX-25/cutoff_5/mapping/RX-Dig8_bt1_sort.mpileup
    wildcards: lib=cas9-RUX-25, cutoff=5, sample=RX-Dig8

/home/zhaohuanan/zhaohn_HD/miniconda3/bin/samtools mpileup ../TargetSeq-cas9-RUX-25/cutoff_5/mapping/RX-Dig8_bt1_sort.bam --reference ../reference.fasta/RX-Dig8.ref.upper.fa --max-depth 10000000 -q 20 -Q 20 > ../TargetSeq-cas9-RUX-25/cutoff_5/mapping/RX-Dig8_bt1_sort.mpileup 

[Sun Jan  3 16:33:17 2021]
rule spike_in_mpileup:
    input: ../TargetSeq-cas9-RUX-25/cutoff_5/mapping/RX-cpf-6_bt1_sort.bam, ../TargetSeq-cas9-RUX-25/cutoff_5/mapping/RX-cpf-6_bt1_sort.bam.bai
    output: ../TargetSeq-cas9-RUX-25/cutoff_5/mapping/RX-cpf-6_bt1_sort.mpileup
    jobid: 475
    reason: Missing output files: ../TargetSeq-cas9-RUX-25/cutoff_5/mapping/RX-cpf-6_bt1_sort.mpileup
    wildcards: lib=cas9-RUX-25, cutoff=5, sample=RX-cpf-6
[Sun Jan  3 16:33:17 2021]

Finished job 213.
/home/zhaohuanan/zhaohn_HD/miniconda3/bin/samtools mpileup ../TargetSeq-cas9-RUX-25/cutoff_5/mapping/RX-cpf-6_bt1_sort.bam --reference ../reference.fasta/RX-cpf-6.ref.upper.fa --max-depth 10000000 -q 20 -Q 20 > ../TargetSeq-cas9-RUX-25/cutoff_5/mapping/RX-cpf-6_bt1_sort.mpileup 
9 of 225 steps (4%) done

[Sun Jan  3 16:33:17 2021]
rule bmat_plot:
    input: ../TargetSeq-cas9-RUX-25/cutoff_5/mapping/RX-cas-3_bt1_sort.bmat
    output: ../all_plot/cutoff_5.ext50/TargetSeq-cas9-RUX-25_RX-cas-3_cutoff_5_indel.ext50.pdf
    jobid: 580
    reason: Missing output files: ../all_plot/cutoff_5.ext50/TargetSeq-cas9-RUX-25_RX-cas-3_cutoff_5_indel.ext50.pdf
    wildcards: cutoff=5, lib=cas9-RUX-25, sample=RX-cas-3


        if [[ `cat ../TargetSeq-cas9-RUX-25/cutoff_5/mapping/RX-cas-3_bt1_sort.bmat |wc -l` -eq 1 ]]; then 
        echo "bmat is empty" 
        echo "will touch a empty file" 
        touch ../all_plot/cutoff_5.ext50/TargetSeq-cas9-RUX-25_RX-cas-3_cutoff_5_indel.ext50.pdf
        touch ../all_plot/cutoff_5.ext50/TargetSeq-cas9-RUX-25_RX-cas-3_cutoff_5_indel.ext50.pdf.empty.log
        echo "decrease the cutoff and try again" > ../all_plot/cutoff_5.ext50/TargetSeq-cas9-RUX-25_RX-cas-3_cutoff_5_indel.ext50.pdf.empty.log
        else
        echo "bmat is ok!"
        echo "start to plot"
        echo `cat TCCCCTCTGCTGGATACCTCTGG`
        sgRNA=`cat TCCCCTCTGCTGGATACCTCTGG`
        # sgRNA=TCCCCTCTGCTGGATACCTCTGG
        /home/zhaohuanan/zhaohn_HD/miniconda3/envs/snakepipes_target-seq/bin/python ./program/plot-targetseq-bmat-V04.py -i ../TargetSeq-cas9-RUX-25/cutoff_5/mapping/RX-cas-3_bt1_sort.bmat -o ../all_plot/cutoff_5.ext50/TargetSeq-cas9-RUX-25_RX-cas-3_cutoff_5_indel.ext50.pdf --region_extend_length 50 --sgRNA $sgRNA
        fi
        

[Sun Jan  3 16:33:17 2021]
rule bmat_plot:
    input: ../TargetSeq-cas9-RUX-25/cutoff_10/mapping/RX-Dig2_bt1_sort.bmat
    output: ../all_plot/cutoff_10.ext50/TargetSeq-cas9-RUX-25_RX-Dig2_cutoff_10_indel.ext50.pdf
    jobid: 602
    reason: Missing output files: ../all_plot/cutoff_10.ext50/TargetSeq-cas9-RUX-25_RX-Dig2_cutoff_10_indel.ext50.pdf
    wildcards: cutoff=10, lib=cas9-RUX-25, sample=RX-Dig2


        if [[ `cat ../TargetSeq-cas9-RUX-25/cutoff_10/mapping/RX-Dig2_bt1_sort.bmat |wc -l` -eq 1 ]]; then 
        echo "bmat is empty" 
        echo "will touch a empty file" 
        touch ../all_plot/cutoff_10.ext50/TargetSeq-cas9-RUX-25_RX-Dig2_cutoff_10_indel.ext50.pdf
        touch ../all_plot/cutoff_10.ext50/TargetSeq-cas9-RUX-25_RX-Dig2_cutoff_10_indel.ext50.pdf.empty.log
        echo "decrease the cutoff and try again" > ../all_plot/cutoff_10.ext50/TargetSeq-cas9-RUX-25_RX-Dig2_cutoff_10_indel.ext50.pdf.empty.log
        else
        echo "bmat is ok!"
        echo "start to plot"
        echo `cat TCCCCTCTGCTGGATACCTCTGG`
        sgRNA=`cat TCCCCTCTGCTGGATACCTCTGG`
        # sgRNA=TCCCCTCTGCTGGATACCTCTGG
        /home/zhaohuanan/zhaohn_HD/miniconda3/envs/snakepipes_target-seq/bin/python ./program/plot-targetseq-bmat-V04.py -i ../TargetSeq-cas9-RUX-25/cutoff_10/mapping/RX-Dig2_bt1_sort.bmat -o ../all_plot/cutoff_10.ext50/TargetSeq-cas9-RUX-25_RX-Dig2_cutoff_10_indel.ext50.pdf --region_extend_length 50 --sgRNA $sgRNA
        fi
        

[Sun Jan  3 16:33:17 2021]
rule sam_to_bam:
    input: ../TargetSeq-cas9-RUX-25/cutoff_3/mapping/RX-cpf-5_bt1.sam, ../reference.fasta/RX-cpf-5.ref.upper.fa
    output: ../TargetSeq-cas9-RUX-25/cutoff_3/mapping/RX-cpf-5_bt1.bam
    jobid: 260
    reason: Missing output files: ../TargetSeq-cas9-RUX-25/cutoff_3/mapping/RX-cpf-5_bt1.bam
    wildcards: lib=cas9-RUX-25, cutoff=3, sample=RX-cpf-5


        /home/zhaohuanan/zhaohn_HD/miniconda3/bin/samtools view -h -f 1 -F 268 ../TargetSeq-cas9-RUX-25/cutoff_3/mapping/RX-cpf-5_bt1.sam         | /home/zhaohuanan/zhaohn_HD/miniconda3/bin/samclip --ref ../reference.fasta/RX-cpf-5.ref.upper.fa --max 3 --progress 0         | awk 'function abs(v) {return v < 0 ? -v : v} $1~"@" || ($7 == "=" && abs($9) <= 600 ) {print $0}'         | /home/zhaohuanan/zhaohn_HD/miniconda3/bin/samtools view -hb > ../TargetSeq-cas9-RUX-25/cutoff_3/mapping/RX-cpf-5_bt1.bam
        
[Sun Jan  3 16:33:17 2021]
Error in rule bmat_plot:
    jobid: 601
    output: ../all_plot/cutoff_5.ext50/TargetSeq-cas9-RUX-25_RX-Dig2_cutoff_5_indel.ext50.pdf
    shell:
        
        if [[ `cat ../TargetSeq-cas9-RUX-25/cutoff_5/mapping/RX-Dig2_bt1_sort.bmat |wc -l` -eq 1 ]]; then 
        echo "bmat is empty" 
        echo "will touch a empty file" 
        touch ../all_plot/cutoff_5.ext50/TargetSeq-cas9-RUX-25_RX-Dig2_cutoff_5_indel.ext50.pdf
        touch ../all_plot/cutoff_5.ext50/TargetSeq-cas9-RUX-25_RX-Dig2_cutoff_5_indel.ext50.pdf.empty.log
        echo "decrease the cutoff and try again" > ../all_plot/cutoff_5.ext50/TargetSeq-cas9-RUX-25_RX-Dig2_cutoff_5_indel.ext50.pdf.empty.log
        else
        echo "bmat is ok!"
        echo "start to plot"
        echo `cat TCCCCTCTGCTGGATACCTCTGG`
        sgRNA=`cat TCCCCTCTGCTGGATACCTCTGG`
        # sgRNA=TCCCCTCTGCTGGATACCTCTGG
        /home/zhaohuanan/zhaohn_HD/miniconda3/envs/snakepipes_target-seq/bin/python ./program/plot-targetseq-bmat-V04.py -i ../TargetSeq-cas9-RUX-25/cutoff_5/mapping/RX-Dig2_bt1_sort.bmat -o ../all_plot/cutoff_5.ext50/TargetSeq-cas9-RUX-25_RX-Dig2_cutoff_5_indel.ext50.pdf --region_extend_length 50 --sgRNA $sgRNA
        fi
        
        (one of the commands exited with non-zero exit code; note that snakemake uses bash strict mode!)


[Sun Jan  3 16:33:17 2021]
rule samtools_index:
    input: ../TargetSeq-cas9-RUX-25/cutoff_10/mapping/RX-cpf-4_bt1_sort.bam
    output: ../TargetSeq-cas9-RUX-25/cutoff_10/mapping/RX-cpf-4_bt1_sort.bam.bai
    jobid: 392
    reason: Missing output files: ../TargetSeq-cas9-RUX-25/cutoff_10/mapping/RX-cpf-4_bt1_sort.bam.bai
    wildcards: lib=cas9-RUX-25, cutoff=10, sample=RX-cpf-4

/home/zhaohuanan/zhaohn_HD/miniconda3/bin/samtools index -@ 6 ../TargetSeq-cas9-RUX-25/cutoff_10/mapping/RX-cpf-4_bt1_sort.bam ../TargetSeq-cas9-RUX-25/cutoff_10/mapping/RX-cpf-4_bt1_sort.bam.bai

[Sun Jan  3 16:33:17 2021]
rule spike_in_mpileup:
    input: ../TargetSeq-cas9-RUX-25/cutoff_10/mapping/RX-cas-2_bt1_sort.bam, ../TargetSeq-cas9-RUX-25/cutoff_10/mapping/RX-cas-2_bt1_sort.bam.bai
    output: ../TargetSeq-cas9-RUX-25/cutoff_10/mapping/RX-cas-2_bt1_sort.mpileup
    jobid: 422
    reason: Missing output files: ../TargetSeq-cas9-RUX-25/cutoff_10/mapping/RX-cas-2_bt1_sort.mpileup
    wildcards: lib=cas9-RUX-25, cutoff=10, sample=RX-cas-2

/home/zhaohuanan/zhaohn_HD/miniconda3/bin/samtools mpileup ../TargetSeq-cas9-RUX-25/cutoff_10/mapping/RX-cas-2_bt1_sort.bam --reference ../reference.fasta/RX-cas-2.ref.upper.fa --max-depth 10000000 -q 20 -Q 20 > ../TargetSeq-cas9-RUX-25/cutoff_10/mapping/RX-cas-2_bt1_sort.mpileup 

[Sun Jan  3 16:33:17 2021]
rule samtools_sort_by_position:
    input: ../TargetSeq-cas9-RUX-25/cutoff_5/mapping/RX-cpf-5_bt1.bam
    output: ../TargetSeq-cas9-RUX-25/cutoff_5/mapping/RX-cpf-5_bt1_sort.bam
    jobid: 263
    reason: Missing output files: ../TargetSeq-cas9-RUX-25/cutoff_5/mapping/RX-cpf-5_bt1_sort.bam
    wildcards: lib=cas9-RUX-25, cutoff=5, sample=RX-cpf-5

/home/zhaohuanan/zhaohn_HD/miniconda3/bin/samtools sort -O BAM -o ../TargetSeq-cas9-RUX-25/cutoff_5/mapping/RX-cpf-5_bt1_sort.bam -T ../TargetSeq-cas9-RUX-25/cutoff_5/mapping/RX-cpf-5_bt1_sort.bam.temp -@ 6 -m 2G ../TargetSeq-cas9-RUX-25/cutoff_5/mapping/RX-cpf-5_bt1.bam
[Sun Jan  3 16:33:17 2021]
Error in rule bmat_plot:
    jobid: 580
    output: ../all_plot/cutoff_5.ext50/TargetSeq-cas9-RUX-25_RX-cas-3_cutoff_5_indel.ext50.pdf
    shell:
        
        if [[ `cat ../TargetSeq-cas9-RUX-25/cutoff_5/mapping/RX-cas-3_bt1_sort.bmat |wc -l` -eq 1 ]]; then 
        echo "bmat is empty" 
        echo "will touch a empty file" 
        touch ../all_plot/cutoff_5.ext50/TargetSeq-cas9-RUX-25_RX-cas-3_cutoff_5_indel.ext50.pdf
        touch ../all_plot/cutoff_5.ext50/TargetSeq-cas9-RUX-25_RX-cas-3_cutoff_5_indel.ext50.pdf.empty.log
        echo "decrease the cutoff and try again" > ../all_plot/cutoff_5.ext50/TargetSeq-cas9-RUX-25_RX-cas-3_cutoff_5_indel.ext50.pdf.empty.log
        else
        echo "bmat is ok!"
        echo "start to plot"
        echo `cat TCCCCTCTGCTGGATACCTCTGG`
        sgRNA=`cat TCCCCTCTGCTGGATACCTCTGG`
        # sgRNA=TCCCCTCTGCTGGATACCTCTGG
        /home/zhaohuanan/zhaohn_HD/miniconda3/envs/snakepipes_target-seq/bin/python ./program/plot-targetseq-bmat-V04.py -i ../TargetSeq-cas9-RUX-25/cutoff_5/mapping/RX-cas-3_bt1_sort.bmat -o ../all_plot/cutoff_5.ext50/TargetSeq-cas9-RUX-25_RX-cas-3_cutoff_5_indel.ext50.pdf --region_extend_length 50 --sgRNA $sgRNA
        fi
        
        (one of the commands exited with non-zero exit code; note that snakemake uses bash strict mode!)

[Sun Jan  3 16:33:17 2021]
Finished job 412.
10 of 225 steps (4%) done

[Sun Jan  3 16:33:17 2021]
rule parse_mpileup:
    input: ../TargetSeq-cas9-RUX-25/cutoff_10/mapping/RX-cpf-8_bt1_sort.mpileup
    output: ../TargetSeq-cas9-RUX-25/cutoff_10/mapping/RX-cpf-8_bt1_sort.bmat
    jobid: 560
    reason: Missing output files: ../TargetSeq-cas9-RUX-25/cutoff_10/mapping/RX-cpf-8_bt1_sort.bmat
    wildcards: lib=cas9-RUX-25, cutoff=10, sample=RX-cpf-8

/home/zhaohuanan/zhaohn_HD/miniconda3/envs/snakepipes_target-seq/bin/python ./program/parse-mpileup-V04.py -i ../TargetSeq-cas9-RUX-25/cutoff_10/mapping/RX-cpf-8_bt1_sort.mpileup -o ../TargetSeq-cas9-RUX-25/cutoff_10/mapping/RX-cpf-8_bt1_sort.bmat -n 0
[Sun Jan  3 16:33:17 2021]
Error in rule bmat_plot:
    jobid: 602
    output: ../all_plot/cutoff_10.ext50/TargetSeq-cas9-RUX-25_RX-Dig2_cutoff_10_indel.ext50.pdf
    shell:
        
        if [[ `cat ../TargetSeq-cas9-RUX-25/cutoff_10/mapping/RX-Dig2_bt1_sort.bmat |wc -l` -eq 1 ]]; then 
        echo "bmat is empty" 
        echo "will touch a empty file" 
        touch ../all_plot/cutoff_10.ext50/TargetSeq-cas9-RUX-25_RX-Dig2_cutoff_10_indel.ext50.pdf
        touch ../all_plot/cutoff_10.ext50/TargetSeq-cas9-RUX-25_RX-Dig2_cutoff_10_indel.ext50.pdf.empty.log
        echo "decrease the cutoff and try again" > ../all_plot/cutoff_10.ext50/TargetSeq-cas9-RUX-25_RX-Dig2_cutoff_10_indel.ext50.pdf.empty.log
        else
        echo "bmat is ok!"
        echo "start to plot"
        echo `cat TCCCCTCTGCTGGATACCTCTGG`
        sgRNA=`cat TCCCCTCTGCTGGATACCTCTGG`
        # sgRNA=TCCCCTCTGCTGGATACCTCTGG
        /home/zhaohuanan/zhaohn_HD/miniconda3/envs/snakepipes_target-seq/bin/python ./program/plot-targetseq-bmat-V04.py -i ../TargetSeq-cas9-RUX-25/cutoff_10/mapping/RX-Dig2_bt1_sort.bmat -o ../all_plot/cutoff_10.ext50/TargetSeq-cas9-RUX-25_RX-Dig2_cutoff_10_indel.ext50.pdf --region_extend_length 50 --sgRNA $sgRNA
        fi
        
        (one of the commands exited with non-zero exit code; note that snakemake uses bash strict mode!)

[Sun Jan  3 16:33:17 2021]
Finished job 360.
11 of 225 steps (5%) done
[Sun Jan  3 16:33:17 2021]
Finished job 369.
12 of 225 steps (5%) done
[Sun Jan  3 16:33:17 2021]
Finished job 263.
13 of 225 steps (6%) done
[Sun Jan  3 16:33:17 2021]
Finished job 392.
14 of 225 steps (6%) done
[Sun Jan  3 16:33:17 2021]
Finished job 370.
15 of 225 steps (7%) done
[Sun Jan  3 16:33:17 2021]
Finished job 210.
16 of 225 steps (7%) done
[Sun Jan  3 16:33:18 2021]
Finished job 143.
17 of 225 steps (8%) done
[Sun Jan  3 16:33:18 2021]
Finished job 219.
18 of 225 steps (8%) done
[Sun Jan  3 16:33:18 2021]
Finished job 260.
19 of 225 steps (8%) done
[Sun Jan  3 16:33:18 2021]
Finished job 279.
20 of 225 steps (9%) done
[Sun Jan  3 16:33:22 2021]
Finished job 140.
21 of 225 steps (9%) done
[Sun Jan  3 16:33:25 2021]
Finished job 569.
22 of 225 steps (10%) done
[Sun Jan  3 16:33:27 2021]
Finished job 509.
23 of 225 steps (10%) done
[Sun Jan  3 16:33:30 2021]
Finished job 545.
24 of 225 steps (11%) done
[Sun Jan  3 16:33:31 2021]
Finished job 539.
25 of 225 steps (11%) done
[Sun Jan  3 16:33:32 2021]
Finished job 556.
26 of 225 steps (12%) done
[Sun Jan  3 16:33:33 2021]
Finished job 529.
27 of 225 steps (12%) done
[Sun Jan  3 16:33:37 2021]
Finished job 504.
28 of 225 steps (12%) done
[Sun Jan  3 16:33:38 2021]
Finished job 518.
29 of 225 steps (13%) done
[Sun Jan  3 16:33:45 2021]
Finished job 517.
30 of 225 steps (13%) done
[Sun Jan  3 16:33:47 2021]
Finished job 560.
31 of 225 steps (14%) done
[Sun Jan  3 16:33:48 2021]
Finished job 479.
32 of 225 steps (14%) done
[Sun Jan  3 16:34:08 2021]
Finished job 422.
33 of 225 steps (15%) done
[Sun Jan  3 16:34:15 2021]
Finished job 427.
34 of 225 steps (15%) done
[Sun Jan  3 16:34:21 2021]
Finished job 460.
35 of 225 steps (16%) done
[Sun Jan  3 16:34:27 2021]
Finished job 475.
36 of 225 steps (16%) done
[Sun Jan  3 16:34:37 2021]
Finished job 432.
37 of 225 steps (16%) done
Shutting down, this might take some time.
Exiting because a job execution failed. Look above for error message
Complete log: /gpfs/user/zhaohuanan/3.project/25.2020-12_02_CBE_DetectSeq_paper_revise/TargetSeq_20201227/sub1_cpf1_cas9/snakepipes_target-seq/.snakemake/log/2021-01-03T163315.296881.snakemake.log
