Building DAG of jobs...
Using shell: /usr/bin/bash
Provided cluster nodes: 12
Job counts:
	count	jobs
	24	MergeFastq
	1	all
	25
Select jobs to execute...

[Tue Aug  3 23:29:33 2021]
rule MergeFastq:
    input: ../TargetSeq-CBE-HEK4-rep2
    output: ../TargetSeq-CBE-HEK4-rep2/cutoff_10/CBE-HEK4-rep2_cutoff_10.report
    log: ../TargetSeq-CBE-HEK4-rep2/cutoff_10/CBE-HEK4-rep2_cutoff_10.log
    jobid: 24
    reason: Missing output files: ../TargetSeq-CBE-HEK4-rep2/cutoff_10/CBE-HEK4-rep2_cutoff_10.report
    wildcards: lib=CBE-HEK4-rep2, cutoff=10


        /lustre1/chengqiyi_pkuhpc/zhaohn/0.apps/miniconda3/envs/snakepipes_py27/bin/python ./program/target_seq_merge_fq_V03.py         -i ../TargetSeq-CBE-HEK4-rep2         -p ./primer_table/ABE.txt         -o ../TargetSeq-CBE-HEK4-rep2/cutoff_10         -r ../TargetSeq-CBE-HEK4-rep2/cutoff_10/CBE-HEK4-rep2_cutoff_10.report         --MinMergeReadNumCutoff 10  > ../TargetSeq-CBE-HEK4-rep2/cutoff_10/CBE-HEK4-rep2_cutoff_10.log 2>&1
        
Submitted job 24 with external jobid 'Submitted batch job 10093714'.

[Tue Aug  3 23:29:33 2021]
rule MergeFastq:
    input: ../TargetSeq-ABE8e-HEK4-rep1
    output: ../TargetSeq-ABE8e-HEK4-rep1/cutoff_10/ABE8e-HEK4-rep1_cutoff_10.report
    log: ../TargetSeq-ABE8e-HEK4-rep1/cutoff_10/ABE8e-HEK4-rep1_cutoff_10.log
    jobid: 9
    reason: Missing output files: ../TargetSeq-ABE8e-HEK4-rep1/cutoff_10/ABE8e-HEK4-rep1_cutoff_10.report
    wildcards: lib=ABE8e-HEK4-rep1, cutoff=10


        /lustre1/chengqiyi_pkuhpc/zhaohn/0.apps/miniconda3/envs/snakepipes_py27/bin/python ./program/target_seq_merge_fq_V03.py         -i ../TargetSeq-ABE8e-HEK4-rep1         -p ./primer_table/ABE.txt         -o ../TargetSeq-ABE8e-HEK4-rep1/cutoff_10         -r ../TargetSeq-ABE8e-HEK4-rep1/cutoff_10/ABE8e-HEK4-rep1_cutoff_10.report         --MinMergeReadNumCutoff 10  > ../TargetSeq-ABE8e-HEK4-rep1/cutoff_10/ABE8e-HEK4-rep1_cutoff_10.log 2>&1
        
Submitted job 9 with external jobid 'Submitted batch job 10093715'.

[Tue Aug  3 23:29:33 2021]
rule MergeFastq:
    input: ../TargetSeq-ABE-HEK4-rep2
    output: ../TargetSeq-ABE-HEK4-rep2/cutoff_3/ABE-HEK4-rep2_cutoff_3.report
    log: ../TargetSeq-ABE-HEK4-rep2/cutoff_3/ABE-HEK4-rep2_cutoff_3.log
    jobid: 4
    reason: Missing output files: ../TargetSeq-ABE-HEK4-rep2/cutoff_3/ABE-HEK4-rep2_cutoff_3.report
    wildcards: lib=ABE-HEK4-rep2, cutoff=3


        /lustre1/chengqiyi_pkuhpc/zhaohn/0.apps/miniconda3/envs/snakepipes_py27/bin/python ./program/target_seq_merge_fq_V03.py         -i ../TargetSeq-ABE-HEK4-rep2         -p ./primer_table/ABE.txt         -o ../TargetSeq-ABE-HEK4-rep2/cutoff_3         -r ../TargetSeq-ABE-HEK4-rep2/cutoff_3/ABE-HEK4-rep2_cutoff_3.report         --MinMergeReadNumCutoff 3  > ../TargetSeq-ABE-HEK4-rep2/cutoff_3/ABE-HEK4-rep2_cutoff_3.log 2>&1
        
Submitted job 4 with external jobid 'Submitted batch job 10093716'.

[Tue Aug  3 23:29:33 2021]
rule MergeFastq:
    input: ../TargetSeq-ABE8e-HEK4-rep2
    output: ../TargetSeq-ABE8e-HEK4-rep2/cutoff_5/ABE8e-HEK4-rep2_cutoff_5.report
    log: ../TargetSeq-ABE8e-HEK4-rep2/cutoff_5/ABE8e-HEK4-rep2_cutoff_5.log
    jobid: 11
    reason: Missing output files: ../TargetSeq-ABE8e-HEK4-rep2/cutoff_5/ABE8e-HEK4-rep2_cutoff_5.report
    wildcards: lib=ABE8e-HEK4-rep2, cutoff=5


        /lustre1/chengqiyi_pkuhpc/zhaohn/0.apps/miniconda3/envs/snakepipes_py27/bin/python ./program/target_seq_merge_fq_V03.py         -i ../TargetSeq-ABE8e-HEK4-rep2         -p ./primer_table/ABE.txt         -o ../TargetSeq-ABE8e-HEK4-rep2/cutoff_5         -r ../TargetSeq-ABE8e-HEK4-rep2/cutoff_5/ABE8e-HEK4-rep2_cutoff_5.report         --MinMergeReadNumCutoff 5  > ../TargetSeq-ABE8e-HEK4-rep2/cutoff_5/ABE8e-HEK4-rep2_cutoff_5.log 2>&1
        
Submitted job 11 with external jobid 'Submitted batch job 10093717'.

[Tue Aug  3 23:29:33 2021]
rule MergeFastq:
    input: ../TargetSeq-CBE-HEK4-rep1
    output: ../TargetSeq-CBE-HEK4-rep1/cutoff_3/CBE-HEK4-rep1_cutoff_3.report
    log: ../TargetSeq-CBE-HEK4-rep1/cutoff_3/CBE-HEK4-rep1_cutoff_3.log
    jobid: 19
    reason: Missing output files: ../TargetSeq-CBE-HEK4-rep1/cutoff_3/CBE-HEK4-rep1_cutoff_3.report
    wildcards: lib=CBE-HEK4-rep1, cutoff=3


        /lustre1/chengqiyi_pkuhpc/zhaohn/0.apps/miniconda3/envs/snakepipes_py27/bin/python ./program/target_seq_merge_fq_V03.py         -i ../TargetSeq-CBE-HEK4-rep1         -p ./primer_table/ABE.txt         -o ../TargetSeq-CBE-HEK4-rep1/cutoff_3         -r ../TargetSeq-CBE-HEK4-rep1/cutoff_3/CBE-HEK4-rep1_cutoff_3.report         --MinMergeReadNumCutoff 3  > ../TargetSeq-CBE-HEK4-rep1/cutoff_3/CBE-HEK4-rep1_cutoff_3.log 2>&1
        
Submitted job 19 with external jobid 'Submitted batch job 10093718'.

[Tue Aug  3 23:29:33 2021]
rule MergeFastq:
    input: ../TargetSeq-ABE8e-HEK4-rep1
    output: ../TargetSeq-ABE8e-HEK4-rep1/cutoff_5/ABE8e-HEK4-rep1_cutoff_5.report
    log: ../TargetSeq-ABE8e-HEK4-rep1/cutoff_5/ABE8e-HEK4-rep1_cutoff_5.log
    jobid: 8
    reason: Missing output files: ../TargetSeq-ABE8e-HEK4-rep1/cutoff_5/ABE8e-HEK4-rep1_cutoff_5.report
    wildcards: lib=ABE8e-HEK4-rep1, cutoff=5


        /lustre1/chengqiyi_pkuhpc/zhaohn/0.apps/miniconda3/envs/snakepipes_py27/bin/python ./program/target_seq_merge_fq_V03.py         -i ../TargetSeq-ABE8e-HEK4-rep1         -p ./primer_table/ABE.txt         -o ../TargetSeq-ABE8e-HEK4-rep1/cutoff_5         -r ../TargetSeq-ABE8e-HEK4-rep1/cutoff_5/ABE8e-HEK4-rep1_cutoff_5.report         --MinMergeReadNumCutoff 5  > ../TargetSeq-ABE8e-HEK4-rep1/cutoff_5/ABE8e-HEK4-rep1_cutoff_5.log 2>&1
        
Submitted job 8 with external jobid 'Submitted batch job 10093719'.

[Tue Aug  3 23:29:33 2021]
rule MergeFastq:
    input: ../TargetSeq-ACBE-HEK4-rep1
    output: ../TargetSeq-ACBE-HEK4-rep1/cutoff_10/ACBE-HEK4-rep1_cutoff_10.report
    log: ../TargetSeq-ACBE-HEK4-rep1/cutoff_10/ACBE-HEK4-rep1_cutoff_10.log
    jobid: 15
    reason: Missing output files: ../TargetSeq-ACBE-HEK4-rep1/cutoff_10/ACBE-HEK4-rep1_cutoff_10.report
    wildcards: lib=ACBE-HEK4-rep1, cutoff=10


        /lustre1/chengqiyi_pkuhpc/zhaohn/0.apps/miniconda3/envs/snakepipes_py27/bin/python ./program/target_seq_merge_fq_V03.py         -i ../TargetSeq-ACBE-HEK4-rep1         -p ./primer_table/ABE.txt         -o ../TargetSeq-ACBE-HEK4-rep1/cutoff_10         -r ../TargetSeq-ACBE-HEK4-rep1/cutoff_10/ACBE-HEK4-rep1_cutoff_10.report         --MinMergeReadNumCutoff 10  > ../TargetSeq-ACBE-HEK4-rep1/cutoff_10/ACBE-HEK4-rep1_cutoff_10.log 2>&1
        
Submitted job 15 with external jobid 'Submitted batch job 10093720'.

[Tue Aug  3 23:29:33 2021]
rule MergeFastq:
    input: ../TargetSeq-CBE-HEK4-rep2
    output: ../TargetSeq-CBE-HEK4-rep2/cutoff_5/CBE-HEK4-rep2_cutoff_5.report
    log: ../TargetSeq-CBE-HEK4-rep2/cutoff_5/CBE-HEK4-rep2_cutoff_5.log
    jobid: 23
    reason: Missing output files: ../TargetSeq-CBE-HEK4-rep2/cutoff_5/CBE-HEK4-rep2_cutoff_5.report
    wildcards: lib=CBE-HEK4-rep2, cutoff=5


        /lustre1/chengqiyi_pkuhpc/zhaohn/0.apps/miniconda3/envs/snakepipes_py27/bin/python ./program/target_seq_merge_fq_V03.py         -i ../TargetSeq-CBE-HEK4-rep2         -p ./primer_table/ABE.txt         -o ../TargetSeq-CBE-HEK4-rep2/cutoff_5         -r ../TargetSeq-CBE-HEK4-rep2/cutoff_5/CBE-HEK4-rep2_cutoff_5.report         --MinMergeReadNumCutoff 5  > ../TargetSeq-CBE-HEK4-rep2/cutoff_5/CBE-HEK4-rep2_cutoff_5.log 2>&1
        
Submitted job 23 with external jobid 'Submitted batch job 10093721'.

[Tue Aug  3 23:29:34 2021]
rule MergeFastq:
    input: ../TargetSeq-ABE-HEK4-rep1
    output: ../TargetSeq-ABE-HEK4-rep1/cutoff_10/ABE-HEK4-rep1_cutoff_10.report
    log: ../TargetSeq-ABE-HEK4-rep1/cutoff_10/ABE-HEK4-rep1_cutoff_10.log
    jobid: 3
    reason: Missing output files: ../TargetSeq-ABE-HEK4-rep1/cutoff_10/ABE-HEK4-rep1_cutoff_10.report
    wildcards: lib=ABE-HEK4-rep1, cutoff=10


        /lustre1/chengqiyi_pkuhpc/zhaohn/0.apps/miniconda3/envs/snakepipes_py27/bin/python ./program/target_seq_merge_fq_V03.py         -i ../TargetSeq-ABE-HEK4-rep1         -p ./primer_table/ABE.txt         -o ../TargetSeq-ABE-HEK4-rep1/cutoff_10         -r ../TargetSeq-ABE-HEK4-rep1/cutoff_10/ABE-HEK4-rep1_cutoff_10.report         --MinMergeReadNumCutoff 10  > ../TargetSeq-ABE-HEK4-rep1/cutoff_10/ABE-HEK4-rep1_cutoff_10.log 2>&1
        
Submitted job 3 with external jobid 'Submitted batch job 10093722'.

[Tue Aug  3 23:29:34 2021]
rule MergeFastq:
    input: ../TargetSeq-ACBE-HEK4-rep2
    output: ../TargetSeq-ACBE-HEK4-rep2/cutoff_10/ACBE-HEK4-rep2_cutoff_10.report
    log: ../TargetSeq-ACBE-HEK4-rep2/cutoff_10/ACBE-HEK4-rep2_cutoff_10.log
    jobid: 18
    reason: Missing output files: ../TargetSeq-ACBE-HEK4-rep2/cutoff_10/ACBE-HEK4-rep2_cutoff_10.report
    wildcards: lib=ACBE-HEK4-rep2, cutoff=10


        /lustre1/chengqiyi_pkuhpc/zhaohn/0.apps/miniconda3/envs/snakepipes_py27/bin/python ./program/target_seq_merge_fq_V03.py         -i ../TargetSeq-ACBE-HEK4-rep2         -p ./primer_table/ABE.txt         -o ../TargetSeq-ACBE-HEK4-rep2/cutoff_10         -r ../TargetSeq-ACBE-HEK4-rep2/cutoff_10/ACBE-HEK4-rep2_cutoff_10.report         --MinMergeReadNumCutoff 10  > ../TargetSeq-ACBE-HEK4-rep2/cutoff_10/ACBE-HEK4-rep2_cutoff_10.log 2>&1
        
Submitted job 18 with external jobid 'Submitted batch job 10093723'.

[Tue Aug  3 23:29:34 2021]
rule MergeFastq:
    input: ../TargetSeq-ABE8e-HEK4-rep2
    output: ../TargetSeq-ABE8e-HEK4-rep2/cutoff_3/ABE8e-HEK4-rep2_cutoff_3.report
    log: ../TargetSeq-ABE8e-HEK4-rep2/cutoff_3/ABE8e-HEK4-rep2_cutoff_3.log
    jobid: 10
    reason: Missing output files: ../TargetSeq-ABE8e-HEK4-rep2/cutoff_3/ABE8e-HEK4-rep2_cutoff_3.report
    wildcards: lib=ABE8e-HEK4-rep2, cutoff=3


        /lustre1/chengqiyi_pkuhpc/zhaohn/0.apps/miniconda3/envs/snakepipes_py27/bin/python ./program/target_seq_merge_fq_V03.py         -i ../TargetSeq-ABE8e-HEK4-rep2         -p ./primer_table/ABE.txt         -o ../TargetSeq-ABE8e-HEK4-rep2/cutoff_3         -r ../TargetSeq-ABE8e-HEK4-rep2/cutoff_3/ABE8e-HEK4-rep2_cutoff_3.report         --MinMergeReadNumCutoff 3  > ../TargetSeq-ABE8e-HEK4-rep2/cutoff_3/ABE8e-HEK4-rep2_cutoff_3.log 2>&1
        
Submitted job 10 with external jobid 'Submitted batch job 10093724'.

[Tue Aug  3 23:29:34 2021]
rule MergeFastq:
    input: ../TargetSeq-ACBE-HEK4-rep2
    output: ../TargetSeq-ACBE-HEK4-rep2/cutoff_3/ACBE-HEK4-rep2_cutoff_3.report
    log: ../TargetSeq-ACBE-HEK4-rep2/cutoff_3/ACBE-HEK4-rep2_cutoff_3.log
    jobid: 16
    reason: Missing output files: ../TargetSeq-ACBE-HEK4-rep2/cutoff_3/ACBE-HEK4-rep2_cutoff_3.report
    wildcards: lib=ACBE-HEK4-rep2, cutoff=3


        /lustre1/chengqiyi_pkuhpc/zhaohn/0.apps/miniconda3/envs/snakepipes_py27/bin/python ./program/target_seq_merge_fq_V03.py         -i ../TargetSeq-ACBE-HEK4-rep2         -p ./primer_table/ABE.txt         -o ../TargetSeq-ACBE-HEK4-rep2/cutoff_3         -r ../TargetSeq-ACBE-HEK4-rep2/cutoff_3/ACBE-HEK4-rep2_cutoff_3.report         --MinMergeReadNumCutoff 3  > ../TargetSeq-ACBE-HEK4-rep2/cutoff_3/ACBE-HEK4-rep2_cutoff_3.log 2>&1
        
Submitted job 16 with external jobid 'Submitted batch job 10093725'.
[Tue Aug  3 23:29:43 2021]
Finished job 19.
1 of 25 steps (4%) done
Select jobs to execute...

[Tue Aug  3 23:29:43 2021]
rule MergeFastq:
    input: ../TargetSeq-ABE8e-HEK4-rep1
    output: ../TargetSeq-ABE8e-HEK4-rep1/cutoff_3/ABE8e-HEK4-rep1_cutoff_3.report
    log: ../TargetSeq-ABE8e-HEK4-rep1/cutoff_3/ABE8e-HEK4-rep1_cutoff_3.log
    jobid: 7
    reason: Missing output files: ../TargetSeq-ABE8e-HEK4-rep1/cutoff_3/ABE8e-HEK4-rep1_cutoff_3.report
    wildcards: lib=ABE8e-HEK4-rep1, cutoff=3


        /lustre1/chengqiyi_pkuhpc/zhaohn/0.apps/miniconda3/envs/snakepipes_py27/bin/python ./program/target_seq_merge_fq_V03.py         -i ../TargetSeq-ABE8e-HEK4-rep1         -p ./primer_table/ABE.txt         -o ../TargetSeq-ABE8e-HEK4-rep1/cutoff_3         -r ../TargetSeq-ABE8e-HEK4-rep1/cutoff_3/ABE8e-HEK4-rep1_cutoff_3.report         --MinMergeReadNumCutoff 3  > ../TargetSeq-ABE8e-HEK4-rep1/cutoff_3/ABE8e-HEK4-rep1_cutoff_3.log 2>&1
        
Submitted job 7 with external jobid 'Submitted batch job 10093726'.
[Wed Aug  4 00:27:21 2021]
Finished job 9.
2 of 25 steps (8%) done
Select jobs to execute...

[Wed Aug  4 00:27:21 2021]
rule MergeFastq:
    input: ../TargetSeq-ACBE-HEK4-rep1
    output: ../TargetSeq-ACBE-HEK4-rep1/cutoff_5/ACBE-HEK4-rep1_cutoff_5.report
    log: ../TargetSeq-ACBE-HEK4-rep1/cutoff_5/ACBE-HEK4-rep1_cutoff_5.log
    jobid: 14
    reason: Missing output files: ../TargetSeq-ACBE-HEK4-rep1/cutoff_5/ACBE-HEK4-rep1_cutoff_5.report
    wildcards: lib=ACBE-HEK4-rep1, cutoff=5


        /lustre1/chengqiyi_pkuhpc/zhaohn/0.apps/miniconda3/envs/snakepipes_py27/bin/python ./program/target_seq_merge_fq_V03.py         -i ../TargetSeq-ACBE-HEK4-rep1         -p ./primer_table/ABE.txt         -o ../TargetSeq-ACBE-HEK4-rep1/cutoff_5         -r ../TargetSeq-ACBE-HEK4-rep1/cutoff_5/ACBE-HEK4-rep1_cutoff_5.report         --MinMergeReadNumCutoff 5  > ../TargetSeq-ACBE-HEK4-rep1/cutoff_5/ACBE-HEK4-rep1_cutoff_5.log 2>&1
        
Submitted job 14 with external jobid 'Submitted batch job 10093768'.
[Wed Aug  4 00:29:11 2021]
Finished job 3.
3 of 25 steps (12%) done
Select jobs to execute...

[Wed Aug  4 00:29:11 2021]
rule MergeFastq:
    input: ../TargetSeq-CBE-HEK4-rep2
    output: ../TargetSeq-CBE-HEK4-rep2/cutoff_3/CBE-HEK4-rep2_cutoff_3.report
    log: ../TargetSeq-CBE-HEK4-rep2/cutoff_3/CBE-HEK4-rep2_cutoff_3.log
    jobid: 22
    reason: Missing output files: ../TargetSeq-CBE-HEK4-rep2/cutoff_3/CBE-HEK4-rep2_cutoff_3.report
    wildcards: lib=CBE-HEK4-rep2, cutoff=3


        /lustre1/chengqiyi_pkuhpc/zhaohn/0.apps/miniconda3/envs/snakepipes_py27/bin/python ./program/target_seq_merge_fq_V03.py         -i ../TargetSeq-CBE-HEK4-rep2         -p ./primer_table/ABE.txt         -o ../TargetSeq-CBE-HEK4-rep2/cutoff_3         -r ../TargetSeq-CBE-HEK4-rep2/cutoff_3/CBE-HEK4-rep2_cutoff_3.report         --MinMergeReadNumCutoff 3  > ../TargetSeq-CBE-HEK4-rep2/cutoff_3/CBE-HEK4-rep2_cutoff_3.log 2>&1
        
Submitted job 22 with external jobid 'Submitted batch job 10093770'.
[Wed Aug  4 00:37:49 2021]
Finished job 15.
4 of 25 steps (16%) done
Select jobs to execute...

[Wed Aug  4 00:37:49 2021]
rule MergeFastq:
    input: ../TargetSeq-CBE-HEK4-rep1
    output: ../TargetSeq-CBE-HEK4-rep1/cutoff_5/CBE-HEK4-rep1_cutoff_5.report
    log: ../TargetSeq-CBE-HEK4-rep1/cutoff_5/CBE-HEK4-rep1_cutoff_5.log
    jobid: 20
    reason: Missing output files: ../TargetSeq-CBE-HEK4-rep1/cutoff_5/CBE-HEK4-rep1_cutoff_5.report
    wildcards: lib=CBE-HEK4-rep1, cutoff=5


        /lustre1/chengqiyi_pkuhpc/zhaohn/0.apps/miniconda3/envs/snakepipes_py27/bin/python ./program/target_seq_merge_fq_V03.py         -i ../TargetSeq-CBE-HEK4-rep1         -p ./primer_table/ABE.txt         -o ../TargetSeq-CBE-HEK4-rep1/cutoff_5         -r ../TargetSeq-CBE-HEK4-rep1/cutoff_5/CBE-HEK4-rep1_cutoff_5.report         --MinMergeReadNumCutoff 5  > ../TargetSeq-CBE-HEK4-rep1/cutoff_5/CBE-HEK4-rep1_cutoff_5.log 2>&1
        
Submitted job 20 with external jobid 'Submitted batch job 10093775'.
[Wed Aug  4 00:38:11 2021]
Finished job 20.
5 of 25 steps (20%) done
Select jobs to execute...
[Wed Aug  4 00:38:11 2021]
Finished job 8.
6 of 25 steps (24%) done

[Wed Aug  4 00:38:11 2021]
rule MergeFastq:
    input: ../TargetSeq-ABE8e-HEK4-rep2
    output: ../TargetSeq-ABE8e-HEK4-rep2/cutoff_10/ABE8e-HEK4-rep2_cutoff_10.report
    log: ../TargetSeq-ABE8e-HEK4-rep2/cutoff_10/ABE8e-HEK4-rep2_cutoff_10.log
    jobid: 12
    reason: Missing output files: ../TargetSeq-ABE8e-HEK4-rep2/cutoff_10/ABE8e-HEK4-rep2_cutoff_10.report
    wildcards: lib=ABE8e-HEK4-rep2, cutoff=10


        /lustre1/chengqiyi_pkuhpc/zhaohn/0.apps/miniconda3/envs/snakepipes_py27/bin/python ./program/target_seq_merge_fq_V03.py         -i ../TargetSeq-ABE8e-HEK4-rep2         -p ./primer_table/ABE.txt         -o ../TargetSeq-ABE8e-HEK4-rep2/cutoff_10         -r ../TargetSeq-ABE8e-HEK4-rep2/cutoff_10/ABE8e-HEK4-rep2_cutoff_10.report         --MinMergeReadNumCutoff 10  > ../TargetSeq-ABE8e-HEK4-rep2/cutoff_10/ABE8e-HEK4-rep2_cutoff_10.log 2>&1
        
Submitted job 12 with external jobid 'Submitted batch job 10093776'.
Select jobs to execute...

[Wed Aug  4 00:38:11 2021]
rule MergeFastq:
    input: ../TargetSeq-ABE-HEK4-rep2
    output: ../TargetSeq-ABE-HEK4-rep2/cutoff_5/ABE-HEK4-rep2_cutoff_5.report
    log: ../TargetSeq-ABE-HEK4-rep2/cutoff_5/ABE-HEK4-rep2_cutoff_5.log
    jobid: 5
    reason: Missing output files: ../TargetSeq-ABE-HEK4-rep2/cutoff_5/ABE-HEK4-rep2_cutoff_5.report
    wildcards: lib=ABE-HEK4-rep2, cutoff=5


        /lustre1/chengqiyi_pkuhpc/zhaohn/0.apps/miniconda3/envs/snakepipes_py27/bin/python ./program/target_seq_merge_fq_V03.py         -i ../TargetSeq-ABE-HEK4-rep2         -p ./primer_table/ABE.txt         -o ../TargetSeq-ABE-HEK4-rep2/cutoff_5         -r ../TargetSeq-ABE-HEK4-rep2/cutoff_5/ABE-HEK4-rep2_cutoff_5.report         --MinMergeReadNumCutoff 5  > ../TargetSeq-ABE-HEK4-rep2/cutoff_5/ABE-HEK4-rep2_cutoff_5.log 2>&1
        
Submitted job 5 with external jobid 'Submitted batch job 10093777'.
[Wed Aug  4 00:39:50 2021]
Finished job 18.
7 of 25 steps (28%) done
Select jobs to execute...

[Wed Aug  4 00:39:50 2021]
rule MergeFastq:
    input: ../TargetSeq-ABE-HEK4-rep1
    output: ../TargetSeq-ABE-HEK4-rep1/cutoff_3/ABE-HEK4-rep1_cutoff_3.report
    log: ../TargetSeq-ABE-HEK4-rep1/cutoff_3/ABE-HEK4-rep1_cutoff_3.log
    jobid: 1
    reason: Missing output files: ../TargetSeq-ABE-HEK4-rep1/cutoff_3/ABE-HEK4-rep1_cutoff_3.report
    wildcards: lib=ABE-HEK4-rep1, cutoff=3


        /lustre1/chengqiyi_pkuhpc/zhaohn/0.apps/miniconda3/envs/snakepipes_py27/bin/python ./program/target_seq_merge_fq_V03.py         -i ../TargetSeq-ABE-HEK4-rep1         -p ./primer_table/ABE.txt         -o ../TargetSeq-ABE-HEK4-rep1/cutoff_3         -r ../TargetSeq-ABE-HEK4-rep1/cutoff_3/ABE-HEK4-rep1_cutoff_3.report         --MinMergeReadNumCutoff 3  > ../TargetSeq-ABE-HEK4-rep1/cutoff_3/ABE-HEK4-rep1_cutoff_3.log 2>&1
        
Submitted job 1 with external jobid 'Submitted batch job 10093778'.
[Wed Aug  4 00:43:42 2021]
Finished job 16.
8 of 25 steps (32%) done
Select jobs to execute...

[Wed Aug  4 00:43:42 2021]
rule MergeFastq:
    input: ../TargetSeq-ACBE-HEK4-rep1
    output: ../TargetSeq-ACBE-HEK4-rep1/cutoff_3/ACBE-HEK4-rep1_cutoff_3.report
    log: ../TargetSeq-ACBE-HEK4-rep1/cutoff_3/ACBE-HEK4-rep1_cutoff_3.log
    jobid: 13
    reason: Missing output files: ../TargetSeq-ACBE-HEK4-rep1/cutoff_3/ACBE-HEK4-rep1_cutoff_3.report
    wildcards: lib=ACBE-HEK4-rep1, cutoff=3


        /lustre1/chengqiyi_pkuhpc/zhaohn/0.apps/miniconda3/envs/snakepipes_py27/bin/python ./program/target_seq_merge_fq_V03.py         -i ../TargetSeq-ACBE-HEK4-rep1         -p ./primer_table/ABE.txt         -o ../TargetSeq-ACBE-HEK4-rep1/cutoff_3         -r ../TargetSeq-ACBE-HEK4-rep1/cutoff_3/ACBE-HEK4-rep1_cutoff_3.report         --MinMergeReadNumCutoff 3  > ../TargetSeq-ACBE-HEK4-rep1/cutoff_3/ACBE-HEK4-rep1_cutoff_3.log 2>&1
        
Submitted job 13 with external jobid 'Submitted batch job 10093780'.
[Wed Aug  4 00:44:14 2021]
Finished job 7.
9 of 25 steps (36%) done
Select jobs to execute...

[Wed Aug  4 00:44:14 2021]
rule MergeFastq:
    input: ../TargetSeq-CBE-HEK4-rep1
    output: ../TargetSeq-CBE-HEK4-rep1/cutoff_10/CBE-HEK4-rep1_cutoff_10.report
    log: ../TargetSeq-CBE-HEK4-rep1/cutoff_10/CBE-HEK4-rep1_cutoff_10.log
    jobid: 21
    reason: Missing output files: ../TargetSeq-CBE-HEK4-rep1/cutoff_10/CBE-HEK4-rep1_cutoff_10.report
    wildcards: lib=CBE-HEK4-rep1, cutoff=10


        /lustre1/chengqiyi_pkuhpc/zhaohn/0.apps/miniconda3/envs/snakepipes_py27/bin/python ./program/target_seq_merge_fq_V03.py         -i ../TargetSeq-CBE-HEK4-rep1         -p ./primer_table/ABE.txt         -o ../TargetSeq-CBE-HEK4-rep1/cutoff_10         -r ../TargetSeq-CBE-HEK4-rep1/cutoff_10/CBE-HEK4-rep1_cutoff_10.report         --MinMergeReadNumCutoff 10  > ../TargetSeq-CBE-HEK4-rep1/cutoff_10/CBE-HEK4-rep1_cutoff_10.log 2>&1
        
Submitted job 21 with external jobid 'Submitted batch job 10093781'.
[Wed Aug  4 00:44:25 2021]
Finished job 21.
10 of 25 steps (40%) done
Select jobs to execute...

[Wed Aug  4 00:44:25 2021]
rule MergeFastq:
    input: ../TargetSeq-ACBE-HEK4-rep2
    output: ../TargetSeq-ACBE-HEK4-rep2/cutoff_5/ACBE-HEK4-rep2_cutoff_5.report
    log: ../TargetSeq-ACBE-HEK4-rep2/cutoff_5/ACBE-HEK4-rep2_cutoff_5.log
    jobid: 17
    reason: Missing output files: ../TargetSeq-ACBE-HEK4-rep2/cutoff_5/ACBE-HEK4-rep2_cutoff_5.report
    wildcards: lib=ACBE-HEK4-rep2, cutoff=5


        /lustre1/chengqiyi_pkuhpc/zhaohn/0.apps/miniconda3/envs/snakepipes_py27/bin/python ./program/target_seq_merge_fq_V03.py         -i ../TargetSeq-ACBE-HEK4-rep2         -p ./primer_table/ABE.txt         -o ../TargetSeq-ACBE-HEK4-rep2/cutoff_5         -r ../TargetSeq-ACBE-HEK4-rep2/cutoff_5/ACBE-HEK4-rep2_cutoff_5.report         --MinMergeReadNumCutoff 5  > ../TargetSeq-ACBE-HEK4-rep2/cutoff_5/ACBE-HEK4-rep2_cutoff_5.log 2>&1
        
Submitted job 17 with external jobid 'Submitted batch job 10093782'.
[Wed Aug  4 00:50:39 2021]
Finished job 24.
11 of 25 steps (44%) done
Select jobs to execute...

[Wed Aug  4 00:50:39 2021]
rule MergeFastq:
    input: ../TargetSeq-ABE-HEK4-rep2
    output: ../TargetSeq-ABE-HEK4-rep2/cutoff_10/ABE-HEK4-rep2_cutoff_10.report
    log: ../TargetSeq-ABE-HEK4-rep2/cutoff_10/ABE-HEK4-rep2_cutoff_10.log
    jobid: 6
    reason: Missing output files: ../TargetSeq-ABE-HEK4-rep2/cutoff_10/ABE-HEK4-rep2_cutoff_10.report
    wildcards: lib=ABE-HEK4-rep2, cutoff=10


        /lustre1/chengqiyi_pkuhpc/zhaohn/0.apps/miniconda3/envs/snakepipes_py27/bin/python ./program/target_seq_merge_fq_V03.py         -i ../TargetSeq-ABE-HEK4-rep2         -p ./primer_table/ABE.txt         -o ../TargetSeq-ABE-HEK4-rep2/cutoff_10         -r ../TargetSeq-ABE-HEK4-rep2/cutoff_10/ABE-HEK4-rep2_cutoff_10.report         --MinMergeReadNumCutoff 10  > ../TargetSeq-ABE-HEK4-rep2/cutoff_10/ABE-HEK4-rep2_cutoff_10.log 2>&1
        
Submitted job 6 with external jobid 'Submitted batch job 10093783'.
[Wed Aug  4 00:51:34 2021]
Finished job 4.
12 of 25 steps (48%) done
Select jobs to execute...

[Wed Aug  4 00:51:35 2021]
rule MergeFastq:
    input: ../TargetSeq-ABE-HEK4-rep1
    output: ../TargetSeq-ABE-HEK4-rep1/cutoff_5/ABE-HEK4-rep1_cutoff_5.report
    log: ../TargetSeq-ABE-HEK4-rep1/cutoff_5/ABE-HEK4-rep1_cutoff_5.log
    jobid: 2
    reason: Missing output files: ../TargetSeq-ABE-HEK4-rep1/cutoff_5/ABE-HEK4-rep1_cutoff_5.report
    wildcards: lib=ABE-HEK4-rep1, cutoff=5


        /lustre1/chengqiyi_pkuhpc/zhaohn/0.apps/miniconda3/envs/snakepipes_py27/bin/python ./program/target_seq_merge_fq_V03.py         -i ../TargetSeq-ABE-HEK4-rep1         -p ./primer_table/ABE.txt         -o ../TargetSeq-ABE-HEK4-rep1/cutoff_5         -r ../TargetSeq-ABE-HEK4-rep1/cutoff_5/ABE-HEK4-rep1_cutoff_5.report         --MinMergeReadNumCutoff 5  > ../TargetSeq-ABE-HEK4-rep1/cutoff_5/ABE-HEK4-rep1_cutoff_5.log 2>&1
        
Submitted job 2 with external jobid 'Submitted batch job 10093784'.
[Wed Aug  4 00:55:05 2021]
Finished job 10.
13 of 25 steps (52%) done
[Wed Aug  4 00:58:55 2021]
Finished job 11.
14 of 25 steps (56%) done
[Wed Aug  4 01:04:03 2021]
Finished job 23.
15 of 25 steps (60%) done
[Wed Aug  4 01:37:16 2021]
Finished job 14.
16 of 25 steps (64%) done
[Wed Aug  4 01:50:17 2021]
Finished job 1.
17 of 25 steps (68%) done
[Wed Aug  4 01:56:28 2021]
Finished job 17.
18 of 25 steps (72%) done
[Wed Aug  4 01:56:28 2021]
Finished job 12.
19 of 25 steps (76%) done
[Wed Aug  4 01:56:58 2021]
Finished job 6.
20 of 25 steps (80%) done
[Wed Aug  4 01:57:38 2021]
Finished job 5.
21 of 25 steps (84%) done
[Wed Aug  4 01:59:18 2021]
Finished job 2.
22 of 25 steps (88%) done
[Wed Aug  4 02:03:28 2021]
Finished job 22.
23 of 25 steps (92%) done
[Wed Aug  4 02:06:49 2021]
Finished job 13.
24 of 25 steps (96%) done
Select jobs to execute...

[Wed Aug  4 02:06:50 2021]
localrule all:
    input: ../TargetSeq-ABE-HEK4-rep1/cutoff_3/ABE-HEK4-rep1_cutoff_3.report, ../TargetSeq-ABE-HEK4-rep1/cutoff_5/ABE-HEK4-rep1_cutoff_5.report, ../TargetSeq-ABE-HEK4-rep1/cutoff_10/ABE-HEK4-rep1_cutoff_10.report, ../TargetSeq-ABE-HEK4-rep2/cutoff_3/ABE-HEK4-rep2_cutoff_3.report, ../TargetSeq-ABE-HEK4-rep2/cutoff_5/ABE-HEK4-rep2_cutoff_5.report, ../TargetSeq-ABE-HEK4-rep2/cutoff_10/ABE-HEK4-rep2_cutoff_10.report, ../TargetSeq-ABE8e-HEK4-rep1/cutoff_3/ABE8e-HEK4-rep1_cutoff_3.report, ../TargetSeq-ABE8e-HEK4-rep1/cutoff_5/ABE8e-HEK4-rep1_cutoff_5.report, ../TargetSeq-ABE8e-HEK4-rep1/cutoff_10/ABE8e-HEK4-rep1_cutoff_10.report, ../TargetSeq-ABE8e-HEK4-rep2/cutoff_3/ABE8e-HEK4-rep2_cutoff_3.report, ../TargetSeq-ABE8e-HEK4-rep2/cutoff_5/ABE8e-HEK4-rep2_cutoff_5.report, ../TargetSeq-ABE8e-HEK4-rep2/cutoff_10/ABE8e-HEK4-rep2_cutoff_10.report, ../TargetSeq-ACBE-HEK4-rep1/cutoff_3/ACBE-HEK4-rep1_cutoff_3.report, ../TargetSeq-ACBE-HEK4-rep1/cutoff_5/ACBE-HEK4-rep1_cutoff_5.report, ../TargetSeq-ACBE-HEK4-rep1/cutoff_10/ACBE-HEK4-rep1_cutoff_10.report, ../TargetSeq-ACBE-HEK4-rep2/cutoff_3/ACBE-HEK4-rep2_cutoff_3.report, ../TargetSeq-ACBE-HEK4-rep2/cutoff_5/ACBE-HEK4-rep2_cutoff_5.report, ../TargetSeq-ACBE-HEK4-rep2/cutoff_10/ACBE-HEK4-rep2_cutoff_10.report, ../TargetSeq-CBE-HEK4-rep1/cutoff_3/CBE-HEK4-rep1_cutoff_3.report, ../TargetSeq-CBE-HEK4-rep1/cutoff_5/CBE-HEK4-rep1_cutoff_5.report, ../TargetSeq-CBE-HEK4-rep1/cutoff_10/CBE-HEK4-rep1_cutoff_10.report, ../TargetSeq-CBE-HEK4-rep2/cutoff_3/CBE-HEK4-rep2_cutoff_3.report, ../TargetSeq-CBE-HEK4-rep2/cutoff_5/CBE-HEK4-rep2_cutoff_5.report, ../TargetSeq-CBE-HEK4-rep2/cutoff_10/CBE-HEK4-rep2_cutoff_10.report
    jobid: 0
    reason: Input files updated by another job: ../TargetSeq-ACBE-HEK4-rep1/cutoff_5/ACBE-HEK4-rep1_cutoff_5.report, ../TargetSeq-CBE-HEK4-rep1/cutoff_5/CBE-HEK4-rep1_cutoff_5.report, ../TargetSeq-CBE-HEK4-rep2/cutoff_3/CBE-HEK4-rep2_cutoff_3.report, ../TargetSeq-ABE8e-HEK4-rep1/cutoff_3/ABE8e-HEK4-rep1_cutoff_3.report, ../TargetSeq-ABE-HEK4-rep1/cutoff_10/ABE-HEK4-rep1_cutoff_10.report, ../TargetSeq-ACBE-HEK4-rep2/cutoff_5/ACBE-HEK4-rep2_cutoff_5.report, ../TargetSeq-ABE8e-HEK4-rep1/cutoff_5/ABE8e-HEK4-rep1_cutoff_5.report, ../TargetSeq-ABE-HEK4-rep2/cutoff_10/ABE-HEK4-rep2_cutoff_10.report, ../TargetSeq-ACBE-HEK4-rep1/cutoff_3/ACBE-HEK4-rep1_cutoff_3.report, ../TargetSeq-ABE8e-HEK4-rep2/cutoff_3/ABE8e-HEK4-rep2_cutoff_3.report, ../TargetSeq-ABE8e-HEK4-rep2/cutoff_10/ABE8e-HEK4-rep2_cutoff_10.report, ../TargetSeq-ABE-HEK4-rep1/cutoff_3/ABE-HEK4-rep1_cutoff_3.report, ../TargetSeq-CBE-HEK4-rep2/cutoff_5/CBE-HEK4-rep2_cutoff_5.report, ../TargetSeq-ACBE-HEK4-rep2/cutoff_3/ACBE-HEK4-rep2_cutoff_3.report, ../TargetSeq-ABE-HEK4-rep2/cutoff_3/ABE-HEK4-rep2_cutoff_3.report, ../TargetSeq-ABE-HEK4-rep2/cutoff_5/ABE-HEK4-rep2_cutoff_5.report, ../TargetSeq-ABE8e-HEK4-rep1/cutoff_10/ABE8e-HEK4-rep1_cutoff_10.report, ../TargetSeq-ABE8e-HEK4-rep2/cutoff_5/ABE8e-HEK4-rep2_cutoff_5.report, ../TargetSeq-CBE-HEK4-rep1/cutoff_3/CBE-HEK4-rep1_cutoff_3.report, ../TargetSeq-ABE-HEK4-rep1/cutoff_5/ABE-HEK4-rep1_cutoff_5.report, ../TargetSeq-CBE-HEK4-rep1/cutoff_10/CBE-HEK4-rep1_cutoff_10.report, ../TargetSeq-ACBE-HEK4-rep1/cutoff_10/ACBE-HEK4-rep1_cutoff_10.report, ../TargetSeq-CBE-HEK4-rep2/cutoff_10/CBE-HEK4-rep2_cutoff_10.report, ../TargetSeq-ACBE-HEK4-rep2/cutoff_10/ACBE-HEK4-rep2_cutoff_10.report

[Wed Aug  4 02:06:51 2021]
Finished job 0.
25 of 25 steps (100%) done
Complete log: /lustre1/chengqiyi_pkuhpc/zhaohn/3.project/2021_ABE_topic/20210727_TargetSeq_batch1_ABE_ABE8e_ACBE_CBE-HEK4/snakepipes_target-seq/.snakemake/log/2021-08-03T232933.391978.snakemake.log
