Building DAG of jobs...
Using shell: /usr/bin/bash
Provided cluster nodes: 12
Job counts:
	count	jobs
	3	MergeFastq
	1	all
	4
Select jobs to execute...

[Tue Aug  3 21:10:36 2021]
rule MergeFastq:
    input: ../TargetSeq-ACBE-HEK4-rep1
    output: ../TargetSeq-ACBE-HEK4-rep1/cutoff_10/ACBE-HEK4-rep1_cutoff_10.report
    log: ../TargetSeq-ACBE-HEK4-rep1/cutoff_10/ACBE-HEK4-rep1_cutoff_10.log
    jobid: 3
    reason: Missing output files: ../TargetSeq-ACBE-HEK4-rep1/cutoff_10/ACBE-HEK4-rep1_cutoff_10.report
    wildcards: lib=ACBE-HEK4-rep1, cutoff=10


        /lustre1/chengqiyi_pkuhpc/zhaohn/0.apps/miniconda3/envs/snakepipes_py27/bin/python ./program/target_seq_merge_fq_V03.py         -i ../TargetSeq-ACBE-HEK4-rep1         -p ./primer_table/ABE.txt         -o ../TargetSeq-ACBE-HEK4-rep1/cutoff_10         -r ../TargetSeq-ACBE-HEK4-rep1/cutoff_10/ACBE-HEK4-rep1_cutoff_10.report         --MinMergeReadNumCutoff 10  > ../TargetSeq-ACBE-HEK4-rep1/cutoff_10/ACBE-HEK4-rep1_cutoff_10.log 2>&1
        
Submitted job 3 with external jobid 'Submitted batch job 10093144'.

[Tue Aug  3 21:10:36 2021]
rule MergeFastq:
    input: ../TargetSeq-ACBE-HEK4-rep1
    output: ../TargetSeq-ACBE-HEK4-rep1/cutoff_3/ACBE-HEK4-rep1_cutoff_3.report
    log: ../TargetSeq-ACBE-HEK4-rep1/cutoff_3/ACBE-HEK4-rep1_cutoff_3.log
    jobid: 1
    reason: Missing output files: ../TargetSeq-ACBE-HEK4-rep1/cutoff_3/ACBE-HEK4-rep1_cutoff_3.report
    wildcards: lib=ACBE-HEK4-rep1, cutoff=3


        /lustre1/chengqiyi_pkuhpc/zhaohn/0.apps/miniconda3/envs/snakepipes_py27/bin/python ./program/target_seq_merge_fq_V03.py         -i ../TargetSeq-ACBE-HEK4-rep1         -p ./primer_table/ABE.txt         -o ../TargetSeq-ACBE-HEK4-rep1/cutoff_3         -r ../TargetSeq-ACBE-HEK4-rep1/cutoff_3/ACBE-HEK4-rep1_cutoff_3.report         --MinMergeReadNumCutoff 3  > ../TargetSeq-ACBE-HEK4-rep1/cutoff_3/ACBE-HEK4-rep1_cutoff_3.log 2>&1
        
Submitted job 1 with external jobid 'Submitted batch job 10093145'.

[Tue Aug  3 21:10:36 2021]
rule MergeFastq:
    input: ../TargetSeq-ACBE-HEK4-rep1
    output: ../TargetSeq-ACBE-HEK4-rep1/cutoff_5/ACBE-HEK4-rep1_cutoff_5.report
    log: ../TargetSeq-ACBE-HEK4-rep1/cutoff_5/ACBE-HEK4-rep1_cutoff_5.log
    jobid: 2
    reason: Missing output files: ../TargetSeq-ACBE-HEK4-rep1/cutoff_5/ACBE-HEK4-rep1_cutoff_5.report
    wildcards: lib=ACBE-HEK4-rep1, cutoff=5


        /lustre1/chengqiyi_pkuhpc/zhaohn/0.apps/miniconda3/envs/snakepipes_py27/bin/python ./program/target_seq_merge_fq_V03.py         -i ../TargetSeq-ACBE-HEK4-rep1         -p ./primer_table/ABE.txt         -o ../TargetSeq-ACBE-HEK4-rep1/cutoff_5         -r ../TargetSeq-ACBE-HEK4-rep1/cutoff_5/ACBE-HEK4-rep1_cutoff_5.report         --MinMergeReadNumCutoff 5  > ../TargetSeq-ACBE-HEK4-rep1/cutoff_5/ACBE-HEK4-rep1_cutoff_5.log 2>&1
        
Submitted job 2 with external jobid 'Submitted batch job 10093146'.
[Tue Aug  3 21:12:26 2021]
Error in rule MergeFastq:
    jobid: 3
    output: ../TargetSeq-ACBE-HEK4-rep1/cutoff_10/ACBE-HEK4-rep1_cutoff_10.report
    log: ../TargetSeq-ACBE-HEK4-rep1/cutoff_10/ACBE-HEK4-rep1_cutoff_10.log (check log file(s) for error message)
    shell:
        
        /lustre1/chengqiyi_pkuhpc/zhaohn/0.apps/miniconda3/envs/snakepipes_py27/bin/python ./program/target_seq_merge_fq_V03.py         -i ../TargetSeq-ACBE-HEK4-rep1         -p ./primer_table/ABE.txt         -o ../TargetSeq-ACBE-HEK4-rep1/cutoff_10         -r ../TargetSeq-ACBE-HEK4-rep1/cutoff_10/ACBE-HEK4-rep1_cutoff_10.report         --MinMergeReadNumCutoff 10  > ../TargetSeq-ACBE-HEK4-rep1/cutoff_10/ACBE-HEK4-rep1_cutoff_10.log 2>&1
        
        (one of the commands exited with non-zero exit code; note that snakemake uses bash strict mode!)
    cluster_jobid: Submitted batch job 10093144

Error executing rule MergeFastq on cluster (jobid: 3, external: Submitted batch job 10093144, jobscript: /lustre1/chengqiyi_pkuhpc/zhaohn/3.project/2021_ABE_topic/20210727_TargetSeq_batch1_ABE_ABE8e_ACBE_CBE-HEK4/snakepipes_target-seq/.snakemake/tmp.3jiqp480/snakejob.MergeFastq.3.sh). For error details see the cluster log and the log files of the involved rule(s).
[Tue Aug  3 21:12:26 2021]
Error in rule MergeFastq:
    jobid: 2
    output: ../TargetSeq-ACBE-HEK4-rep1/cutoff_5/ACBE-HEK4-rep1_cutoff_5.report
    log: ../TargetSeq-ACBE-HEK4-rep1/cutoff_5/ACBE-HEK4-rep1_cutoff_5.log (check log file(s) for error message)
    shell:
        
        /lustre1/chengqiyi_pkuhpc/zhaohn/0.apps/miniconda3/envs/snakepipes_py27/bin/python ./program/target_seq_merge_fq_V03.py         -i ../TargetSeq-ACBE-HEK4-rep1         -p ./primer_table/ABE.txt         -o ../TargetSeq-ACBE-HEK4-rep1/cutoff_5         -r ../TargetSeq-ACBE-HEK4-rep1/cutoff_5/ACBE-HEK4-rep1_cutoff_5.report         --MinMergeReadNumCutoff 5  > ../TargetSeq-ACBE-HEK4-rep1/cutoff_5/ACBE-HEK4-rep1_cutoff_5.log 2>&1
        
        (one of the commands exited with non-zero exit code; note that snakemake uses bash strict mode!)
    cluster_jobid: Submitted batch job 10093146

Error executing rule MergeFastq on cluster (jobid: 2, external: Submitted batch job 10093146, jobscript: /lustre1/chengqiyi_pkuhpc/zhaohn/3.project/2021_ABE_topic/20210727_TargetSeq_batch1_ABE_ABE8e_ACBE_CBE-HEK4/snakepipes_target-seq/.snakemake/tmp.3jiqp480/snakejob.MergeFastq.2.sh). For error details see the cluster log and the log files of the involved rule(s).
[Tue Aug  3 21:12:36 2021]
Error in rule MergeFastq:
    jobid: 1
    output: ../TargetSeq-ACBE-HEK4-rep1/cutoff_3/ACBE-HEK4-rep1_cutoff_3.report
    log: ../TargetSeq-ACBE-HEK4-rep1/cutoff_3/ACBE-HEK4-rep1_cutoff_3.log (check log file(s) for error message)
    shell:
        
        /lustre1/chengqiyi_pkuhpc/zhaohn/0.apps/miniconda3/envs/snakepipes_py27/bin/python ./program/target_seq_merge_fq_V03.py         -i ../TargetSeq-ACBE-HEK4-rep1         -p ./primer_table/ABE.txt         -o ../TargetSeq-ACBE-HEK4-rep1/cutoff_3         -r ../TargetSeq-ACBE-HEK4-rep1/cutoff_3/ACBE-HEK4-rep1_cutoff_3.report         --MinMergeReadNumCutoff 3  > ../TargetSeq-ACBE-HEK4-rep1/cutoff_3/ACBE-HEK4-rep1_cutoff_3.log 2>&1
        
        (one of the commands exited with non-zero exit code; note that snakemake uses bash strict mode!)
    cluster_jobid: Submitted batch job 10093145

Error executing rule MergeFastq on cluster (jobid: 1, external: Submitted batch job 10093145, jobscript: /lustre1/chengqiyi_pkuhpc/zhaohn/3.project/2021_ABE_topic/20210727_TargetSeq_batch1_ABE_ABE8e_ACBE_CBE-HEK4/snakepipes_target-seq/.snakemake/tmp.3jiqp480/snakejob.MergeFastq.1.sh). For error details see the cluster log and the log files of the involved rule(s).
Shutting down, this might take some time.
Exiting because a job execution failed. Look above for error message
Complete log: /lustre1/chengqiyi_pkuhpc/zhaohn/3.project/2021_ABE_topic/20210727_TargetSeq_batch1_ABE_ABE8e_ACBE_CBE-HEK4/snakepipes_target-seq/.snakemake/log/2021-08-03T211036.083082.snakemake.log
