
--------------------------------------------------------------------------------
python target_seq_demultiplex_fastq_V01.py \
    -1 ../fastq/ABE-HEK4-rep2_combined_R1.fastq.gz \
    -2 ../fastq/ABE-HEK4-rep2_combined_R2.fastq.gz \
    -p ./primer_table/ABE.txt \
    -o ../TargetSeq-ABE-HEK4-rep2 \
    --Read1BarcodeLen 4 \
    --Read2BarcodeLen 6 \
    --IdentifyLength 10 \
    --IdentifyMismatchCutoff 1 \
    --MaxReadNumLoadOneTime 1000000
    
--------------------------------------------------------------------------------
Load primer info... 2021-08-02 11:05:41 
Load primer info... Done! 2021-08-02 11:05:41 
Load all FASTQ file into memory ... 2021-08-02 11:05:41 
Load FASTQ reads count:	1000000	2021-08-02 11:06:48
Load FASTQ reads count:	2000000	2021-08-02 11:08:17
Load FASTQ reads count:	3000000	2021-08-02 11:09:46
Load FASTQ reads count:	4000000	2021-08-02 11:11:10
Load FASTQ reads count:	5000000	2021-08-02 11:12:26
Load FASTQ reads count:	6000000	2021-08-02 11:13:41
Load FASTQ reads count:	7000000	2021-08-02 11:14:57
Load FASTQ reads count:	8000000	2021-08-02 11:16:13
Load FASTQ reads count:	9000000	2021-08-02 11:17:29
Load FASTQ reads count:	10000000	2021-08-02 11:18:44
Load FASTQ reads count:	11000000	2021-08-02 11:20:00
Load FASTQ reads count:	12000000	2021-08-02 11:21:16
Load FASTQ reads count:	13000000	2021-08-02 11:22:31
Load FASTQ reads count:	14000000	2021-08-02 11:23:47
Load FASTQ reads count:	15000000	2021-08-02 11:25:02
Load FASTQ reads count:	16000000	2021-08-02 11:26:18
Load FASTQ reads count:	17000000	2021-08-02 11:27:33
Load FASTQ reads count:	18000000	2021-08-02 11:28:47
Load FASTQ reads count:	19000000	2021-08-02 11:30:02
Load FASTQ reads count:	20000000	2021-08-02 11:31:17
Load FASTQ reads count:	21000000	2021-08-02 11:32:31
Load FASTQ reads count:	22000000	2021-08-02 11:33:46
Load FASTQ reads count:	23000000	2021-08-02 11:35:00
Load FASTQ reads count:	24000000	2021-08-02 11:36:15
Load FASTQ reads count:	25000000	2021-08-02 11:37:29
Load FASTQ reads count:	26000000	2021-08-02 11:38:43
Load FASTQ reads count:	27000000	2021-08-02 11:39:57
Load FASTQ reads count:	28000000	2021-08-02 11:41:10
Load FASTQ reads count:	29000000	2021-08-02 11:42:25
Load FASTQ reads count:	30000000	2021-08-02 11:43:38
Load FASTQ reads count:	31000000	2021-08-02 11:44:52
Load FASTQ reads count:	32000000	2021-08-02 11:46:09
Load FASTQ reads count:	33000000	2021-08-02 11:47:23
Load FASTQ reads count:	34000000	2021-08-02 11:48:36
Load FASTQ reads count:	35000000	2021-08-02 11:49:50
Load FASTQ reads count:	36000000	2021-08-02 11:51:04
Load FASTQ reads count:	37000000	2021-08-02 11:52:19
Load FASTQ reads count:	38000000	2021-08-02 11:53:32
Load FASTQ reads count:	39000000	2021-08-02 11:54:47
Load FASTQ reads count:	40000000	2021-08-02 11:56:01
Load FASTQ reads count:	41000000	2021-08-02 11:57:15
Load FASTQ reads count:	42000000	2021-08-02 11:58:29
Load FASTQ reads count:	43000000	2021-08-02 11:59:43
Load FASTQ reads count:	44000000	2021-08-02 12:00:59
Load FASTQ reads count:	45000000	2021-08-02 12:02:13
Load FASTQ reads count:	46000000	2021-08-02 12:03:27
Load FASTQ reads count:	47000000	2021-08-02 12:04:44
Load FASTQ reads count:	48000000	2021-08-02 12:05:57
Load FASTQ reads count:	49000000	2021-08-02 12:07:11
Load FASTQ reads count:	50000000	2021-08-02 12:08:25
Load FASTQ reads count:	51000000	2021-08-02 12:09:39
Load FASTQ reads count:	52000000	2021-08-02 12:10:54
Load FASTQ reads count:	53000000	2021-08-02 12:12:08
Load FASTQ reads count:	54000000	2021-08-02 12:13:22
Load FASTQ reads count:	55000000	2021-08-02 12:14:41
Load FASTQ reads count:	56000000	2021-08-02 12:16:12
Load FASTQ reads count:	57000000	2021-08-02 12:17:41
Load FASTQ reads count:	58000000	2021-08-02 12:18:56
Load FASTQ reads count:	59000000	2021-08-02 12:20:13
Load FASTQ reads count:	60000000	2021-08-02 12:21:28
Load FASTQ reads Done! Total reads count:	60841446	2021-08-02 12:22:43

--------------------------------------------------------------------------------
python target_seq_demultiplex_fastq_V01.py \
    -1 ../fastq/ABE8e-HEK4-rep2_combined_R1.fastq.gz \
    -2 ../fastq/ABE8e-HEK4-rep2_combined_R2.fastq.gz \
    -p ./primer_table/ABE.txt \
    -o ../TargetSeq-ABE8e-HEK4-rep2 \
    --Read1BarcodeLen 4 \
    --Read2BarcodeLen 6 \
    --IdentifyLength 10 \
    --IdentifyMismatchCutoff 1 \
    --MaxReadNumLoadOneTime 1000000
    
--------------------------------------------------------------------------------
Load primer info... 2021-08-02 12:22:44 
Load primer info... Done! 2021-08-02 12:22:44 
Load all FASTQ file into memory ... 2021-08-02 12:22:44 
Load FASTQ reads count:	1000000	2021-08-02 12:23:50
Load FASTQ reads count:	2000000	2021-08-02 12:25:09
Load FASTQ reads count:	3000000	2021-08-02 12:26:32
Load FASTQ reads count:	4000000	2021-08-02 12:27:49
Load FASTQ reads count:	5000000	2021-08-02 12:29:34
Load FASTQ reads count:	6000000	2021-08-02 12:30:51
Load FASTQ reads count:	7000000	2021-08-02 12:32:08
Load FASTQ reads count:	8000000	2021-08-02 12:33:24
Load FASTQ reads count:	9000000	2021-08-02 12:34:42
Load FASTQ reads count:	10000000	2021-08-02 12:35:58
Load FASTQ reads count:	11000000	2021-08-02 12:37:14
Load FASTQ reads count:	12000000	2021-08-02 12:38:31
Load FASTQ reads count:	13000000	2021-08-02 12:39:47
Load FASTQ reads count:	14000000	2021-08-02 12:41:04
Load FASTQ reads count:	15000000	2021-08-02 12:42:20
Load FASTQ reads count:	16000000	2021-08-02 12:43:37
Load FASTQ reads count:	17000000	2021-08-02 12:44:53
Load FASTQ reads count:	18000000	2021-08-02 12:46:11
Load FASTQ reads count:	19000000	2021-08-02 12:47:26
Load FASTQ reads count:	20000000	2021-08-02 12:48:43
Load FASTQ reads count:	21000000	2021-08-02 12:49:59
Load FASTQ reads count:	22000000	2021-08-02 12:51:15
Load FASTQ reads count:	23000000	2021-08-02 12:52:32
Load FASTQ reads count:	24000000	2021-08-02 12:53:48
Load FASTQ reads count:	25000000	2021-08-02 12:55:04
Load FASTQ reads count:	26000000	2021-08-02 12:56:21
Load FASTQ reads count:	27000000	2021-08-02 12:57:38
Load FASTQ reads count:	28000000	2021-08-02 12:58:54
Load FASTQ reads count:	29000000	2021-08-02 13:00:11
Load FASTQ reads count:	30000000	2021-08-02 13:01:28
Load FASTQ reads count:	31000000	2021-08-02 13:02:51
Load FASTQ reads count:	32000000	2021-08-02 13:04:08
Load FASTQ reads count:	33000000	2021-08-02 13:05:25
Load FASTQ reads count:	34000000	2021-08-02 13:06:42
Load FASTQ reads count:	35000000	2021-08-02 13:08:04
Load FASTQ reads count:	36000000	2021-08-02 13:09:34
Load FASTQ reads count:	37000000	2021-08-02 13:10:50
Load FASTQ reads count:	38000000	2021-08-02 13:12:07
Load FASTQ reads count:	39000000	2021-08-02 13:13:24
Load FASTQ reads count:	40000000	2021-08-02 13:14:41
Load FASTQ reads count:	41000000	2021-08-02 13:15:57
Load FASTQ reads count:	42000000	2021-08-02 13:17:13
Load FASTQ reads count:	43000000	2021-08-02 13:18:29
Load FASTQ reads count:	44000000	2021-08-02 13:19:46
Load FASTQ reads count:	45000000	2021-08-02 13:21:02
Load FASTQ reads count:	46000000	2021-08-02 13:22:17
Load FASTQ reads count:	47000000	2021-08-02 13:23:33
Load FASTQ reads count:	48000000	2021-08-02 13:24:50
Load FASTQ reads count:	49000000	2021-08-02 13:26:06
Load FASTQ reads count:	50000000	2021-08-02 13:27:23
Load FASTQ reads count:	51000000	2021-08-02 13:28:42
Load FASTQ reads count:	52000000	2021-08-02 13:29:58
Load FASTQ reads count:	53000000	2021-08-02 13:31:14
Load FASTQ reads count:	54000000	2021-08-02 13:32:30
Load FASTQ reads count:	55000000	2021-08-02 13:33:46
Load FASTQ reads count:	56000000	2021-08-02 13:35:03
Load FASTQ reads count:	57000000	2021-08-02 13:36:19
Load FASTQ reads count:	58000000	2021-08-02 13:37:35
Load FASTQ reads count:	59000000	2021-08-02 13:38:52
Load FASTQ reads count:	60000000	2021-08-02 13:40:09
Load FASTQ reads count:	61000000	2021-08-02 13:41:25
Load FASTQ reads count:	62000000	2021-08-02 13:42:41
Load FASTQ reads count:	63000000	2021-08-02 13:43:57
Load FASTQ reads count:	64000000	2021-08-02 13:45:13
Load FASTQ reads count:	65000000	2021-08-02 13:46:29
Load FASTQ reads count:	66000000	2021-08-02 13:47:45
Load FASTQ reads Done! Total reads count:	66553316	2021-08-02 13:48:38

--------------------------------------------------------------------------------
python target_seq_demultiplex_fastq_V01.py \
    -1 ../fastq/ACBE-HEK4-rep2_combined_R1.fastq.gz \
    -2 ../fastq/ACBE-HEK4-rep2_combined_R2.fastq.gz \
    -p ./primer_table/ABE.txt \
    -o ../TargetSeq-ACBE-HEK4-rep2 \
    --Read1BarcodeLen 4 \
    --Read2BarcodeLen 6 \
    --IdentifyLength 10 \
    --IdentifyMismatchCutoff 1 \
    --MaxReadNumLoadOneTime 1000000
    
--------------------------------------------------------------------------------
Load primer info... 2021-08-02 13:48:43 
Load primer info... Done! 2021-08-02 13:48:43 
Load all FASTQ file into memory ... 2021-08-02 13:48:43 
Load FASTQ reads count:	1000000	2021-08-02 13:49:48
Load FASTQ reads count:	2000000	2021-08-02 13:51:09
Load FASTQ reads count:	3000000	2021-08-02 13:52:31
Load FASTQ reads count:	4000000	2021-08-02 13:53:49
Load FASTQ reads count:	5000000	2021-08-02 13:55:05
Load FASTQ reads count:	6000000	2021-08-02 13:56:22
Load FASTQ reads count:	7000000	2021-08-02 13:57:41
Load FASTQ reads count:	8000000	2021-08-02 13:58:58
Load FASTQ reads count:	9000000	2021-08-02 14:00:14
Load FASTQ reads count:	10000000	2021-08-02 14:01:40
Load FASTQ reads count:	11000000	2021-08-02 14:03:07
Load FASTQ reads count:	12000000	2021-08-02 14:04:28
Load FASTQ reads count:	13000000	2021-08-02 14:06:28
Load FASTQ reads count:	14000000	2021-08-02 14:07:46
Load FASTQ reads count:	15000000	2021-08-02 14:09:03
Load FASTQ reads count:	16000000	2021-08-02 14:10:20
Load FASTQ reads count:	17000000	2021-08-02 14:11:36
Load FASTQ reads count:	18000000	2021-08-02 14:12:53
Load FASTQ reads count:	19000000	2021-08-02 14:14:09
Load FASTQ reads count:	20000000	2021-08-02 14:15:26
Load FASTQ reads count:	21000000	2021-08-02 14:16:42
Load FASTQ reads count:	22000000	2021-08-02 14:17:58
Load FASTQ reads count:	23000000	2021-08-02 14:19:15
Load FASTQ reads count:	24000000	2021-08-02 14:20:32
Load FASTQ reads count:	25000000	2021-08-02 14:21:48
Load FASTQ reads count:	26000000	2021-08-02 14:23:05
Load FASTQ reads count:	27000000	2021-08-02 14:24:22
Load FASTQ reads count:	28000000	2021-08-02 14:25:39
Load FASTQ reads count:	29000000	2021-08-02 14:26:55
Load FASTQ reads count:	30000000	2021-08-02 14:28:12
Load FASTQ reads count:	31000000	2021-08-02 14:29:31
Load FASTQ reads count:	32000000	2021-08-02 14:30:47
Load FASTQ reads count:	33000000	2021-08-02 14:32:03
Load FASTQ reads count:	34000000	2021-08-02 14:33:19
Load FASTQ reads count:	35000000	2021-08-02 14:34:35
Load FASTQ reads count:	36000000	2021-08-02 14:35:52
Load FASTQ reads count:	37000000	2021-08-02 14:37:07
Load FASTQ reads count:	38000000	2021-08-02 14:38:24
Load FASTQ reads count:	39000000	2021-08-02 14:39:40
Load FASTQ reads count:	40000000	2021-08-02 14:40:56
Load FASTQ reads count:	41000000	2021-08-02 14:42:12
Load FASTQ reads count:	42000000	2021-08-02 14:43:28
Load FASTQ reads count:	43000000	2021-08-02 14:44:44
Load FASTQ reads count:	44000000	2021-08-02 14:46:01
Load FASTQ reads count:	45000000	2021-08-02 14:47:17
Load FASTQ reads count:	46000000	2021-08-02 14:48:35
Load FASTQ reads count:	47000000	2021-08-02 14:49:51
Load FASTQ reads count:	48000000	2021-08-02 14:51:06
Load FASTQ reads count:	49000000	2021-08-02 14:52:22
Load FASTQ reads count:	50000000	2021-08-02 14:53:39
Load FASTQ reads count:	51000000	2021-08-02 14:55:09
Load FASTQ reads count:	52000000	2021-08-02 14:56:39
Load FASTQ reads count:	53000000	2021-08-02 14:57:56
Load FASTQ reads count:	54000000	2021-08-02 14:59:14
Load FASTQ reads count:	55000000	2021-08-02 15:00:30
Load FASTQ reads count:	56000000	2021-08-02 15:01:46
Load FASTQ reads count:	57000000	2021-08-02 15:03:03
Load FASTQ reads count:	58000000	2021-08-02 15:04:20
Load FASTQ reads count:	59000000	2021-08-02 15:05:37
Load FASTQ reads Done! Total reads count:	59541854	2021-08-02 15:06:34

--------------------------------------------------------------------------------
python target_seq_demultiplex_fastq_V01.py \
    -1 ../fastq/ACBE-HEK4-rep1_combined_R1.fastq.gz \
    -2 ../fastq/ACBE-HEK4-rep1_combined_R2.fastq.gz \
    -p ./primer_table/ABE.txt \
    -o ../TargetSeq-ACBE-HEK4-rep1 \
    --Read1BarcodeLen 4 \
    --Read2BarcodeLen 6 \
    --IdentifyLength 10 \
    --IdentifyMismatchCutoff 1 \
    --MaxReadNumLoadOneTime 1000000
    
--------------------------------------------------------------------------------
Load primer info... 2021-08-02 15:06:34 
Load primer info... Done! 2021-08-02 15:06:34 
Load all FASTQ file into memory ... 2021-08-02 15:06:34 
Load FASTQ reads count:	1000000	2021-08-02 15:07:39
Load FASTQ reads count:	2000000	2021-08-02 15:08:53
Load FASTQ reads count:	3000000	2021-08-02 15:10:08
Load FASTQ reads count:	4000000	2021-08-02 15:11:22
Load FASTQ reads count:	5000000	2021-08-02 15:12:37
Load FASTQ reads count:	6000000	2021-08-02 15:13:52
Load FASTQ reads count:	7000000	2021-08-02 15:15:07
Load FASTQ reads count:	8000000	2021-08-02 15:16:22
Load FASTQ reads count:	9000000	2021-08-02 15:17:37
Load FASTQ reads count:	10000000	2021-08-02 15:18:52
Load FASTQ reads count:	11000000	2021-08-02 15:20:06
Load FASTQ reads count:	12000000	2021-08-02 15:21:21
Load FASTQ reads count:	13000000	2021-08-02 15:22:36
Load FASTQ reads count:	14000000	2021-08-02 15:23:51
Load FASTQ reads count:	15000000	2021-08-02 15:25:06
Load FASTQ reads count:	16000000	2021-08-02 15:26:21
Load FASTQ reads count:	17000000	2021-08-02 15:27:35
Load FASTQ reads count:	18000000	2021-08-02 15:28:50
Load FASTQ reads count:	19000000	2021-08-02 15:30:05
Load FASTQ reads count:	20000000	2021-08-02 15:31:19
Load FASTQ reads count:	21000000	2021-08-02 15:32:34
Load FASTQ reads count:	22000000	2021-08-02 15:33:49
Load FASTQ reads count:	23000000	2021-08-02 15:35:04
Load FASTQ reads count:	24000000	2021-08-02 15:36:19
Load FASTQ reads count:	25000000	2021-08-02 15:37:34
Load FASTQ reads count:	26000000	2021-08-02 15:38:49
Load FASTQ reads count:	27000000	2021-08-02 15:40:04
Load FASTQ reads count:	28000000	2021-08-02 15:41:19
Load FASTQ reads count:	29000000	2021-08-02 15:42:35
Load FASTQ reads count:	30000000	2021-08-02 15:43:50
Load FASTQ reads count:	31000000	2021-08-02 15:45:06
Load FASTQ reads count:	32000000	2021-08-02 15:46:23
Load FASTQ reads count:	33000000	2021-08-02 15:47:39
Load FASTQ reads count:	34000000	2021-08-02 15:49:40
Load FASTQ reads count:	35000000	2021-08-02 15:50:56
Load FASTQ reads count:	36000000	2021-08-02 15:52:12
Load FASTQ reads count:	37000000	2021-08-02 15:53:27
Load FASTQ reads count:	38000000	2021-08-02 15:54:43
Load FASTQ reads count:	39000000	2021-08-02 15:55:59
Load FASTQ reads count:	40000000	2021-08-02 15:57:15
Load FASTQ reads count:	41000000	2021-08-02 15:58:30
Load FASTQ reads count:	42000000	2021-08-02 15:59:46
Load FASTQ reads count:	43000000	2021-08-02 16:01:01
Load FASTQ reads count:	44000000	2021-08-02 16:02:18
Load FASTQ reads count:	45000000	2021-08-02 16:03:34
Load FASTQ reads count:	46000000	2021-08-02 16:04:52
Load FASTQ reads count:	47000000	2021-08-02 16:06:07
Load FASTQ reads count:	48000000	2021-08-02 16:07:22
Load FASTQ reads count:	49000000	2021-08-02 16:08:37
Load FASTQ reads count:	50000000	2021-08-02 16:09:52
Load FASTQ reads count:	51000000	2021-08-02 16:11:08
Load FASTQ reads count:	52000000	2021-08-02 16:12:23
Load FASTQ reads count:	53000000	2021-08-02 16:13:39
Load FASTQ reads count:	54000000	2021-08-02 16:14:55
Load FASTQ reads count:	55000000	2021-08-02 16:16:10
Load FASTQ reads count:	56000000	2021-08-02 16:17:25
Load FASTQ reads count:	57000000	2021-08-02 16:18:40
Load FASTQ reads count:	58000000	2021-08-02 16:19:56
Load FASTQ reads count:	59000000	2021-08-02 16:21:12
Load FASTQ reads Done! Total reads count:	59938345	2021-08-02 16:22:33

--------------------------------------------------------------------------------
python target_seq_demultiplex_fastq_V01.py \
    -1 ../fastq/CBE-HEK4-rep1_combined_R1.fastq.gz \
    -2 ../fastq/CBE-HEK4-rep1_combined_R2.fastq.gz \
    -p ./primer_table/ABE.txt \
    -o ../TargetSeq-CBE-HEK4-rep1 \
    --Read1BarcodeLen 4 \
    --Read2BarcodeLen 6 \
    --IdentifyLength 10 \
    --IdentifyMismatchCutoff 1 \
    --MaxReadNumLoadOneTime 1000000
    
--------------------------------------------------------------------------------
Load primer info... 2021-08-02 16:22:34 
Load primer info... Done! 2021-08-02 16:22:34 
Load all FASTQ file into memory ... 2021-08-02 16:22:34 
Load FASTQ reads Done! Total reads count:	50586	2021-08-02 16:22:39

--------------------------------------------------------------------------------
python target_seq_demultiplex_fastq_V01.py \
    -1 ../fastq/CBE-HEK4-rep1_combined_R1.fastq.gz \
    -2 ../fastq/CBE-HEK4-rep1_combined_R2.fastq.gz \
    -p ./primer_table/ABE.txt \
    -o ../TargetSeq-CBE-HEK4-rep1 \
    --Read1BarcodeLen 4 \
    --Read2BarcodeLen 6 \
    --IdentifyLength 10 \
    --IdentifyMismatchCutoff 1 \
    --MaxReadNumLoadOneTime 1000000
    
--------------------------------------------------------------------------------
Load primer info... 2021-08-02 16:22:39 
Load primer info... Done! 2021-08-02 16:22:39 
Load all FASTQ file into memory ... 2021-08-02 16:22:39 
Load FASTQ reads Done! Total reads count:	50586	2021-08-02 16:22:45

--------------------------------------------------------------------------------
python target_seq_demultiplex_fastq_V01.py \
    -1 ../fastq/ACBE-HEK4-rep2_combined_R1.fastq.gz \
    -2 ../fastq/ACBE-HEK4-rep2_combined_R2.fastq.gz \
    -p ./primer_table/ABE.txt \
    -o ../TargetSeq-ACBE-HEK4-rep2 \
    --Read1BarcodeLen 4 \
    --Read2BarcodeLen 6 \
    --IdentifyLength 10 \
    --IdentifyMismatchCutoff 1 \
    --MaxReadNumLoadOneTime 1000000
    
--------------------------------------------------------------------------------
Load primer info... 2021-08-02 16:22:45 
Load primer info... Done! 2021-08-02 16:22:45 
Load all FASTQ file into memory ... 2021-08-02 16:22:45 
Load FASTQ reads count:	1000000	2021-08-02 16:23:49
Load FASTQ reads count:	2000000	2021-08-02 16:25:08
Load FASTQ reads count:	3000000	2021-08-02 16:26:26
Load FASTQ reads count:	4000000	2021-08-02 16:27:43
Load FASTQ reads count:	5000000	2021-08-02 16:28:58
Load FASTQ reads count:	6000000	2021-08-02 16:30:14
Load FASTQ reads count:	7000000	2021-08-02 16:31:29
Load FASTQ reads count:	8000000	2021-08-02 16:32:46
Load FASTQ reads count:	9000000	2021-08-02 16:34:02
Load FASTQ reads count:	10000000	2021-08-02 16:35:19
Load FASTQ reads count:	11000000	2021-08-02 16:36:46
Load FASTQ reads count:	12000000	2021-08-02 16:38:06
Load FASTQ reads count:	13000000	2021-08-02 16:39:22
Load FASTQ reads count:	14000000	2021-08-02 16:40:38
Load FASTQ reads count:	15000000	2021-08-02 16:41:54
Load FASTQ reads count:	16000000	2021-08-02 16:43:09
Load FASTQ reads count:	17000000	2021-08-02 16:44:25
Load FASTQ reads count:	18000000	2021-08-02 16:45:40
Load FASTQ reads count:	19000000	2021-08-02 16:46:56
Load FASTQ reads count:	20000000	2021-08-02 16:48:12
Load FASTQ reads count:	21000000	2021-08-02 16:49:27
Load FASTQ reads count:	22000000	2021-08-02 16:50:43
Load FASTQ reads count:	23000000	2021-08-02 16:51:59
Load FASTQ reads count:	24000000	2021-08-02 16:53:14
Load FASTQ reads count:	25000000	2021-08-02 16:54:30
Load FASTQ reads count:	26000000	2021-08-02 16:55:46
Load FASTQ reads count:	27000000	2021-08-02 16:57:02
Load FASTQ reads count:	28000000	2021-08-02 16:58:18
Load FASTQ reads count:	29000000	2021-08-02 16:59:34
Load FASTQ reads count:	30000000	2021-08-02 17:00:49
Load FASTQ reads count:	31000000	2021-08-02 17:02:07
Load FASTQ reads count:	32000000	2021-08-02 17:03:22
Load FASTQ reads count:	33000000	2021-08-02 17:04:37
Load FASTQ reads count:	34000000	2021-08-02 17:05:53
Load FASTQ reads count:	35000000	2021-08-02 17:07:08
Load FASTQ reads count:	36000000	2021-08-02 17:08:24
Load FASTQ reads count:	37000000	2021-08-02 17:09:39
Load FASTQ reads count:	38000000	2021-08-02 17:10:54
Load FASTQ reads count:	39000000	2021-08-02 17:12:10
Load FASTQ reads count:	40000000	2021-08-02 17:13:26
Load FASTQ reads count:	41000000	2021-08-02 17:14:42
Load FASTQ reads count:	42000000	2021-08-02 17:15:57
Load FASTQ reads count:	43000000	2021-08-02 17:17:13
Load FASTQ reads count:	44000000	2021-08-02 17:18:30
Load FASTQ reads count:	45000000	2021-08-02 17:19:46
Load FASTQ reads count:	46000000	2021-08-02 17:21:03
Load FASTQ reads count:	47000000	2021-08-02 17:22:19
Load FASTQ reads count:	48000000	2021-08-02 17:23:35
Load FASTQ reads count:	49000000	2021-08-02 17:24:50
Load FASTQ reads count:	50000000	2021-08-02 17:26:07
Load FASTQ reads count:	51000000	2021-08-02 17:27:23
Load FASTQ reads count:	52000000	2021-08-02 17:28:38
Load FASTQ reads count:	53000000	2021-08-02 17:29:54
Load FASTQ reads count:	54000000	2021-08-02 17:31:10
Load FASTQ reads count:	55000000	2021-08-02 17:32:25
Load FASTQ reads count:	56000000	2021-08-02 17:33:42
Load FASTQ reads count:	57000000	2021-08-02 17:34:58
Load FASTQ reads count:	58000000	2021-08-02 17:36:16
Load FASTQ reads count:	59000000	2021-08-02 17:37:31
Load FASTQ reads Done! Total reads count:	59541854	2021-08-02 17:38:23

--------------------------------------------------------------------------------
python target_seq_demultiplex_fastq_V01.py \
    -1 ../fastq/ACBE-HEK4-rep1_combined_R1.fastq.gz \
    -2 ../fastq/ACBE-HEK4-rep1_combined_R2.fastq.gz \
    -p ./primer_table/ABE.txt \
    -o ../TargetSeq-ACBE-HEK4-rep1 \
    --Read1BarcodeLen 4 \
    --Read2BarcodeLen 6 \
    --IdentifyLength 10 \
    --IdentifyMismatchCutoff 1 \
    --MaxReadNumLoadOneTime 1000000
    
--------------------------------------------------------------------------------
Load primer info... 2021-08-02 17:38:24 
Load primer info... Done! 2021-08-02 17:38:24 
Load all FASTQ file into memory ... 2021-08-02 17:38:24 
Load FASTQ reads count:	1000000	2021-08-02 17:39:30
Load FASTQ reads count:	2000000	2021-08-02 17:41:03
Load FASTQ reads count:	3000000	2021-08-02 17:42:20
Load FASTQ reads count:	4000000	2021-08-02 17:43:36
Load FASTQ reads count:	5000000	2021-08-02 17:44:52
Load FASTQ reads count:	6000000	2021-08-02 17:46:08
Load FASTQ reads count:	7000000	2021-08-02 17:47:25
Load FASTQ reads count:	8000000	2021-08-02 17:48:41
Load FASTQ reads count:	9000000	2021-08-02 17:49:58
Load FASTQ reads count:	10000000	2021-08-02 17:51:14
Load FASTQ reads count:	11000000	2021-08-02 17:52:30
Load FASTQ reads count:	12000000	2021-08-02 17:53:51
Load FASTQ reads count:	13000000	2021-08-02 17:55:08
Load FASTQ reads count:	14000000	2021-08-02 17:56:24
Load FASTQ reads count:	15000000	2021-08-02 17:57:41
Load FASTQ reads count:	16000000	2021-08-02 17:58:58
Load FASTQ reads count:	17000000	2021-08-02 18:00:14
Load FASTQ reads count:	18000000	2021-08-02 18:01:30
Load FASTQ reads count:	19000000	2021-08-02 18:02:47
Load FASTQ reads count:	20000000	2021-08-02 18:04:03
Load FASTQ reads count:	21000000	2021-08-02 18:05:20
Load FASTQ reads count:	22000000	2021-08-02 18:06:36
Load FASTQ reads count:	23000000	2021-08-02 18:07:53
Load FASTQ reads count:	24000000	2021-08-02 18:09:09
Load FASTQ reads count:	25000000	2021-08-02 18:10:26
Load FASTQ reads count:	26000000	2021-08-02 18:11:42
Load FASTQ reads count:	27000000	2021-08-02 18:12:58
Load FASTQ reads count:	28000000	2021-08-02 18:14:14
Load FASTQ reads count:	29000000	2021-08-02 18:15:31
Load FASTQ reads count:	30000000	2021-08-02 18:16:47
Load FASTQ reads count:	31000000	2021-08-02 18:18:04
Load FASTQ reads count:	32000000	2021-08-02 18:19:22
Load FASTQ reads count:	33000000	2021-08-02 18:20:38
Load FASTQ reads count:	34000000	2021-08-02 18:21:54
Load FASTQ reads count:	35000000	2021-08-02 18:23:09
Load FASTQ reads count:	36000000	2021-08-02 18:24:26
Load FASTQ reads count:	37000000	2021-08-02 18:25:42
Load FASTQ reads count:	38000000	2021-08-02 18:26:58
Load FASTQ reads count:	39000000	2021-08-02 18:28:13
Load FASTQ reads count:	40000000	2021-08-02 18:29:29
Load FASTQ reads count:	41000000	2021-08-02 18:30:45
Load FASTQ reads count:	42000000	2021-08-02 18:32:01
Load FASTQ reads count:	43000000	2021-08-02 18:33:17
Load FASTQ reads count:	44000000	2021-08-02 18:34:32
Load FASTQ reads count:	45000000	2021-08-02 18:35:49
Load FASTQ reads count:	46000000	2021-08-02 18:37:06
Load FASTQ reads count:	47000000	2021-08-02 18:38:22
Load FASTQ reads count:	48000000	2021-08-02 18:39:37
Load FASTQ reads count:	49000000	2021-08-02 18:40:53
Load FASTQ reads count:	50000000	2021-08-02 18:42:08
Load FASTQ reads count:	51000000	2021-08-02 18:43:25
Load FASTQ reads count:	52000000	2021-08-02 18:44:40
Load FASTQ reads count:	53000000	2021-08-02 18:45:56
Load FASTQ reads count:	54000000	2021-08-02 18:47:12
Load FASTQ reads count:	55000000	2021-08-02 18:48:28
Load FASTQ reads count:	56000000	2021-08-02 18:49:44
Load FASTQ reads count:	57000000	2021-08-02 18:51:01
Load FASTQ reads count:	58000000	2021-08-02 18:52:20
Load FASTQ reads count:	59000000	2021-08-02 18:53:37
Load FASTQ reads Done! Total reads count:	59938345	2021-08-02 18:55:00

--------------------------------------------------------------------------------
python target_seq_demultiplex_fastq_V01.py \
    -1 ../fastq/ABE8e-HEK4-rep2_combined_R1.fastq.gz \
    -2 ../fastq/ABE8e-HEK4-rep2_combined_R2.fastq.gz \
    -p ./primer_table/ABE.txt \
    -o ../TargetSeq-ABE8e-HEK4-rep2 \
    --Read1BarcodeLen 4 \
    --Read2BarcodeLen 6 \
    --IdentifyLength 10 \
    --IdentifyMismatchCutoff 1 \
    --MaxReadNumLoadOneTime 1000000
    
--------------------------------------------------------------------------------
Load primer info... 2021-08-02 18:55:01 
Load primer info... Done! 2021-08-02 18:55:01 
Load all FASTQ file into memory ... 2021-08-02 18:55:01 
Load FASTQ reads count:	1000000	2021-08-02 18:56:05
Load FASTQ reads count:	2000000	2021-08-02 18:57:20
Load FASTQ reads count:	3000000	2021-08-02 18:58:35
Load FASTQ reads count:	4000000	2021-08-02 18:59:51
Load FASTQ reads count:	5000000	2021-08-02 19:01:33
Load FASTQ reads count:	6000000	2021-08-02 19:02:48
Load FASTQ reads count:	7000000	2021-08-02 19:04:03
Load FASTQ reads count:	8000000	2021-08-02 19:05:17
Load FASTQ reads count:	9000000	2021-08-02 19:06:33
Load FASTQ reads count:	10000000	2021-08-02 19:07:47
Load FASTQ reads count:	11000000	2021-08-02 19:09:02
Load FASTQ reads count:	12000000	2021-08-02 19:10:16
Load FASTQ reads count:	13000000	2021-08-02 19:11:31
Load FASTQ reads count:	14000000	2021-08-02 19:12:45
Load FASTQ reads count:	15000000	2021-08-02 19:14:00
Load FASTQ reads count:	16000000	2021-08-02 19:15:15
Load FASTQ reads count:	17000000	2021-08-02 19:16:29
Load FASTQ reads count:	18000000	2021-08-02 19:17:45
Load FASTQ reads count:	19000000	2021-08-02 19:18:59
Load FASTQ reads count:	20000000	2021-08-02 19:20:13
Load FASTQ reads count:	21000000	2021-08-02 19:21:28
Load FASTQ reads count:	22000000	2021-08-02 19:22:43
Load FASTQ reads count:	23000000	2021-08-02 19:23:59
Load FASTQ reads count:	24000000	2021-08-02 19:25:13
Load FASTQ reads count:	25000000	2021-08-02 19:26:28
Load FASTQ reads count:	26000000	2021-08-02 19:27:43
Load FASTQ reads count:	27000000	2021-08-02 19:28:58
Load FASTQ reads count:	28000000	2021-08-02 19:30:13
Load FASTQ reads count:	29000000	2021-08-02 19:31:28
Load FASTQ reads count:	30000000	2021-08-02 19:32:43
Load FASTQ reads count:	31000000	2021-08-02 19:33:58
Load FASTQ reads count:	32000000	2021-08-02 19:35:14
Load FASTQ reads count:	33000000	2021-08-02 19:36:29
Load FASTQ reads count:	34000000	2021-08-02 19:37:45
Load FASTQ reads count:	35000000	2021-08-02 19:39:02
Load FASTQ reads count:	36000000	2021-08-02 19:40:17
Load FASTQ reads count:	37000000	2021-08-02 19:41:32
Load FASTQ reads count:	38000000	2021-08-02 19:42:47
Load FASTQ reads count:	39000000	2021-08-02 19:44:01
Load FASTQ reads count:	40000000	2021-08-02 19:45:17
Load FASTQ reads count:	41000000	2021-08-02 19:46:31
Load FASTQ reads count:	42000000	2021-08-02 19:47:46
Load FASTQ reads count:	43000000	2021-08-02 19:49:02
Load FASTQ reads count:	44000000	2021-08-02 19:50:17
Load FASTQ reads count:	45000000	2021-08-02 19:51:32
Load FASTQ reads count:	46000000	2021-08-02 19:52:46
Load FASTQ reads count:	47000000	2021-08-02 19:54:06
Load FASTQ reads count:	48000000	2021-08-02 19:55:22
Load FASTQ reads count:	49000000	2021-08-02 19:56:37
Load FASTQ reads count:	50000000	2021-08-02 19:57:52
Load FASTQ reads count:	51000000	2021-08-02 19:59:09
Load FASTQ reads count:	52000000	2021-08-02 20:00:26
Load FASTQ reads count:	53000000	2021-08-02 20:01:46
Load FASTQ reads count:	54000000	2021-08-02 20:03:14
Load FASTQ reads count:	55000000	2021-08-02 20:04:31
Load FASTQ reads count:	56000000	2021-08-02 20:05:47
Load FASTQ reads count:	57000000	2021-08-02 20:07:03
Load FASTQ reads count:	58000000	2021-08-02 20:08:18
Load FASTQ reads count:	59000000	2021-08-02 20:09:34
Load FASTQ reads count:	60000000	2021-08-02 20:10:51
Load FASTQ reads count:	61000000	2021-08-02 20:12:05
Load FASTQ reads count:	62000000	2021-08-02 20:13:20
Load FASTQ reads count:	63000000	2021-08-02 20:14:35
Load FASTQ reads count:	64000000	2021-08-02 20:15:50
Load FASTQ reads count:	65000000	2021-08-02 20:17:06
Load FASTQ reads count:	66000000	2021-08-02 20:18:23
Load FASTQ reads Done! Total reads count:	66553316	2021-08-02 20:19:16

--------------------------------------------------------------------------------
python target_seq_demultiplex_fastq_V01.py \
    -1 ../fastq/CBE-HEK4-rep2_combined_R1.fastq.gz \
    -2 ../fastq/CBE-HEK4-rep2_combined_R2.fastq.gz \
    -p ./primer_table/ABE.txt \
    -o ../TargetSeq-CBE-HEK4-rep2 \
    --Read1BarcodeLen 4 \
    --Read2BarcodeLen 6 \
    --IdentifyLength 10 \
    --IdentifyMismatchCutoff 1 \
    --MaxReadNumLoadOneTime 1000000
    
--------------------------------------------------------------------------------
Load primer info... 2021-08-02 20:19:17 
Load primer info... Done! 2021-08-02 20:19:17 
Load all FASTQ file into memory ... 2021-08-02 20:19:17 
Load FASTQ reads count:	1000000	2021-08-02 20:20:23
Load FASTQ reads count:	2000000	2021-08-02 20:21:40
Load FASTQ reads count:	3000000	2021-08-02 20:22:56
Load FASTQ reads count:	4000000	2021-08-02 20:24:29
Load FASTQ reads count:	5000000	2021-08-02 20:25:45
Load FASTQ reads count:	6000000	2021-08-02 20:27:02
Load FASTQ reads count:	7000000	2021-08-02 20:28:18
Load FASTQ reads count:	8000000	2021-08-02 20:29:34
Load FASTQ reads count:	9000000	2021-08-02 20:30:51
Load FASTQ reads count:	10000000	2021-08-02 20:32:08
Load FASTQ reads count:	11000000	2021-08-02 20:33:24
Load FASTQ reads count:	12000000	2021-08-02 20:34:41
Load FASTQ reads count:	13000000	2021-08-02 20:35:58
Load FASTQ reads count:	14000000	2021-08-02 20:37:15
Load FASTQ reads count:	15000000	2021-08-02 20:38:31
Load FASTQ reads count:	16000000	2021-08-02 20:39:49
Load FASTQ reads count:	17000000	2021-08-02 20:41:05
Load FASTQ reads count:	18000000	2021-08-02 20:42:22
Load FASTQ reads count:	19000000	2021-08-02 20:43:40
Load FASTQ reads count:	20000000	2021-08-02 20:44:57
Load FASTQ reads count:	21000000	2021-08-02 20:46:14
Load FASTQ reads count:	22000000	2021-08-02 20:47:31
Load FASTQ reads count:	23000000	2021-08-02 20:48:48
Load FASTQ reads count:	24000000	2021-08-02 20:50:05
Load FASTQ reads count:	25000000	2021-08-02 20:51:22
Load FASTQ reads count:	26000000	2021-08-02 20:52:38
Load FASTQ reads count:	27000000	2021-08-02 20:53:55
Load FASTQ reads count:	28000000	2021-08-02 20:55:12
Load FASTQ reads count:	29000000	2021-08-02 20:56:29
Load FASTQ reads count:	30000000	2021-08-02 20:57:46
Load FASTQ reads count:	31000000	2021-08-02 20:59:03
Load FASTQ reads count:	32000000	2021-08-02 21:00:20
Load FASTQ reads count:	33000000	2021-08-02 21:01:37
Load FASTQ reads count:	34000000	2021-08-02 21:02:54
Load FASTQ reads count:	35000000	2021-08-02 21:04:11
Load FASTQ reads count:	36000000	2021-08-02 21:05:28
Load FASTQ reads count:	37000000	2021-08-02 21:06:47
Load FASTQ reads count:	38000000	2021-08-02 21:08:04
Load FASTQ reads count:	39000000	2021-08-02 21:09:20
Load FASTQ reads count:	40000000	2021-08-02 21:10:36
Load FASTQ reads count:	41000000	2021-08-02 21:11:53
Load FASTQ reads count:	42000000	2021-08-02 21:13:10
Load FASTQ reads count:	43000000	2021-08-02 21:14:26
Load FASTQ reads count:	44000000	2021-08-02 21:15:42
Load FASTQ reads count:	45000000	2021-08-02 21:16:59
Load FASTQ reads count:	46000000	2021-08-02 21:18:15
Load FASTQ reads count:	47000000	2021-08-02 21:19:32
Load FASTQ reads count:	48000000	2021-08-02 21:20:48
Load FASTQ reads count:	49000000	2021-08-02 21:22:04
Load FASTQ reads count:	50000000	2021-08-02 21:23:20
Load FASTQ reads count:	51000000	2021-08-02 21:24:37
Load FASTQ reads count:	52000000	2021-08-02 21:25:54
Load FASTQ reads count:	53000000	2021-08-02 21:27:10
Load FASTQ reads count:	54000000	2021-08-02 21:28:29
Load FASTQ reads count:	55000000	2021-08-02 21:29:45
Load FASTQ reads count:	56000000	2021-08-02 21:31:01
Load FASTQ reads count:	57000000	2021-08-02 21:32:17
Load FASTQ reads count:	58000000	2021-08-02 21:33:33
Load FASTQ reads count:	59000000	2021-08-02 21:34:49
Load FASTQ reads count:	60000000	2021-08-02 21:36:06
Load FASTQ reads count:	61000000	2021-08-02 21:37:22
Load FASTQ reads count:	62000000	2021-08-02 21:38:37
Load FASTQ reads count:	63000000	2021-08-02 21:39:55
Load FASTQ reads count:	64000000	2021-08-02 21:41:12
Load FASTQ reads count:	65000000	2021-08-02 21:42:28
Load FASTQ reads count:	66000000	2021-08-02 21:43:43
Load FASTQ reads count:	67000000	2021-08-02 21:44:59
Load FASTQ reads count:	68000000	2021-08-02 21:46:16
Load FASTQ reads count:	69000000	2021-08-02 21:47:32
Load FASTQ reads count:	70000000	2021-08-02 21:48:49
Load FASTQ reads Done! Total reads count:	70633304	2021-08-02 21:49:48

--------------------------------------------------------------------------------
python target_seq_demultiplex_fastq_V01.py \
    -1 ../fastq/ABE8e-HEK4-rep1_combined_R1.fastq.gz \
    -2 ../fastq/ABE8e-HEK4-rep1_combined_R2.fastq.gz \
    -p ./primer_table/ABE.txt \
    -o ../TargetSeq-ABE8e-HEK4-rep1 \
    --Read1BarcodeLen 4 \
    --Read2BarcodeLen 6 \
    --IdentifyLength 10 \
    --IdentifyMismatchCutoff 1 \
    --MaxReadNumLoadOneTime 1000000
    
--------------------------------------------------------------------------------
Load primer info... 2021-08-02 21:49:48 
Load primer info... Done! 2021-08-02 21:49:48 
Load all FASTQ file into memory ... 2021-08-02 21:49:48 
Load FASTQ reads count:	1000000	2021-08-02 21:50:52
Load FASTQ reads count:	2000000	2021-08-02 21:52:07
Load FASTQ reads count:	3000000	2021-08-02 21:53:21
Load FASTQ reads count:	4000000	2021-08-02 21:54:36
Load FASTQ reads count:	5000000	2021-08-02 21:55:51
Load FASTQ reads count:	6000000	2021-08-02 21:57:06
Load FASTQ reads count:	7000000	2021-08-02 21:58:21
Load FASTQ reads count:	8000000	2021-08-02 21:59:36
Load FASTQ reads count:	9000000	2021-08-02 22:00:51
Load FASTQ reads count:	10000000	2021-08-02 22:02:06
Load FASTQ reads count:	11000000	2021-08-02 22:03:21
Load FASTQ reads count:	12000000	2021-08-02 22:04:36
Load FASTQ reads count:	13000000	2021-08-02 22:05:51
Load FASTQ reads count:	14000000	2021-08-02 22:07:06
Load FASTQ reads count:	15000000	2021-08-02 22:08:36
Load FASTQ reads count:	16000000	2021-08-02 22:09:50
Load FASTQ reads count:	17000000	2021-08-02 22:11:05
Load FASTQ reads count:	18000000	2021-08-02 22:12:20
Load FASTQ reads count:	19000000	2021-08-02 22:13:40
Load FASTQ reads count:	20000000	2021-08-02 22:14:57
Load FASTQ reads count:	21000000	2021-08-02 22:16:14
Load FASTQ reads count:	22000000	2021-08-02 22:17:31
Load FASTQ reads count:	23000000	2021-08-02 22:18:47
Load FASTQ reads count:	24000000	2021-08-02 22:20:03
Load FASTQ reads count:	25000000	2021-08-02 22:21:19
Load FASTQ reads count:	26000000	2021-08-02 22:22:35
Load FASTQ reads count:	27000000	2021-08-02 22:23:51
Load FASTQ reads count:	28000000	2021-08-02 22:25:08
Load FASTQ reads count:	29000000	2021-08-02 22:26:25
Load FASTQ reads count:	30000000	2021-08-02 22:27:40
Load FASTQ reads count:	31000000	2021-08-02 22:28:55
Load FASTQ reads count:	32000000	2021-08-02 22:30:10
Load FASTQ reads count:	33000000	2021-08-02 22:31:39
Load FASTQ reads count:	34000000	2021-08-02 22:32:53
Load FASTQ reads count:	35000000	2021-08-02 22:34:09
Load FASTQ reads count:	36000000	2021-08-02 22:35:23
Load FASTQ reads count:	37000000	2021-08-02 22:36:38
Load FASTQ reads count:	38000000	2021-08-02 22:37:52
Load FASTQ reads count:	39000000	2021-08-02 22:39:20
Load FASTQ reads count:	40000000	2021-08-02 22:40:36
Load FASTQ reads count:	41000000	2021-08-02 22:41:51
Load FASTQ reads count:	42000000	2021-08-02 22:43:31
Load FASTQ reads count:	43000000	2021-08-02 22:44:47
Load FASTQ reads count:	44000000	2021-08-02 22:46:02
Load FASTQ reads count:	45000000	2021-08-02 22:47:17
Load FASTQ reads count:	46000000	2021-08-02 22:48:33
Load FASTQ reads count:	47000000	2021-08-02 22:49:48
Load FASTQ reads count:	48000000	2021-08-02 22:51:03
Load FASTQ reads count:	49000000	2021-08-02 22:52:19
Load FASTQ reads count:	50000000	2021-08-02 22:53:34
Load FASTQ reads count:	51000000	2021-08-02 22:54:50
Load FASTQ reads count:	52000000	2021-08-02 22:56:05
Load FASTQ reads count:	53000000	2021-08-02 22:57:22
Load FASTQ reads count:	54000000	2021-08-02 22:58:39
Load FASTQ reads Done! Total reads count:	54603138	2021-08-02 22:59:35

--------------------------------------------------------------------------------
python target_seq_demultiplex_fastq_V01.py \
    -1 ../fastq/ABE-HEK4-rep2_combined_R1.fastq.gz \
    -2 ../fastq/ABE-HEK4-rep2_combined_R2.fastq.gz \
    -p ./primer_table/ABE.txt \
    -o ../TargetSeq-ABE-HEK4-rep2 \
    --Read1BarcodeLen 4 \
    --Read2BarcodeLen 6 \
    --IdentifyLength 10 \
    --IdentifyMismatchCutoff 1 \
    --MaxReadNumLoadOneTime 1000000
    
--------------------------------------------------------------------------------
Load primer info... 2021-08-02 22:59:36 
Load primer info... Done! 2021-08-02 22:59:36 
Load all FASTQ file into memory ... 2021-08-02 22:59:36 
Load FASTQ reads count:	1000000	2021-08-02 23:00:40
Load FASTQ reads count:	2000000	2021-08-02 23:01:56
Load FASTQ reads count:	3000000	2021-08-02 23:03:11
Load FASTQ reads count:	4000000	2021-08-02 23:04:26
Load FASTQ reads count:	5000000	2021-08-02 23:05:41
Load FASTQ reads count:	6000000	2021-08-02 23:07:03
Load FASTQ reads count:	7000000	2021-08-02 23:08:19
Load FASTQ reads count:	8000000	2021-08-02 23:09:35
Load FASTQ reads count:	9000000	2021-08-02 23:10:50
Load FASTQ reads count:	10000000	2021-08-02 23:12:05
Load FASTQ reads count:	11000000	2021-08-02 23:13:21
Load FASTQ reads count:	12000000	2021-08-02 23:14:36
Load FASTQ reads count:	13000000	2021-08-02 23:15:52
Load FASTQ reads count:	14000000	2021-08-02 23:17:08
Load FASTQ reads count:	15000000	2021-08-02 23:18:23
Load FASTQ reads count:	16000000	2021-08-02 23:19:39
Load FASTQ reads count:	17000000	2021-08-02 23:20:54
Load FASTQ reads count:	18000000	2021-08-02 23:22:09
Load FASTQ reads count:	19000000	2021-08-02 23:23:24
Load FASTQ reads count:	20000000	2021-08-02 23:24:39
Load FASTQ reads count:	21000000	2021-08-02 23:25:54
Load FASTQ reads count:	22000000	2021-08-02 23:27:09
Load FASTQ reads count:	23000000	2021-08-02 23:28:24
Load FASTQ reads count:	24000000	2021-08-02 23:29:40
Load FASTQ reads count:	25000000	2021-08-02 23:30:54
Load FASTQ reads count:	26000000	2021-08-02 23:32:09
Load FASTQ reads count:	27000000	2021-08-02 23:33:24
Load FASTQ reads count:	28000000	2021-08-02 23:34:39
Load FASTQ reads count:	29000000	2021-08-02 23:35:55
Load FASTQ reads count:	30000000	2021-08-02 23:37:10
Load FASTQ reads count:	31000000	2021-08-02 23:38:24
Load FASTQ reads count:	32000000	2021-08-02 23:39:42
Load FASTQ reads count:	33000000	2021-08-02 23:40:57
Load FASTQ reads count:	34000000	2021-08-02 23:42:12
Load FASTQ reads count:	35000000	2021-08-02 23:43:46
Load FASTQ reads count:	36000000	2021-08-02 23:45:03
Load FASTQ reads count:	37000000	2021-08-02 23:46:22
Load FASTQ reads count:	38000000	2021-08-02 23:47:38
Load FASTQ reads count:	39000000	2021-08-02 23:48:54
Load FASTQ reads count:	40000000	2021-08-02 23:50:09
Load FASTQ reads count:	41000000	2021-08-02 23:51:24
Load FASTQ reads count:	42000000	2021-08-02 23:52:39
Load FASTQ reads count:	43000000	2021-08-02 23:53:54
Load FASTQ reads count:	44000000	2021-08-02 23:55:10
Load FASTQ reads count:	45000000	2021-08-02 23:56:25
Load FASTQ reads count:	46000000	2021-08-02 23:57:40
Load FASTQ reads count:	47000000	2021-08-02 23:58:56
Load FASTQ reads count:	48000000	2021-08-03 00:00:10
Load FASTQ reads count:	49000000	2021-08-03 00:01:25
Load FASTQ reads count:	50000000	2021-08-03 00:02:39
Load FASTQ reads count:	51000000	2021-08-03 00:03:54
Load FASTQ reads count:	52000000	2021-08-03 00:05:09
Load FASTQ reads count:	53000000	2021-08-03 00:06:23
Load FASTQ reads count:	54000000	2021-08-03 00:07:38
Load FASTQ reads count:	55000000	2021-08-03 00:08:54
Load FASTQ reads count:	56000000	2021-08-03 00:10:23
Load FASTQ reads count:	57000000	2021-08-03 00:11:38
Load FASTQ reads count:	58000000	2021-08-03 00:12:53
Load FASTQ reads count:	59000000	2021-08-03 00:14:08
Load FASTQ reads count:	60000000	2021-08-03 00:15:24
Load FASTQ reads Done! Total reads count:	60841446	2021-08-03 00:16:38

--------------------------------------------------------------------------------
python target_seq_demultiplex_fastq_V01.py \
    -1 ../fastq/CBE-HEK4-rep2_combined_R1.fastq.gz \
    -2 ../fastq/CBE-HEK4-rep2_combined_R2.fastq.gz \
    -p ./primer_table/ABE.txt \
    -o ../TargetSeq-CBE-HEK4-rep2 \
    --Read1BarcodeLen 4 \
    --Read2BarcodeLen 6 \
    --IdentifyLength 10 \
    --IdentifyMismatchCutoff 1 \
    --MaxReadNumLoadOneTime 1000000
    
--------------------------------------------------------------------------------
Load primer info... 2021-08-03 00:16:38 
Load primer info... Done! 2021-08-03 00:16:38 
Load all FASTQ file into memory ... 2021-08-03 00:16:38 
Load FASTQ reads count:	1000000	2021-08-03 00:17:44
Load FASTQ reads count:	2000000	2021-08-03 00:19:00
Load FASTQ reads count:	3000000	2021-08-03 00:20:16
Load FASTQ reads count:	4000000	2021-08-03 00:21:47
Load FASTQ reads count:	5000000	2021-08-03 00:23:02
Load FASTQ reads count:	6000000	2021-08-03 00:24:18
Load FASTQ reads count:	7000000	2021-08-03 00:25:34
Load FASTQ reads count:	8000000	2021-08-03 00:26:49
Load FASTQ reads count:	9000000	2021-08-03 00:28:05
Load FASTQ reads count:	10000000	2021-08-03 00:29:22
Load FASTQ reads count:	11000000	2021-08-03 00:30:37
Load FASTQ reads count:	12000000	2021-08-03 00:31:53
Load FASTQ reads count:	13000000	2021-08-03 00:33:08
Load FASTQ reads count:	14000000	2021-08-03 00:34:34
Load FASTQ reads count:	15000000	2021-08-03 00:35:49
Load FASTQ reads count:	16000000	2021-08-03 00:37:06
Load FASTQ reads count:	17000000	2021-08-03 00:38:21
Load FASTQ reads count:	18000000	2021-08-03 00:39:37
Load FASTQ reads count:	19000000	2021-08-03 00:40:54
Load FASTQ reads count:	20000000	2021-08-03 00:42:10
Load FASTQ reads count:	21000000	2021-08-03 00:43:27
Load FASTQ reads count:	22000000	2021-08-03 00:44:44
Load FASTQ reads count:	23000000	2021-08-03 00:46:00
Load FASTQ reads count:	24000000	2021-08-03 00:47:16
Load FASTQ reads count:	25000000	2021-08-03 00:48:32
Load FASTQ reads count:	26000000	2021-08-03 00:49:48
Load FASTQ reads count:	27000000	2021-08-03 00:51:04
Load FASTQ reads count:	28000000	2021-08-03 00:52:21
Load FASTQ reads count:	29000000	2021-08-03 00:53:37
Load FASTQ reads count:	30000000	2021-08-03 00:54:53
Load FASTQ reads count:	31000000	2021-08-03 00:56:19
Load FASTQ reads count:	32000000	2021-08-03 00:57:37
Load FASTQ reads count:	33000000	2021-08-03 00:58:55
Load FASTQ reads count:	34000000	2021-08-03 01:00:11
Load FASTQ reads count:	35000000	2021-08-03 01:01:28
Load FASTQ reads count:	36000000	2021-08-03 01:02:46
Load FASTQ reads count:	37000000	2021-08-03 01:04:05
Load FASTQ reads count:	38000000	2021-08-03 01:05:22
Load FASTQ reads count:	39000000	2021-08-03 01:06:46
Load FASTQ reads count:	40000000	2021-08-03 01:08:03
Load FASTQ reads count:	41000000	2021-08-03 01:09:20
Load FASTQ reads count:	42000000	2021-08-03 01:10:38
Load FASTQ reads count:	43000000	2021-08-03 01:11:54
Load FASTQ reads count:	44000000	2021-08-03 01:13:11
Load FASTQ reads count:	45000000	2021-08-03 01:14:28
Load FASTQ reads count:	46000000	2021-08-03 01:15:45
Load FASTQ reads count:	47000000	2021-08-03 01:17:08
Load FASTQ reads count:	48000000	2021-08-03 01:18:27
Load FASTQ reads count:	49000000	2021-08-03 01:19:44
Load FASTQ reads count:	50000000	2021-08-03 01:21:01
Load FASTQ reads count:	51000000	2021-08-03 01:22:19
Load FASTQ reads count:	52000000	2021-08-03 01:23:36
Load FASTQ reads count:	53000000	2021-08-03 01:24:53
Load FASTQ reads count:	54000000	2021-08-03 01:26:13
Load FASTQ reads count:	55000000	2021-08-03 01:27:29
Load FASTQ reads count:	56000000	2021-08-03 01:28:45
Load FASTQ reads count:	57000000	2021-08-03 01:30:02
Load FASTQ reads count:	58000000	2021-08-03 01:31:18
Load FASTQ reads count:	59000000	2021-08-03 01:32:36
Load FASTQ reads count:	60000000	2021-08-03 01:33:54
Load FASTQ reads count:	61000000	2021-08-03 01:35:11
Load FASTQ reads count:	62000000	2021-08-03 01:36:27
Load FASTQ reads count:	63000000	2021-08-03 01:37:47
Load FASTQ reads count:	64000000	2021-08-03 01:39:06
Load FASTQ reads count:	65000000	2021-08-03 01:40:24
Load FASTQ reads count:	66000000	2021-08-03 01:41:42
Load FASTQ reads count:	67000000	2021-08-03 01:43:00
Load FASTQ reads count:	68000000	2021-08-03 01:44:18
Load FASTQ reads count:	69000000	2021-08-03 01:45:35
Load FASTQ reads count:	70000000	2021-08-03 01:46:54
Load FASTQ reads Done! Total reads count:	70633304	2021-08-03 01:47:54

--------------------------------------------------------------------------------
python target_seq_demultiplex_fastq_V01.py \
    -1 ../fastq/ABE-HEK4-rep1_combined_R1.fastq.gz \
    -2 ../fastq/ABE-HEK4-rep1_combined_R2.fastq.gz \
    -p ./primer_table/ABE.txt \
    -o ../TargetSeq-ABE-HEK4-rep1 \
    --Read1BarcodeLen 4 \
    --Read2BarcodeLen 6 \
    --IdentifyLength 10 \
    --IdentifyMismatchCutoff 1 \
    --MaxReadNumLoadOneTime 1000000
    
--------------------------------------------------------------------------------
Load primer info... 2021-08-03 01:47:55 
Load primer info... Done! 2021-08-03 01:47:55 
Load all FASTQ file into memory ... 2021-08-03 01:47:55 
Load FASTQ reads count:	1000000	2021-08-03 01:49:01
Load FASTQ reads count:	2000000	2021-08-03 01:50:30
Load FASTQ reads count:	3000000	2021-08-03 01:51:53
Load FASTQ reads count:	4000000	2021-08-03 01:53:11
Load FASTQ reads count:	5000000	2021-08-03 01:54:28
Load FASTQ reads count:	6000000	2021-08-03 01:55:45
Load FASTQ reads count:	7000000	2021-08-03 01:57:02
Load FASTQ reads count:	8000000	2021-08-03 01:58:19
Load FASTQ reads count:	9000000	2021-08-03 01:59:36
Load FASTQ reads count:	10000000	2021-08-03 02:00:54
Load FASTQ reads count:	11000000	2021-08-03 02:02:13
Load FASTQ reads count:	12000000	2021-08-03 02:03:31
Load FASTQ reads count:	13000000	2021-08-03 02:04:49
Load FASTQ reads count:	14000000	2021-08-03 02:06:06
Load FASTQ reads count:	15000000	2021-08-03 02:07:24
Load FASTQ reads count:	16000000	2021-08-03 02:08:40
Load FASTQ reads count:	17000000	2021-08-03 02:09:57
Load FASTQ reads count:	18000000	2021-08-03 02:11:13
Load FASTQ reads count:	19000000	2021-08-03 02:12:28
Load FASTQ reads count:	20000000	2021-08-03 02:13:44
Load FASTQ reads count:	21000000	2021-08-03 02:15:00
Load FASTQ reads count:	22000000	2021-08-03 02:16:16
Load FASTQ reads count:	23000000	2021-08-03 02:17:31
Load FASTQ reads count:	24000000	2021-08-03 02:18:47
Load FASTQ reads count:	25000000	2021-08-03 02:20:03
Load FASTQ reads count:	26000000	2021-08-03 02:21:19
Load FASTQ reads count:	27000000	2021-08-03 02:22:35
Load FASTQ reads count:	28000000	2021-08-03 02:23:53
Load FASTQ reads count:	29000000	2021-08-03 02:25:08
Load FASTQ reads count:	30000000	2021-08-03 02:26:29
Load FASTQ reads count:	31000000	2021-08-03 02:27:49
Load FASTQ reads count:	32000000	2021-08-03 02:29:06
Load FASTQ reads count:	33000000	2021-08-03 02:30:21
Load FASTQ reads count:	34000000	2021-08-03 02:31:37
Load FASTQ reads count:	35000000	2021-08-03 02:32:53
Load FASTQ reads count:	36000000	2021-08-03 02:34:09
Load FASTQ reads count:	37000000	2021-08-03 02:35:39
Load FASTQ reads count:	38000000	2021-08-03 02:36:55
Load FASTQ reads count:	39000000	2021-08-03 02:38:12
Load FASTQ reads count:	40000000	2021-08-03 02:39:28
Load FASTQ reads count:	41000000	2021-08-03 02:40:46
Load FASTQ reads count:	42000000	2021-08-03 02:42:02
Load FASTQ reads count:	43000000	2021-08-03 02:43:18
Load FASTQ reads count:	44000000	2021-08-03 02:44:33
Load FASTQ reads count:	45000000	2021-08-03 02:45:49
Load FASTQ reads count:	46000000	2021-08-03 02:47:05
Load FASTQ reads count:	47000000	2021-08-03 02:48:22
Load FASTQ reads count:	48000000	2021-08-03 02:49:40
Load FASTQ reads count:	49000000	2021-08-03 02:50:57
Load FASTQ reads count:	50000000	2021-08-03 02:52:15
Load FASTQ reads count:	51000000	2021-08-03 02:53:34
Load FASTQ reads count:	52000000	2021-08-03 02:54:51
Load FASTQ reads Done! Total reads count:	52879325	2021-08-03 02:56:10

--------------------------------------------------------------------------------
python target_seq_demultiplex_fastq_V01.py \
    -1 ../fastq/ABE-HEK4-rep1_combined_R1.fastq.gz \
    -2 ../fastq/ABE-HEK4-rep1_combined_R2.fastq.gz \
    -p ./primer_table/ABE.txt \
    -o ../TargetSeq-ABE-HEK4-rep1 \
    --Read1BarcodeLen 4 \
    --Read2BarcodeLen 6 \
    --IdentifyLength 10 \
    --IdentifyMismatchCutoff 1 \
    --MaxReadNumLoadOneTime 1000000
    
--------------------------------------------------------------------------------
Load primer info... 2021-08-03 02:56:10 
Load primer info... Done! 2021-08-03 02:56:10 
Load all FASTQ file into memory ... 2021-08-03 02:56:10 
Load FASTQ reads count:	1000000	2021-08-03 02:57:16
Load FASTQ reads count:	2000000	2021-08-03 02:58:32
Load FASTQ reads count:	3000000	2021-08-03 02:59:49
Load FASTQ reads count:	4000000	2021-08-03 03:01:05
Load FASTQ reads count:	5000000	2021-08-03 03:02:21
Load FASTQ reads count:	6000000	2021-08-03 03:03:39
Load FASTQ reads count:	7000000	2021-08-03 03:04:56
Load FASTQ reads count:	8000000	2021-08-03 03:06:13
Load FASTQ reads count:	9000000	2021-08-03 03:07:29
Load FASTQ reads count:	10000000	2021-08-03 03:08:46
Load FASTQ reads count:	11000000	2021-08-03 03:10:02
Load FASTQ reads count:	12000000	2021-08-03 03:11:19
Load FASTQ reads count:	13000000	2021-08-03 03:12:37
Load FASTQ reads count:	14000000	2021-08-03 03:13:56
Load FASTQ reads count:	15000000	2021-08-03 03:15:14
Load FASTQ reads count:	16000000	2021-08-03 03:16:32
Load FASTQ reads count:	17000000	2021-08-03 03:17:49
Load FASTQ reads count:	18000000	2021-08-03 03:19:07
Load FASTQ reads count:	19000000	2021-08-03 03:20:24
Load FASTQ reads count:	20000000	2021-08-03 03:21:42
Load FASTQ reads count:	21000000	2021-08-03 03:23:01
Load FASTQ reads count:	22000000	2021-08-03 03:24:19
Load FASTQ reads count:	23000000	2021-08-03 03:25:37
Load FASTQ reads count:	24000000	2021-08-03 03:26:56
Load FASTQ reads count:	25000000	2021-08-03 03:28:14
Load FASTQ reads count:	26000000	2021-08-03 03:29:31
Load FASTQ reads count:	27000000	2021-08-03 03:30:49
Load FASTQ reads count:	28000000	2021-08-03 03:32:09
Load FASTQ reads count:	29000000	2021-08-03 03:33:38
Load FASTQ reads count:	30000000	2021-08-03 03:34:56
Load FASTQ reads count:	31000000	2021-08-03 03:36:14
Load FASTQ reads count:	32000000	2021-08-03 03:37:33
Load FASTQ reads count:	33000000	2021-08-03 03:38:51
Load FASTQ reads count:	34000000	2021-08-03 03:40:09
Load FASTQ reads count:	35000000	2021-08-03 03:41:27
Load FASTQ reads count:	36000000	2021-08-03 03:42:44
Load FASTQ reads count:	37000000	2021-08-03 03:44:00
Load FASTQ reads count:	38000000	2021-08-03 03:45:17
Load FASTQ reads count:	39000000	2021-08-03 03:46:35
Load FASTQ reads count:	40000000	2021-08-03 03:47:54
Load FASTQ reads count:	41000000	2021-08-03 03:49:13
Load FASTQ reads count:	42000000	2021-08-03 03:50:30
Load FASTQ reads count:	43000000	2021-08-03 03:51:47
Load FASTQ reads count:	44000000	2021-08-03 03:53:03
Load FASTQ reads count:	45000000	2021-08-03 03:54:21
Load FASTQ reads count:	46000000	2021-08-03 03:55:38
Load FASTQ reads count:	47000000	2021-08-03 03:56:55
Load FASTQ reads count:	48000000	2021-08-03 03:58:12
Load FASTQ reads count:	49000000	2021-08-03 03:59:30
Load FASTQ reads count:	50000000	2021-08-03 04:00:48
Load FASTQ reads count:	51000000	2021-08-03 04:02:05
Load FASTQ reads count:	52000000	2021-08-03 04:03:22
Load FASTQ reads Done! Total reads count:	52879325	2021-08-03 04:04:41

--------------------------------------------------------------------------------
python target_seq_demultiplex_fastq_V01.py \
    -1 ../fastq/ABE8e-HEK4-rep1_combined_R1.fastq.gz \
    -2 ../fastq/ABE8e-HEK4-rep1_combined_R2.fastq.gz \
    -p ./primer_table/ABE.txt \
    -o ../TargetSeq-ABE8e-HEK4-rep1 \
    --Read1BarcodeLen 4 \
    --Read2BarcodeLen 6 \
    --IdentifyLength 10 \
    --IdentifyMismatchCutoff 1 \
    --MaxReadNumLoadOneTime 1000000
    
--------------------------------------------------------------------------------
Load primer info... 2021-08-03 04:04:42 
Load primer info... Done! 2021-08-03 04:04:42 
Load all FASTQ file into memory ... 2021-08-03 04:04:42 
Load FASTQ reads count:	1000000	2021-08-03 04:05:47
Load FASTQ reads count:	2000000	2021-08-03 04:07:04
Load FASTQ reads count:	3000000	2021-08-03 04:08:22
Load FASTQ reads count:	4000000	2021-08-03 04:09:39
Load FASTQ reads count:	5000000	2021-08-03 04:10:56
Load FASTQ reads count:	6000000	2021-08-03 04:12:13
Load FASTQ reads count:	7000000	2021-08-03 04:14:00
Load FASTQ reads count:	8000000	2021-08-03 04:15:18
Load FASTQ reads count:	9000000	2021-08-03 04:16:36
Load FASTQ reads count:	10000000	2021-08-03 04:17:53
Load FASTQ reads count:	11000000	2021-08-03 04:19:10
Load FASTQ reads count:	12000000	2021-08-03 04:20:28
Load FASTQ reads count:	13000000	2021-08-03 04:21:45
Load FASTQ reads count:	14000000	2021-08-03 04:23:02
Load FASTQ reads count:	15000000	2021-08-03 04:24:54
Load FASTQ reads count:	16000000	2021-08-03 04:26:11
Load FASTQ reads count:	17000000	2021-08-03 04:27:28
Load FASTQ reads count:	18000000	2021-08-03 04:28:44
Load FASTQ reads count:	19000000	2021-08-03 04:30:01
Load FASTQ reads count:	20000000	2021-08-03 04:31:17
Load FASTQ reads count:	21000000	2021-08-03 04:32:35
Load FASTQ reads count:	22000000	2021-08-03 04:33:53
Load FASTQ reads count:	23000000	2021-08-03 04:35:10
Load FASTQ reads count:	24000000	2021-08-03 04:36:27
Load FASTQ reads count:	25000000	2021-08-03 04:37:43
Load FASTQ reads count:	26000000	2021-08-03 04:39:01
Load FASTQ reads count:	27000000	2021-08-03 04:40:19
Load FASTQ reads count:	28000000	2021-08-03 04:41:37
Load FASTQ reads count:	29000000	2021-08-03 04:42:56
Load FASTQ reads count:	30000000	2021-08-03 04:44:13
Load FASTQ reads count:	31000000	2021-08-03 04:45:30
Load FASTQ reads count:	32000000	2021-08-03 04:46:46
Load FASTQ reads count:	33000000	2021-08-03 04:48:18
Load FASTQ reads count:	34000000	2021-08-03 04:49:35
Traceback (most recent call last):
  File "./program/target_seq_demultiplex_fastq_V01.py", line 313, in <module>
    out_fq_demultiplex_R2.write(fq_obj.write_format())
IOError: [Errno 122] Disk quota exceeded
pkurun: error: c01b06n05: task 0: Exited with exit code 1
