Building DAG of jobs...
Using shell: /usr/bin/bash
Provided cores: 20
Rules claiming more threads will be scaled down.
Job counts:
	count	jobs
	1	MergeFastq
	1
Select jobs to execute...

[Tue Aug  3 17:56:55 2021]
rule MergeFastq:
    input: ../TargetSeq-ACBE-HEK4-rep2
    output: ../TargetSeq-ACBE-HEK4-rep2/cutoff_5/ACBE-HEK4-rep2_cutoff_5.report
    log: ../TargetSeq-ACBE-HEK4-rep2/cutoff_5/ACBE-HEK4-rep2_cutoff_5.log
    jobid: 0
    wildcards: lib=ACBE-HEK4-rep2, cutoff=5


        /lustre1/chengqiyi_pkuhpc/zhaohn/0.apps/miniconda3/envs/snakepipes_py27/bin/python ./program/target_seq_merge_fq_V03.py         -i ../TargetSeq-ACBE-HEK4-rep2         -p ./primer_table/ABE.txt         -o ../TargetSeq-ACBE-HEK4-rep2/cutoff_5         -r ../TargetSeq-ACBE-HEK4-rep2/cutoff_5/ACBE-HEK4-rep2_cutoff_5.report         --MinMergeReadNumCutoff 5  > ../TargetSeq-ACBE-HEK4-rep2/cutoff_5/ACBE-HEK4-rep2_cutoff_5.log 2>&1
        
[Tue Aug  3 17:56:57 2021]
Finished job 0.
1 of 1 steps (100%) done
